<?xml version="1.0" encoding="UTF-8"?>
<coverage generated="1778782667979" clover="3.2.0">
  <project timestamp="1778782667979" name="All files">
    <metrics statements="2421" coveredstatements="2200" conditionals="2288" coveredconditionals="1568" methods="545" coveredmethods="504" elements="5254" coveredelements="4272" complexity="0" loc="2421" ncloc="2421" packages="15" files="59" classes="59"/>
    <package name="feedback360.application.listeners">
      <metrics statements="114" coveredstatements="107" conditionals="114" coveredconditionals="87" methods="11" coveredmethods="11"/>
      <file name="cycle-stage.listener.ts" path="/Users/inessarepeshko/university/semestr7/diploma/intra/intra/apps/api/src/contexts/feedback360/application/listeners/cycle-stage.listener.ts">
        <metrics statements="28" coveredstatements="27" conditionals="24" coveredconditionals="18" methods="2" coveredmethods="2"/>
        <line num="1" count="18" type="stmt"/>
        <line num="2" count="18" type="stmt"/>
        <line num="3" count="18" type="stmt"/>
        <line num="4" count="18" type="stmt"/>
        <line num="5" count="18" type="stmt"/>
        <line num="6" count="18" type="stmt"/>
        <line num="7" count="18" type="stmt"/>
        <line num="18" count="18" type="stmt"/>
        <line num="19" count="18" type="stmt"/>
        <line num="22" count="18" type="cond" truecount="6" falsecount="2"/>
        <line num="23" count="18" type="cond" truecount="2" falsecount="2"/>
        <line num="25" count="18" type="stmt"/>
        <line num="34" count="18" type="stmt"/>
        <line num="37" count="14" type="stmt"/>
        <line num="41" count="14" type="cond" truecount="2" falsecount="0"/>
        <line num="43" count="8" type="stmt"/>
        <line num="47" count="8" type="stmt"/>
        <line num="50" count="6" type="stmt"/>
        <line num="52" count="6" type="cond" truecount="2" falsecount="0"/>
        <line num="53" count="2" type="stmt"/>
        <line num="56" count="2" type="stmt"/>
        <line num="60" count="2" type="stmt"/>
        <line num="63" count="4" type="stmt"/>
        <line num="67" count="4" type="stmt"/>
        <line num="68" count="4" type="stmt"/>
        <line num="70" count="4" type="stmt"/>
        <line num="74" count="0" type="stmt"/>
        <line num="79" count="4" type="stmt"/>
      </file>
      <file name="respondent-status.listener.ts" path="/Users/inessarepeshko/university/semestr7/diploma/intra/intra/apps/api/src/contexts/feedback360/application/listeners/respondent-status.listener.ts">
        <metrics statements="49" coveredstatements="45" conditionals="62" coveredconditionals="48" methods="6" coveredmethods="6"/>
        <line num="1" count="18" type="stmt"/>
        <line num="6" count="18" type="stmt"/>
        <line num="7" count="18" type="stmt"/>
        <line num="8" count="18" type="stmt"/>
        <line num="9" count="18" type="stmt"/>
        <line num="10" count="18" type="stmt"/>
        <line num="14" count="18" type="stmt"/>
        <line num="18" count="18" type="stmt"/>
        <line num="25" count="18" type="stmt"/>
        <line num="26" count="18" type="stmt"/>
        <line num="30" count="18" type="cond" truecount="5" falsecount="3"/>
        <line num="31" count="18" type="cond" truecount="3" falsecount="1"/>
        <line num="32" count="18" type="stmt"/>
        <line num="41" count="18" type="stmt"/>
        <line num="44" count="5" type="stmt"/>
        <line num="48" count="5" type="cond" truecount="2" falsecount="0"/>
        <line num="52" count="2" type="stmt"/>
        <line num="55" count="3" type="stmt"/>
        <line num="59" count="3" type="stmt"/>
        <line num="60" count="3" type="stmt"/>
        <line num="64" count="3" type="stmt"/>
        <line num="66" count="4" type="cond" truecount="2" falsecount="0"/>
        <line num="70" count="3" type="cond" truecount="2" falsecount="0"/>
        <line num="71" count="2" type="stmt"/>
        <line num="72" count="2" type="stmt"/>
        <line num="76" count="1" type="stmt"/>
        <line num="80" count="2" type="cond" truecount="2" falsecount="0"/>
        <line num="89" count="0" type="stmt"/>
        <line num="106" count="18" type="stmt"/>
        <line num="107" count="18" type="stmt"/>
        <line num="111" count="18" type="cond" truecount="4" falsecount="4"/>
        <line num="113" count="18" type="cond" truecount="3" falsecount="1"/>
        <line num="114" count="18" type="stmt"/>
        <line num="118" count="18" type="stmt"/>
        <line num="121" count="6" type="cond" truecount="2" falsecount="0"/>
        <line num="122" count="2" type="stmt"/>
        <line num="125" count="4" type="stmt"/>
        <line num="126" count="4" type="stmt"/>
        <line num="130" count="4" type="cond" truecount="2" falsecount="0"/>
        <line num="131" count="2" type="stmt"/>
        <line num="134" count="2" type="stmt"/>
        <line num="135" count="2" type="cond" truecount="1" falsecount="1"/>
        <line num="136" count="0" type="stmt"/>
        <line num="139" count="0" type="stmt"/>
        <line num="142" count="2" type="cond" truecount="2" falsecount="0"/>
        <line num="143" count="1" type="stmt"/>
        <line num="146" count="1" type="stmt"/>
        <line num="150" count="1" type="stmt"/>
        <line num="158" count="0" type="stmt"/>
      </file>
      <file name="review-stage.listener.ts" path="/Users/inessarepeshko/university/semestr7/diploma/intra/intra/apps/api/src/contexts/feedback360/application/listeners/review-stage.listener.ts">
        <metrics statements="37" coveredstatements="35" conditionals="28" coveredconditionals="21" methods="3" coveredmethods="3"/>
        <line num="1" count="18" type="stmt"/>
        <line num="2" count="18" type="stmt"/>
        <line num="3" count="18" type="stmt"/>
        <line num="4" count="18" type="stmt"/>
        <line num="5" count="18" type="stmt"/>
        <line num="6" count="18" type="stmt"/>
        <line num="7" count="18" type="stmt"/>
        <line num="20" count="18" type="stmt"/>
        <line num="32" count="18" type="stmt"/>
        <line num="33" count="18" type="stmt"/>
        <line num="36" count="18" type="cond" truecount="5" falsecount="3"/>
        <line num="38" count="18" type="cond" truecount="3" falsecount="1"/>
        <line num="39" count="18" type="stmt"/>
        <line num="48" count="18" type="stmt"/>
        <line num="51" count="11" type="stmt"/>
        <line num="55" count="11" type="stmt"/>
        <line num="56" count="11" type="cond" truecount="2" falsecount="0"/>
        <line num="57" count="3" type="stmt"/>
        <line num="60" count="8" type="stmt"/>
        <line num="62" count="8" type="cond" truecount="1" falsecount="1"/>
        <line num="63" count="0" type="stmt"/>
        <line num="64" count="0" type="stmt"/>
        <line num="67" count="8" type="cond" truecount="2" falsecount="0"/>
        <line num="68" count="1" type="stmt"/>
        <line num="71" count="1" type="stmt"/>
        <line num="74" count="7" type="stmt"/>
        <line num="78" count="7" type="stmt"/>
        <line num="79" count="7" type="stmt"/>
        <line num="92" count="6" type="stmt"/>
        <line num="93" count="7" type="stmt"/>
        <line num="95" count="6" type="stmt"/>
        <line num="97" count="6" type="cond" truecount="2" falsecount="0"/>
        <line num="98" count="5" type="stmt"/>
        <line num="99" count="1" type="stmt"/>
        <line num="103" count="1" type="stmt"/>
        <line num="108" count="4" type="stmt"/>
        <line num="119" count="10" type="stmt"/>
      </file>
    </package>
    <package name="feedback360.application.services">
      <metrics statements="429" coveredstatements="349" conditionals="446" coveredconditionals="290" methods="75" coveredmethods="62"/>
      <file name="cluster-score-analytics.service.ts" path="/Users/inessarepeshko/university/semestr7/diploma/intra/intra/apps/api/src/contexts/feedback360/application/services/cluster-score-analytics.service.ts">
        <metrics statements="78" coveredstatements="75" conditionals="50" coveredconditionals="34" methods="17" coveredmethods="17"/>
        <line num="1" count="35" type="stmt"/>
        <line num="7" count="35" type="stmt"/>
        <line num="13" count="35" type="stmt"/>
        <line num="14" count="35" type="stmt"/>
        <line num="15" count="35" type="stmt"/>
        <line num="16" count="35" type="stmt"/>
        <line num="20" count="35" type="stmt"/>
        <line num="24" count="35" type="stmt"/>
        <line num="27" count="35" type="stmt"/>
        <line num="30" count="35" type="cond" truecount="4" falsecount="4"/>
        <line num="32" count="35" type="cond" truecount="3" falsecount="1"/>
        <line num="33" count="35" type="cond" truecount="3" falsecount="1"/>
        <line num="34" count="35" type="stmt"/>
        <line num="40" count="13" type="stmt"/>
        <line num="41" count="12" type="stmt"/>
        <line num="42" count="12" type="stmt"/>
        <line num="43" count="12" type="stmt"/>
        <line num="44" count="12" type="stmt"/>
        <line num="45" count="12" type="stmt"/>
        <line num="47" count="12" type="stmt"/>
        <line num="48" count="11" type="stmt"/>
        <line num="50" count="9" type="stmt"/>
        <line num="62" count="9" type="stmt"/>
        <line num="68" count="1" type="stmt"/>
        <line num="72" count="6" type="stmt"/>
        <line num="73" count="6" type="cond" truecount="2" falsecount="0"/>
        <line num="74" count="2" type="stmt"/>
        <line num="77" count="4" type="stmt"/>
        <line num="84" count="2" type="stmt"/>
        <line num="87" count="2" type="cond" truecount="1" falsecount="1"/>
        <line num="91" count="2" type="cond" truecount="1" falsecount="1"/>
        <line num="95" count="2" type="cond" truecount="2" falsecount="0"/>
        <line num="99" count="2" type="stmt"/>
        <line num="101" count="1" type="stmt"/>
        <line num="119" count="1" type="stmt"/>
        <line num="123" count="1" type="stmt"/>
        <line num="124" count="1" type="stmt"/>
        <line num="130" count="6" type="stmt"/>
        <line num="138" count="7" type="stmt"/>
        <line num="140" count="6" type="stmt"/>
        <line num="141" count="6" type="stmt"/>
        <line num="145" count="6" type="stmt"/>
        <line num="146" count="3" type="cond" truecount="1" falsecount="1"/>
        <line num="147" count="0" type="stmt"/>
        <line num="150" count="3" type="stmt"/>
        <line num="151" count="3" type="stmt"/>
        <line num="154" count="3" type="cond" truecount="2" falsecount="0"/>
        <line num="155" count="1" type="stmt"/>
        <line num="158" count="2" type="stmt"/>
        <line num="159" count="3" type="stmt"/>
        <line num="161" count="2" type="stmt"/>
        <line num="162" count="2" type="stmt"/>
        <line num="163" count="2" type="stmt"/>
        <line num="164" count="3" type="stmt"/>
        <line num="167" count="2" type="stmt"/>
        <line num="169" count="2" type="stmt"/>
        <line num="170" count="2" type="stmt"/>
        <line num="171" count="2" type="stmt"/>
        <line num="172" count="2" type="stmt"/>
        <line num="174" count="3" type="stmt"/>
        <line num="175" count="3" type="stmt"/>
        <line num="177" count="2" type="stmt"/>
        <line num="181" count="2" type="stmt"/>
        <line num="182" count="2" type="stmt"/>
        <line num="184" count="2" type="stmt"/>
        <line num="185" count="2" type="stmt"/>
        <line num="187" count="2" type="stmt"/>
        <line num="199" count="2" type="stmt"/>
        <line num="214" count="15" type="cond" truecount="2" falsecount="0"/>
        <line num="215" count="1" type="stmt"/>
        <line num="219" count="14" type="cond" truecount="4" falsecount="0"/>
        <line num="220" count="2" type="stmt"/>
        <line num="235" count="14" type="cond" truecount="1" falsecount="1"/>
        <line num="236" count="0" type="stmt"/>
        <line num="240" count="14" type="cond" truecount="1" falsecount="1"/>
        <line num="241" count="0" type="stmt"/>
        <line num="245" count="14" type="cond" truecount="2" falsecount="0"/>
        <line num="246" count="1" type="stmt"/>
      </file>
      <file name="cycle.service.ts" path="/Users/inessarepeshko/university/semestr7/diploma/intra/intra/apps/api/src/contexts/feedback360/application/services/cycle.service.ts">
        <metrics statements="69" coveredstatements="67" conditionals="89" coveredconditionals="67" methods="13" coveredmethods="13"/>
        <line num="1" count="38" type="stmt"/>
        <line num="10" count="38" type="stmt"/>
        <line num="16" count="38" type="stmt"/>
        <line num="17" count="38" type="stmt"/>
        <line num="21" count="38" type="stmt"/>
        <line num="22" count="38" type="stmt"/>
        <line num="23" count="38" type="stmt"/>
        <line num="24" count="38" type="stmt"/>
        <line num="28" count="38" type="stmt"/>
        <line num="29" count="38" type="stmt"/>
        <line num="33" count="38" type="stmt"/>
        <line num="37" count="38" type="stmt"/>
        <line num="43" count="38" type="stmt"/>
        <line num="46" count="37" type="cond" truecount="4" falsecount="4"/>
        <line num="48" count="37" type="cond" truecount="2" falsecount="2"/>
        <line num="50" count="37" type="cond" truecount="3" falsecount="1"/>
        <line num="51" count="37" type="cond" truecount="3" falsecount="1"/>
        <line num="52" count="37" type="cond" truecount="2" falsecount="2"/>
        <line num="54" count="37" type="stmt"/>
        <line num="58" count="60" type="stmt"/>
        <line num="74" count="60" type="stmt"/>
        <line num="75" count="60" type="stmt"/>
        <line num="79" count="7" type="stmt"/>
        <line num="83" count="151" type="stmt"/>
        <line num="84" count="151" type="cond" truecount="2" falsecount="0"/>
        <line num="85" count="9" type="stmt"/>
        <line num="86" count="142" type="stmt"/>
        <line num="90" count="5" type="stmt"/>
        <line num="92" count="4" type="stmt"/>
        <line num="117" count="4" type="stmt"/>
        <line num="119" count="4" type="cond" truecount="2" falsecount="2"/>
        <line num="120" count="0" type="stmt"/>
        <line num="128" count="4" type="stmt"/>
        <line num="130" count="4" type="cond" truecount="4" falsecount="0"/>
        <line num="132" count="3" type="stmt"/>
        <line num="133" count="3" type="stmt"/>
        <line num="134" count="1" type="stmt"/>
        <line num="140" count="3" type="stmt"/>
        <line num="142" count="3" type="cond" truecount="2" falsecount="0"/>
        <line num="153" count="1" type="stmt"/>
        <line num="164" count="2" type="cond" truecount="3" falsecount="1"/>
        <line num="165" count="0" type="stmt"/>
        <line num="168" count="2" type="cond" truecount="3" falsecount="1"/>
        <line num="169" count="2" type="stmt"/>
        <line num="179" count="3" type="stmt"/>
        <line num="183" count="2" type="stmt"/>
        <line num="185" count="1" type="stmt"/>
        <line num="203" count="16" type="stmt"/>
        <line num="204" count="15" type="stmt"/>
        <line num="207" count="15" type="stmt"/>
        <line num="209" count="15" type="cond" truecount="2" falsecount="0"/>
        <line num="210" count="2" type="stmt"/>
        <line num="216" count="13" type="stmt"/>
        <line num="218" count="13" type="stmt"/>
        <line num="224" count="13" type="stmt"/>
        <line num="233" count="13" type="stmt"/>
        <line num="237" count="13" type="stmt"/>
        <line num="254" count="2" type="stmt"/>
        <line num="263" count="8" type="stmt"/>
        <line num="266" count="6" type="stmt"/>
        <line num="269" count="6" type="stmt"/>
        <line num="271" count="5" type="cond" truecount="2" falsecount="0"/>
        <line num="274" count="6" type="stmt"/>
        <line num="277" count="6" type="cond" truecount="4" falsecount="0"/>
        <line num="278" count="4" type="stmt"/>
        <line num="285" count="2" type="cond" truecount="4" falsecount="0"/>
        <line num="286" count="1" type="stmt"/>
        <line num="304" count="2" type="stmt"/>
        <line num="305" count="2" type="stmt"/>
      </file>
      <file name="review-scheduler.service.ts" path="/Users/inessarepeshko/university/semestr7/diploma/intra/intra/apps/api/src/contexts/feedback360/application/services/review-scheduler.service.ts">
        <metrics statements="45" coveredstatements="41" conditionals="28" coveredconditionals="24" methods="3" coveredmethods="3"/>
        <line num="1" count="18" type="stmt"/>
        <line num="7" count="18" type="stmt"/>
        <line num="8" count="18" type="stmt"/>
        <line num="9" count="18" type="stmt"/>
        <line num="10" count="18" type="stmt"/>
        <line num="11" count="18" type="stmt"/>
        <line num="12" count="18" type="stmt"/>
        <line num="18" count="18" type="stmt"/>
        <line num="35" count="18" type="stmt"/>
        <line num="36" count="18" type="stmt"/>
        <line num="39" count="18" type="cond" truecount="6" falsecount="2"/>
        <line num="40" count="18" type="stmt"/>
        <line num="48" count="18" type="cond" truecount="3" falsecount="1"/>
        <line num="49" count="4" type="stmt"/>
        <line num="51" count="4" type="stmt"/>
        <line num="53" count="4" type="stmt"/>
        <line num="57" count="4" type="stmt"/>
        <line num="58" count="4" type="cond" truecount="2" falsecount="0"/>
        <line num="59" count="1" type="stmt"/>
        <line num="62" count="3" type="stmt"/>
        <line num="63" count="3" type="stmt"/>
        <line num="66" count="3" type="cond" truecount="2" falsecount="0"/>
        <line num="68" count="2" type="stmt"/>
        <line num="76" count="2" type="stmt"/>
        <line num="81" count="2" type="stmt"/>
        <line num="82" count="1" type="stmt"/>
        <line num="83" count="1" type="stmt"/>
        <line num="90" count="1" type="stmt"/>
        <line num="94" count="0" type="stmt"/>
        <line num="102" count="0" type="stmt"/>
        <line num="113" count="18" type="cond" truecount="3" falsecount="1"/>
        <line num="114" count="2" type="stmt"/>
        <line num="116" count="2" type="stmt"/>
        <line num="117" count="2" type="stmt"/>
        <line num="122" count="2" type="stmt"/>
        <line num="124" count="2" type="stmt"/>
        <line num="126" count="2" type="cond" truecount="2" falsecount="0"/>
        <line num="128" count="2" type="cond" truecount="2" falsecount="0"/>
        <line num="131" count="2" type="cond" truecount="4" falsecount="0"/>
        <line num="132" count="1" type="stmt"/>
        <line num="135" count="1" type="stmt"/>
        <line num="136" count="1" type="stmt"/>
        <line num="137" count="1" type="stmt"/>
        <line num="141" count="0" type="stmt"/>
        <line num="147" count="0" type="stmt"/>
      </file>
      <file name="review.service.ts" path="/Users/inessarepeshko/university/semestr7/diploma/intra/intra/apps/api/src/contexts/feedback360/application/services/review.service.ts">
        <metrics statements="237" coveredstatements="166" conditionals="279" coveredconditionals="165" methods="42" coveredmethods="29"/>
        <line num="1" count="35" type="stmt"/>
        <line num="24" count="35" type="stmt"/>
        <line num="31" count="35" type="stmt"/>
        <line num="33" count="35" type="stmt"/>
        <line num="34" count="35" type="stmt"/>
        <line num="35" count="35" type="stmt"/>
        <line num="36" count="35" type="stmt"/>
        <line num="38" count="35" type="stmt"/>
        <line num="39" count="35" type="stmt"/>
        <line num="40" count="35" type="stmt"/>
        <line num="41" count="35" type="stmt"/>
        <line num="42" count="35" type="stmt"/>
        <line num="43" count="35" type="stmt"/>
        <line num="44" count="35" type="stmt"/>
        <line num="45" count="35" type="stmt"/>
        <line num="49" count="35" type="stmt"/>
        <line num="53" count="35" type="stmt"/>
        <line num="54" count="35" type="stmt"/>
        <line num="55" count="35" type="stmt"/>
        <line num="59" count="35" type="stmt"/>
        <line num="63" count="35" type="stmt"/>
        <line num="67" count="35" type="stmt"/>
        <line num="71" count="35" type="stmt"/>
        <line num="75" count="35" type="stmt"/>
        <line num="79" count="35" type="stmt"/>
        <line num="83" count="35" type="stmt"/>
        <line num="87" count="35" type="stmt"/>
        <line num="90" count="35" type="stmt"/>
        <line num="93" count="35" type="cond" truecount="4" falsecount="4"/>
        <line num="95" count="35" type="cond" truecount="2" falsecount="2"/>
        <line num="97" count="35" type="cond" truecount="2" falsecount="2"/>
        <line num="99" count="35" type="cond" truecount="2" falsecount="2"/>
        <line num="101" count="35" type="cond" truecount="2" falsecount="2"/>
        <line num="103" count="35" type="cond" truecount="2" falsecount="2"/>
        <line num="105" count="35" type="cond" truecount="2" falsecount="2"/>
        <line num="107" count="35" type="cond" truecount="3" falsecount="1"/>
        <line num="108" count="35" type="cond" truecount="3" falsecount="1"/>
        <line num="109" count="35" type="cond" truecount="3" falsecount="1"/>
        <line num="110" count="35" type="cond" truecount="3" falsecount="1"/>
        <line num="111" count="35" type="cond" truecount="3" falsecount="1"/>
        <line num="112" count="35" type="stmt"/>
        <line num="116" count="16" type="cond" truecount="1" falsecount="1"/>
        <line num="117" count="16" type="stmt"/>
        <line num="120" count="15" type="stmt"/>
        <line num="139" count="15" type="stmt"/>
        <line num="140" count="15" type="stmt"/>
        <line num="147" count="4" type="stmt"/>
        <line num="149" count="4" type="stmt"/>
        <line num="152" count="3" type="stmt"/>
        <line num="156" count="3" type="cond" truecount="2" falsecount="0"/>
        <line num="159" count="3" type="stmt"/>
        <line num="161" count="4" type="stmt"/>
        <line num="165" count="62" type="stmt"/>
        <line num="166" count="62" type="cond" truecount="2" falsecount="0"/>
        <line num="167" count="1" type="stmt"/>
        <line num="169" count="61" type="stmt"/>
        <line num="171" count="60" type="stmt"/>
        <line num="184" count="0" type="cond" truecount="0" falsecount="2"/>
        <line num="187" count="0" type="cond" truecount="0" falsecount="2"/>
        <line num="190" count="0" type="cond" truecount="0" falsecount="2"/>
        <line num="192" count="0" type="stmt"/>
        <line num="193" count="0" type="stmt"/>
        <line num="195" count="0" type="cond" truecount="0" falsecount="4"/>
        <line num="197" count="0" type="stmt"/>
        <line num="201" count="0" type="cond" truecount="0" falsecount="2"/>
        <line num="203" count="0" type="stmt"/>
        <line num="212" count="4" type="cond" truecount="2" falsecount="0"/>
        <line num="215" count="3" type="cond" truecount="2" falsecount="0"/>
        <line num="218" count="3" type="cond" truecount="1" falsecount="1"/>
        <line num="220" count="0" type="stmt"/>
        <line num="221" count="0" type="stmt"/>
        <line num="223" count="0" type="cond" truecount="0" falsecount="4"/>
        <line num="225" count="0" type="stmt"/>
        <line num="229" count="0" type="cond" truecount="0" falsecount="2"/>
        <line num="231" count="0" type="stmt"/>
        <line num="235" count="0" type="cond" truecount="0" falsecount="2"/>
        <line num="237" count="0" type="stmt"/>
        <line num="250" count="61" type="cond" truecount="2" falsecount="0"/>
        <line num="253" count="4" type="cond" truecount="2" falsecount="0"/>
        <line num="256" count="4" type="cond" truecount="2" falsecount="0"/>
        <line num="258" count="2" type="stmt"/>
        <line num="259" count="2" type="stmt"/>
        <line num="261" count="2" type="cond" truecount="4" falsecount="0"/>
        <line num="263" count="1" type="stmt"/>
        <line num="267" count="1" type="cond" truecount="1" falsecount="1"/>
        <line num="269" count="1" type="stmt"/>
        <line num="273" count="1" type="cond" truecount="1" falsecount="1"/>
        <line num="275" count="1" type="stmt"/>
        <line num="285" count="2" type="stmt"/>
        <line num="287" count="2" type="cond" truecount="2" falsecount="0"/>
        <line num="291" count="1" type="stmt"/>
        <line num="299" count="1" type="cond" truecount="1" falsecount="1"/>
        <line num="300" count="0" type="stmt"/>
        <line num="301" count="0" type="cond" truecount="0" falsecount="2"/>
        <line num="305" count="0" type="stmt"/>
        <line num="314" count="1" type="stmt"/>
        <line num="352" count="1" type="stmt"/>
        <line num="355" count="1" type="cond" truecount="1" falsecount="1"/>
        <line num="360" count="0" type="stmt"/>
        <line num="363" count="1" type="cond" truecount="1" falsecount="1"/>
        <line num="368" count="0" type="stmt"/>
        <line num="377" count="1" type="stmt"/>
        <line num="381" count="2" type="stmt"/>
        <line num="383" count="2" type="stmt"/>
        <line num="384" count="2" type="cond" truecount="2" falsecount="0"/>
        <line num="385" count="1" type="stmt"/>
        <line num="392" count="1" type="stmt"/>
        <line num="398" count="7" type="cond" truecount="1" falsecount="1"/>
        <line num="399" count="7" type="stmt"/>
        <line num="400" count="7" type="cond" truecount="1" falsecount="1"/>
        <line num="404" count="0" type="stmt"/>
        <line num="413" count="7" type="cond" truecount="2" falsecount="0"/>
        <line num="417" count="7" type="cond" truecount="2" falsecount="0"/>
        <line num="418" count="7" type="cond" truecount="2" falsecount="0"/>
        <line num="420" count="7" type="cond" truecount="3" falsecount="1"/>
        <line num="421" count="0" type="stmt"/>
        <line num="426" count="7" type="stmt"/>
        <line num="439" count="7" type="stmt"/>
        <line num="443" count="0" type="stmt"/>
        <line num="447" count="2" type="stmt"/>
        <line num="449" count="2" type="cond" truecount="1" falsecount="1"/>
        <line num="450" count="0" type="stmt"/>
        <line num="455" count="2" type="cond" truecount="1" falsecount="1"/>
        <line num="456" count="2" type="stmt"/>
        <line num="457" count="2" type="cond" truecount="2" falsecount="0"/>
        <line num="461" count="1" type="stmt"/>
        <line num="470" count="1" type="stmt"/>
        <line num="476" count="3" type="stmt"/>
        <line num="478" count="3" type="cond" truecount="2" falsecount="0"/>
        <line num="479" count="1" type="stmt"/>
        <line num="487" count="2" type="stmt"/>
        <line num="490" count="2" type="stmt"/>
        <line num="497" count="2" type="stmt"/>
        <line num="502" count="2" type="cond" truecount="2" falsecount="0"/>
        <line num="514" count="2" type="stmt"/>
        <line num="526" count="2" type="stmt"/>
        <line num="534" count="2" type="stmt"/>
        <line num="535" count="2" type="stmt"/>
        <line num="539" count="1" type="stmt"/>
        <line num="541" count="1" type="cond" truecount="1" falsecount="1"/>
        <line num="542" count="0" type="stmt"/>
        <line num="550" count="1" type="stmt"/>
        <line num="557" count="2" type="stmt"/>
        <line num="559" count="2" type="cond" truecount="2" falsecount="0"/>
        <line num="563" count="1" type="stmt"/>
        <line num="571" count="1" type="stmt"/>
        <line num="580" count="1" type="stmt"/>
        <line num="588" count="0" type="stmt"/>
        <line num="589" count="0" type="stmt"/>
        <line num="591" count="0" type="stmt"/>
        <line num="598" count="0" type="stmt"/>
        <line num="599" count="0" type="stmt"/>
        <line num="602" count="0" type="stmt"/>
        <line num="604" count="0" type="stmt"/>
        <line num="610" count="5" type="stmt"/>
        <line num="612" count="5" type="cond" truecount="2" falsecount="0"/>
        <line num="618" count="1" type="stmt"/>
        <line num="628" count="4" type="stmt"/>
        <line num="645" count="4" type="stmt"/>
        <line num="653" count="0" type="stmt"/>
        <line num="655" count="0" type="stmt"/>
        <line num="656" count="0" type="stmt"/>
        <line num="658" count="0" type="cond" truecount="0" falsecount="2"/>
        <line num="662" count="0" type="stmt"/>
        <line num="670" count="0" type="stmt"/>
        <line num="671" count="0" type="stmt"/>
        <line num="673" count="0" type="stmt"/>
        <line num="675" count="0" type="cond" truecount="0" falsecount="2"/>
        <line num="676" count="0" type="stmt"/>
        <line num="686" count="0" type="stmt"/>
        <line num="705" count="3" type="stmt"/>
        <line num="706" count="3" type="stmt"/>
        <line num="707" count="3" type="cond" truecount="1" falsecount="1"/>
        <line num="708" count="0" type="stmt"/>
        <line num="712" count="3" type="stmt"/>
        <line num="715" count="3" type="stmt"/>
        <line num="716" count="3" type="cond" truecount="2" falsecount="0"/>
        <line num="717" count="1" type="stmt"/>
        <line num="722" count="2" type="stmt"/>
        <line num="726" count="2" type="stmt"/>
        <line num="750" count="0" type="cond" truecount="0" falsecount="2"/>
        <line num="752" count="0" type="stmt"/>
        <line num="754" count="0" type="cond" truecount="0" falsecount="2"/>
        <line num="756" count="0" type="stmt"/>
        <line num="758" count="0" type="cond" truecount="0" falsecount="2"/>
        <line num="760" count="0" type="stmt"/>
        <line num="772" count="1" type="stmt"/>
        <line num="774" count="1" type="cond" truecount="1" falsecount="1"/>
        <line num="775" count="0" type="stmt"/>
        <line num="780" count="1" type="stmt"/>
        <line num="784" count="0" type="stmt"/>
        <line num="788" count="2" type="stmt"/>
        <line num="789" count="2" type="stmt"/>
        <line num="798" count="2" type="stmt"/>
        <line num="806" count="0" type="stmt"/>
        <line num="807" count="0" type="stmt"/>
        <line num="820" count="0" type="cond" truecount="0" falsecount="2"/>
        <line num="823" count="0" type="cond" truecount="0" falsecount="2"/>
        <line num="826" count="0" type="cond" truecount="0" falsecount="2"/>
        <line num="828" count="0" type="stmt"/>
        <line num="830" count="0" type="stmt"/>
        <line num="831" count="0" type="stmt"/>
        <line num="833" count="0" type="cond" truecount="0" falsecount="4"/>
        <line num="835" count="0" type="stmt"/>
        <line num="839" count="0" type="cond" truecount="0" falsecount="2"/>
        <line num="841" count="0" type="stmt"/>
        <line num="845" count="0" type="cond" truecount="0" falsecount="2"/>
        <line num="847" count="0" type="stmt"/>
        <line num="855" count="1" type="stmt"/>
        <line num="861" count="4" type="cond" truecount="1" falsecount="1"/>
        <line num="862" count="4" type="stmt"/>
        <line num="865" count="4" type="stmt"/>
        <line num="874" count="4" type="stmt"/>
        <line num="880" count="1" type="stmt"/>
        <line num="886" count="0" type="stmt"/>
        <line num="892" count="0" type="stmt"/>
        <line num="896" count="0" type="stmt"/>
        <line num="914" count="10" type="stmt"/>
        <line num="915" count="10" type="stmt"/>
        <line num="918" count="10" type="stmt"/>
        <line num="920" count="10" type="cond" truecount="2" falsecount="0"/>
        <line num="921" count="1" type="stmt"/>
        <line num="927" count="9" type="stmt"/>
        <line num="929" count="9" type="stmt"/>
        <line num="935" count="9" type="stmt"/>
        <line num="944" count="9" type="stmt"/>
        <line num="948" count="9" type="stmt"/>
        <line num="967" count="2" type="stmt"/>
        <line num="976" count="4" type="stmt"/>
        <line num="979" count="4" type="stmt"/>
        <line num="982" count="4" type="stmt"/>
        <line num="984" count="4" type="cond" truecount="2" falsecount="0"/>
        <line num="987" count="4" type="stmt"/>
        <line num="990" count="4" type="cond" truecount="4" falsecount="0"/>
        <line num="991" count="3" type="stmt"/>
        <line num="999" count="1" type="stmt"/>
        <line num="1017" count="1" type="stmt"/>
      </file>
    </package>
    <package name="feedback360.infrastructure.prisma-repositories">
      <metrics statements="254" coveredstatements="254" conditionals="278" coveredconditionals="203" methods="79" coveredmethods="79"/>
      <file name="answer.repository.ts" path="/Users/inessarepeshko/university/semestr7/diploma/intra/intra/apps/api/src/contexts/feedback360/infrastructure/prisma-repositories/answer.repository.ts">
        <metrics statements="31" coveredstatements="31" conditionals="24" coveredconditionals="20" methods="9" coveredmethods="9"/>
        <line num="2" count="35" type="stmt"/>
        <line num="8" count="35" type="stmt"/>
        <line num="9" count="35" type="stmt"/>
        <line num="10" count="35" type="stmt"/>
        <line num="15" count="35" type="stmt"/>
        <line num="16" count="35" type="stmt"/>
        <line num="17" count="35" type="stmt"/>
        <line num="20" count="35" type="stmt"/>
        <line num="21" count="35" type="stmt"/>
        <line num="23" count="35" type="cond" truecount="3" falsecount="1"/>
        <line num="26" count="24" type="stmt"/>
        <line num="30" count="24" type="stmt"/>
        <line num="34" count="14" type="stmt"/>
        <line num="35" count="14" type="stmt"/>
        <line num="36" count="14" type="stmt"/>
        <line num="37" count="14" type="stmt"/>
        <line num="41" count="2" type="stmt"/>
        <line num="42" count="2" type="cond" truecount="2" falsecount="0"/>
        <line num="49" count="6" type="stmt"/>
        <line num="55" count="6" type="stmt"/>
        <line num="57" count="6" type="cond" truecount="2" falsecount="0"/>
        <line num="60" count="4" type="stmt"/>
        <line num="67" count="4" type="stmt"/>
        <line num="68" count="5" type="stmt"/>
        <line num="69" count="5" type="stmt"/>
        <line num="80" count="1" type="stmt"/>
        <line num="91" count="14" type="stmt"/>
        <line num="92" count="14" type="stmt"/>
        <line num="116" count="14" type="cond" truecount="2" falsecount="0"/>
        <line num="117" count="14" type="cond" truecount="2" falsecount="0"/>
        <line num="118" count="14" type="stmt"/>
      </file>
      <file name="cluster-score-analytics.repository.ts" path="/Users/inessarepeshko/university/semestr7/diploma/intra/intra/apps/api/src/contexts/feedback360/infrastructure/prisma-repositories/cluster-score-analytics.repository.ts">
        <metrics statements="28" coveredstatements="28" conditionals="24" coveredconditionals="18" methods="9" coveredmethods="9"/>
        <line num="2" count="35" type="stmt"/>
        <line num="8" count="35" type="stmt"/>
        <line num="9" count="35" type="stmt"/>
        <line num="10" count="35" type="stmt"/>
        <line num="15" count="35" type="stmt"/>
        <line num="16" count="35" type="stmt"/>
        <line num="19" count="35" type="stmt"/>
        <line num="21" count="35" type="stmt"/>
        <line num="23" count="35" type="cond" truecount="3" falsecount="1"/>
        <line num="28" count="20" type="stmt"/>
        <line num="29" count="20" type="stmt"/>
        <line num="46" count="20" type="stmt"/>
        <line num="50" count="8" type="stmt"/>
        <line num="53" count="8" type="cond" truecount="2" falsecount="0"/>
        <line num="59" count="3" type="stmt"/>
        <line num="60" count="3" type="stmt"/>
        <line num="62" count="3" type="stmt"/>
        <line num="66" count="3" type="stmt"/>
        <line num="73" count="2" type="stmt"/>
        <line num="78" count="2" type="stmt"/>
        <line num="82" count="2" type="stmt"/>
        <line num="88" count="7" type="stmt"/>
        <line num="91" count="7" type="stmt"/>
        <line num="105" count="3" type="stmt"/>
        <line num="106" count="3" type="stmt"/>
        <line num="142" count="3" type="cond" truecount="2" falsecount="0"/>
        <line num="143" count="3" type="cond" truecount="2" falsecount="0"/>
        <line num="144" count="3" type="stmt"/>
      </file>
      <file name="cluster-score.repository.ts" path="/Users/inessarepeshko/university/semestr7/diploma/intra/intra/apps/api/src/contexts/feedback360/infrastructure/prisma-repositories/cluster-score.repository.ts">
        <metrics statements="26" coveredstatements="26" conditionals="22" coveredconditionals="17" methods="9" coveredmethods="9"/>
        <line num="2" count="35" type="stmt"/>
        <line num="7" count="35" type="stmt"/>
        <line num="8" count="35" type="stmt"/>
        <line num="9" count="35" type="stmt"/>
        <line num="15" count="35" type="stmt"/>
        <line num="18" count="35" type="stmt"/>
        <line num="19" count="35" type="stmt"/>
        <line num="21" count="35" type="cond" truecount="3" falsecount="1"/>
        <line num="24" count="12" type="stmt"/>
        <line num="25" count="12" type="stmt"/>
        <line num="41" count="12" type="stmt"/>
        <line num="45" count="9" type="stmt"/>
        <line num="46" count="9" type="stmt"/>
        <line num="47" count="9" type="stmt"/>
        <line num="51" count="9" type="stmt"/>
        <line num="55" count="2" type="stmt"/>
        <line num="62" count="2" type="cond" truecount="2" falsecount="0"/>
        <line num="63" count="1" type="stmt"/>
        <line num="67" count="1" type="stmt"/>
        <line num="73" count="1" type="stmt"/>
        <line num="81" count="1" type="stmt"/>
        <line num="88" count="9" type="stmt"/>
        <line num="89" count="9" type="stmt"/>
        <line num="104" count="9" type="cond" truecount="2" falsecount="0"/>
        <line num="105" count="9" type="cond" truecount="2" falsecount="0"/>
        <line num="106" count="9" type="stmt"/>
      </file>
      <file name="cycle-stage-history.repository.ts" path="/Users/inessarepeshko/university/semestr7/diploma/intra/intra/apps/api/src/contexts/feedback360/infrastructure/prisma-repositories/cycle-stage-history.repository.ts">
        <metrics statements="13" coveredstatements="13" conditionals="6" coveredconditionals="5" methods="4" coveredmethods="4"/>
        <line num="1" count="38" type="stmt"/>
        <line num="2" count="38" type="stmt"/>
        <line num="3" count="38" type="stmt"/>
        <line num="8" count="38" type="stmt"/>
        <line num="11" count="38" type="stmt"/>
        <line num="12" count="37" type="stmt"/>
        <line num="14" count="37" type="cond" truecount="3" falsecount="1"/>
        <line num="19" count="17" type="stmt"/>
        <line num="22" count="17" type="stmt"/>
        <line num="26" count="4" type="stmt"/>
        <line num="30" count="4" type="stmt"/>
        <line num="34" count="2" type="stmt"/>
        <line num="37" count="2" type="cond" truecount="2" falsecount="0"/>
      </file>
      <file name="cycle.repository.ts" path="/Users/inessarepeshko/university/semestr7/diploma/intra/intra/apps/api/src/contexts/feedback360/infrastructure/prisma-repositories/cycle.repository.ts">
        <metrics statements="24" coveredstatements="24" conditionals="36" coveredconditionals="26" methods="8" coveredmethods="8"/>
        <line num="2" count="38" type="stmt"/>
        <line num="8" count="38" type="stmt"/>
        <line num="9" count="38" type="stmt"/>
        <line num="10" count="38" type="stmt"/>
        <line num="15" count="38" type="stmt"/>
        <line num="18" count="38" type="stmt"/>
        <line num="19" count="38" type="stmt"/>
        <line num="21" count="38" type="cond" truecount="3" falsecount="1"/>
        <line num="24" count="308" type="stmt"/>
        <line num="28" count="308" type="stmt"/>
        <line num="32" count="163" type="stmt"/>
        <line num="33" count="163" type="cond" truecount="2" falsecount="0"/>
        <line num="37" count="12" type="stmt"/>
        <line num="38" count="12" type="stmt"/>
        <line num="40" count="12" type="stmt"/>
        <line num="45" count="12" type="stmt"/>
        <line num="52" count="7" type="stmt"/>
        <line num="63" count="7" type="stmt"/>
        <line num="67" count="2" type="stmt"/>
        <line num="84" count="12" type="stmt"/>
        <line num="85" count="12" type="stmt"/>
        <line num="125" count="12" type="cond" truecount="2" falsecount="0"/>
        <line num="126" count="12" type="cond" truecount="2" falsecount="0"/>
        <line num="127" count="12" type="stmt"/>
      </file>
      <file name="question.repository.ts" path="/Users/inessarepeshko/university/semestr7/diploma/intra/intra/apps/api/src/contexts/feedback360/infrastructure/prisma-repositories/question.repository.ts">
        <metrics statements="22" coveredstatements="22" conditionals="24" coveredconditionals="21" methods="7" coveredmethods="7"/>
        <line num="2" count="44" type="stmt"/>
        <line num="7" count="44" type="stmt"/>
        <line num="8" count="44" type="stmt"/>
        <line num="9" count="44" type="stmt"/>
        <line num="14" count="44" type="stmt"/>
        <line num="17" count="44" type="stmt"/>
        <line num="18" count="44" type="stmt"/>
        <line num="20" count="44" type="cond" truecount="3" falsecount="1"/>
        <line num="23" count="66" type="stmt"/>
        <line num="27" count="66" type="stmt"/>
        <line num="31" count="6" type="stmt"/>
        <line num="34" count="6" type="cond" truecount="2" falsecount="0"/>
        <line num="38" count="10" type="stmt"/>
        <line num="39" count="10" type="stmt"/>
        <line num="40" count="10" type="stmt"/>
        <line num="41" count="10" type="stmt"/>
        <line num="45" count="2" type="stmt"/>
        <line num="56" count="10" type="stmt"/>
        <line num="57" count="10" type="stmt"/>
        <line num="85" count="10" type="cond" truecount="2" falsecount="0"/>
        <line num="86" count="10" type="cond" truecount="2" falsecount="0"/>
        <line num="87" count="10" type="stmt"/>
      </file>
      <file name="respondent.repository.ts" path="/Users/inessarepeshko/university/semestr7/diploma/intra/intra/apps/api/src/contexts/feedback360/infrastructure/prisma-repositories/respondent.repository.ts">
        <metrics statements="27" coveredstatements="27" conditionals="42" coveredconditionals="28" methods="8" coveredmethods="8"/>
        <line num="2" count="38" type="stmt"/>
        <line num="8" count="38" type="stmt"/>
        <line num="9" count="38" type="stmt"/>
        <line num="10" count="38" type="stmt"/>
        <line num="15" count="38" type="stmt"/>
        <line num="18" count="38" type="stmt"/>
        <line num="19" count="37" type="stmt"/>
        <line num="21" count="37" type="cond" truecount="3" falsecount="1"/>
        <line num="24" count="26" type="stmt"/>
        <line num="28" count="26" type="stmt"/>
        <line num="32" count="9" type="stmt"/>
        <line num="36" count="9" type="cond" truecount="2" falsecount="0"/>
        <line num="37" count="1" type="stmt"/>
        <line num="40" count="8" type="stmt"/>
        <line num="47" count="18" type="stmt"/>
        <line num="48" count="18" type="stmt"/>
        <line num="49" count="18" type="stmt"/>
        <line num="50" count="18" type="stmt"/>
        <line num="55" count="18" type="stmt"/>
        <line num="62" count="3" type="stmt"/>
        <line num="83" count="3" type="stmt"/>
        <line num="87" count="1" type="stmt"/>
        <line num="108" count="18" type="stmt"/>
        <line num="109" count="18" type="stmt"/>
        <line num="161" count="18" type="cond" truecount="2" falsecount="0"/>
        <line num="162" count="18" type="cond" truecount="2" falsecount="0"/>
        <line num="163" count="18" type="stmt"/>
      </file>
      <file name="review-question-relation.repository.ts" path="/Users/inessarepeshko/university/semestr7/diploma/intra/intra/apps/api/src/contexts/feedback360/infrastructure/prisma-repositories/review-question-relation.repository.ts">
        <metrics statements="23" coveredstatements="23" conditionals="28" coveredconditionals="17" methods="6" coveredmethods="6"/>
        <line num="2" count="35" type="stmt"/>
        <line num="7" count="35" type="stmt"/>
        <line num="8" count="35" type="stmt"/>
        <line num="9" count="35" type="stmt"/>
        <line num="14" count="35" type="stmt"/>
        <line num="15" count="35" type="stmt"/>
        <line num="18" count="35" type="stmt"/>
        <line num="20" count="35" type="stmt"/>
        <line num="22" count="35" type="cond" truecount="3" falsecount="1"/>
        <line num="27" count="15" type="stmt"/>
        <line num="28" count="15" type="stmt"/>
        <line num="47" count="15" type="stmt"/>
        <line num="54" count="11" type="stmt"/>
        <line num="55" count="11" type="stmt"/>
        <line num="56" count="11" type="stmt"/>
        <line num="57" count="11" type="stmt"/>
        <line num="61" count="11" type="stmt"/>
        <line num="65" count="2" type="stmt"/>
        <line num="88" count="11" type="stmt"/>
        <line num="89" count="11" type="stmt"/>
        <line num="146" count="11" type="cond" truecount="2" falsecount="0"/>
        <line num="147" count="11" type="cond" truecount="2" falsecount="0"/>
        <line num="148" count="11" type="stmt"/>
      </file>
      <file name="review-stage-history.repository.ts" path="/Users/inessarepeshko/university/semestr7/diploma/intra/intra/apps/api/src/contexts/feedback360/infrastructure/prisma-repositories/review-stage-history.repository.ts">
        <metrics statements="13" coveredstatements="13" conditionals="6" coveredconditionals="5" methods="4" coveredmethods="4"/>
        <line num="1" count="35" type="stmt"/>
        <line num="2" count="35" type="stmt"/>
        <line num="3" count="35" type="stmt"/>
        <line num="8" count="35" type="stmt"/>
        <line num="11" count="35" type="stmt"/>
        <line num="13" count="35" type="stmt"/>
        <line num="15" count="35" type="cond" truecount="3" falsecount="1"/>
        <line num="20" count="13" type="stmt"/>
        <line num="23" count="13" type="stmt"/>
        <line num="29" count="4" type="stmt"/>
        <line num="33" count="4" type="stmt"/>
        <line num="37" count="2" type="stmt"/>
        <line num="40" count="2" type="cond" truecount="2" falsecount="0"/>
      </file>
      <file name="review.repository.ts" path="/Users/inessarepeshko/university/semestr7/diploma/intra/intra/apps/api/src/contexts/feedback360/infrastructure/prisma-repositories/review.repository.ts">
        <metrics statements="26" coveredstatements="26" conditionals="44" coveredconditionals="30" methods="9" coveredmethods="9"/>
        <line num="2" count="38" type="stmt"/>
        <line num="8" count="38" type="stmt"/>
        <line num="9" count="38" type="stmt"/>
        <line num="10" count="38" type="stmt"/>
        <line num="15" count="38" type="stmt"/>
        <line num="18" count="38" type="stmt"/>
        <line num="19" count="38" type="stmt"/>
        <line num="21" count="38" type="cond" truecount="3" falsecount="1"/>
        <line num="24" count="222" type="stmt"/>
        <line num="28" count="222" type="stmt"/>
        <line num="32" count="103" type="stmt"/>
        <line num="33" count="103" type="cond" truecount="2" falsecount="0"/>
        <line num="37" count="10" type="stmt"/>
        <line num="38" count="10" type="stmt"/>
        <line num="39" count="10" type="stmt"/>
        <line num="40" count="10" type="stmt"/>
        <line num="44" count="23" type="stmt"/>
        <line num="47" count="22" type="stmt"/>
        <line num="54" count="5" type="stmt"/>
        <line num="65" count="5" type="stmt"/>
        <line num="72" count="2" type="stmt"/>
        <line num="103" count="10" type="stmt"/>
        <line num="104" count="10" type="stmt"/>
        <line num="161" count="10" type="cond" truecount="2" falsecount="0"/>
        <line num="162" count="10" type="cond" truecount="2" falsecount="0"/>
        <line num="163" count="10" type="stmt"/>
      </file>
      <file name="reviewer.repository.ts" path="/Users/inessarepeshko/university/semestr7/diploma/intra/intra/apps/api/src/contexts/feedback360/infrastructure/prisma-repositories/reviewer.repository.ts">
        <metrics statements="21" coveredstatements="21" conditionals="22" coveredconditionals="16" methods="6" coveredmethods="6"/>
        <line num="2" count="38" type="stmt"/>
        <line num="7" count="38" type="stmt"/>
        <line num="8" count="38" type="stmt"/>
        <line num="9" count="38" type="stmt"/>
        <line num="14" count="38" type="stmt"/>
        <line num="17" count="38" type="stmt"/>
        <line num="18" count="37" type="stmt"/>
        <line num="20" count="37" type="cond" truecount="3" falsecount="1"/>
        <line num="23" count="9" type="stmt"/>
        <line num="26" count="9" type="stmt"/>
        <line num="33" count="11" type="stmt"/>
        <line num="34" count="11" type="stmt"/>
        <line num="35" count="11" type="stmt"/>
        <line num="36" count="11" type="stmt"/>
        <line num="37" count="11" type="stmt"/>
        <line num="41" count="2" type="stmt"/>
        <line num="53" count="11" type="stmt"/>
        <line num="54" count="11" type="stmt"/>
        <line num="79" count="11" type="cond" truecount="2" falsecount="0"/>
        <line num="80" count="11" type="cond" truecount="2" falsecount="0"/>
        <line num="81" count="11" type="stmt"/>
      </file>
    </package>
    <package name="identity.application.services">
      <metrics statements="55" coveredstatements="52" conditionals="43" coveredconditionals="38" methods="15" coveredmethods="13"/>
      <file name="identity-role.service.ts" path="/Users/inessarepeshko/university/semestr7/diploma/intra/intra/apps/api/src/contexts/identity/application/services/identity-role.service.ts">
        <metrics statements="6" coveredstatements="6" conditionals="0" coveredconditionals="0" methods="3" coveredmethods="3"/>
        <line num="2" count="57" type="stmt"/>
        <line num="5" count="57" type="stmt"/>
        <line num="8" count="57" type="stmt"/>
        <line num="11" count="57" type="stmt"/>
        <line num="15" count="3" type="stmt"/>
        <line num="19" count="3" type="stmt"/>
      </file>
      <file name="identity-user.service.ts" path="/Users/inessarepeshko/university/semestr7/diploma/intra/intra/apps/api/src/contexts/identity/application/services/identity-user.service.ts">
        <metrics statements="49" coveredstatements="46" conditionals="43" coveredconditionals="38" methods="12" coveredmethods="10"/>
        <line num="1" count="57" type="stmt"/>
        <line num="8" count="57" type="stmt"/>
        <line num="14" count="57" type="stmt"/>
        <line num="15" count="57" type="stmt"/>
        <line num="16" count="57" type="stmt"/>
        <line num="18" count="57" type="stmt"/>
        <line num="20" count="57" type="stmt"/>
        <line num="25" count="57" type="stmt"/>
        <line num="28" count="57" type="stmt"/>
        <line num="30" count="57" type="stmt"/>
        <line num="31" count="57" type="cond" truecount="3" falsecount="1"/>
        <line num="35" count="671" type="stmt"/>
        <line num="55" count="671" type="stmt"/>
        <line num="59" count="671" type="cond" truecount="2" falsecount="0"/>
        <line num="60" count="1" type="stmt"/>
        <line num="65" count="670" type="stmt"/>
        <line num="67" count="670" type="cond" truecount="1" falsecount="1"/>
        <line num="68" count="670" type="stmt"/>
        <line num="74" count="670" type="stmt"/>
        <line num="78" count="2" type="stmt"/>
        <line num="85" count="27" type="stmt"/>
        <line num="86" count="27" type="cond" truecount="2" falsecount="0"/>
        <line num="87" count="21" type="stmt"/>
        <line num="94" count="2" type="stmt"/>
        <line num="98" count="3" type="stmt"/>
        <line num="100" count="2" type="cond" truecount="3" falsecount="0"/>
        <line num="104" count="2" type="cond" truecount="2" falsecount="0"/>
        <line num="112" count="2" type="stmt"/>
        <line num="117" count="2" type="stmt"/>
        <line num="121" count="2" type="stmt"/>
        <line num="122" count="1" type="stmt"/>
        <line num="129" count="3" type="stmt"/>
        <line num="131" count="3" type="stmt"/>
        <line num="132" count="3" type="stmt"/>
        <line num="133" count="3" type="cond" truecount="1" falsecount="1"/>
        <line num="134" count="0" type="stmt"/>
        <line num="135" count="0" type="stmt"/>
        <line num="136" count="0" type="stmt"/>
        <line num="141" count="3" type="stmt"/>
        <line num="151" count="3" type="stmt"/>
        <line num="155" count="3" type="cond" truecount="2" falsecount="0"/>
        <line num="156" count="1" type="stmt"/>
        <line num="159" count="2" type="stmt"/>
        <line num="177" count="2" type="stmt"/>
        <line num="179" count="2" type="cond" truecount="1" falsecount="1"/>
        <line num="180" count="2" type="stmt"/>
        <line num="186" count="2" type="stmt"/>
        <line num="194" count="673" type="cond" truecount="2" falsecount="0"/>
        <line num="197" count="673" type="stmt"/>
      </file>
    </package>
    <package name="identity.infrastructure.prisma-repositories">
      <metrics statements="49" coveredstatements="48" conditionals="54" coveredconditionals="43" methods="19" coveredmethods="19"/>
      <file name="role.repository.ts" path="/Users/inessarepeshko/university/semestr7/diploma/intra/intra/apps/api/src/contexts/identity/infrastructure/prisma-repositories/role.repository.ts">
        <metrics statements="10" coveredstatements="10" conditionals="6" coveredconditionals="5" methods="3" coveredmethods="3"/>
        <line num="2" count="57" type="stmt"/>
        <line num="3" count="57" type="stmt"/>
        <line num="5" count="57" type="stmt"/>
        <line num="8" count="57" type="stmt"/>
        <line num="9" count="57" type="cond" truecount="3" falsecount="1"/>
        <line num="12" count="6" type="stmt"/>
        <line num="15" count="6" type="stmt"/>
        <line num="19" count="9" type="cond" truecount="2" falsecount="0"/>
        <line num="20" count="6" type="stmt"/>
        <line num="23" count="6" type="stmt"/>
      </file>
      <file name="user.repository.ts" path="/Users/inessarepeshko/university/semestr7/diploma/intra/intra/apps/api/src/contexts/identity/infrastructure/prisma-repositories/user.repository.ts">
        <metrics statements="39" coveredstatements="38" conditionals="48" coveredconditionals="38" methods="16" coveredmethods="16"/>
        <line num="2" count="57" type="stmt"/>
        <line num="9" count="57" type="stmt"/>
        <line num="10" count="57" type="stmt"/>
        <line num="13" count="57" type="stmt"/>
        <line num="16" count="57" type="stmt"/>
        <line num="17" count="57" type="cond" truecount="3" falsecount="1"/>
        <line num="20" count="742" type="stmt"/>
        <line num="25" count="742" type="stmt"/>
        <line num="32" count="56" type="stmt"/>
        <line num="37" count="56" type="cond" truecount="2" falsecount="0"/>
        <line num="44" count="678" type="stmt"/>
        <line num="49" count="678" type="cond" truecount="2" falsecount="0"/>
        <line num="53" count="8" type="stmt"/>
        <line num="54" count="8" type="stmt"/>
        <line num="56" count="8" type="stmt"/>
        <line num="62" count="13" type="stmt"/>
        <line num="69" count="4" type="stmt"/>
        <line num="80" count="4" type="stmt"/>
        <line num="84" count="2" type="stmt"/>
        <line num="91" count="8" type="stmt"/>
        <line num="92" count="8" type="cond" truecount="2" falsecount="0"/>
        <line num="96" count="8" type="stmt"/>
        <line num="98" count="8" type="stmt"/>
        <line num="99" count="8" type="stmt"/>
        <line num="100" count="11" type="stmt"/>
        <line num="102" count="8" type="cond" truecount="2" falsecount="0"/>
        <line num="103" count="3" type="stmt"/>
        <line num="104" count="5" type="stmt"/>
        <line num="110" count="8" type="stmt"/>
        <line num="111" count="8" type="cond" truecount="1" falsecount="1"/>
        <line num="112" count="0" type="stmt"/>
        <line num="114" count="8" type="stmt"/>
        <line num="130" count="8" type="stmt"/>
        <line num="132" count="8" type="stmt"/>
        <line num="186" count="8" type="cond" truecount="2" falsecount="0"/>
        <line num="187" count="8" type="cond" truecount="2" falsecount="0"/>
        <line num="188" count="8" type="stmt"/>
        <line num="192" count="1488" type="cond" truecount="2" falsecount="0"/>
        <line num="193" count="1439" type="stmt"/>
      </file>
    </package>
    <package name="library.application.services">
      <metrics statements="143" coveredstatements="140" conditionals="128" coveredconditionals="89" methods="38" coveredmethods="38"/>
      <file name="cluster.service.ts" path="/Users/inessarepeshko/university/semestr7/diploma/intra/intra/apps/api/src/contexts/library/application/services/cluster.service.ts">
        <metrics statements="28" coveredstatements="28" conditionals="34" coveredconditionals="24" methods="7" coveredmethods="7"/>
        <line num="6" count="44" type="stmt"/>
        <line num="12" count="44" type="stmt"/>
        <line num="13" count="44" type="stmt"/>
        <line num="17" count="44" type="stmt"/>
        <line num="20" count="44" type="stmt"/>
        <line num="23" count="44" type="cond" truecount="5" falsecount="3"/>
        <line num="24" count="44" type="stmt"/>
        <line num="28" count="28" type="stmt"/>
        <line num="29" count="27" type="stmt"/>
        <line num="31" count="26" type="stmt"/>
        <line num="39" count="26" type="stmt"/>
        <line num="43" count="8" type="stmt"/>
        <line num="47" count="7" type="stmt"/>
        <line num="48" count="7" type="cond" truecount="2" falsecount="0"/>
        <line num="49" count="5" type="stmt"/>
        <line num="56" count="3" type="stmt"/>
        <line num="58" count="3" type="cond" truecount="4" falsecount="0"/>
        <line num="59" count="1" type="stmt"/>
        <line num="62" count="2" type="cond" truecount="4" falsecount="0"/>
        <line num="63" count="1" type="cond" truecount="1" falsecount="1"/>
        <line num="64" count="1" type="cond" truecount="1" falsecount="1"/>
        <line num="65" count="1" type="stmt"/>
        <line num="68" count="1" type="stmt"/>
        <line num="84" count="1" type="stmt"/>
        <line num="88" count="2" type="stmt"/>
        <line num="89" count="1" type="stmt"/>
        <line num="93" count="29" type="cond" truecount="2" falsecount="0"/>
        <line num="94" count="2" type="stmt"/>
      </file>
      <file name="competence.service.ts" path="/Users/inessarepeshko/university/semestr7/diploma/intra/intra/apps/api/src/contexts/library/application/services/competence.service.ts">
        <metrics statements="50" coveredstatements="50" conditionals="38" coveredconditionals="26" methods="15" coveredmethods="15"/>
        <line num="6" count="44" type="stmt"/>
        <line num="12" count="44" type="stmt"/>
        <line num="13" count="44" type="stmt"/>
        <line num="14" count="44" type="stmt"/>
        <line num="18" count="44" type="stmt"/>
        <line num="22" count="44" type="stmt"/>
        <line num="26" count="44" type="stmt"/>
        <line num="32" count="44" type="stmt"/>
        <line num="35" count="44" type="cond" truecount="4" falsecount="4"/>
        <line num="37" count="44" type="cond" truecount="2" falsecount="2"/>
        <line num="39" count="44" type="cond" truecount="2" falsecount="2"/>
        <line num="41" count="44" type="cond" truecount="3" falsecount="1"/>
        <line num="42" count="44" type="stmt"/>
        <line num="46" count="102" type="stmt"/>
        <line num="51" count="102" type="stmt"/>
        <line num="55" count="3" type="stmt"/>
        <line num="59" count="114" type="stmt"/>
        <line num="60" count="114" type="cond" truecount="2" falsecount="0"/>
        <line num="61" count="106" type="stmt"/>
        <line num="68" count="2" type="stmt"/>
        <line num="69" count="1" type="stmt"/>
        <line num="76" count="1" type="stmt"/>
        <line num="80" count="4" type="stmt"/>
        <line num="81" count="3" type="stmt"/>
        <line num="82" count="3" type="stmt"/>
        <line num="83" count="3" type="cond" truecount="2" falsecount="0"/>
        <line num="87" count="2" type="stmt"/>
        <line num="97" count="1" type="stmt"/>
        <line num="98" count="1" type="stmt"/>
        <line num="101" count="1" type="stmt"/>
        <line num="108" count="5" type="stmt"/>
        <line num="109" count="5" type="stmt"/>
        <line num="111" count="4" type="stmt"/>
        <line num="112" count="4" type="stmt"/>
        <line num="119" count="2" type="stmt"/>
        <line num="120" count="2" type="stmt"/>
        <line num="124" count="8" type="stmt"/>
        <line num="126" count="8" type="stmt"/>
        <line num="129" count="8" type="stmt"/>
        <line num="136" count="3" type="stmt"/>
        <line num="137" count="3" type="stmt"/>
        <line num="139" count="2" type="stmt"/>
        <line num="143" count="2" type="stmt"/>
        <line num="150" count="1" type="stmt"/>
        <line num="151" count="1" type="stmt"/>
        <line num="158" count="6" type="stmt"/>
        <line num="160" count="6" type="stmt"/>
        <line num="163" count="6" type="stmt"/>
        <line num="169" count="3" type="stmt"/>
        <line num="170" count="3" type="cond" truecount="2" falsecount="0"/>
      </file>
      <file name="question-template.service.ts" path="/Users/inessarepeshko/university/semestr7/diploma/intra/intra/apps/api/src/contexts/library/application/services/question-template.service.ts">
        <metrics statements="65" coveredstatements="62" conditionals="56" coveredconditionals="39" methods="16" coveredmethods="16"/>
        <line num="1" count="44" type="stmt"/>
        <line num="7" count="44" type="stmt"/>
        <line num="13" count="44" type="stmt"/>
        <line num="17" count="44" type="stmt"/>
        <line num="18" count="44" type="stmt"/>
        <line num="19" count="44" type="stmt"/>
        <line num="23" count="44" type="stmt"/>
        <line num="27" count="44" type="stmt"/>
        <line num="31" count="44" type="stmt"/>
        <line num="34" count="44" type="stmt"/>
        <line num="37" count="44" type="cond" truecount="4" falsecount="4"/>
        <line num="39" count="44" type="cond" truecount="2" falsecount="2"/>
        <line num="41" count="44" type="cond" truecount="3" falsecount="1"/>
        <line num="42" count="44" type="cond" truecount="3" falsecount="1"/>
        <line num="43" count="44" type="cond" truecount="2" falsecount="2"/>
        <line num="45" count="44" type="stmt"/>
        <line num="51" count="47" type="stmt"/>
        <line num="53" count="46" type="stmt"/>
        <line num="62" count="46" type="stmt"/>
        <line num="64" count="45" type="cond" truecount="2" falsecount="0"/>
        <line num="67" count="45" type="cond" truecount="2" falsecount="0"/>
        <line num="68" count="1" type="stmt"/>
        <line num="69" count="1" type="stmt"/>
        <line num="75" count="45" type="stmt"/>
        <line num="81" count="1" type="stmt"/>
        <line num="85" count="68" type="stmt"/>
        <line num="86" count="68" type="cond" truecount="2" falsecount="0"/>
        <line num="87" count="1" type="stmt"/>
        <line num="88" count="67" type="stmt"/>
        <line num="95" count="2" type="stmt"/>
        <line num="97" count="2" type="cond" truecount="4" falsecount="0"/>
        <line num="98" count="1" type="stmt"/>
        <line num="101" count="1" type="stmt"/>
        <line num="118" count="1" type="stmt"/>
        <line num="120" count="1" type="cond" truecount="1" falsecount="1"/>
        <line num="121" count="0" type="stmt"/>
        <line num="122" count="0" type="stmt"/>
        <line num="123" count="0" type="stmt"/>
        <line num="129" count="1" type="stmt"/>
        <line num="133" count="2" type="stmt"/>
        <line num="134" count="2" type="stmt"/>
        <line num="137" count="2" type="cond" truecount="2" falsecount="0"/>
        <line num="138" count="1" type="stmt"/>
        <line num="146" count="1" type="stmt"/>
        <line num="149" count="1" type="stmt"/>
        <line num="152" count="1" type="stmt"/>
        <line num="159" count="3" type="stmt"/>
        <line num="160" count="3" type="stmt"/>
        <line num="162" count="2" type="stmt"/>
        <line num="166" count="2" type="stmt"/>
        <line num="173" count="1" type="stmt"/>
        <line num="174" count="1" type="stmt"/>
        <line num="181" count="3" type="stmt"/>
        <line num="183" count="3" type="stmt"/>
        <line num="186" count="3" type="stmt"/>
        <line num="193" count="3" type="stmt"/>
        <line num="194" count="3" type="stmt"/>
        <line num="196" count="2" type="stmt"/>
        <line num="200" count="2" type="stmt"/>
        <line num="207" count="1" type="stmt"/>
        <line num="208" count="1" type="stmt"/>
        <line num="215" count="3" type="stmt"/>
        <line num="217" count="3" type="stmt"/>
        <line num="220" count="3" type="stmt"/>
        <line num="224" count="2" type="stmt"/>
      </file>
    </package>
    <package name="library.infrastructure.prisma-repositories">
      <metrics statements="152" coveredstatements="141" conditionals="106" coveredconditionals="80" methods="52" coveredmethods="49"/>
      <file name="cluster.repository.ts" path="/Users/inessarepeshko/university/semestr7/diploma/intra/intra/apps/api/src/contexts/library/infrastructure/prisma-repositories/cluster.repository.ts">
        <metrics statements="22" coveredstatements="22" conditionals="22" coveredconditionals="17" methods="8" coveredmethods="8"/>
        <line num="2" count="44" type="stmt"/>
        <line num="8" count="44" type="stmt"/>
        <line num="9" count="44" type="stmt"/>
        <line num="12" count="44" type="stmt"/>
        <line num="15" count="44" type="stmt"/>
        <line num="16" count="44" type="cond" truecount="3" falsecount="1"/>
        <line num="19" count="56" type="stmt"/>
        <line num="23" count="56" type="stmt"/>
        <line num="27" count="9" type="stmt"/>
        <line num="28" count="9" type="cond" truecount="2" falsecount="0"/>
        <line num="32" count="12" type="stmt"/>
        <line num="33" count="12" type="stmt"/>
        <line num="35" count="12" type="stmt"/>
        <line num="36" count="12" type="stmt"/>
        <line num="43" count="2" type="stmt"/>
        <line num="48" count="2" type="stmt"/>
        <line num="52" count="2" type="stmt"/>
        <line num="63" count="12" type="stmt"/>
        <line num="64" count="12" type="stmt"/>
        <line num="98" count="12" type="cond" truecount="2" falsecount="0"/>
        <line num="99" count="12" type="cond" truecount="2" falsecount="0"/>
        <line num="100" count="12" type="stmt"/>
      </file>
      <file name="competence-question-template-relation.repository.ts" path="/Users/inessarepeshko/university/semestr7/diploma/intra/intra/apps/api/src/contexts/library/infrastructure/prisma-repositories/competence-question-template-relation.repository.ts">
        <metrics statements="29" coveredstatements="20" conditionals="14" coveredconditionals="7" methods="10" coveredmethods="7"/>
        <line num="1" count="44" type="stmt"/>
        <line num="2" count="44" type="stmt"/>
        <line num="3" count="44" type="stmt"/>
        <line num="6" count="44" type="stmt"/>
        <line num="9" count="44" type="stmt"/>
        <line num="10" count="44" type="cond" truecount="3" falsecount="1"/>
        <line num="16" count="14" type="stmt"/>
        <line num="18" count="14" type="stmt"/>
        <line num="21" count="13" type="stmt"/>
        <line num="23" count="1" type="cond" truecount="1" falsecount="1"/>
        <line num="28" count="1" type="stmt"/>
        <line num="38" count="1" type="cond" truecount="1" falsecount="1"/>
        <line num="39" count="1" type="stmt"/>
        <line num="43" count="0" type="stmt"/>
        <line num="51" count="3" type="stmt"/>
        <line num="60" count="8" type="stmt"/>
        <line num="64" count="8" type="stmt"/>
        <line num="71" count="5" type="stmt"/>
        <line num="75" count="5" type="stmt"/>
        <line num="82" count="0" type="stmt"/>
        <line num="84" count="0" type="stmt"/>
        <line num="86" count="0" type="cond" truecount="0" falsecount="2"/>
        <line num="92" count="0" type="stmt"/>
        <line num="96" count="0" type="cond" truecount="0" falsecount="2"/>
        <line num="97" count="0" type="stmt"/>
        <line num="98" count="0" type="stmt"/>
        <line num="107" count="0" type="stmt"/>
        <line num="113" count="2" type="stmt"/>
        <line num="119" count="2" type="stmt"/>
      </file>
      <file name="competence.repository.ts" path="/Users/inessarepeshko/university/semestr7/diploma/intra/intra/apps/api/src/contexts/library/infrastructure/prisma-repositories/competence.repository.ts">
        <metrics statements="22" coveredstatements="22" conditionals="18" coveredconditionals="16" methods="8" coveredmethods="8"/>
        <line num="2" count="44" type="stmt"/>
        <line num="8" count="44" type="stmt"/>
        <line num="9" count="44" type="stmt"/>
        <line num="12" count="44" type="stmt"/>
        <line num="15" count="44" type="stmt"/>
        <line num="16" count="44" type="cond" truecount="3" falsecount="1"/>
        <line num="19" count="217" type="stmt"/>
        <line num="23" count="217" type="stmt"/>
        <line num="27" count="118" type="stmt"/>
        <line num="30" count="118" type="cond" truecount="2" falsecount="0"/>
        <line num="34" count="6" type="stmt"/>
        <line num="35" count="6" type="stmt"/>
        <line num="37" count="6" type="stmt"/>
        <line num="38" count="6" type="stmt"/>
        <line num="45" count="2" type="stmt"/>
        <line num="50" count="2" type="stmt"/>
        <line num="54" count="2" type="stmt"/>
        <line num="60" count="6" type="stmt"/>
        <line num="61" count="6" type="stmt"/>
        <line num="94" count="6" type="cond" truecount="2" falsecount="0"/>
        <line num="95" count="6" type="cond" truecount="2" falsecount="0"/>
        <line num="96" count="6" type="stmt"/>
      </file>
      <file name="position-competence-relation.repository.ts" path="/Users/inessarepeshko/university/semestr7/diploma/intra/intra/apps/api/src/contexts/library/infrastructure/prisma-repositories/position-competence-relation.repository.ts">
        <metrics statements="28" coveredstatements="27" conditionals="14" coveredconditionals="11" methods="9" coveredmethods="9"/>
        <line num="1" count="50" type="stmt"/>
        <line num="2" count="50" type="stmt"/>
        <line num="3" count="50" type="stmt"/>
        <line num="6" count="50" type="stmt"/>
        <line num="9" count="50" type="stmt"/>
        <line num="10" count="50" type="cond" truecount="3" falsecount="1"/>
        <line num="16" count="17" type="stmt"/>
        <line num="18" count="17" type="stmt"/>
        <line num="21" count="15" type="stmt"/>
        <line num="23" count="2" type="cond" truecount="1" falsecount="1"/>
        <line num="28" count="2" type="stmt"/>
        <line num="36" count="2" type="cond" truecount="1" falsecount="1"/>
        <line num="37" count="2" type="stmt"/>
        <line num="39" count="0" type="stmt"/>
        <line num="44" count="4" type="stmt"/>
        <line num="52" count="12" type="stmt"/>
        <line num="58" count="12" type="stmt"/>
        <line num="64" count="5" type="stmt"/>
        <line num="70" count="5" type="stmt"/>
        <line num="77" count="2" type="stmt"/>
        <line num="79" count="2" type="stmt"/>
        <line num="81" count="2" type="cond" truecount="2" falsecount="0"/>
        <line num="84" count="2" type="stmt"/>
        <line num="88" count="2" type="cond" truecount="2" falsecount="0"/>
        <line num="89" count="1" type="stmt"/>
        <line num="90" count="2" type="stmt"/>
        <line num="99" count="2" type="stmt"/>
        <line num="103" count="2" type="stmt"/>
      </file>
      <file name="position-question-template-relation.repository.ts" path="/Users/inessarepeshko/university/semestr7/diploma/intra/intra/apps/api/src/contexts/library/infrastructure/prisma-repositories/position-question-template-relation.repository.ts">
        <metrics statements="26" coveredstatements="25" conditionals="14" coveredconditionals="11" methods="8" coveredmethods="8"/>
        <line num="1" count="44" type="stmt"/>
        <line num="2" count="44" type="stmt"/>
        <line num="3" count="44" type="stmt"/>
        <line num="6" count="44" type="stmt"/>
        <line num="9" count="44" type="stmt"/>
        <line num="10" count="44" type="cond" truecount="3" falsecount="1"/>
        <line num="16" count="13" type="stmt"/>
        <line num="18" count="13" type="stmt"/>
        <line num="21" count="12" type="stmt"/>
        <line num="23" count="1" type="cond" truecount="1" falsecount="1"/>
        <line num="28" count="1" type="stmt"/>
        <line num="38" count="1" type="cond" truecount="1" falsecount="1"/>
        <line num="39" count="1" type="stmt"/>
        <line num="43" count="0" type="stmt"/>
        <line num="48" count="2" type="stmt"/>
        <line num="57" count="9" type="stmt"/>
        <line num="62" count="9" type="stmt"/>
        <line num="69" count="4" type="stmt"/>
        <line num="71" count="4" type="stmt"/>
        <line num="73" count="4" type="cond" truecount="2" falsecount="0"/>
        <line num="79" count="4" type="stmt"/>
        <line num="83" count="4" type="cond" truecount="2" falsecount="0"/>
        <line num="84" count="3" type="stmt"/>
        <line num="85" count="5" type="stmt"/>
        <line num="94" count="4" type="stmt"/>
        <line num="100" count="2" type="stmt"/>
      </file>
      <file name="question-template.repository.ts" path="/Users/inessarepeshko/university/semestr7/diploma/intra/intra/apps/api/src/contexts/library/infrastructure/prisma-repositories/question-template.repository.ts">
        <metrics statements="25" coveredstatements="25" conditionals="24" coveredconditionals="18" methods="9" coveredmethods="9"/>
        <line num="2" count="44" type="stmt"/>
        <line num="8" count="44" type="stmt"/>
        <line num="9" count="44" type="stmt"/>
        <line num="12" count="44" type="stmt"/>
        <line num="15" count="44" type="stmt"/>
        <line num="16" count="44" type="cond" truecount="3" falsecount="1"/>
        <line num="21" count="75" type="stmt"/>
        <line num="22" count="75" type="stmt"/>
        <line num="23" count="6" type="stmt"/>
        <line num="27" count="75" type="stmt"/>
        <line num="32" count="74" type="stmt"/>
        <line num="36" count="73" type="stmt"/>
        <line num="41" count="73" type="cond" truecount="2" falsecount="0"/>
        <line num="47" count="5" type="stmt"/>
        <line num="48" count="5" type="stmt"/>
        <line num="50" count="5" type="stmt"/>
        <line num="56" count="5" type="stmt"/>
        <line num="63" count="2" type="stmt"/>
        <line num="71" count="2" type="stmt"/>
        <line num="75" count="2" type="stmt"/>
        <line num="88" count="5" type="stmt"/>
        <line num="90" count="5" type="stmt"/>
        <line num="120" count="5" type="cond" truecount="2" falsecount="0"/>
        <line num="121" count="5" type="cond" truecount="2" falsecount="0"/>
        <line num="122" count="5" type="stmt"/>
      </file>
    </package>
    <package name="notifications.application.listeners">
      <metrics statements="59" coveredstatements="53" conditionals="55" coveredconditionals="34" methods="6" coveredmethods="6"/>
      <file name="cycle-stage-notification.listener.ts" path="/Users/inessarepeshko/university/semestr7/diploma/intra/intra/apps/api/src/contexts/notifications/application/listeners/cycle-stage-notification.listener.ts">
        <metrics statements="18" coveredstatements="16" conditionals="18" coveredconditionals="11" methods="2" coveredmethods="2"/>
        <line num="1" count="3" type="stmt"/>
        <line num="2" count="3" type="stmt"/>
        <line num="3" count="3" type="stmt"/>
        <line num="4" count="3" type="stmt"/>
        <line num="5" count="3" type="stmt"/>
        <line num="8" count="3" type="stmt"/>
        <line num="9" count="2" type="stmt"/>
        <line num="12" count="2" type="cond" truecount="3" falsecount="1"/>
        <line num="16" count="3" type="cond" truecount="6" falsecount="2"/>
        <line num="17" count="3" type="stmt"/>
        <line num="19" count="3" type="stmt"/>
        <line num="20" count="3" type="cond" truecount="2" falsecount="0"/>
        <line num="23" count="2" type="stmt"/>
        <line num="26" count="2" type="stmt"/>
        <line num="29" count="2" type="stmt"/>
        <line num="32" count="1" type="stmt"/>
        <line num="36" count="0" type="cond" truecount="0" falsecount="2"/>
        <line num="37" count="0" type="stmt"/>
      </file>
      <file name="review-stage-notification.listener.ts" path="/Users/inessarepeshko/university/semestr7/diploma/intra/intra/apps/api/src/contexts/notifications/application/listeners/review-stage-notification.listener.ts">
        <metrics statements="27" coveredstatements="25" conditionals="21" coveredconditionals="14" methods="2" coveredmethods="2"/>
        <line num="1" count="3" type="stmt"/>
        <line num="2" count="3" type="stmt"/>
        <line num="3" count="3" type="stmt"/>
        <line num="4" count="3" type="stmt"/>
        <line num="5" count="3" type="stmt"/>
        <line num="8" count="3" type="stmt"/>
        <line num="9" count="2" type="stmt"/>
        <line num="12" count="2" type="cond" truecount="3" falsecount="1"/>
        <line num="16" count="3" type="cond" truecount="6" falsecount="2"/>
        <line num="17" count="5" type="stmt"/>
        <line num="19" count="5" type="stmt"/>
        <line num="20" count="5" type="cond" truecount="5" falsecount="0"/>
        <line num="23" count="1" type="stmt"/>
        <line num="26" count="1" type="stmt"/>
        <line num="29" count="1" type="stmt"/>
        <line num="33" count="1" type="stmt"/>
        <line num="34" count="1" type="stmt"/>
        <line num="37" count="1" type="stmt"/>
        <line num="41" count="1" type="stmt"/>
        <line num="42" count="1" type="stmt"/>
        <line num="45" count="1" type="stmt"/>
        <line num="49" count="1" type="stmt"/>
        <line num="50" count="1" type="stmt"/>
[...]
        <line num="331" count="0" type="stmt"/>
        <line num="336" count="2" type="stmt"/>
        <line num="337" count="0" type="cond" truecount="0" falsecount="2"/>
        <line num="338" count="0" type="stmt"/>
        <line num="339" count="0" type="cond" truecount="0" falsecount="2"/>
        <line num="340" count="0" type="stmt"/>
        <line num="345" count="2" type="stmt"/>
        <line num="349" count="2" type="stmt"/>
        <line num="350" count="2" type="stmt"/>
        <line num="352" count="2" type="cond" truecount="1" falsecount="1"/>
        <line num="353" count="2" type="stmt"/>
        <line num="358" count="2" type="stmt"/>
        <line num="362" count="2" type="stmt"/>
        <line num="363" count="2" type="cond" truecount="1" falsecount="1"/>
        <line num="367" count="2" type="stmt"/>
        <line num="374" count="2" type="stmt"/>
        <line num="376" count="2" type="stmt"/>
        <line num="380" count="2" type="cond" truecount="1" falsecount="1"/>
        <line num="381" count="2" type="stmt"/>
        <line num="382" count="2" type="stmt"/>
        <line num="384" count="2" type="cond" truecount="1" falsecount="1"/>
        <line num="385" count="0" type="cond" truecount="0" falsecount="2"/>
        <line num="390" count="2" type="stmt"/>
        <line num="391" count="2" type="cond" truecount="1" falsecount="1"/>
        <line num="392" count="2" type="stmt"/>
        <line num="393" count="2" type="cond" truecount="1" falsecount="1"/>
        <line num="394" count="2" type="stmt"/>
        <line num="397" count="2" type="stmt"/>
        <line num="398" count="2" type="cond" truecount="3" falsecount="1"/>
        <line num="399" count="2" type="stmt"/>
        <line num="403" count="2" type="stmt"/>
        <line num="404" count="2" type="cond" truecount="1" falsecount="1"/>
        <line num="406" count="2" type="stmt"/>
        <line num="407" count="2" type="cond" truecount="1" falsecount="1"/>
        <line num="408" count="2" type="stmt"/>
        <line num="413" count="2" type="stmt"/>
        <line num="414" count="2" type="stmt"/>
        <line num="417" count="2" type="stmt"/>
        <line num="419" count="2" type="stmt"/>
        <line num="429" count="2" type="stmt"/>
        <line num="430" count="2" type="stmt"/>
        <line num="435" count="2" type="stmt"/>
        <line num="440" count="2" type="stmt"/>
        <line num="441" count="2" type="stmt"/>
        <line num="442" count="0" type="stmt"/>
        <line num="443" count="2" type="stmt"/>
        <line num="444" count="0" type="stmt"/>
        <line num="445" count="0" type="stmt"/>
        <line num="446" count="2" type="stmt"/>
        <line num="447" count="2" type="stmt"/>
        <line num="448" count="6" type="stmt"/>
        <line num="450" count="2" type="stmt"/>
        <line num="451" count="0" type="stmt"/>
        <line num="452" count="0" type="stmt"/>
        <line num="453" count="2" type="stmt"/>
        <line num="454" count="2" type="stmt"/>
        <line num="455" count="0" type="stmt"/>
        <line num="457" count="2" type="stmt"/>
        <line num="458" count="0" type="stmt"/>
        <line num="460" count="2" type="stmt"/>
        <line num="461" count="0" type="stmt"/>
        <line num="464" count="2" type="stmt"/>
        <line num="465" count="2" type="stmt"/>
        <line num="467" count="2" type="stmt"/>
        <line num="468" count="2" type="stmt"/>
        <line num="470" count="2" type="stmt"/>
        <line num="471" count="2" type="stmt"/>
        <line num="474" count="2" type="stmt"/>
        <line num="508" count="2" type="stmt"/>
        <line num="510" count="2" type="stmt"/>
        <line num="514" count="2" type="stmt"/>
        <line num="518" count="2" type="stmt"/>
        <line num="523" count="2" type="stmt"/>
        <line num="527" count="2" type="stmt"/>
        <line num="531" count="2" type="stmt"/>
        <line num="534" count="2" type="cond" truecount="1" falsecount="1"/>
        <line num="535" count="0" type="stmt"/>
        <line num="540" count="2" type="stmt"/>
        <line num="544" count="2" type="stmt"/>
        <line num="556" count="12" type="stmt"/>
        <line num="557" count="12" type="cond" truecount="2" falsecount="0"/>
        <line num="558" count="12" type="cond" truecount="1" falsecount="1"/>
        <line num="559" count="12" type="cond" truecount="1" falsecount="1"/>
        <line num="560" count="12" type="stmt"/>
        <line num="561" count="12" type="stmt"/>
        <line num="564" count="12" type="stmt"/>
        <line num="575" count="52" type="cond" truecount="3" falsecount="1"/>
        <line num="577" count="52" type="cond" truecount="1" falsecount="1"/>
        <line num="578" count="52" type="stmt"/>
        <line num="592" count="0" type="cond" truecount="0" falsecount="2"/>
        <line num="593" count="0" type="stmt"/>
        <line num="596" count="0" type="stmt"/>
        <line num="598" count="0" type="cond" truecount="0" falsecount="2"/>
        <line num="617" count="2" type="stmt"/>
        <line num="619" count="2" type="stmt"/>
        <line num="620" count="2" type="stmt"/>
        <line num="621" count="2" type="stmt"/>
        <line num="622" count="2" type="stmt"/>
        <line num="623" count="2" type="cond" truecount="1" falsecount="1"/>
        <line num="624" count="2" type="stmt"/>
        <line num="629" count="2" type="stmt"/>
        <line num="630" count="2" type="stmt"/>
        <line num="632" count="2" type="stmt"/>
        <line num="633" count="2" type="stmt"/>
        <line num="635" count="2" type="stmt"/>
        <line num="636" count="2" type="stmt"/>
        <line num="639" count="2" type="stmt"/>
        <line num="643" count="2" type="stmt"/>
        <line num="647" count="2" type="stmt"/>
        <line num="652" count="2" type="stmt"/>
        <line num="656" count="2" type="stmt"/>
        <line num="661" count="2" type="stmt"/>
        <line num="684" count="2" type="stmt"/>
        <line num="697" count="2" type="stmt"/>
        <line num="698" count="2" type="stmt"/>
        <line num="700" count="2" type="stmt"/>
        <line num="701" count="2" type="stmt"/>
        <line num="703" count="2" type="stmt"/>
        <line num="704" count="2" type="stmt"/>
        <line num="707" count="2" type="stmt"/>
        <line num="711" count="2" type="stmt"/>
        <line num="715" count="2" type="stmt"/>
        <line num="720" count="2" type="stmt"/>
        <line num="724" count="2" type="stmt"/>
        <line num="728" count="2" type="stmt"/>
        <line num="753" count="12" type="cond" truecount="3" falsecount="1"/>
        <line num="754" count="0" type="stmt"/>
        <line num="756" count="12" type="stmt"/>
        <line num="770" count="8" type="cond" truecount="3" falsecount="1"/>
        <line num="771" count="0" type="stmt"/>
        <line num="774" count="8" type="stmt"/>
        <line num="783" count="16" type="cond" truecount="1" falsecount="1"/>
        <line num="784" count="16" type="stmt"/>
        <line num="798" count="2" type="stmt"/>
        <line num="800" count="0" type="cond" truecount="0" falsecount="2"/>
        <line num="801" count="0" type="cond" truecount="0" falsecount="2"/>
        <line num="802" count="0" type="stmt"/>
        <line num="805" count="2" type="stmt"/>
        <line num="827" count="2" type="stmt"/>
        <line num="828" count="2" type="stmt"/>
        <line num="829" count="2" type="cond" truecount="2" falsecount="0"/>
        <line num="830" count="2" type="stmt"/>
        <line num="831" count="2" type="stmt"/>
        <line num="832" count="2" type="cond" truecount="2" falsecount="0"/>
        <line num="835" count="2" type="cond" truecount="1" falsecount="1"/>
        <line num="837" count="2" type="cond" truecount="1" falsecount="1"/>
        <line num="839" count="2" type="cond" truecount="1" falsecount="1"/>
        <line num="841" count="2" type="cond" truecount="1" falsecount="1"/>
        <line num="843" count="2" type="stmt"/>
        <line num="847" count="2" type="cond" truecount="1" falsecount="1"/>
        <line num="853" count="2" type="cond" truecount="1" falsecount="1"/>
        <line num="859" count="2" type="cond" truecount="1" falsecount="1"/>
        <line num="865" count="2" type="cond" truecount="1" falsecount="1"/>
        <line num="870" count="2" type="stmt"/>
        <line num="872" count="2" type="stmt"/>
        <line num="886" count="2" type="stmt"/>
        <line num="900" count="2" type="stmt"/>
        <line num="914" count="2" type="stmt"/>
        <line num="928" count="2" type="stmt"/>
        <line num="936" count="17" type="stmt"/>
        <line num="937" count="6" type="stmt"/>
        <line num="938" count="12" type="cond" truecount="2" falsecount="0"/>
        <line num="940" count="6" type="cond" truecount="1" falsecount="1"/>
        <line num="941" count="6" type="stmt"/>
        <line num="950" count="6" type="stmt"/>
        <line num="951" count="6" type="stmt"/>
        <line num="952" count="12" type="stmt"/>
        <line num="954" count="6" type="stmt"/>
      </file>
      <file name="text-answer.service.ts" path="/Users/inessarepeshko/university/semestr7/diploma/intra/intra/apps/api/src/contexts/reporting/application/services/text-answer.service.ts">
        <metrics statements="20" coveredstatements="20" conditionals="18" coveredconditionals="14" methods="6" coveredmethods="6"/>
        <line num="1" count="17" type="stmt"/>
        <line num="6" count="17" type="stmt"/>
        <line num="8" count="17" type="stmt"/>
        <line num="12" count="17" type="stmt"/>
        <line num="19" count="17" type="stmt"/>
        <line num="22" count="17" type="cond" truecount="4" falsecount="4"/>
        <line num="24" count="17" type="stmt"/>
        <line num="31" count="6" type="stmt"/>
        <line num="33" count="5" type="stmt"/>
        <line num="41" count="5" type="stmt"/>
        <line num="42" count="5" type="stmt"/>
        <line num="43" count="5" type="stmt"/>
        <line num="46" count="5" type="stmt"/>
        <line num="48" count="7" type="cond" truecount="2" falsecount="0"/>
        <line num="51" count="5" type="stmt"/>
        <line num="52" count="5" type="stmt"/>
        <line num="67" count="6" type="cond" truecount="2" falsecount="0"/>
        <line num="70" count="5" type="cond" truecount="2" falsecount="0"/>
        <line num="73" count="5" type="cond" truecount="2" falsecount="0"/>
        <line num="75" count="1" type="stmt"/>
      </file>
    </package>
    <package name="reporting.infrastructure.prisma-repositories">
      <metrics statements="124" coveredstatements="123" conditionals="168" coveredconditionals="112" methods="39" coveredmethods="38"/>
      <file name="report-analytics.repository.ts" path="/Users/inessarepeshko/university/semestr7/diploma/intra/intra/apps/api/src/contexts/reporting/infrastructure/prisma-repositories/report-analytics.repository.ts">
        <metrics statements="16" coveredstatements="16" conditionals="8" coveredconditionals="7" methods="5" coveredmethods="5"/>
        <line num="1" count="17" type="stmt"/>
        <line num="2" count="17" type="stmt"/>
        <line num="3" count="17" type="stmt"/>
        <line num="8" count="17" type="stmt"/>
        <line num="11" count="17" type="stmt"/>
        <line num="12" count="17" type="stmt"/>
        <line num="14" count="17" type="cond" truecount="3" falsecount="1"/>
        <line num="20" count="10" type="cond" truecount="2" falsecount="0"/>
        <line num="21" count="2" type="stmt"/>
        <line num="24" count="8" type="stmt"/>
        <line num="25" count="11" type="stmt"/>
        <line num="28" count="8" type="stmt"/>
        <line num="32" count="6" type="stmt"/>
        <line num="37" count="6" type="stmt"/>
        <line num="41" count="4" type="stmt"/>
        <line num="45" count="4" type="cond" truecount="2" falsecount="0"/>
      </file>
      <file name="report-comment.repository.ts" path="/Users/inessarepeshko/university/semestr7/diploma/intra/intra/apps/api/src/contexts/reporting/infrastructure/prisma-repositories/report-comment.repository.ts">
        <metrics statements="13" coveredstatements="13" conditionals="6" coveredconditionals="5" methods="4" coveredmethods="4"/>
        <line num="1" count="17" type="stmt"/>
        <line num="2" count="17" type="stmt"/>
        <line num="3" count="17" type="stmt"/>
        <line num="8" count="17" type="stmt"/>
        <line num="11" count="17" type="stmt"/>
        <line num="12" count="17" type="stmt"/>
        <line num="14" count="17" type="cond" truecount="3" falsecount="1"/>
        <line num="17" count="9" type="stmt"/>
        <line num="20" count="9" type="stmt"/>
        <line num="24" count="4" type="stmt"/>
        <line num="29" count="4" type="stmt"/>
        <line num="33" count="4" type="stmt"/>
        <line num="37" count="4" type="cond" truecount="2" falsecount="0"/>
      </file>
      <file name="report-insight.repository.ts" path="/Users/inessarepeshko/university/semestr7/diploma/intra/intra/apps/api/src/contexts/reporting/infrastructure/prisma-repositories/report-insight.repository.ts">
        <metrics statements="16" coveredstatements="16" conditionals="8" coveredconditionals="7" methods="5" coveredmethods="5"/>
        <line num="1" count="17" type="stmt"/>
        <line num="2" count="17" type="stmt"/>
        <line num="3" count="17" type="stmt"/>
        <line num="8" count="17" type="stmt"/>
        <line num="11" count="17" type="stmt"/>
        <line num="12" count="17" type="stmt"/>
        <line num="14" count="17" type="cond" truecount="3" falsecount="1"/>
        <line num="20" count="8" type="cond" truecount="2" falsecount="0"/>
        <line num="21" count="1" type="stmt"/>
        <line num="24" count="7" type="stmt"/>
        <line num="25" count="23" type="stmt"/>
        <line num="28" count="7" type="stmt"/>
        <line num="32" count="4" type="stmt"/>
        <line num="37" count="4" type="stmt"/>
        <line num="41" count="4" type="stmt"/>
        <line num="45" count="4" type="cond" truecount="2" falsecount="0"/>
      </file>
      <file name="report.repository.ts" path="/Users/inessarepeshko/university/semestr7/diploma/intra/intra/apps/api/src/contexts/reporting/infrastructure/prisma-repositories/report.repository.ts">
        <metrics statements="24" coveredstatements="23" conditionals="60" coveredconditionals="37" methods="8" coveredmethods="7"/>
        <line num="2" count="17" type="stmt"/>
        <line num="7" count="17" type="stmt"/>
        <line num="8" count="17" type="stmt"/>
        <line num="9" count="17" type="stmt"/>
        <line num="14" count="17" type="stmt"/>
        <line num="17" count="17" type="stmt"/>
        <line num="18" count="17" type="stmt"/>
        <line num="20" count="17" type="cond" truecount="3" falsecount="1"/>
        <line num="23" count="9" type="stmt"/>
        <line num="24" count="9" type="stmt"/>
        <line num="25" count="9" type="stmt"/>
        <line num="26" count="9" type="stmt"/>
        <line num="30" count="59" type="stmt"/>
        <line num="39" count="59" type="stmt"/>
        <line num="43" count="20" type="stmt"/>
        <line num="52" count="20" type="cond" truecount="2" falsecount="0"/>
        <line num="56" count="10" type="stmt"/>
        <line num="65" count="10" type="cond" truecount="2" falsecount="0"/>
        <line num="94" count="9" type="stmt"/>
        <line num="95" count="9" type="stmt"/>
        <line num="103" count="0" type="stmt"/>
        <line num="140" count="9" type="cond" truecount="2" falsecount="0"/>
        <line num="141" count="9" type="cond" truecount="2" falsecount="0"/>
        <line num="142" count="9" type="stmt"/>
      </file>
      <file name="startegic-report-insight.repository.ts" path="/Users/inessarepeshko/university/semestr7/diploma/intra/intra/apps/api/src/contexts/reporting/infrastructure/prisma-repositories/startegic-report-insight.repository.ts">
        <metrics statements="16" coveredstatements="16" conditionals="8" coveredconditionals="7" methods="5" coveredmethods="5"/>
        <line num="1" count="17" type="stmt"/>
        <line num="2" count="17" type="stmt"/>
        <line num="3" count="17" type="stmt"/>
        <line num="8" count="17" type="stmt"/>
        <line num="11" count="17" type="stmt"/>
        <line num="13" count="17" type="stmt"/>
        <line num="15" count="17" type="cond" truecount="3" falsecount="1"/>
        <line num="21" count="8" type="cond" truecount="2" falsecount="0"/>
        <line num="22" count="1" type="stmt"/>
        <line num="25" count="7" type="stmt"/>
        <line num="26" count="15" type="stmt"/>
        <line num="29" count="7" type="stmt"/>
        <line num="35" count="4" type="stmt"/>
        <line num="40" count="4" type="stmt"/>
        <line num="44" count="4" type="stmt"/>
        <line num="48" count="4" type="cond" truecount="2" falsecount="0"/>
      </file>
      <file name="strategic-report-analytics.repository.ts" path="/Users/inessarepeshko/university/semestr7/diploma/intra/intra/apps/api/src/contexts/reporting/infrastructure/prisma-repositories/strategic-report-analytics.repository.ts">
        <metrics statements="16" coveredstatements="16" conditionals="8" coveredconditionals="7" methods="5" coveredmethods="5"/>
        <line num="1" count="17" type="stmt"/>
        <line num="2" count="17" type="stmt"/>
        <line num="3" count="17" type="stmt"/>
        <line num="8" count="17" type="stmt"/>
        <line num="11" count="17" type="stmt"/>
        <line num="13" count="17" type="stmt"/>
        <line num="15" count="17" type="cond" truecount="3" falsecount="1"/>
        <line num="21" count="8" type="cond" truecount="2" falsecount="0"/>
        <line num="22" count="1" type="stmt"/>
        <line num="25" count="7" type="stmt"/>
        <line num="26" count="9" type="stmt"/>
        <line num="29" count="7" type="stmt"/>
        <line num="35" count="4" type="stmt"/>
        <line num="40" count="4" type="stmt"/>
        <line num="44" count="4" type="stmt"/>
        <line num="50" count="4" type="cond" truecount="2" falsecount="0"/>
      </file>
      <file name="strategic-report.repository.ts" path="/Users/inessarepeshko/university/semestr7/diploma/intra/intra/apps/api/src/contexts/reporting/infrastructure/prisma-repositories/strategic-report.repository.ts">
        <metrics statements="23" coveredstatements="23" conditionals="70" coveredconditionals="42" methods="7" coveredmethods="7"/>
        <line num="2" count="17" type="stmt"/>
        <line num="7" count="17" type="stmt"/>
        <line num="8" count="17" type="stmt"/>
        <line num="9" count="17" type="stmt"/>
        <line num="14" count="17" type="stmt"/>
        <line num="17" count="17" type="stmt"/>
        <line num="18" count="17" type="stmt"/>
        <line num="20" count="17" type="cond" truecount="3" falsecount="1"/>
        <line num="25" count="5" type="stmt"/>
        <line num="26" count="5" type="stmt"/>
        <line num="27" count="5" type="stmt"/>
        <line num="31" count="5" type="stmt"/>
        <line num="37" count="42" type="stmt"/>
        <line num="45" count="42" type="stmt"/>
        <line num="49" count="16" type="stmt"/>
        <line num="57" count="16" type="cond" truecount="2" falsecount="0"/>
        <line num="65" count="11" type="stmt"/>
        <line num="74" count="11" type="cond" truecount="2" falsecount="0"/>
        <line num="112" count="5" type="stmt"/>
        <line num="113" count="5" type="stmt"/>
        <line num="157" count="5" type="cond" truecount="2" falsecount="0"/>
        <line num="158" count="5" type="cond" truecount="2" falsecount="0"/>
        <line num="159" count="5" type="stmt"/>
      </file>
    </package>
  </project>
</coverage>
