TN:
SF:src/contexts/feedback360/application/listeners/cycle-stage.listener.ts
FN:21,(anonymous_4)
FN:34,(anonymous_5)
FNF:2
FNH:2
FNDA:18,(anonymous_4)
FNDA:14,(anonymous_5)
DA:1,18
DA:2,18
DA:3,18
DA:4,18
DA:5,18
DA:6,18
DA:7,18
DA:18,18
DA:19,18
DA:22,18
DA:23,18
DA:25,18
DA:34,18
DA:37,14
DA:41,14
DA:43,8
DA:47,8
DA:50,6
DA:52,6
DA:53,2
DA:56,2
DA:60,2
DA:63,4
DA:67,4
DA:68,4
DA:70,4
DA:74,0
DA:79,4
LF:28
LH:27
BRDA:41,0,0,8
BRDA:41,0,1,6
BRDA:52,1,0,2
BRDA:52,1,1,4
BRDA:35,2,0,18
BRDA:35,2,1,0
BRDA:35,3,0,18
BRDA:35,3,1,18
BRDA:36,4,0,18
BRDA:36,4,1,0
BRDA:36,5,0,18
BRDA:36,5,1,18
BRDA:22,6,0,18
BRDA:22,6,1,0
BRDA:22,7,0,18
BRDA:22,7,1,18
BRDA:22,8,0,18
BRDA:22,8,1,0
BRDA:22,9,0,18
BRDA:22,9,1,18
BRDA:23,10,0,0
BRDA:23,10,1,18
BRDA:23,11,0,18
BRDA:23,11,1,0
BRF:24
BRH:18
end_of_record
TN:
SF:src/contexts/feedback360/application/listeners/respondent-status.listener.ts
FN:28,(anonymous_4)
FN:41,(anonymous_5)
FN:65,(anonymous_6)
FN:79,(anonymous_7)
FN:109,(anonymous_8)
FN:118,(anonymous_9)
FNF:6
FNH:6
FNDA:18,(anonymous_4)
FNDA:5,(anonymous_5)
FNDA:4,(anonymous_6)
FNDA:2,(anonymous_7)
FNDA:18,(anonymous_8)
FNDA:6,(anonymous_9)
DA:1,18
DA:6,18
DA:7,18
DA:8,18
DA:9,18
DA:10,18
DA:14,18
DA:18,18
DA:25,18
DA:26,18
DA:30,18
DA:31,18
DA:32,18
DA:41,18
DA:44,5
DA:48,5
DA:52,2
DA:55,3
DA:59,3
DA:60,3
DA:64,3
DA:66,4
DA:70,3
DA:71,2
DA:72,2
DA:76,1
DA:80,2
DA:89,0
DA:106,18
DA:107,18
DA:111,18
DA:113,18
DA:114,18
DA:118,18
DA:121,6
DA:122,2
DA:125,4
DA:126,4
DA:130,4
DA:131,2
DA:134,2
DA:135,2
DA:136,0
DA:139,0
DA:142,2
DA:143,1
DA:146,1
DA:150,1
DA:158,0
LF:49
LH:45
BRDA:48,0,0,2
BRDA:48,0,1,3
BRDA:49,1,0,5
BRDA:49,1,1,2
BRDA:66,2,0,4
BRDA:66,2,1,1
BRDA:70,3,0,2
BRDA:70,3,1,1
BRDA:80,4,0,2
BRDA:80,4,1,1
BRDA:42,5,0,18
BRDA:42,5,1,0
BRDA:42,6,0,18
BRDA:42,6,1,18
BRDA:43,7,0,18
BRDA:43,7,1,0
BRDA:43,8,0,18
BRDA:43,8,1,18
BRDA:30,9,0,0
BRDA:30,9,1,18
BRDA:30,10,0,18
BRDA:30,10,1,0
BRDA:30,11,0,18
BRDA:30,11,1,0
BRDA:30,12,0,18
BRDA:30,12,1,18
BRDA:31,13,0,18
BRDA:31,13,1,0
BRDA:31,14,0,18
BRDA:31,14,1,18
BRDA:121,15,0,2
BRDA:121,15,1,4
BRDA:130,16,0,2
BRDA:130,16,1,2
BRDA:135,17,0,0
BRDA:135,17,1,2
BRDA:142,18,0,1
BRDA:142,18,1,1
BRDA:153,19,0,1
BRDA:153,19,1,1
BRDA:154,20,0,1
BRDA:154,20,1,1
BRDA:119,21,0,18
BRDA:119,21,1,0
BRDA:119,22,0,18
BRDA:119,22,1,18
BRDA:120,23,0,18
BRDA:120,23,1,0
BRDA:120,24,0,18
BRDA:120,24,1,18
BRDA:111,25,0,0
BRDA:111,25,1,18
BRDA:111,26,0,18
BRDA:111,26,1,0
BRDA:111,27,0,0
BRDA:111,27,1,18
BRDA:111,28,0,18
BRDA:111,28,1,0
BRDA:113,29,0,18
BRDA:113,29,1,0
BRDA:113,30,0,18
BRDA:113,30,1,18
BRF:62
BRH:48
end_of_record
TN:
SF:src/contexts/feedback360/application/listeners/review-stage.listener.ts
FN:35,(anonymous_4)
FN:48,(anonymous_5)
FN:92,(anonymous_6)
FNF:3
FNH:3
FNDA:18,(anonymous_4)
FNDA:11,(anonymous_5)
FNDA:7,(anonymous_6)
DA:1,18
DA:2,18
DA:3,18
DA:4,18
DA:5,18
DA:6,18
DA:7,18
DA:20,18
DA:32,18
DA:33,18
DA:36,18
DA:38,18
DA:39,18
DA:48,18
DA:51,11
DA:55,11
DA:56,11
DA:57,3
DA:60,8
DA:62,8
DA:63,0
DA:64,0
DA:67,8
DA:68,1
DA:71,1
DA:74,7
DA:78,7
DA:79,7
DA:92,6
DA:93,7
DA:95,6
DA:97,6
DA:98,5
DA:99,1
DA:103,1
DA:108,4
DA:119,10
LF:37
LH:35
BRDA:56,0,0,3
BRDA:56,0,1,8
BRDA:62,1,0,0
BRDA:62,1,1,8
BRDA:67,2,0,1
BRDA:67,2,1,7
BRDA:97,3,0,5
BRDA:97,3,1,1
BRDA:49,4,0,18
BRDA:49,4,1,0
BRDA:49,5,0,18
BRDA:49,5,1,18
BRDA:50,6,0,18
BRDA:50,6,1,0
BRDA:50,7,0,18
BRDA:50,7,1,18
BRDA:36,8,0,18
BRDA:36,8,1,0
BRDA:36,9,0,18
BRDA:36,9,1,18
BRDA:36,10,0,0
BRDA:36,10,1,18
BRDA:36,11,0,18
BRDA:36,11,1,0
BRDA:38,12,0,18
BRDA:38,12,1,0
BRDA:38,13,0,18
BRDA:38,13,1,18
BRF:28
BRH:21
end_of_record
TN:
SF:src/contexts/feedback360/application/services/cluster-score-analytics.service.ts
FN:28,(anonymous_5)
FN:37,(anonymous_6)
FN:65,(anonymous_7)
FN:71,(anonymous_8)
FN:80,(anonymous_9)
FN:122,(anonymous_10)
FN:127,(anonymous_11)
FN:137,(anonymous_12)
FN:151,(anonymous_13)
FN:159,(anonymous_14)
FN:164,(anonymous_15)
FN:170,(anonymous_16)
FN:171,(anonymous_17)
FN:174,(anonymous_18)
FN:175,(anonymous_19)
FN:209,(anonymous_20)
FN:231,(anonymous_21)
FNF:17
FNH:17
FNDA:35,(anonymous_5)
FNDA:13,(anonymous_6)
FNDA:1,(anonymous_7)
FNDA:6,(anonymous_8)
FNDA:2,(anonymous_9)
FNDA:1,(anonymous_10)
FNDA:6,(anonymous_11)
FNDA:7,(anonymous_12)
FNDA:3,(anonymous_13)
FNDA:3,(anonymous_14)
FNDA:3,(anonymous_15)
FNDA:2,(anonymous_16)
FNDA:2,(anonymous_17)
FNDA:3,(anonymous_18)
FNDA:3,(anonymous_19)
FNDA:15,(anonymous_20)
FNDA:14,(anonymous_21)
DA:1,35
DA:7,35
DA:13,35
DA:14,35
DA:15,35
DA:16,35
DA:20,35
DA:24,35
DA:27,35
DA:30,35
DA:32,35
DA:33,35
DA:34,35
DA:40,13
DA:41,12
DA:42,12
DA:43,12
DA:44,12
DA:45,12
DA:47,12
DA:48,11
DA:50,9
DA:62,9
DA:68,1
DA:72,6
DA:73,6
DA:74,2
DA:77,4
DA:84,2
DA:87,2
DA:91,2
DA:95,2
DA:99,2
DA:101,1
DA:119,1
DA:123,1
DA:124,1
DA:130,6
DA:138,7
DA:140,6
DA:141,6
DA:145,6
DA:146,3
DA:147,0
DA:150,3
DA:151,3
DA:154,3
DA:155,1
DA:158,2
DA:159,3
DA:161,2
DA:162,2
DA:163,2
DA:164,3
DA:167,2
DA:169,2
DA:170,2
DA:171,2
DA:172,2
DA:174,3
DA:175,3
DA:177,2
DA:181,2
DA:182,2
DA:184,2
DA:185,2
DA:187,2
DA:199,2
DA:214,15
DA:215,1
DA:219,14
DA:220,2
DA:235,14
DA:236,0
DA:240,14
DA:241,0
DA:245,14
DA:246,1
LF:78
LH:75
BRDA:73,0,0,2
BRDA:73,0,1,4
BRDA:87,1,0,0
BRDA:87,1,1,2
BRDA:91,2,0,0
BRDA:91,2,1,2
BRDA:95,3,0,1
BRDA:95,3,1,1
BRDA:102,4,0,1
BRDA:102,4,1,0
BRDA:105,5,0,0
BRDA:105,5,1,1
BRDA:108,6,0,0
BRDA:108,6,1,1
BRDA:111,7,0,0
BRDA:111,7,1,1
BRDA:114,8,0,0
BRDA:114,8,1,1
BRDA:146,9,0,0
BRDA:146,9,1,3
BRDA:154,10,0,1
BRDA:154,10,1,2
BRDA:214,11,0,1
BRDA:214,11,1,14
BRDA:219,12,0,2
BRDA:219,12,1,12
BRDA:219,13,0,14
BRDA:219,13,1,14
BRDA:235,14,0,0
BRDA:235,14,1,14
BRDA:240,15,0,0
BRDA:240,15,1,14
BRDA:245,16,0,1
BRDA:245,16,1,13
BRDA:30,17,0,0
BRDA:30,17,1,35
BRDA:30,18,0,35
BRDA:30,18,1,0
BRDA:30,19,0,0
BRDA:30,19,1,35
BRDA:30,20,0,35
BRDA:30,20,1,0
BRDA:32,21,0,35
BRDA:32,21,1,0
BRDA:32,22,0,35
BRDA:32,22,1,35
BRDA:33,23,0,35
BRDA:33,23,1,0
BRDA:33,24,0,35
BRDA:33,24,1,35
BRF:50
BRH:34
end_of_record
TN:
SF:src/contexts/feedback360/application/services/cycle.service.ts
FN:44,(anonymous_4)
FN:57,(anonymous_5)
FN:78,(anonymous_6)
FN:82,(anonymous_7)
FN:89,(anonymous_8)
FN:133,(anonymous_9)
FN:182,(anonymous_10)
FN:196,(anonymous_11)
FN:216,(anonymous_12)
FN:253,(anonymous_13)
FN:262,(anonymous_14)
FN:270,(anonymous_15)
FN:299,(anonymous_16)
FNF:13
FNH:13
FNDA:37,(anonymous_4)
FNDA:60,(anonymous_5)
FNDA:7,(anonymous_6)
FNDA:151,(anonymous_7)
FNDA:5,(anonymous_8)
FNDA:1,(anonymous_9)
FNDA:2,(anonymous_10)
FNDA:16,(anonymous_11)
FNDA:13,(anonymous_12)
FNDA:2,(anonymous_13)
FNDA:8,(anonymous_14)
FNDA:5,(anonymous_15)
FNDA:2,(anonymous_16)
DA:1,38
DA:10,38
DA:16,38
DA:17,38
DA:21,38
DA:22,38
DA:23,38
DA:24,38
DA:28,38
DA:29,38
DA:33,38
DA:37,38
DA:43,38
DA:46,37
DA:48,37
DA:50,37
DA:51,37
DA:52,37
DA:54,37
DA:58,60
DA:74,60
DA:75,60
DA:79,7
DA:83,151
DA:84,151
DA:85,9
DA:86,142
DA:90,5
DA:92,4
DA:117,4
DA:119,4
DA:120,0
DA:128,4
DA:130,4
DA:132,3
DA:133,3
DA:134,1
DA:140,3
DA:142,3
DA:153,1
DA:164,2
DA:165,0
DA:168,2
DA:169,2
DA:179,3
DA:183,2
DA:185,1
DA:203,16
DA:204,15
DA:207,15
DA:209,15
DA:210,2
DA:216,13
DA:218,13
DA:224,13
DA:233,13
DA:237,13
DA:254,2
DA:263,8
DA:266,6
DA:269,6
DA:271,5
DA:274,6
DA:277,6
DA:278,4
DA:285,2
DA:286,1
DA:304,2
DA:305,2
LF:69
LH:67
BRDA:62,0,0,60
BRDA:62,0,1,60
BRDA:64,1,0,60
BRDA:64,1,1,60
BRDA:66,2,0,60
BRDA:66,2,1,60
BRDA:84,3,0,9
BRDA:84,3,1,142
BRDA:93,4,0,0
BRDA:93,4,1,4
BRDA:94,5,0,1
BRDA:94,5,1,3
BRDA:97,6,0,0
BRDA:97,6,1,4
BRDA:98,7,0,0
BRDA:98,7,1,4
BRDA:101,8,0,0
BRDA:101,8,1,4
BRDA:104,9,0,0
BRDA:104,9,1,4
BRDA:107,10,0,0
BRDA:107,10,1,4
BRDA:110,11,0,0
BRDA:110,11,1,4
BRDA:113,12,0,0
BRDA:113,12,1,4
BRDA:119,13,0,0
BRDA:119,13,1,4
BRDA:119,14,0,4
BRDA:119,14,1,0
BRDA:130,15,0,3
BRDA:130,15,1,1
BRDA:130,16,0,4
BRDA:130,16,1,3
BRDA:142,17,0,1
BRDA:142,17,1,2
BRDA:143,18,0,3
BRDA:143,18,1,1
BRDA:143,18,2,1
BRDA:164,19,0,0
BRDA:164,19,1,2
BRDA:164,20,0,2
BRDA:164,20,1,2
BRDA:168,21,0,2
BRDA:168,21,1,0
BRDA:168,22,0,2
BRDA:168,22,1,2
BRDA:199,23,0,7
BRDA:200,24,0,7
BRDA:209,25,0,2
BRDA:209,25,1,13
BRDA:228,26,0,13
BRDA:228,26,1,13
BRDA:271,27,0,5
BRDA:271,27,1,5
BRDA:277,28,0,4
BRDA:277,28,1,2
BRDA:277,29,0,6
BRDA:277,29,1,5
BRDA:285,30,0,1
BRDA:285,30,1,1
BRDA:285,31,0,2
BRDA:285,31,1,1
BRDA:301,32,0,2
BRDA:302,33,0,2
BRDA:46,34,0,0
BRDA:46,34,1,38
BRDA:46,35,0,38
BRDA:46,35,1,0
BRDA:46,36,0,0
BRDA:46,36,1,38
BRDA:46,37,0,38
BRDA:46,37,1,0
BRDA:48,38,0,0
BRDA:48,38,1,38
BRDA:48,39,0,38
BRDA:48,39,1,0
BRDA:50,40,0,38
BRDA:50,40,1,0
BRDA:50,41,0,38
BRDA:50,41,1,38
BRDA:51,42,0,38
BRDA:51,42,1,0
BRDA:51,43,0,38
BRDA:51,43,1,38
BRDA:52,44,0,0
BRDA:52,44,1,38
BRDA:52,45,0,38
BRDA:52,45,1,0
BRF:89
BRH:67
end_of_record
TN:
SF:src/contexts/feedback360/application/services/review-scheduler.service.ts
FN:38,(anonymous_2)
FN:48,(anonymous_3)
FN:113,(anonymous_4)
FNF:3
FNH:3
FNDA:18,(anonymous_2)
FNDA:4,(anonymous_3)
FNDA:2,(anonymous_4)
DA:1,18
DA:7,18
DA:8,18
DA:9,18
DA:10,18
DA:11,18
DA:12,18
DA:18,18
DA:35,18
DA:36,18
DA:39,18
DA:40,18
DA:48,18
DA:49,4
DA:51,4
DA:53,4
DA:57,4
DA:58,4
DA:59,1
DA:62,3
DA:63,3
DA:66,3
DA:68,2
DA:76,2
DA:81,2
DA:82,1
DA:83,1
DA:90,1
DA:94,0
DA:102,0
DA:113,18
DA:114,2
DA:116,2
DA:117,2
DA:122,2
DA:124,2
DA:126,2
DA:128,2
DA:131,2
DA:132,1
DA:135,1
DA:136,1
DA:137,1
DA:141,0
DA:147,0
LF:45
LH:41
BRDA:58,0,0,1
BRDA:58,0,1,3
BRDA:66,1,0,2
BRDA:66,1,1,1
BRDA:126,2,0,2
BRDA:126,2,1,2
BRDA:128,3,0,2
BRDA:128,3,1,1
BRDA:131,4,0,1
BRDA:131,4,1,1
BRDA:131,5,0,2
BRDA:131,5,1,1
BRDA:48,6,0,18
BRDA:48,6,1,0
BRDA:48,7,0,18
BRDA:48,7,1,18
BRDA:113,8,0,18
BRDA:113,8,1,0
BRDA:113,9,0,18
BRDA:113,9,1,18
BRDA:39,10,0,18
BRDA:39,10,1,0
BRDA:39,11,0,18
BRDA:39,11,1,18
BRDA:39,12,0,18
BRDA:39,12,1,0
BRDA:39,13,0,18
BRDA:39,13,1,18
BRF:28
BRH:24
end_of_record
TN:
SF:src/contexts/feedback360/application/services/review.service.ts
FN:91,(anonymous_4)
FN:115,(anonymous_5)
FN:143,(anonymous_6)
FN:151,(anonymous_7)
FN:159,(anonymous_8)
FN:164,(anonymous_9)
FN:180,(anonymous_10)
FN:208,(anonymous_11)
FN:246,(anonymous_12)
FN:280,(anonymous_13)
FN:380,(anonymous_14)
FN:395,(anonymous_15)
FN:442,(anonymous_16)
FN:446,(anonymous_17)
FN:473,(anonymous_18)
FN:529,(anonymous_19)
FN:538,(anonymous_20)
FN:553,(anonymous_21)
FN:583,(anonymous_22)
FN:594,(anonymous_23)
FN:604,(anonymous_24)
FN:607,(anonymous_25)
FN:648,(anonymous_26)
FN:697,(anonymous_27)
FN:746,(anonymous_28)
FN:767,(anonymous_29)
FN:783,(anonymous_30)
FN:787,(anonymous_31)
FN:801,(anonymous_32)
FN:816,(anonymous_33)
FN:854,(anonymous_34)
FN:858,(anonymous_35)
FN:877,(anonymous_36)
FN:883,(anonymous_37)
FN:889,(anonymous_38)
FN:895,(anonymous_39)
FN:907,(anonymous_40)
FN:927,(anonymous_41)
FN:964,(anonymous_42)
FN:975,(anonymous_43)
FN:983,(anonymous_44)
FN:1012,(anonymous_45)
FNF:42
FNH:29
FNDA:35,(anonymous_4)
FNDA:16,(anonymous_5)
FNDA:4,(anonymous_6)
FNDA:3,(anonymous_7)
FNDA:3,(anonymous_8)
FNDA:62,(anonymous_9)
FNDA:0,(anonymous_10)
FNDA:4,(anonymous_11)
FNDA:61,(anonymous_12)
FNDA:2,(anonymous_13)
FNDA:2,(anonymous_14)
FNDA:7,(anonymous_15)
FNDA:0,(anonymous_16)
FNDA:2,(anonymous_17)
FNDA:3,(anonymous_18)
FNDA:2,(anonymous_19)
FNDA:1,(anonymous_20)
FNDA:2,(anonymous_21)
FNDA:0,(anonymous_22)
FNDA:0,(anonymous_23)
FNDA:0,(anonymous_24)
FNDA:5,(anonymous_25)
FNDA:0,(anonymous_26)
FNDA:3,(anonymous_27)
FNDA:0,(anonymous_28)
FNDA:1,(anonymous_29)
FNDA:0,(anonymous_30)
FNDA:2,(anonymous_31)
FNDA:0,(anonymous_32)
FNDA:0,(anonymous_33)
FNDA:1,(anonymous_34)
FNDA:4,(anonymous_35)
FNDA:1,(anonymous_36)
FNDA:0,(anonymous_37)
FNDA:0,(anonymous_38)
FNDA:0,(anonymous_39)
FNDA:10,(anonymous_40)
FNDA:9,(anonymous_41)
FNDA:2,(anonymous_42)
FNDA:4,(anonymous_43)
FNDA:4,(anonymous_44)
FNDA:1,(anonymous_45)
DA:1,35
DA:24,35
DA:31,35
DA:33,35
DA:34,35
DA:35,35
DA:36,35
DA:38,35
DA:39,35
DA:40,35
DA:41,35
DA:42,35
DA:43,35
DA:44,35
DA:45,35
DA:49,35
DA:53,35
DA:54,35
DA:55,35
DA:59,35
DA:63,35
DA:67,35
DA:71,35
DA:75,35
DA:79,35
DA:83,35
DA:87,35
DA:90,35
DA:93,35
DA:95,35
DA:97,35
DA:99,35
DA:101,35
DA:103,35
DA:105,35
DA:107,35
DA:108,35
DA:109,35
DA:110,35
DA:111,35
DA:112,35
DA:116,16
DA:117,16
DA:120,15
DA:139,15
DA:140,15
DA:147,4
DA:149,4
DA:152,3
DA:156,3
DA:159,3
DA:161,4
DA:165,62
DA:166,62
DA:167,1
DA:169,61
DA:171,60
DA:184,0
DA:187,0
DA:190,0
DA:192,0
DA:193,0
DA:195,0
DA:197,0
DA:201,0
DA:203,0
DA:212,4
DA:215,3
DA:218,3
DA:220,0
DA:221,0
DA:223,0
DA:225,0
DA:229,0
DA:231,0
DA:235,0
DA:237,0
DA:250,61
DA:253,4
DA:256,4
DA:258,2
DA:259,2
DA:261,2
DA:263,1
DA:267,1
DA:269,1
DA:273,1
DA:275,1
DA:285,2
DA:287,2
DA:291,1
DA:299,1
DA:300,0
DA:301,0
DA:305,0
DA:314,1
DA:352,1
DA:355,1
DA:360,0
DA:363,1
DA:368,0
DA:377,1
DA:381,2
DA:383,2
DA:384,2
DA:385,1
DA:392,1
DA:398,7
DA:399,7
DA:400,7
DA:404,0
DA:413,7
DA:417,7
DA:418,7
DA:420,7
DA:421,0
DA:426,7
DA:439,7
DA:443,0
DA:447,2
DA:449,2
DA:450,0
DA:455,2
DA:456,2
DA:457,2
DA:461,1
DA:470,1
DA:476,3
DA:478,3
DA:479,1
DA:487,2
DA:490,2
DA:497,2
DA:502,2
DA:514,2
DA:526,2
DA:534,2
DA:535,2
DA:539,1
DA:541,1
DA:542,0
DA:550,1
DA:557,2
DA:559,2
DA:563,1
DA:571,1
DA:580,1
DA:588,0
DA:589,0
DA:591,0
DA:598,0
DA:599,0
DA:602,0
DA:604,0
DA:610,5
DA:612,5
DA:618,1
DA:628,4
DA:645,4
DA:653,0
DA:655,0
DA:656,0
DA:658,0
DA:662,0
DA:670,0
DA:671,0
DA:673,0
DA:675,0
DA:676,0
DA:686,0
DA:705,3
DA:706,3
DA:707,3
DA:708,0
DA:712,3
DA:715,3
DA:716,3
DA:717,1
DA:722,2
DA:726,2
DA:750,0
DA:752,0
DA:754,0
DA:756,0
DA:758,0
DA:760,0
DA:772,1
DA:774,1
DA:775,0
DA:780,1
DA:784,0
DA:788,2
DA:789,2
DA:798,2
DA:806,0
DA:807,0
DA:820,0
DA:823,0
DA:826,0
DA:828,0
DA:830,0
DA:831,0
DA:833,0
DA:835,0
DA:839,0
DA:841,0
DA:845,0
DA:847,0
DA:855,1
DA:861,4
DA:862,4
DA:865,4
DA:874,4
DA:880,1
DA:886,0
DA:892,0
DA:896,0
DA:914,10
DA:915,10
DA:918,10
DA:920,10
DA:921,1
DA:927,9
DA:929,9
DA:935,9
DA:944,9
DA:948,9
DA:967,2
DA:976,4
DA:979,4
DA:982,4
DA:984,4
DA:987,4
DA:990,4
DA:991,3
DA:999,1
DA:1017,1
LF:237
LH:166
BRDA:116,0,0,16
BRDA:116,0,1,0
BRDA:128,1,0,15
BRDA:128,1,1,15
BRDA:129,2,0,15
BRDA:129,2,1,15
BRDA:130,3,0,15
BRDA:130,3,1,15
BRDA:131,4,0,15
BRDA:131,4,1,15
BRDA:132,5,0,15
BRDA:132,5,1,15
BRDA:133,6,0,15
BRDA:133,6,1,15
BRDA:134,7,0,15
BRDA:134,7,1,0
BRDA:135,8,0,15
BRDA:135,8,1,15
BRDA:136,9,0,15
BRDA:136,9,1,15
BRDA:156,10,0,2
BRDA:156,10,1,1
BRDA:166,11,0,1
BRDA:166,11,1,61
BRDA:184,12,0,0
BRDA:184,12,1,0
BRDA:187,13,0,0
BRDA:187,13,1,0
BRDA:190,14,0,0
BRDA:190,14,1,0
BRDA:195,15,0,0
BRDA:195,15,1,0
BRDA:195,16,0,0
BRDA:195,16,1,0
BRDA:201,17,0,0
BRDA:201,17,1,0
BRDA:212,18,0,1
BRDA:212,18,1,3
BRDA:215,19,0,3
BRDA:215,19,1,2
BRDA:218,20,0,3
BRDA:218,20,1,0
BRDA:223,21,0,0
BRDA:223,21,1,0
BRDA:223,22,0,0
BRDA:223,22,1,0
BRDA:229,23,0,0
BRDA:229,23,1,0
BRDA:235,24,0,0
BRDA:235,24,1,0
BRDA:250,25,0,57
BRDA:250,25,1,4
BRDA:253,26,0,4
BRDA:253,26,1,4
BRDA:256,27,0,2
BRDA:256,27,1,2
BRDA:261,28,0,1
BRDA:261,28,1,1
BRDA:261,29,0,2
BRDA:261,29,1,2
BRDA:267,30,0,0
BRDA:267,30,1,1
BRDA:273,31,0,0
BRDA:273,31,1,1
BRDA:287,32,0,1
BRDA:287,32,1,1
BRDA:288,33,0,2
BRDA:288,33,1,1
BRDA:299,34,0,0
BRDA:299,34,1,1
BRDA:301,35,0,0
BRDA:301,35,1,0
BRDA:302,36,0,0
BRDA:302,36,1,0
BRDA:315,37,0,0
BRDA:315,37,1,1
BRDA:316,38,0,0
BRDA:316,38,1,1
BRDA:319,39,0,0
BRDA:319,39,1,1
BRDA:322,40,0,0
BRDA:322,40,1,1
BRDA:325,41,0,0
BRDA:325,41,1,1
BRDA:326,42,0,0
BRDA:326,42,1,1
BRDA:329,43,0,1
BRDA:329,43,1,0
BRDA:330,44,0,0
BRDA:330,44,1,1
BRDA:331,45,0,0
BRDA:331,45,1,1
BRDA:334,46,0,0
BRDA:334,46,1,1
BRDA:337,47,0,0
BRDA:337,47,1,1
BRDA:340,48,0,0
BRDA:340,48,1,1
BRDA:343,49,0,0
BRDA:343,49,1,1
BRDA:346,50,0,0
BRDA:346,50,1,1
BRDA:347,51,0,0
BRDA:347,51,1,1
BRDA:355,52,0,0
BRDA:355,52,1,1
BRDA:356,53,0,1
BRDA:356,53,1,0
BRDA:356,53,2,0
BRDA:363,54,0,0
BRDA:363,54,1,1
BRDA:364,55,0,1
BRDA:364,55,1,0
BRDA:364,55,2,0
BRDA:384,56,0,1
BRDA:384,56,1,1
BRDA:398,57,0,7
BRDA:398,57,1,0
BRDA:400,58,0,0
BRDA:400,58,1,7
BRDA:401,59,0,7
BRDA:401,59,1,0
BRDA:413,60,0,1
BRDA:413,60,1,6
BRDA:417,61,0,7
BRDA:417,61,1,1
BRDA:418,62,0,7
BRDA:418,62,1,1
BRDA:420,63,0,0
BRDA:420,63,1,7
BRDA:420,64,0,7
BRDA:420,64,1,7
BRDA:427,65,0,7
BRDA:427,65,1,0
BRDA:428,66,0,7
BRDA:428,66,1,6
BRDA:432,67,0,7
BRDA:432,67,1,6
BRDA:432,67,2,5
BRDA:434,68,0,7
BRDA:434,68,1,7
BRDA:434,68,2,6
BRDA:449,69,0,0
BRDA:449,69,1,2
BRDA:455,70,0,2
BRDA:455,70,1,0
BRDA:457,71,0,1
BRDA:457,71,1,1
BRDA:458,72,0,2
BRDA:458,72,1,1
BRDA:478,73,0,1
BRDA:478,73,1,2
BRDA:498,74,0,2
BRDA:498,74,1,0
BRDA:502,75,0,2
BRDA:502,75,1,2
BRDA:505,76,0,2
BRDA:505,76,1,0
BRDA:541,77,0,0
BRDA:541,77,1,1
BRDA:559,78,0,1
BRDA:559,78,1,1
BRDA:560,79,0,2
BRDA:560,79,1,1
BRDA:576,80,0,1
BRDA:576,80,1,0
BRDA:577,81,0,1
BRDA:577,81,1,1
BRDA:612,82,0,1
BRDA:612,82,1,4
BRDA:613,83,0,5
BRDA:613,83,1,4
BRDA:613,83,2,1
BRDA:613,83,3,1
BRDA:658,84,0,0
BRDA:658,84,1,0
BRDA:659,85,0,0
BRDA:659,85,1,0
BRDA:675,86,0,0
BRDA:675,86,1,0
BRDA:701,87,0,3
BRDA:702,88,0,3
BRDA:703,89,0,3
BRDA:707,90,0,0
BRDA:707,90,1,3
BRDA:716,91,0,1
BRDA:716,91,1,2
BRDA:750,92,0,0
BRDA:750,92,1,0
BRDA:754,93,0,0
BRDA:754,93,1,0
BRDA:758,94,0,0
BRDA:758,94,1,0
BRDA:774,95,0,0
BRDA:774,95,1,1
BRDA:820,96,0,0
BRDA:820,96,1,0
BRDA:823,97,0,0
BRDA:823,97,1,0
BRDA:826,98,0,0
BRDA:826,98,1,0
BRDA:833,99,0,0
BRDA:833,99,1,0
BRDA:833,100,0,0
BRDA:833,100,1,0
BRDA:839,101,0,0
BRDA:839,101,1,0
BRDA:845,102,0,0
BRDA:845,102,1,0
BRDA:861,103,0,4
BRDA:861,103,1,0
BRDA:866,104,0,4
BRDA:866,104,1,0
BRDA:871,105,0,4
BRDA:871,105,1,0
BRDA:910,106,0,4
BRDA:911,107,0,4
BRDA:920,108,0,1
BRDA:920,108,1,9
BRDA:939,109,0,9
BRDA:939,109,1,8
BRDA:984,110,0,4
BRDA:984,110,1,3
BRDA:990,111,0,3
BRDA:990,111,1,1
BRDA:990,112,0,4
BRDA:990,112,1,3
BRDA:93,113,0,0
BRDA:93,113,1,35
BRDA:93,114,0,35
BRDA:93,114,1,0
BRDA:93,115,0,0
BRDA:93,115,1,35
BRDA:93,116,0,35
BRDA:93,116,1,0
BRDA:95,117,0,0
BRDA:95,117,1,35
BRDA:95,118,0,35
BRDA:95,118,1,0
BRDA:97,119,0,0
BRDA:97,119,1,35
BRDA:97,120,0,35
BRDA:97,120,1,0
BRDA:99,121,0,0
BRDA:99,121,1,35
BRDA:99,122,0,35
BRDA:99,122,1,0
BRDA:101,123,0,0
BRDA:101,123,1,35
BRDA:101,124,0,35
BRDA:101,124,1,0
BRDA:103,125,0,0
BRDA:103,125,1,35
BRDA:103,126,0,35
BRDA:103,126,1,0
BRDA:105,127,0,0
BRDA:105,127,1,35
BRDA:105,128,0,35
BRDA:105,128,1,0
BRDA:107,129,0,35
BRDA:107,129,1,0
BRDA:107,130,0,35
BRDA:107,130,1,35
BRDA:108,131,0,35
BRDA:108,131,1,0
BRDA:108,132,0,35
BRDA:108,132,1,35
BRDA:109,133,0,35
BRDA:109,133,1,0
BRDA:109,134,0,35
BRDA:109,134,1,35
BRDA:110,135,0,35
BRDA:110,135,1,0
BRDA:110,136,0,35
BRDA:110,136,1,35
BRDA:111,137,0,35
BRDA:111,137,1,0
BRDA:111,138,0,35
BRDA:111,138,1,35
BRF:279
BRH:165
end_of_record
TN:
SF:src/contexts/feedback360/infrastructure/prisma-repositories/answer.repository.ts
FN:23,(anonymous_2)
FN:25,(anonymous_3)
FN:33,(anonymous_4)
FN:40,(anonymous_5)
FN:45,(anonymous_6)
FN:67,(anonymous_7)
FN:79,(anonymous_8)
FN:83,(anonymous_9)
FN:113,(anonymous_10)
FNF:9
FNH:9
FNDA:35,(anonymous_2)
FNDA:24,(anonymous_3)
FNDA:14,(anonymous_4)
FNDA:2,(anonymous_5)
FNDA:6,(anonymous_6)
FNDA:5,(anonymous_7)
FNDA:1,(anonymous_8)
FNDA:14,(anonymous_9)
FNDA:14,(anonymous_10)
DA:2,35
DA:8,35
DA:9,35
DA:10,35
DA:15,35
DA:16,35
DA:17,35
DA:20,35
DA:21,35
DA:23,35
DA:26,24
DA:30,24
DA:34,14
DA:35,14
DA:36,14
DA:37,14
DA:41,2
DA:42,2
DA:49,6
DA:55,6
DA:57,6
DA:60,4
DA:67,4
DA:68,5
DA:69,5
DA:80,1
DA:91,14
DA:92,14
DA:116,14
DA:117,14
DA:118,14
LF:31
LH:31
BRDA:42,0,0,1
BRDA:42,0,1,1
BRDA:57,1,0,2
BRDA:57,1,1,4
BRDA:93,2,0,12
BRDA:93,2,1,2
BRDA:94,3,0,0
BRDA:94,3,1,14
BRDA:95,4,0,1
BRDA:95,4,1,13
BRDA:101,5,0,7
BRDA:101,5,1,7
BRDA:106,6,0,0
BRDA:106,6,1,14
BRDA:107,7,0,0
BRDA:107,7,1,14
BRDA:116,8,0,14
BRDA:116,8,1,13
BRDA:117,9,0,14
BRDA:117,9,1,13
BRDA:23,10,0,35
BRDA:23,10,1,0
BRDA:23,11,0,35
BRDA:23,11,1,35
BRF:24
BRH:20
end_of_record
TN:
SF:src/contexts/feedback360/infrastructure/prisma-repositories/cluster-score-analytics.repository.ts
FN:23,(anonymous_2)
FN:25,(anonymous_3)
FN:49,(anonymous_4)
FN:56,(anonymous_5)
FN:69,(anonymous_6)
FN:81,(anonymous_7)
FN:85,(anonymous_8)
FN:94,(anonymous_9)
FN:139,(anonymous_10)
FNF:9
FNH:9
FNDA:35,(anonymous_2)
FNDA:20,(anonymous_3)
FNDA:8,(anonymous_4)
FNDA:3,(anonymous_5)
FNDA:2,(anonymous_6)
FNDA:2,(anonymous_7)
FNDA:7,(anonymous_8)
FNDA:3,(anonymous_9)
FNDA:3,(anonymous_10)
DA:2,35
DA:8,35
DA:9,35
DA:10,35
DA:15,35
DA:16,35
DA:19,35
DA:21,35
DA:23,35
DA:28,20
DA:29,20
DA:46,20
DA:50,8
DA:53,8
DA:59,3
DA:60,3
DA:62,3
DA:66,3
DA:73,2
DA:78,2
DA:82,2
DA:88,7
DA:91,7
DA:105,3
DA:106,3
DA:142,3
DA:143,3
DA:144,3
LF:28
LH:28
BRDA:53,0,0,5
BRDA:53,0,1,3
BRDA:107,1,0,2
BRDA:107,1,1,1
BRDA:108,2,0,1
BRDA:108,2,1,2
BRDA:109,3,0,0
BRDA:109,3,1,3
BRDA:110,4,0,0
BRDA:110,4,1,3
BRDA:118,5,0,0
BRDA:118,5,1,3
BRDA:124,6,0,0
BRDA:124,6,1,3
BRDA:130,7,0,0
BRDA:130,7,1,3
BRDA:142,8,0,3
BRDA:142,8,1,3
BRDA:143,9,0,3
BRDA:143,9,1,3
BRDA:23,10,0,35
BRDA:23,10,1,0
BRDA:23,11,0,35
BRDA:23,11,1,35
BRF:24
BRH:18
end_of_record
TN:
SF:src/contexts/feedback360/infrastructure/prisma-repositories/cluster-score.repository.ts
FN:21,(anonymous_2)
FN:23,(anonymous_3)
FN:44,(anonymous_4)
FN:54,(anonymous_5)
FN:66,(anonymous_6)
FN:70,(anonymous_7)
FN:81,(anonymous_8)
FN:84,(anonymous_9)
FN:101,(anonymous_10)
FNF:9
FNH:9
FNDA:35,(anonymous_2)
FNDA:12,(anonymous_3)
FNDA:9,(anonymous_4)
FNDA:2,(anonymous_5)
FNDA:1,(anonymous_6)
FNDA:1,(anonymous_7)
FNDA:1,(anonymous_8)
FNDA:9,(anonymous_9)
FNDA:9,(anonymous_10)
DA:2,35
DA:7,35
DA:8,35
DA:9,35
DA:15,35
DA:18,35
DA:19,35
DA:21,35
DA:24,12
DA:25,12
DA:41,12
DA:45,9
DA:46,9
DA:47,9
DA:51,9
DA:55,2
DA:62,2
DA:63,1
DA:67,1
DA:73,1
DA:81,1
DA:88,9
DA:89,9
DA:104,9
DA:105,9
DA:106,9
LF:26
LH:26
BRDA:62,0,0,1
BRDA:62,0,1,1
BRDA:90,1,0,8
BRDA:90,1,1,1
BRDA:91,2,0,1
BRDA:91,2,1,8
BRDA:92,3,0,0
BRDA:92,3,1,9
BRDA:93,4,0,0
BRDA:93,4,1,9
BRDA:94,5,0,0
BRDA:94,5,1,9
BRDA:97,6,0,0
BRDA:97,6,1,9
BRDA:104,7,0,9
BRDA:104,7,1,9
BRDA:105,8,0,9
BRDA:105,8,1,9
BRDA:21,9,0,35
BRDA:21,9,1,0
BRDA:21,10,0,35
BRDA:21,10,1,35
BRF:22
BRH:17
end_of_record
TN:
SF:src/contexts/feedback360/infrastructure/prisma-repositories/cycle-stage-history.repository.ts
FN:14,(anonymous_2)
FN:16,(anonymous_3)
FN:25,(anonymous_4)
FN:33,(anonymous_5)
FNF:4
FNH:4
FNDA:37,(anonymous_2)
FNDA:17,(anonymous_3)
FNDA:4,(anonymous_4)
FNDA:2,(anonymous_5)
DA:1,38
DA:2,38
DA:3,38
DA:8,38
DA:11,38
DA:12,37
DA:14,37
DA:19,17
DA:22,17
DA:26,4
DA:30,4
DA:34,2
DA:37,2
LF:13
LH:13
BRDA:37,0,0,1
BRDA:37,0,1,1
BRDA:14,1,0,38
BRDA:14,1,1,0
BRDA:14,2,0,38
BRDA:14,2,1,38
BRF:6
BRH:5
end_of_record
TN:
SF:src/contexts/feedback360/infrastructure/prisma-repositories/cycle.repository.ts
FN:21,(anonymous_2)
FN:23,(anonymous_3)
FN:31,(anonymous_4)
FN:36,(anonymous_5)
FN:48,(anonymous_6)
FN:66,(anonymous_7)
FN:70,(anonymous_8)
FN:122,(anonymous_9)
FNF:8
FNH:8
FNDA:38,(anonymous_2)
FNDA:308,(anonymous_3)
FNDA:163,(anonymous_4)
FNDA:12,(anonymous_5)
FNDA:7,(anonymous_6)
FNDA:2,(anonymous_7)
FNDA:12,(anonymous_8)
FNDA:12,(anonymous_9)
DA:2,38
DA:8,38
DA:9,38
DA:10,38
DA:15,38
DA:18,38
DA:19,38
DA:21,38
DA:24,308
DA:28,308
DA:32,163
DA:33,163
DA:37,12
DA:38,12
DA:40,12
DA:45,12
DA:52,7
DA:63,7
DA:67,2
DA:84,12
DA:85,12
DA:125,12
DA:126,12
DA:127,12
LF:24
LH:24
BRDA:33,0,0,152
BRDA:33,0,1,11
BRDA:56,1,0,2
BRDA:56,1,1,5
BRDA:86,2,0,1
BRDA:86,2,1,11
BRDA:89,3,0,0
BRDA:89,3,1,12
BRDA:97,4,0,0
BRDA:97,4,1,12
BRDA:110,5,0,0
BRDA:110,5,1,12
BRDA:111,6,0,0
BRDA:111,6,1,12
BRDA:112,7,0,3
BRDA:112,7,1,9
BRDA:113,8,0,7
BRDA:113,8,1,5
BRDA:114,9,0,0
BRDA:114,9,1,12
BRDA:115,10,0,0
BRDA:115,10,1,12
BRDA:116,11,0,0
BRDA:116,11,1,12
BRDA:117,12,0,0
BRDA:117,12,1,12
BRDA:118,13,0,0
BRDA:118,13,1,12
BRDA:125,14,0,12
BRDA:125,14,1,11
BRDA:126,15,0,12
BRDA:126,15,1,11
BRDA:21,16,0,38
BRDA:21,16,1,0
BRDA:21,17,0,38
BRDA:21,17,1,38
BRF:36
BRH:26
end_of_record
TN:
SF:src/contexts/feedback360/infrastructure/prisma-repositories/question.repository.ts
FN:20,(anonymous_2)
FN:22,(anonymous_3)
FN:30,(anonymous_4)
FN:37,(anonymous_5)
FN:44,(anonymous_6)
FN:48,(anonymous_7)
FN:82,(anonymous_8)
FNF:7
FNH:7
FNDA:44,(anonymous_2)
FNDA:66,(anonymous_3)
FNDA:6,(anonymous_4)
FNDA:10,(anonymous_5)
FNDA:2,(anonymous_6)
FNDA:10,(anonymous_7)
FNDA:10,(anonymous_8)
DA:2,44
DA:7,44
DA:8,44
DA:9,44
DA:14,44
DA:17,44
DA:18,44
DA:20,44
DA:23,66
DA:27,66
DA:31,6
DA:34,6
DA:38,10
DA:39,10
DA:40,10
DA:41,10
DA:45,2
DA:56,10
DA:57,10
DA:85,10
DA:86,10
DA:87,10
LF:22
LH:22
BRDA:34,0,0,5
BRDA:34,0,1,1
BRDA:58,1,0,3
BRDA:58,1,1,7
BRDA:59,2,0,4
BRDA:59,2,1,6
BRDA:60,3,0,1
BRDA:60,3,1,9
BRDA:63,4,0,1
BRDA:63,4,1,9
BRDA:68,5,0,0
BRDA:68,5,1,10
BRDA:69,6,0,1
BRDA:69,6,1,9
BRDA:70,7,0,1
BRDA:70,7,1,0
BRDA:85,8,0,10
BRDA:85,8,1,9
BRDA:86,9,0,10
BRDA:86,9,1,9
BRDA:20,10,0,44
BRDA:20,10,1,0
BRDA:20,11,0,44
BRDA:20,11,1,44
BRF:24
BRH:21
end_of_record
TN:
SF:src/contexts/feedback360/infrastructure/prisma-repositories/respondent.repository.ts
FN:21,(anonymous_2)
FN:23,(anonymous_3)
FN:31,(anonymous_4)
FN:43,(anonymous_5)
FN:58,(anonymous_6)
FN:86,(anonymous_7)
FN:90,(anonymous_8)
FN:158,(anonymous_9)
FNF:8
FNH:8
FNDA:37,(anonymous_2)
FNDA:26,(anonymous_3)
FNDA:9,(anonymous_4)
FNDA:18,(anonymous_5)
FNDA:3,(anonymous_6)
FNDA:1,(anonymous_7)
FNDA:18,(anonymous_8)
FNDA:18,(anonymous_9)
DA:2,38
DA:8,38
DA:9,38
DA:10,38
DA:15,38
DA:18,38
DA:19,37
DA:21,37
DA:24,26
DA:28,26
DA:32,9
DA:36,9
DA:37,1
DA:40,8
DA:47,18
DA:48,18
DA:49,18
DA:50,18
DA:55,18
DA:62,3
DA:83,3
DA:87,1
DA:108,18
DA:109,18
DA:161,18
DA:162,18
DA:163,18
LF:27
LH:27
BRDA:36,0,0,1
BRDA:36,0,1,8
BRDA:66,1,0,0
BRDA:66,1,1,3
BRDA:73,2,0,3
BRDA:73,2,1,0
BRDA:110,3,0,0
BRDA:110,3,1,18
BRDA:111,4,0,1
BRDA:111,4,1,17
BRDA:112,5,0,0
BRDA:112,5,1,18
BRDA:115,6,0,1
BRDA:115,6,1,17
BRDA:120,7,0,1
BRDA:120,7,1,17
BRDA:128,8,0,0
BRDA:128,8,1,18
BRDA:136,9,0,0
BRDA:136,9,1,18
BRDA:139,10,0,0
BRDA:139,10,1,18
BRDA:140,11,0,0
BRDA:140,11,1,18
BRDA:148,12,0,0
BRDA:148,12,1,18
BRDA:149,13,0,0
BRDA:149,13,1,18
BRDA:152,14,0,0
BRDA:152,14,1,18
BRDA:153,15,0,0
BRDA:153,15,1,18
BRDA:154,16,0,0
BRDA:154,16,1,18
BRDA:161,17,0,18
BRDA:161,17,1,17
BRDA:162,18,0,18
BRDA:162,18,1,17
BRDA:21,19,0,38
BRDA:21,19,1,0
BRDA:21,20,0,38
BRDA:21,20,1,38
BRF:42
BRH:28
end_of_record
TN:
SF:src/contexts/feedback360/infrastructure/prisma-repositories/review-question-relation.repository.ts
FN:22,(anonymous_2)
FN:24,(anonymous_3)
FN:50,(anonymous_4)
FN:64,(anonymous_5)
FN:75,(anonymous_6)
FN:143,(anonymous_7)
FNF:6
FNH:6
FNDA:35,(anonymous_2)
FNDA:15,(anonymous_3)
FNDA:11,(anonymous_4)
FNDA:2,(anonymous_5)
FNDA:11,(anonymous_6)
FNDA:11,(anonymous_7)
DA:2,35
DA:7,35
DA:8,35
DA:9,35
DA:14,35
DA:15,35
DA:18,35
DA:20,35
DA:22,35
DA:27,15
DA:28,15
DA:47,15
DA:54,11
DA:55,11
DA:56,11
DA:57,11
DA:61,11
DA:65,2
DA:88,11
DA:89,11
DA:146,11
DA:147,11
DA:148,11
LF:23
LH:23
BRDA:90,0,0,0
BRDA:90,0,1,11
BRDA:91,1,0,0
BRDA:91,1,1,11
BRDA:92,2,0,1
BRDA:92,2,1,10
BRDA:100,3,0,0
BRDA:100,3,1,11
BRDA:105,4,0,0
BRDA:105,4,1,11
BRDA:106,5,0,0
BRDA:106,5,1,11
BRDA:114,6,0,0
BRDA:114,6,1,11
BRDA:122,7,0,0
BRDA:122,7,1,11
BRDA:130,8,0,0
BRDA:130,8,1,11
BRDA:131,9,0,0
BRDA:131,9,1,0
BRDA:146,10,0,11
BRDA:146,10,1,11
BRDA:147,11,0,11
BRDA:147,11,1,11
BRDA:22,12,0,35
BRDA:22,12,1,0
BRDA:22,13,0,35
BRDA:22,13,1,35
BRF:28
BRH:17
end_of_record
TN:
SF:src/contexts/feedback360/infrastructure/prisma-repositories/review-stage-history.repository.ts
FN:15,(anonymous_2)
FN:17,(anonymous_3)
FN:26,(anonymous_4)
FN:36,(anonymous_5)
FNF:4
FNH:4
FNDA:35,(anonymous_2)
FNDA:13,(anonymous_3)
FNDA:4,(anonymous_4)
FNDA:2,(anonymous_5)
DA:1,35
DA:2,35
DA:3,35
DA:8,35
DA:11,35
DA:13,35
DA:15,35
DA:20,13
DA:23,13
DA:29,4
DA:33,4
DA:37,2
DA:40,2
LF:13
LH:13
BRDA:40,0,0,1
BRDA:40,0,1,1
BRDA:15,1,0,35
BRDA:15,1,1,0
BRDA:15,2,0,35
BRDA:15,2,1,35
BRF:6
BRH:5
end_of_record
TN:
SF:src/contexts/feedback360/infrastructure/prisma-repositories/review.repository.ts
FN:21,(anonymous_2)
FN:23,(anonymous_3)
FN:31,(anonymous_4)
FN:36,(anonymous_5)
FN:43,(anonymous_6)
FN:50,(anonymous_7)
FN:68,(anonymous_8)
FN:85,(anonymous_9)
FN:158,(anonymous_10)
FNF:9
FNH:9
FNDA:38,(anonymous_2)
FNDA:222,(anonymous_3)
FNDA:103,(anonymous_4)
FNDA:10,(anonymous_5)
FNDA:23,(anonymous_6)
FNDA:5,(anonymous_7)
FNDA:2,(anonymous_8)
FNDA:10,(anonymous_9)
FNDA:10,(anonymous_10)
DA:2,38
DA:8,38
DA:9,38
DA:10,38
DA:15,38
DA:18,38
DA:19,38
DA:21,38
DA:24,222
DA:28,222
DA:32,103
DA:33,103
DA:37,10
DA:38,10
DA:39,10
DA:40,10
DA:44,23
DA:47,22
DA:54,5
DA:65,5
DA:72,2
DA:103,10
DA:104,10
DA:161,10
DA:162,10
DA:163,10
LF:26
LH:26
BRDA:33,0,0,98
BRDA:33,0,1,5
BRDA:58,1,0,1
BRDA:58,1,1,4
BRDA:105,2,0,0
BRDA:105,2,1,10
BRDA:106,3,0,0
BRDA:106,3,1,10
BRDA:114,4,0,0
BRDA:114,4,1,10
BRDA:115,5,0,0
BRDA:115,5,1,10
BRDA:123,6,0,1
BRDA:123,6,1,9
BRDA:124,7,0,0
BRDA:124,7,1,10
BRDA:127,8,0,0
BRDA:127,8,1,10
BRDA:130,9,0,0
BRDA:130,9,1,10
BRDA:131,10,0,0
BRDA:131,10,1,10
BRDA:134,11,0,0
BRDA:134,11,1,10
BRDA:135,12,0,0
BRDA:135,12,1,10
BRDA:143,13,0,0
BRDA:143,13,1,10
BRDA:144,14,0,0
BRDA:144,14,1,10
BRDA:152,15,0,4
BRDA:152,15,1,6
BRDA:153,16,0,3
BRDA:153,16,1,7
BRDA:154,17,0,0
BRDA:154,17,1,10
BRDA:161,18,0,10
BRDA:161,18,1,9
BRDA:162,19,0,10
BRDA:162,19,1,9
BRDA:21,20,0,38
BRDA:21,20,1,0
BRDA:21,21,0,38
BRDA:21,21,1,38
BRF:44
BRH:30
end_of_record
TN:
SF:src/contexts/feedback360/infrastructure/prisma-repositories/reviewer.repository.ts
FN:20,(anonymous_2)
FN:22,(anonymous_3)
FN:29,(anonymous_4)
FN:40,(anonymous_5)
FN:44,(anonymous_6)
FN:76,(anonymous_7)
FNF:6
FNH:6
FNDA:37,(anonymous_2)
FNDA:9,(anonymous_3)
FNDA:11,(anonymous_4)
FNDA:2,(anonymous_5)
FNDA:11,(anonymous_6)
FNDA:11,(anonymous_7)
DA:2,38
DA:7,38
DA:8,38
DA:9,38
DA:14,38
DA:17,38
DA:18,37
DA:20,37
DA:23,9
DA:26,9
DA:33,11
DA:34,11
DA:35,11
DA:36,11
DA:37,11
DA:41,2
DA:53,11
DA:54,11
DA:79,11
DA:80,11
DA:81,11
LF:21
LH:21
BRDA:55,0,0,0
BRDA:55,0,1,11
BRDA:56,1,0,4
BRDA:56,1,1,7
BRDA:57,2,0,1
BRDA:57,2,1,10
BRDA:60,3,0,0
BRDA:60,3,1,11
BRDA:61,4,0,0
BRDA:61,4,1,11
BRDA:69,5,0,0
BRDA:69,5,1,11
BRDA:70,6,0,0
BRDA:70,6,1,11
BRDA:79,7,0,11
BRDA:79,7,1,10
BRDA:80,8,0,11
BRDA:80,8,1,10
BRDA:20,9,0,38
BRDA:20,9,1,0
BRDA:20,10,0,38
BRDA:20,10,1,38
BRF:22
BRH:16
end_of_record
TN:
SF:src/contexts/identity/application/services/identity-role.service.ts
FN:9,(anonymous_4)
FN:14,(anonymous_5)
FN:18,(anonymous_6)
FNF:3
FNH:3
FNDA:57,(anonymous_4)
FNDA:3,(anonymous_5)
FNDA:3,(anonymous_6)
DA:2,57
DA:5,57
DA:8,57
DA:11,57
DA:15,3
DA:19,3
LF:6
LH:6
BRF:0
BRH:0
end_of_record
TN:
SF:src/contexts/identity/application/services/identity-user.service.ts
FN:26,(anonymous_4)
FN:34,(anonymous_5)
FN:77,(anonymous_6)
FN:81,(anonymous_7)
FN:90,(anonymous_8)
FN:97,(anonymous_9)
FN:120,(anonymous_10)
FN:125,(anonymous_11)
FN:134,(anonymous_12)
FN:135,(anonymous_13)
FN:144,(anonymous_14)
FN:189,(anonymous_15)
FNF:12
FNH:10
FNDA:57,(anonymous_4)
FNDA:671,(anonymous_5)
FNDA:2,(anonymous_6)
FNDA:27,(anonymous_7)
FNDA:2,(anonymous_8)
FNDA:3,(anonymous_9)
FNDA:2,(anonymous_10)
FNDA:3,(anonymous_11)
FNDA:0,(anonymous_12)
FNDA:0,(anonymous_13)
FNDA:3,(anonymous_14)
FNDA:673,(anonymous_15)
DA:1,57
DA:8,57
DA:14,57
DA:15,57
DA:16,57
DA:18,57
DA:20,57
DA:25,57
DA:28,57
DA:30,57
DA:31,57
DA:35,671
DA:55,671
DA:59,671
DA:60,1
DA:65,670
DA:67,670
DA:68,670
DA:74,670
DA:78,2
DA:85,27
DA:86,27
DA:87,21
DA:94,2
DA:98,3
DA:100,2
DA:104,2
DA:112,2
DA:117,2
DA:121,2
DA:122,1
DA:129,3
DA:131,3
DA:132,3
DA:133,3
DA:134,0
DA:135,0
DA:136,0
DA:141,3
DA:151,3
DA:155,3
DA:156,1
DA:159,2
DA:177,2
DA:179,2
DA:180,2
DA:186,2
DA:194,673
DA:197,673
LF:49
LH:46
BRDA:40,0,0,671
BRDA:40,0,1,670
BRDA:48,1,0,671
BRDA:48,1,1,670
BRDA:49,2,0,671
BRDA:49,2,1,671
BRDA:50,3,0,671
BRDA:50,3,1,671
BRDA:51,4,0,671
BRDA:51,4,1,671
BRDA:52,5,0,671
BRDA:52,5,1,665
BRDA:59,6,0,1
BRDA:59,6,1,670
BRDA:67,7,0,670
BRDA:67,7,1,0
BRDA:86,8,0,6
BRDA:86,8,1,21
BRDA:100,9,0,2
BRDA:100,9,1,1
BRDA:100,9,2,1
BRDA:104,10,0,1
BRDA:104,10,1,1
BRDA:106,11,0,1
BRDA:106,11,1,1
BRDA:107,12,0,1
BRDA:107,12,1,0
BRDA:108,13,0,1
BRDA:108,13,1,1
BRDA:114,14,0,1
BRDA:114,14,1,1
BRDA:133,15,0,0
BRDA:133,15,1,3
BRDA:155,16,0,1
BRDA:155,16,1,2
BRDA:179,17,0,2
BRDA:179,17,1,0
BRDA:194,18,0,673
BRDA:194,18,1,673
BRDA:31,19,0,57
BRDA:31,19,1,0
BRDA:31,20,0,57
BRDA:31,20,1,57
BRF:43
BRH:38
end_of_record
TN:
SF:src/contexts/identity/infrastructure/prisma-repositories/role.repository.ts
FN:9,(anonymous_2)
FN:11,(anonymous_3)
FN:18,(anonymous_4)
FNF:3
FNH:3
FNDA:57,(anonymous_2)
FNDA:6,(anonymous_3)
FNDA:9,(anonymous_4)
DA:2,57
DA:3,57
DA:5,57
DA:8,57
DA:9,57
DA:12,6
DA:15,6
DA:19,9
DA:20,6
DA:23,6
LF:10
LH:10
BRDA:19,0,0,3
BRDA:19,0,1,6
BRDA:9,1,0,57
BRDA:9,1,1,0
BRDA:9,2,0,57
BRDA:9,2,1,57
BRF:6
BRH:5
end_of_record
TN:
SF:src/contexts/identity/infrastructure/prisma-repositories/user.repository.ts
FN:17,(anonymous_2)
FN:19,(anonymous_3)
FN:28,(anonymous_4)
FN:40,(anonymous_5)
FN:52,(anonymous_6)
FN:62,(anonymous_7)
FN:65,(anonymous_8)
FN:83,(anonymous_9)
FN:87,(anonymous_10)
FN:91,(anonymous_11)
FN:99,(anonymous_12)
FN:100,(anonymous_13)
FN:104,(anonymous_14)
FN:117,(anonymous_15)
FN:183,(anonymous_16)
FN:191,(anonymous_17)
FNF:16
FNH:16
FNDA:57,(anonymous_2)
FNDA:742,(anonymous_3)
FNDA:56,(anonymous_4)
FNDA:678,(anonymous_5)
FNDA:8,(anonymous_6)
FNDA:13,(anonymous_7)
FNDA:4,(anonymous_8)
FNDA:2,(anonymous_9)
FNDA:8,(anonymous_10)
FNDA:8,(anonymous_11)
FNDA:6,(anonymous_12)
FNDA:11,(anonymous_13)
FNDA:5,(anonymous_14)
FNDA:8,(anonymous_15)
FNDA:8,(anonymous_16)
FNDA:1488,(anonymous_17)
DA:2,57
DA:9,57
DA:10,57
DA:13,57
DA:16,57
DA:17,57
DA:20,742
DA:25,742
DA:32,56
DA:37,56
DA:44,678
DA:49,678
DA:53,8
DA:54,8
DA:56,8
DA:62,13
DA:69,4
DA:80,4
DA:84,2
DA:91,8
DA:92,8
DA:96,8
DA:98,8
DA:99,8
DA:100,11
DA:102,8
DA:103,3
DA:104,5
DA:110,8
DA:111,8
DA:112,0
DA:114,8
DA:130,8
DA:132,8
DA:186,8
DA:187,8
DA:188,8
DA:192,1488
DA:193,1439
LF:39
LH:38
BRDA:37,0,0,48
BRDA:37,0,1,8
BRDA:49,1,0,4
BRDA:49,1,1,674
BRDA:73,2,0,4
BRDA:73,2,1,4
BRDA:74,3,0,4
BRDA:74,3,1,4
BRDA:75,4,0,4
BRDA:75,4,1,4
BRDA:92,5,0,6
BRDA:92,5,1,2
BRDA:102,6,0,3
BRDA:102,6,1,5
BRDA:111,7,0,0
BRDA:111,7,1,8
BRDA:133,8,0,0
BRDA:133,8,1,8
BRDA:136,9,0,0
BRDA:136,9,1,8
BRDA:139,10,0,1
BRDA:139,10,1,7
BRDA:142,11,0,0
BRDA:142,11,1,8
BRDA:145,12,0,3
BRDA:145,12,1,5
BRDA:170,13,0,0
BRDA:170,13,1,8
BRDA:173,14,0,2
BRDA:173,14,1,6
BRDA:174,15,0,0
BRDA:174,15,1,8
BRDA:175,16,0,0
BRDA:175,16,1,8
BRDA:176,17,0,0
BRDA:176,17,1,8
BRDA:177,18,0,0
BRDA:177,18,1,8
BRDA:186,19,0,8
BRDA:186,19,1,7
BRDA:187,20,0,8
BRDA:187,20,1,7
BRDA:192,21,0,49
BRDA:192,21,1,1439
BRDA:17,22,0,57
BRDA:17,22,1,0
BRDA:17,23,0,57
BRDA:17,23,1,57
BRF:48
BRH:38
end_of_record
TN:
SF:src/contexts/library/application/services/cluster.service.ts
FN:21,(anonymous_4)
FN:27,(anonymous_5)
FN:42,(anonymous_6)
FN:46,(anonymous_7)
FN:52,(anonymous_8)
FN:87,(anonymous_9)
FN:92,(anonymous_10)
FNF:7
FNH:7
FNDA:44,(anonymous_4)
FNDA:28,(anonymous_5)
FNDA:8,(anonymous_6)
FNDA:7,(anonymous_7)
FNDA:3,(anonymous_8)
FNDA:2,(anonymous_9)
FNDA:29,(anonymous_10)
DA:6,44
DA:12,44
DA:13,44
DA:17,44
DA:20,44
DA:23,44
DA:24,44
DA:28,28
DA:29,27
DA:31,26
DA:39,26
DA:43,8
DA:47,7
DA:48,7
DA:49,5
DA:56,3
DA:58,3
DA:59,1
DA:62,2
DA:63,1
DA:64,1
DA:65,1
DA:68,1
DA:84,1
DA:88,2
DA:89,1
DA:93,29
DA:94,2
LF:28
LH:28
BRDA:48,0,0,2
BRDA:48,0,1,5
BRDA:58,1,0,1
BRDA:58,1,1,2
BRDA:58,2,0,3
BRDA:58,2,1,1
BRDA:62,3,0,1
BRDA:62,3,1,1
BRDA:62,4,0,2
BRDA:62,4,1,1
BRDA:63,5,0,1
BRDA:63,5,1,0
BRDA:64,6,0,1
BRDA:64,6,1,0
BRDA:69,7,0,0
BRDA:69,7,1,1
BRDA:72,8,0,0
BRDA:72,8,1,1
BRDA:75,9,0,0
BRDA:75,9,1,1
BRDA:78,10,0,0
BRDA:78,10,1,1
BRDA:79,11,0,1
BRDA:79,11,1,0
BRDA:93,12,0,2
BRDA:93,12,1,27
BRDA:23,13,0,0
BRDA:23,13,1,44
BRDA:23,14,0,44
BRDA:23,14,1,0
BRDA:23,15,0,44
BRDA:23,15,1,0
BRDA:23,16,0,44
BRDA:23,16,1,44
BRF:34
BRH:24
end_of_record
TN:
SF:src/contexts/library/application/services/competence.service.ts
FN:33,(anonymous_4)
FN:45,(anonymous_5)
FN:54,(anonymous_6)
FN:58,(anonymous_7)
FN:64,(anonymous_8)
FN:79,(anonymous_9)
FN:104,(anonymous_10)
FN:115,(anonymous_11)
FN:123,(anonymous_12)
FN:129,(anonymous_13)
FN:132,(anonymous_14)
FN:146,(anonymous_15)
FN:157,(anonymous_16)
FN:163,(anonymous_17)
FN:166,(anonymous_18)
FNF:15
FNH:15
FNDA:44,(anonymous_4)
FNDA:102,(anonymous_5)
FNDA:3,(anonymous_6)
FNDA:114,(anonymous_7)
FNDA:2,(anonymous_8)
FNDA:4,(anonymous_9)
FNDA:5,(anonymous_10)
FNDA:2,(anonymous_11)
FNDA:8,(anonymous_12)
FNDA:5,(anonymous_13)
FNDA:3,(anonymous_14)
FNDA:1,(anonymous_15)
FNDA:6,(anonymous_16)
FNDA:3,(anonymous_17)
FNDA:3,(anonymous_18)
DA:6,44
DA:12,44
DA:13,44
DA:14,44
DA:18,44
DA:22,44
DA:26,44
DA:32,44
DA:35,44
DA:37,44
DA:39,44
DA:41,44
DA:42,44
DA:46,102
DA:51,102
DA:55,3
DA:59,114
DA:60,114
DA:61,106
DA:68,2
DA:69,1
DA:76,1
DA:80,4
DA:81,3
DA:82,3
DA:83,3
DA:87,2
DA:97,1
DA:98,1
DA:101,1
DA:108,5
DA:109,5
DA:111,4
DA:112,4
DA:119,2
DA:120,2
DA:124,8
DA:126,8
DA:129,8
DA:136,3
DA:137,3
DA:139,2
DA:143,2
DA:150,1
DA:151,1
DA:158,6
DA:160,6
DA:163,6
DA:169,3
DA:170,3
LF:50
LH:50
BRDA:47,0,0,102
BRDA:47,0,1,92
BRDA:49,1,0,102
BRDA:49,1,1,91
BRDA:60,2,0,8
BRDA:60,2,1,106
BRDA:70,3,0,0
BRDA:70,3,1,1
BRDA:71,4,0,1
BRDA:71,4,1,0
BRDA:72,5,0,0
BRDA:72,5,1,1
BRDA:83,6,0,2
BRDA:83,6,1,1
BRDA:84,7,0,3
BRDA:84,7,1,2
BRDA:170,8,0,1
BRDA:170,8,1,2
BRDA:35,9,0,0
BRDA:35,9,1,44
BRDA:35,10,0,44
BRDA:35,10,1,0
BRDA:35,11,0,0
BRDA:35,11,1,44
BRDA:35,12,0,44
BRDA:35,12,1,0
BRDA:37,13,0,0
BRDA:37,13,1,44
BRDA:37,14,0,44
BRDA:37,14,1,0
BRDA:39,15,0,0
BRDA:39,15,1,44
BRDA:39,16,0,44
BRDA:39,16,1,0
BRDA:41,17,0,44
BRDA:41,17,1,0
BRDA:41,18,0,44
BRDA:41,18,1,44
BRF:38
BRH:26
end_of_record
TN:
SF:src/contexts/library/application/services/question-template.service.ts
FN:35,(anonymous_4)
FN:48,(anonymous_5)
FN:78,(anonymous_6)
FN:84,(anonymous_7)
FN:91,(anonymous_8)
FN:132,(anonymous_9)
FN:155,(anonymous_10)
FN:169,(anonymous_11)
FN:180,(anonymous_12)
FN:186,(anonymous_13)
FN:189,(anonymous_14)
FN:203,(anonymous_15)
FN:214,(anonymous_16)
FN:220,(anonymous_17)
FN:223,(anonymous_18)
FN:224,(anonymous_19)
FNF:16
FNH:16
FNDA:44,(anonymous_4)
FNDA:47,(anonymous_5)
FNDA:1,(anonymous_6)
FNDA:68,(anonymous_7)
FNDA:2,(anonymous_8)
FNDA:2,(anonymous_9)
FNDA:3,(anonymous_10)
FNDA:1,(anonymous_11)
FNDA:3,(anonymous_12)
FNDA:2,(anonymous_13)
FNDA:3,(anonymous_14)
FNDA:1,(anonymous_15)
FNDA:3,(anonymous_16)
FNDA:2,(anonymous_17)
FNDA:1,(anonymous_18)
FNDA:2,(anonymous_19)
DA:1,44
DA:7,44
DA:13,44
DA:17,44
DA:18,44
DA:19,44
DA:23,44
DA:27,44
DA:31,44
DA:34,44
DA:37,44
DA:39,44
DA:41,44
DA:42,44
DA:43,44
DA:45,44
DA:51,47
DA:53,46
DA:62,46
DA:64,45
DA:67,45
DA:68,1
DA:69,1
DA:75,45
DA:81,1
DA:85,68
DA:86,68
DA:87,1
DA:88,67
DA:95,2
DA:97,2
DA:98,1
DA:101,1
DA:118,1
DA:120,1
DA:121,0
DA:122,0
DA:123,0
DA:129,1
DA:133,2
DA:134,2
DA:137,2
DA:138,1
DA:146,1
DA:149,1
DA:152,1
DA:159,3
DA:160,3
DA:162,2
DA:166,2
DA:173,1
DA:174,1
DA:181,3
DA:183,3
DA:186,3
DA:193,3
DA:194,3
DA:196,2
DA:200,2
DA:207,1
DA:208,1
DA:215,3
DA:217,3
DA:220,3
DA:224,2
LF:65
LH:62
BRDA:57,0,0,46
BRDA:57,0,1,46
BRDA:58,1,0,46
BRDA:58,1,1,46
BRDA:59,2,0,46
BRDA:59,2,1,44
BRDA:64,3,0,1
BRDA:64,3,1,44
BRDA:67,4,0,1
BRDA:67,4,1,44
BRDA:86,5,0,1
BRDA:86,5,1,67
BRDA:97,6,0,1
BRDA:97,6,1,1
BRDA:97,7,0,2
BRDA:97,7,1,1
BRDA:102,8,0,0
BRDA:102,8,1,1
BRDA:105,9,0,1
BRDA:105,9,1,0
BRDA:106,10,0,0
BRDA:106,10,1,1
BRDA:109,11,0,0
BRDA:109,11,1,1
BRDA:112,12,0,0
BRDA:112,12,1,1
BRDA:113,13,0,0
BRDA:113,13,1,1
BRDA:120,14,0,0
BRDA:120,14,1,1
BRDA:137,15,0,1
BRDA:137,15,1,1
BRDA:37,16,0,0
BRDA:37,16,1,44
BRDA:37,17,0,44
BRDA:37,17,1,0
BRDA:37,18,0,0
BRDA:37,18,1,44
BRDA:37,19,0,44
BRDA:37,19,1,0
BRDA:39,20,0,0
BRDA:39,20,1,44
BRDA:39,21,0,44
BRDA:39,21,1,0
BRDA:41,22,0,44
BRDA:41,22,1,0
BRDA:41,23,0,44
BRDA:41,23,1,44
BRDA:42,24,0,44
BRDA:42,24,1,0
BRDA:42,25,0,44
BRDA:42,25,1,44
BRDA:43,26,0,0
BRDA:43,26,1,44
BRDA:43,27,0,44
BRDA:43,27,1,0
BRF:56
BRH:39
end_of_record
TN:
SF:src/contexts/library/infrastructure/prisma-repositories/cluster.repository.ts
FN:16,(anonymous_2)
FN:18,(anonymous_3)
FN:26,(anonymous_4)
FN:31,(anonymous_5)
FN:39,(anonymous_6)
FN:51,(anonymous_7)
FN:55,(anonymous_8)
FN:95,(anonymous_9)
FNF:8
FNH:8
FNDA:44,(anonymous_2)
FNDA:56,(anonymous_3)
FNDA:9,(anonymous_4)
FNDA:12,(anonymous_5)
FNDA:2,(anonymous_6)
FNDA:2,(anonymous_7)
FNDA:12,(anonymous_8)
FNDA:12,(anonymous_9)
DA:2,44
DA:8,44
DA:9,44
DA:12,44
DA:15,44
DA:16,44
DA:19,56
DA:23,56
DA:27,9
DA:28,9
DA:32,12
DA:33,12
DA:35,12
DA:36,12
DA:43,2
DA:48,2
DA:52,2
DA:63,12
DA:64,12
DA:98,12
DA:99,12
DA:100,12
LF:22
LH:22
BRDA:28,0,0,6
BRDA:28,0,1,3
BRDA:65,1,0,2
BRDA:65,1,1,10
BRDA:66,2,0,0
BRDA:66,2,1,12
BRDA:67,3,0,0
BRDA:67,3,1,12
BRDA:68,4,0,1
BRDA:68,4,1,11
BRDA:71,5,0,0
BRDA:71,5,1,12
BRDA:79,6,0,0
BRDA:79,6,1,12
BRDA:98,7,0,12
BRDA:98,7,1,11
BRDA:99,8,0,12
BRDA:99,8,1,11
BRDA:16,9,0,44
BRDA:16,9,1,0
BRDA:16,10,0,44
BRDA:16,10,1,44
BRF:22
BRH:17
end_of_record
TN:
SF:src/contexts/library/infrastructure/prisma-repositories/competence-question-template-relation.repository.ts
FN:10,(anonymous_2)
FN:12,(anonymous_3)
FN:47,(anonymous_4)
FN:56,(anonymous_5)
FN:67,(anonymous_6)
FN:78,(anonymous_7)
FN:84,(anonymous_8)
FN:98,(anonymous_9)
FN:110,(anonymous_10)
FN:118,(anonymous_11)
FNF:10
FNH:7
FNDA:44,(anonymous_2)
FNDA:14,(anonymous_3)
FNDA:3,(anonymous_4)
FNDA:8,(anonymous_5)
FNDA:5,(anonymous_6)
FNDA:0,(anonymous_7)
FNDA:0,(anonymous_8)
FNDA:0,(anonymous_9)
FNDA:2,(anonymous_10)
FNDA:2,(anonymous_11)
DA:1,44
DA:2,44
DA:3,44
DA:6,44
DA:9,44
DA:10,44
DA:16,14
DA:18,14
DA:21,13
DA:23,1
DA:28,1
DA:38,1
DA:39,1
DA:43,0
DA:51,3
DA:60,8
DA:64,8
DA:71,5
DA:75,5
DA:82,0
DA:84,0
DA:86,0
DA:92,0
DA:96,0
DA:97,0
DA:98,0
DA:107,0
DA:113,2
DA:119,2
LF:29
LH:20
BRDA:23,0,0,1
BRDA:23,0,1,0
BRDA:24,1,0,1
BRDA:24,1,1,1
BRDA:38,2,0,1
BRDA:38,2,1,0
BRDA:86,3,0,0
BRDA:86,3,1,0
BRDA:96,4,0,0
BRDA:96,4,1,0
BRDA:10,5,0,44
BRDA:10,5,1,0
BRDA:10,6,0,44
BRDA:10,6,1,44
BRF:14
BRH:7
end_of_record
TN:
SF:src/contexts/library/infrastructure/prisma-repositories/competence.repository.ts
FN:16,(anonymous_2)
FN:18,(anonymous_3)
FN:26,(anonymous_4)
FN:33,(anonymous_5)
FN:41,(anonymous_6)
FN:53,(anonymous_7)
FN:57,(anonymous_8)
FN:91,(anonymous_9)
FNF:8
FNH:8
FNDA:44,(anonymous_2)
FNDA:217,(anonymous_3)
FNDA:118,(anonymous_4)
FNDA:6,(anonymous_5)
FNDA:2,(anonymous_6)
FNDA:2,(anonymous_7)
FNDA:6,(anonymous_8)
FNDA:6,(anonymous_9)
DA:2,44
DA:8,44
DA:9,44
DA:12,44
DA:15,44
DA:16,44
DA:19,217
DA:23,217
DA:27,118
DA:30,118
DA:34,6
DA:35,6
DA:37,6
DA:38,6
DA:45,2
DA:50,2
DA:54,2
DA:60,6
DA:61,6
DA:94,6
DA:95,6
DA:96,6
LF:22
LH:22
BRDA:30,0,0,109
BRDA:30,0,1,9
BRDA:62,1,0,1
BRDA:62,1,1,5
BRDA:63,2,0,1
BRDA:63,2,1,5
BRDA:66,3,0,0
BRDA:66,3,1,6
BRDA:74,4,0,1
BRDA:74,4,1,5
BRDA:94,5,0,6
BRDA:94,5,1,5
BRDA:95,6,0,6
BRDA:95,6,1,5
BRDA:16,7,0,44
BRDA:16,7,1,0
BRDA:16,8,0,44
BRDA:16,8,1,44
BRF:18
BRH:16
end_of_record
TN:
SF:src/contexts/library/infrastructure/prisma-repositories/position-competence-relation.repository.ts
FN:10,(anonymous_2)
FN:12,(anonymous_3)
FN:43,(anonymous_4)
FN:49,(anonymous_5)
FN:61,(anonymous_6)
FN:73,(anonymous_7)
FN:79,(anonymous_8)
FN:90,(anonymous_9)
FN:102,(anonymous_10)
FNF:9
FNH:9
FNDA:50,(anonymous_2)
FNDA:17,(anonymous_3)
FNDA:4,(anonymous_4)
FNDA:12,(anonymous_5)
FNDA:5,(anonymous_6)
FNDA:2,(anonymous_7)
FNDA:2,(anonymous_8)
FNDA:2,(anonymous_9)
FNDA:2,(anonymous_10)
DA:1,50
DA:2,50
DA:3,50
DA:6,50
DA:9,50
DA:10,50
DA:16,17
DA:18,17
DA:21,15
DA:23,2
DA:28,2
DA:36,2
DA:37,2
DA:39,0
DA:44,4
DA:52,12
DA:58,12
DA:64,5
DA:70,5
DA:77,2
DA:79,2
DA:81,2
DA:84,2
DA:88,2
DA:89,1
DA:90,2
DA:99,2
DA:103,2
LF:28
LH:27
BRDA:23,0,0,2
BRDA:23,0,1,0
BRDA:24,1,0,2
BRDA:24,1,1,2
BRDA:36,2,0,2
BRDA:36,2,1,0
BRDA:81,3,0,1
BRDA:81,3,1,1
BRDA:88,4,0,1
BRDA:88,4,1,1
BRDA:10,5,0,50
BRDA:10,5,1,0
BRDA:10,6,0,50
BRDA:10,6,1,50
BRF:14
BRH:11
end_of_record
TN:
SF:src/contexts/library/infrastructure/prisma-repositories/position-question-template-relation.repository.ts
FN:10,(anonymous_2)
FN:12,(anonymous_3)
FN:47,(anonymous_4)
FN:53,(anonymous_5)
FN:65,(anonymous_6)
FN:71,(anonymous_7)
FN:85,(anonymous_8)
FN:97,(anonymous_9)
FNF:8
FNH:8
FNDA:44,(anonymous_2)
FNDA:13,(anonymous_3)
FNDA:2,(anonymous_4)
FNDA:9,(anonymous_5)
FNDA:4,(anonymous_6)
FNDA:4,(anonymous_7)
FNDA:5,(anonymous_8)
FNDA:2,(anonymous_9)
DA:1,44
DA:2,44
DA:3,44
DA:6,44
DA:9,44
DA:10,44
DA:16,13
DA:18,13
DA:21,12
DA:23,1
DA:28,1
DA:38,1
DA:39,1
DA:43,0
DA:48,2
DA:57,9
DA:62,9
DA:69,4
DA:71,4
DA:73,4
DA:79,4
DA:83,4
DA:84,3
DA:85,5
DA:94,4
DA:100,2
LF:26
LH:25
BRDA:23,0,0,1
BRDA:23,0,1,0
BRDA:24,1,0,1
BRDA:24,1,1,1
BRDA:38,2,0,1
BRDA:38,2,1,0
BRDA:73,3,0,3
BRDA:73,3,1,1
BRDA:83,4,0,3
BRDA:83,4,1,1
BRDA:10,5,0,44
BRDA:10,5,1,0
BRDA:10,6,0,44
BRDA:10,6,1,44
BRF:14
BRH:11
end_of_record
TN:
SF:src/contexts/library/infrastructure/prisma-repositories/question-template.repository.ts
FN:16,(anonymous_2)
FN:18,(anonymous_3)
FN:23,(anonymous_4)
FN:35,(anonymous_5)
FN:44,(anonymous_6)
FN:59,(anonymous_7)
FN:74,(anonymous_8)
FN:78,(anonymous_9)
FN:117,(anonymous_10)
FNF:9
FNH:9
FNDA:44,(anonymous_2)
FNDA:75,(anonymous_3)
FNDA:6,(anonymous_4)
FNDA:73,(anonymous_5)
FNDA:5,(anonymous_6)
FNDA:2,(anonymous_7)
FNDA:2,(anonymous_8)
FNDA:5,(anonymous_9)
FNDA:5,(anonymous_10)
DA:2,44
DA:8,44
DA:9,44
DA:12,44
DA:15,44
DA:16,44
DA:21,75
DA:22,75
DA:23,6
DA:27,75
DA:32,74
DA:36,73
DA:41,73
DA:47,5
DA:48,5
DA:50,5
DA:56,5
DA:63,2
DA:71,2
DA:75,2
DA:88,5
DA:90,5
DA:120,5
DA:121,5
DA:122,5
LF:25
LH:25
BRDA:41,0,0,70
BRDA:41,0,1,3
BRDA:91,1,0,0
BRDA:91,1,1,5
BRDA:94,2,0,1
BRDA:94,2,1,4
BRDA:95,3,0,1
BRDA:95,3,1,4
BRDA:96,4,0,1
BRDA:96,4,1,4
BRDA:97,5,0,0
BRDA:97,5,1,5
BRDA:98,6,0,0
BRDA:98,6,1,0
BRDA:107,7,0,0
BRDA:107,7,1,5
BRDA:120,8,0,5
BRDA:120,8,1,4
BRDA:121,9,0,5
BRDA:121,9,1,4
BRDA:16,10,0,44
BRDA:16,10,1,0
BRDA:16,11,0,44
BRDA:16,11,1,44
BRF:24
BRH:18
end_of_record
TN:
SF:src/contexts/notifications/application/listeners/cycle-stage-notification.listener.ts
FN:11,(anonymous_2)
FN:16,(anonymous_3)
FNF:2
FNH:2
FNDA:2,(anonymous_2)
FNDA:3,(anonymous_3)
DA:1,3
DA:2,3
DA:3,3
DA:4,3
DA:5,3
DA:8,3
DA:9,2
DA:12,2
DA:16,3
DA:17,3
DA:19,3
DA:20,3
DA:23,2
DA:26,2
DA:29,2
DA:32,1
DA:36,0
DA:37,0
LF:18
LH:16
BRDA:20,0,0,2
BRDA:20,0,1,1
BRDA:36,1,0,0
BRDA:36,1,1,0
BRDA:39,2,0,0
BRDA:39,2,1,0
BRDA:16,3,0,3
BRDA:16,3,1,0
BRDA:16,4,0,3
BRDA:16,4,1,3
BRDA:16,5,0,3
BRDA:16,5,1,0
BRDA:16,6,0,3
BRDA:16,6,1,3
BRDA:12,7,0,3
BRDA:12,7,1,0
BRDA:12,8,0,3
BRDA:12,8,1,3
BRF:18
BRH:11
end_of_record
TN:
SF:src/contexts/notifications/application/listeners/review-stage-notification.listener.ts
FN:11,(anonymous_2)
FN:16,(anonymous_3)
FNF:2
FNH:2
FNDA:2,(anonymous_2)
FNDA:5,(anonymous_3)
DA:1,3
DA:2,3
DA:3,3
DA:4,3
DA:5,3
DA:8,3
DA:9,2
DA:12,2
DA:16,3
DA:17,5
DA:19,5
DA:20,5
DA:23,1
DA:26,1
DA:29,1
DA:33,1
DA:34,1
DA:37,1
DA:41,1
DA:42,1
DA:45,1
DA:49,1
DA:50,1
DA:53,1
DA:56,1
DA:60,0
DA:61,0
LF:27
LH:25
BRDA:20,0,0,1
BRDA:20,0,1,1
BRDA:20,0,2,1
BRDA:20,0,3,1
BRDA:20,0,4,1
BRDA:60,1,0,0
BRDA:60,1,1,0
BRDA:63,2,0,0
BRDA:63,2,1,0
BRDA:16,3,0,3
BRDA:16,3,1,0
BRDA:16,4,0,3
BRDA:16,4,1,3
BRDA:16,5,0,3
BRDA:16,5,1,0
BRDA:16,6,0,3
BRDA:16,6,1,3
BRDA:12,7,0,3
BRDA:12,7,1,0
BRDA:12,8,0,3
BRDA:12,8,1,3
BRF:21
BRH:14
end_of_record
TN:
SF:src/contexts/notifications/application/listeners/user-created-notification.listener.ts
FN:10,(anonymous_2)
FN:15,(anonymous_3)
FNF:2
FNH:2
FNDA:2,(anonymous_2)
FNDA:2,(anonymous_3)
DA:1,3
DA:2,3
DA:3,3
DA:4,3
DA:7,3
DA:8,2
DA:11,2
DA:15,3
DA:16,2
DA:18,2
DA:19,2
DA:20,2
DA:25,0
DA:26,0
LF:14
LH:12
BRDA:25,0,0,0
BRDA:25,0,1,0
BRDA:28,1,0,0
BRDA:28,1,1,0
BRDA:15,2,0,3
BRDA:15,2,1,0
BRDA:15,3,0,3
BRDA:15,3,1,3
BRDA:15,4,0,3
BRDA:15,4,1,0
BRDA:15,5,0,3
BRDA:15,5,1,3
BRDA:11,6,0,3
BRDA:11,6,1,0
BRDA:11,7,0,3
BRDA:11,7,1,3
BRF:16
BRH:9
end_of_record
TN:
SF:src/contexts/notifications/application/services/review-email-notification.service.ts
FN:43,(anonymous_4)
FN:69,(anonymous_5)
FN:96,(anonymous_6)
FN:125,(anonymous_7)
FN:155,(anonymous_8)
FN:200,(anonymous_9)
FN:233,(anonymous_10)
FN:276,(anonymous_11)
FN:387,(anonymous_12)
FNF:9
FNH:9
FNDA:2,(anonymous_4)
FNDA:7,(anonymous_5)
FNDA:2,(anonymous_6)
FNDA:3,(anonymous_7)
FNDA:3,(anonymous_8)
FNDA:2,(anonymous_9)
FNDA:2,(anonymous_10)
FNDA:15,(anonymous_11)
FNDA:15,(anonymous_12)
DA:1,3
DA:2,3
DA:3,3
DA:7,3
DA:11,3
DA:15,3
DA:16,3
DA:21,3
DA:25,3
DA:26,3
DA:27,3
DA:33,3
DA:34,3
DA:40,3
DA:41,2
DA:44,2
DA:46,2
DA:48,2
DA:50,2
DA:52,2
DA:54,2
DA:56,2
DA:57,2
DA:58,2
DA:70,7
DA:71,7
DA:72,1
DA:73,1
DA:76,6
DA:88,6
DA:97,2
DA:99,2
DA:101,2
DA:102,2
DA:103,0
DA:104,0
DA:107,2
DA:122,2
DA:126,3
DA:127,3
DA:128,1
DA:129,1
DA:132,2
DA:133,2
DA:134,0
DA:137,0
DA:140,2
DA:152,2
DA:156,3
DA:157,3
DA:158,1
DA:159,1
DA:162,2
DA:167,2
DA:169,2
DA:170,2
DA:171,2
DA:172,0
DA:175,0
DA:178,2
DA:192,2
DA:193,2
DA:197,2
DA:201,2
DA:202,2
DA:203,0
DA:204,0
DA:207,2
DA:208,2
DA:209,0
DA:212,0
DA:215,2
DA:230,2
DA:234,2
DA:235,2
DA:236,0
DA:237,0
DA:240,2
DA:242,2
DA:244,2
DA:245,1
DA:246,1
DA:247,0
DA:250,0
DA:253,1
DA:268,1
DA:269,1
DA:273,2
DA:288,15
DA:290,15
DA:291,0
DA:292,0
DA:294,15
DA:295,0
DA:296,0
DA:298,15
DA:299,0
DA:302,0
DA:305,15
DA:308,15
DA:309,7
DA:314,8
DA:315,2
DA:321,6
DA:327,15
DA:328,1
DA:331,1
DA:335,14
DA:346,14
DA:355,14
DA:356,14
DA:370,11
DA:371,11
DA:374,11
DA:377,3
DA:378,3
DA:382,3
DA:383,3
DA:388,15
DA:389,15
DA:390,15
DA:391,15
LF:122
LH:102
BRDA:71,0,0,1
BRDA:71,0,1,6
BRDA:88,1,0,3
BRDA:88,1,1,3
BRDA:102,2,0,0
BRDA:102,2,1,2
BRDA:122,3,0,1
BRDA:122,3,1,1
BRDA:127,4,0,1
BRDA:127,4,1,2
BRDA:133,5,0,0
BRDA:133,5,1,2
BRDA:152,6,0,2
BRDA:152,6,1,0
BRDA:157,7,0,1
BRDA:157,7,1,2
BRDA:171,8,0,0
BRDA:171,8,1,2
BRDA:192,9,0,2
BRDA:192,9,1,0
BRDA:202,10,0,0
BRDA:202,10,1,2
BRDA:208,11,0,0
BRDA:208,11,1,2
BRDA:230,12,0,2
BRDA:230,12,1,0
BRDA:235,13,0,0
BRDA:235,13,1,2
BRDA:246,14,0,0
BRDA:246,14,1,1
BRDA:268,15,0,1
BRDA:268,15,1,0
BRDA:290,16,0,0
BRDA:290,16,1,15
BRDA:294,17,0,0
BRDA:294,17,1,15
BRDA:298,18,0,0
BRDA:298,18,1,15
BRDA:308,19,0,7
BRDA:308,19,1,8
BRDA:314,20,0,2
BRDA:314,20,1,6
BRDA:327,21,0,1
BRDA:327,21,1,14
BRDA:335,22,0,14
BRDA:335,22,1,14
BRDA:338,23,0,7
BRDA:338,23,1,7
BRDA:339,24,0,2
BRDA:339,24,1,12
BRDA:377,25,0,3
BRDA:377,25,1,0
BRDA:380,26,0,3
BRDA:380,26,1,0
BRDA:388,27,0,15
BRDA:388,27,1,0
BRDA:389,28,0,15
BRDA:389,28,1,0
BRDA:390,29,0,0
BRDA:390,29,1,15
BRDA:44,30,0,0
BRDA:44,30,1,3
BRDA:44,31,0,3
BRDA:44,31,1,0
BRDA:44,32,0,0
BRDA:44,32,1,3
BRDA:44,33,0,3
BRDA:44,33,1,0
BRDA:46,34,0,0
BRDA:46,34,1,3
BRDA:46,35,0,3
BRDA:46,35,1,0
BRDA:48,36,0,0
BRDA:48,36,1,3
BRDA:48,37,0,3
BRDA:48,37,1,0
BRDA:50,38,0,0
BRDA:50,38,1,3
BRDA:50,39,0,3
BRDA:50,39,1,0
BRDA:52,40,0,0
BRDA:52,40,1,3
BRDA:52,41,0,3
BRDA:52,41,1,0
BRDA:54,42,0,0
BRDA:54,42,1,3
BRDA:54,43,0,3
BRDA:54,43,1,0
BRDA:56,44,0,3
BRDA:56,44,1,0
BRDA:56,45,0,3
BRDA:56,45,1,3
BRDA:57,46,0,3
BRDA:57,46,1,0
BRDA:57,47,0,3
BRDA:57,47,1,3
BRF:96
BRH:61
end_of_record
TN:
SF:src/contexts/notifications/infrastructure/prisma-repositories/notification-log.repository.ts
FN:15,(anonymous_2)
FN:17,(anonymous_3)
FN:35,(anonymous_4)
FN:53,(anonymous_5)
FN:73,(anonymous_6)
FN:80,(anonymous_7)
FN:87,(anonymous_8)
FNF:7
FNH:7
FNDA:3,(anonymous_2)
FNDA:12,(anonymous_3)
FNDA:5,(anonymous_4)
FNDA:13,(anonymous_5)
FNDA:29,(anonymous_6)
FNDA:13,(anonymous_7)
FNDA:5,(anonymous_8)
DA:1,3
DA:2,3
DA:3,3
DA:9,3
DA:12,3
DA:13,3
DA:15,3
DA:22,12
DA:32,12
DA:40,5
DA:50,5
DA:61,13
DA:70,13
DA:74,29
DA:77,27
DA:81,13
DA:88,5
LF:17
LH:17
BRDA:32,0,0,4
BRDA:32,0,1,8
BRDA:50,1,0,2
BRDA:50,1,1,3
BRDA:70,2,0,6
BRDA:70,2,1,7
BRDA:15,3,0,3
BRDA:15,3,1,0
BRDA:15,4,0,3
BRDA:15,4,1,3
BRF:10
BRH:9
end_of_record
TN:
SF:src/contexts/organisation/application/services/position-hierarchy.service.ts
FN:10,(anonymous_4)
FN:16,(anonymous_5)
FN:32,(anonymous_6)
FN:41,(anonymous_7)
FN:48,(anonymous_8)
FN:54,(anonymous_9)
FN:62,(anonymous_10)
FNF:7
FNH:7
FNDA:6,(anonymous_4)
FNDA:11,(anonymous_5)
FNDA:2,(anonymous_6)
FNDA:2,(anonymous_7)
FNDA:2,(anonymous_8)
FNDA:2,(anonymous_9)
FNDA:2,(anonymous_10)
DA:1,6
DA:5,6
DA:6,6
DA:9,6
DA:12,6
DA:13,6
DA:20,11
DA:21,1
DA:26,10
DA:27,9
DA:29,8
DA:36,2
DA:37,2
DA:38,2
DA:44,2
DA:46,2
DA:47,2
DA:49,2
DA:57,2
DA:58,2
DA:61,2
DA:63,2
LF:22
LH:22
BRDA:20,0,0,1
BRDA:20,0,1,10
BRDA:13,1,0,6
BRDA:13,1,1,0
BRDA:13,2,0,6
BRDA:13,2,1,6
BRF:6
BRH:5
end_of_record
TN:
SF:src/contexts/organisation/application/services/position.service.ts
FN:22,(anonymous_4)
FN:29,(anonymous_5)
FN:37,(anonymous_6)
FN:41,(anonymous_7)
FN:47,(anonymous_8)
FN:61,(anonymous_9)
FN:78,(anonymous_10)
FN:82,(anonymous_11)
FNF:8
FNH:8
FNDA:50,(anonymous_4)
FNDA:108,(anonymous_5)
FNDA:2,(anonymous_6)
FNDA:53,(anonymous_7)
FNDA:2,(anonymous_8)
FNDA:3,(anonymous_9)
FNDA:4,(anonymous_10)
FNDA:3,(anonymous_11)
DA:6,50
DA:12,50
DA:16,50
DA:18,50
DA:21,50
DA:24,50
DA:26,50
DA:30,108
DA:34,108
DA:38,2
DA:42,53
DA:43,53
DA:44,46
DA:51,2
DA:52,1
DA:58,1
DA:62,3
DA:63,2
DA:64,2
DA:65,1
DA:75,1
DA:79,4
DA:81,4
DA:82,4
LF:24
LH:24
BRDA:32,0,0,108
BRDA:32,0,1,106
BRDA:43,1,0,7
BRDA:43,1,1,46
BRDA:54,2,0,1
BRDA:54,2,1,0
BRDA:64,3,0,1
BRDA:64,3,1,1
BRDA:26,4,0,0
BRDA:26,4,1,50
BRDA:26,5,0,50
BRDA:26,5,1,0
BRF:12
BRH:9
end_of_record
TN:
SF:src/contexts/organisation/application/services/team.service.ts
FN:21,(anonymous_4)
FN:27,(anonymous_5)
FN:40,(anonymous_6)
FN:44,(anonymous_7)
FN:50,(anonymous_8)
FN:67,(anonymous_9)
FN:82,(anonymous_10)
FN:101,(anonymous_11)
FN:106,(anonymous_12)
FN:116,(anonymous_13)
FNF:10
FNH:10
FNDA:6,(anonymous_4)
FNDA:20,(anonymous_5)
FNDA:2,(anonymous_6)
FNDA:23,(anonymous_7)
FNDA:3,(anonymous_8)
FNDA:3,(anonymous_9)
FNDA:10,(anonymous_10)
FNDA:1,(anonymous_11)
FNDA:4,(anonymous_12)
FNDA:2,(anonymous_13)
DA:7,6
DA:13,6
DA:15,6
DA:17,6
DA:20,6
DA:23,6
DA:24,6
DA:28,20
DA:29,2
DA:32,19
DA:37,19
DA:41,2
DA:45,23
DA:46,23
DA:47,19
DA:51,3
DA:53,2
DA:54,2
DA:57,1
DA:64,1
DA:68,3
DA:69,2
DA:70,2
DA:71,1
DA:79,1
DA:87,10
DA:88,9
DA:90,8
DA:95,8
DA:96,1
DA:98,7
DA:102,1
DA:103,1
DA:110,4
DA:111,4
DA:113,4
DA:115,1
DA:117,2
DA:118,2
DA:121,2
DA:123,0
DA:128,1
LF:42
LH:41
BRDA:28,0,0,2
BRDA:28,0,1,18
BRDA:28,1,0,20
BRDA:28,1,1,2
BRDA:34,2,0,19
BRDA:34,2,1,19
BRDA:35,3,0,19
BRDA:35,3,1,18
BRDA:46,4,0,4
BRDA:46,4,1,19
BRDA:53,5,0,2
BRDA:53,5,1,0
BRDA:53,6,0,2
BRDA:53,6,1,2
BRDA:59,7,0,1
BRDA:59,7,1,0
BRDA:70,8,0,1
BRDA:70,8,1,1
BRDA:95,9,0,1
BRDA:95,9,1,7
BRDA:113,10,0,3
BRDA:113,10,1,1
BRDA:24,11,0,6
BRDA:24,11,1,0
BRDA:24,12,0,6
BRDA:24,12,1,6
BRF:26
BRH:23
end_of_record
TN:
SF:src/contexts/organisation/infrastructure/prisma-repositories/position-hierarchy.repository.ts
FN:10,(anonymous_2)
FN:12,(anonymous_3)
FN:42,(anonymous_4)
FN:51,(anonymous_5)
FN:61,(anonymous_6)
FNF:5
FNH:5
FNDA:6,(anonymous_2)
FNDA:14,(anonymous_3)
FNDA:4,(anonymous_4)
FNDA:4,(anonymous_5)
FNDA:4,(anonymous_6)
DA:1,6
DA:2,6
DA:3,6
DA:6,6
DA:9,6
DA:10,6
DA:16,14
DA:17,14
DA:20,12
DA:22,2
DA:26,2
DA:36,2
DA:38,0
DA:46,4
DA:54,4
DA:58,4
DA:64,4
DA:68,4
LF:18
LH:17
BRDA:22,0,0,2
BRDA:22,0,1,0
BRDA:23,1,0,2
BRDA:23,1,1,2
BRDA:36,2,0,2
BRDA:36,2,1,0
BRDA:10,3,0,6
BRDA:10,3,1,0
BRDA:10,4,0,6
BRDA:10,4,1,6
BRF:10
BRH:7
end_of_record
TN:
SF:src/contexts/organisation/infrastructure/prisma-repositories/position.repository.ts
FN:16,(anonymous_2)
FN:18,(anonymous_3)
FN:25,(anonymous_4)
FN:30,(anonymous_5)
FN:42,(anonymous_6)
FN:53,(anonymous_7)
FN:57,(anonymous_8)
FN:87,(anonymous_9)
FNF:8
FNH:8
FNDA:53,(anonymous_2)
FNDA:365,(anonymous_3)
FNDA:55,(anonymous_4)
FNDA:7,(anonymous_5)
FNDA:2,(anonymous_6)
FNDA:2,(anonymous_7)
FNDA:7,(anonymous_8)
FNDA:7,(anonymous_9)
DA:2,53
DA:8,53
DA:9,53
DA:12,53
DA:15,53
DA:16,53
DA:19,365
DA:22,365
DA:26,55
DA:27,55
DA:31,7
DA:32,7
DA:34,7
DA:39,7
DA:46,2
DA:50,2
DA:54,2
DA:58,7
DA:59,7
DA:90,7
DA:91,7
DA:92,7
LF:22
LH:22
BRDA:27,0,0,47
BRDA:27,0,1,8
BRDA:60,1,0,0
BRDA:60,1,1,7
BRDA:73,2,0,2
BRDA:73,2,1,5
BRDA:76,3,0,0
BRDA:76,3,1,7
BRDA:90,4,0,7
BRDA:90,4,1,6
BRDA:91,5,0,7
BRDA:91,5,1,6
BRDA:16,6,0,53
BRDA:16,6,1,0
BRDA:16,7,0,53
BRDA:16,7,1,53
BRF:16
BRH:13
end_of_record
TN:
SF:src/contexts/organisation/infrastructure/prisma-repositories/team.repository.ts
FN:18,(anonymous_2)
FN:20,(anonymous_3)
FN:27,(anonymous_4)
FN:32,(anonymous_5)
FN:41,(anonymous_6)
FN:52,(anonymous_7)
FN:56,(anonymous_8)
FN:90,(anonymous_9)
FN:96,(anonymous_10)
FN:104,(anonymous_11)
FN:135,(anonymous_12)
FNF:11
FNH:11
FNDA:41,(anonymous_2)
FNDA:40,(anonymous_3)
FNDA:25,(anonymous_4)
FNDA:5,(anonymous_5)
FNDA:2,(anonymous_6)
FNDA:2,(anonymous_7)
FNDA:15,(anonymous_8)
FNDA:2,(anonymous_9)
FNDA:5,(anonymous_10)
FNDA:5,(anonymous_11)
FNDA:5,(anonymous_12)
DA:1,41
DA:2,41
DA:8,41
DA:9,41
DA:13,41
DA:14,41
DA:17,41
DA:18,41
DA:21,40
DA:24,40
DA:28,25
DA:29,25
DA:33,5
DA:34,5
DA:36,5
DA:38,5
DA:45,2
DA:49,2
DA:53,2
DA:61,15
DA:62,15
DA:69,14
DA:71,1
DA:75,1
DA:84,1
DA:86,0
DA:91,2
DA:97,5
DA:101,5
DA:105,5
DA:106,5
DA:138,5
DA:139,5
DA:140,5
LF:34
LH:33
BRDA:29,0,0,20
BRDA:29,0,1,5
BRDA:66,1,0,15
BRDA:66,1,1,1
BRDA:71,2,0,1
BRDA:71,2,1,0
BRDA:72,3,0,1
BRDA:72,3,1,1
BRDA:80,4,0,1
BRDA:80,4,1,0
BRDA:84,5,0,1
BRDA:84,5,1,0
BRDA:107,6,0,1
BRDA:107,6,1,4
BRDA:110,7,0,0
BRDA:110,7,1,5
BRDA:118,8,0,1
BRDA:118,8,1,4
BRDA:119,9,0,0
BRDA:119,9,1,5
BRDA:138,10,0,5
BRDA:138,10,1,4
BRDA:139,11,0,5
BRDA:139,11,1,4
BRDA:18,12,0,41
BRDA:18,12,1,0
BRDA:18,13,0,41
BRDA:18,13,1,41
BRF:28
BRH:22
end_of_record
TN:
SF:src/contexts/reporting/application/listeners/cycle-stage.listener.ts
FN:21,(anonymous_4)
FN:36,(anonymous_5)
FN:47,(anonymous_6)
FNF:3
FNH:2
FNDA:17,(anonymous_4)
FNDA:2,(anonymous_5)
FNDA:0,(anonymous_6)
DA:1,17
DA:2,17
DA:3,17
DA:4,17
DA:5,17
DA:6,17
DA:10,17
DA:18,17
DA:19,17
DA:22,17
DA:23,17
DA:25,17
DA:36,17
DA:39,2
DA:40,1
DA:43,1
DA:47,1
DA:48,0
DA:49,0
DA:50,0
DA:56,1
DA:60,1
DA:61,1
DA:67,1
DA:71,1
DA:75,1
DA:80,0
LF:27
LH:23
BRDA:39,0,0,1
BRDA:39,0,1,1
BRDA:49,1,0,0
BRDA:49,1,1,0
BRDA:37,2,0,17
BRDA:37,2,1,0
BRDA:37,3,0,17
BRDA:37,3,1,17
BRDA:38,4,0,17
BRDA:38,4,1,0
BRDA:38,5,0,17
BRDA:38,5,1,17
BRDA:22,6,0,17
BRDA:22,6,1,0
BRDA:22,7,0,17
BRDA:22,7,1,17
BRDA:22,8,0,17
BRDA:22,8,1,0
BRDA:22,9,0,17
BRDA:22,9,1,17
BRDA:23,10,0,0
BRDA:23,10,1,17
BRDA:23,11,0,17
BRDA:23,11,1,0
BRF:24
BRH:16
end_of_record
TN:
SF:src/contexts/reporting/application/listeners/review-stage.listener.ts
FN:17,(anonymous_2)
FN:30,(anonymous_3)
FNF:2
FNH:2
FNDA:17,(anonymous_2)
FNDA:2,(anonymous_3)
DA:1,17
DA:2,17
DA:3,17
DA:4,17
DA:5,17
DA:6,17
DA:14,17
DA:15,17
DA:18,17
DA:19,17
DA:30,17
DA:33,2
DA:34,1
DA:37,1
DA:40,1
DA:44,1
DA:45,1
DA:50,1
DA:54,1
DA:58,1
DA:63,0
LF:21
LH:20
BRDA:33,0,0,1
BRDA:33,0,1,1
BRDA:31,1,0,17
BRDA:31,1,1,0
BRDA:31,2,0,17
BRDA:31,2,1,17
BRDA:32,3,0,17
BRDA:32,3,1,0
BRDA:32,4,0,17
BRDA:32,4,1,17
BRDA:18,5,0,17
BRDA:18,5,1,0
BRDA:18,6,0,17
BRDA:18,6,1,17
BRDA:18,7,0,17
BRDA:18,7,1,0
BRDA:18,8,0,17
BRDA:18,8,1,17
BRF:18
BRH:14
end_of_record
TN:
SF:src/contexts/reporting/application/services/report-analytics.service.ts
FN:12,(anonymous_4)
FN:18,(anonymous_5)
FN:35,(anonymous_6)
FNF:3
FNH:3
FNDA:17,(anonymous_4)
FNDA:4,(anonymous_5)
FNDA:2,(anonymous_6)
DA:1,17
DA:4,17
DA:8,17
DA:11,17
DA:14,17
DA:15,17
DA:22,4
DA:24,2
DA:26,2
DA:27,0
DA:32,2
DA:39,2
DA:41,2
DA:42,1
DA:47,1
DA:49,1
LF:16
LH:15
BRDA:26,0,0,0
BRDA:26,0,1,2
BRDA:41,1,0,1
BRDA:41,1,1,1
BRDA:14,2,0,0
BRDA:14,2,1,17
BRDA:14,3,0,17
BRDA:14,3,1,0
BRDA:14,4,0,17
BRDA:14,4,1,0
BRDA:14,5,0,17
BRDA:14,5,1,17
BRF:12
BRH:8
end_of_record
TN:
SF:src/contexts/reporting/application/services/report-comment.service.ts
FN:12,(anonymous_4)
FN:18,(anonymous_5)
FN:35,(anonymous_6)
FN:47,(anonymous_7)
FNF:4
FNH:4
FNDA:17,(anonymous_4)
FNDA:3,(anonymous_5)
FNDA:2,(anonymous_6)
FNDA:4,(anonymous_7)
DA:1,17
DA:4,17
DA:8,17
DA:11,17
DA:14,17
DA:15,17
DA:22,3
DA:24,2
DA:26,2
DA:27,1
DA:32,1
DA:36,2
DA:38,2
DA:39,1
DA:44,1
DA:48,4
LF:16
LH:16
BRDA:26,0,0,1
BRDA:26,0,1,1
BRDA:26,1,0,2
BRDA:26,1,1,2
BRDA:38,2,0,1
BRDA:38,2,1,1
BRDA:14,3,0,0
BRDA:14,3,1,17
BRDA:14,4,0,17
BRDA:14,4,1,0
BRDA:14,5,0,17
BRDA:14,5,1,0
BRDA:14,6,0,17
BRDA:14,6,1,17
BRF:14
BRH:11
end_of_record
TN:
SF:src/contexts/reporting/application/services/report-insight.service.ts
FN:12,(anonymous_4)
FN:18,(anonymous_5)
FN:35,(anonymous_6)
FNF:3
FNH:3
FNDA:17,(anonymous_4)
FNDA:4,(anonymous_5)
FNDA:2,(anonymous_6)
DA:1,17
DA:4,17
DA:8,17
DA:11,17
DA:14,17
DA:15,17
DA:22,4
DA:24,2
DA:26,2
DA:27,0
DA:32,2
DA:39,2
DA:41,2
DA:42,1
DA:47,1
DA:49,1
LF:16
LH:15
BRDA:26,0,0,0
BRDA:26,0,1,2
BRDA:41,1,0,1
BRDA:41,1,1,1
BRDA:14,2,0,0
BRDA:14,2,1,17
BRDA:14,3,0,17
BRDA:14,3,1,0
BRDA:14,4,0,17
BRDA:14,4,1,0
BRDA:14,5,0,17
BRDA:14,5,1,17
BRF:12
BRH:8
end_of_record
TN:
SF:src/contexts/reporting/application/services/reports.service.ts
FN:87,(anonymous_5)
FN:116,(anonymous_6)
FN:128,(anonymous_7)
FN:142,(anonymous_8)
FN:159,(anonymous_9)
FN:194,(anonymous_10)
FN:216,(anonymous_11)
FN:238,(anonymous_12)
FN:240,(anonymous_13)
FN:250,(anonymous_14)
FN:259,(anonymous_15)
FN:387,(anonymous_16)
FN:418,(anonymous_17)
FN:431,(anonymous_18)
FN:445,(anonymous_19)
FN:528,(anonymous_20)
FN:541,(anonymous_21)
FN:568,(anonymous_22)
FN:572,(anonymous_23)
FN:573,(anonymous_24)
FN:576,(anonymous_25)
FN:587,(anonymous_26)
FN:604,(anonymous_27)
FN:610,(anonymous_28)
FN:635,(anonymous_29)
FN:646,(anonymous_30)
FN:766,(anonymous_31)
FN:769,(anonymous_32)
FN:772,(anonymous_33)
FN:857,(anonymous_34)
FN:864,(anonymous_35)
FN:867,(anonymous_36)
FN:887,(anonymous_37)
FN:893,(anonymous_38)
FN:898,(anonymous_39)
FN:909,(anonymous_40)
FN:925,(anonymous_41)
FN:930,(anonymous_42)
FN:933,(anonymous_43)
FN:936,(anonymous_44)
FN:981,(anonymous_45)
FN:996,(anonymous_46)
FN:1009,(anonymous_47)
FN:1062,(anonymous_48)
FN:1068,(anonymous_49)
FN:1079,(anonymous_50)
FN:1107,(anonymous_51)
FN:1108,(anonymous_52)
FN:1110,(anonymous_53)
FN:1111,(anonymous_54)
FN:1125,(anonymous_55)
FN:1131,(anonymous_56)
FN:1137,(anonymous_57)
FN:1143,(anonymous_58)
FN:1271,(anonymous_59)
FN:1273,(anonymous_60)
FN:1284,(anonymous_61)
FNF:57
FNH:49
FNDA:17,(anonymous_5)
FNDA:3,(anonymous_6)
FNDA:3,(anonymous_7)
FNDA:17,(anonymous_8)
FNDA:14,(anonymous_9)
FNDA:2,(anonymous_10)
FNDA:4,(anonymous_11)
FNDA:2,(anonymous_12)
FNDA:1,(anonymous_13)
FNDA:2,(anonymous_14)
FNDA:2,(anonymous_15)
FNDA:0,(anonymous_16)
FNDA:0,(anonymous_17)
FNDA:0,(anonymous_18)
FNDA:2,(anonymous_19)
FNDA:1,(anonymous_20)
FNDA:0,(anonymous_21)
FNDA:25,(anonymous_22)
FNDA:13,(anonymous_23)
FNDA:12,(anonymous_24)
FNDA:12,(anonymous_25)
FNDA:41,(anonymous_26)
FNDA:4,(anonymous_27)
FNDA:4,(anonymous_28)
FNDA:2,(anonymous_29)
FNDA:1,(anonymous_30)
FNDA:0,(anonymous_31)
FNDA:1,(anonymous_32)
FNDA:1,(anonymous_33)
FNDA:2,(anonymous_34)
FNDA:1,(anonymous_35)
FNDA:1,(anonymous_36)
FNDA:3,(anonymous_37)
FNDA:6,(anonymous_38)
FNDA:2,(anonymous_39)
FNDA:16,(anonymous_40)
FNDA:2,(anonymous_41)
FNDA:1,(anonymous_42)
FNDA:1,(anonymous_43)
FNDA:1,(anonymous_44)
FNDA:24,(anonymous_45)
FNDA:48,(anonymous_46)
FNDA:4,(anonymous_47)
FNDA:4,(anonymous_48)
FNDA:0,(anonymous_49)
FNDA:2,(anonymous_50)
FNDA:2,(anonymous_51)
FNDA:2,(anonymous_52)
FNDA:2,(anonymous_53)
FNDA:2,(anonymous_54)
FNDA:2,(anonymous_55)
FNDA:2,(anonymous_56)
FNDA:0,(anonymous_57)
FNDA:0,(anonymous_58)
FNDA:6,(anonymous_59)
FNDA:12,(anonymous_60)
FNDA:4,(anonymous_61)
DA:1,17
DA:16,17
DA:23,17
DA:24,17
DA:28,17
DA:33,17
DA:37,17
DA:41,17
DA:45,17
DA:49,17
DA:54,17
DA:58,17
DA:63,17
DA:64,17
DA:65,17
DA:66,17
DA:70,17
DA:74,17
DA:78,17
DA:84,17
DA:85,17
DA:89,17
DA:91,17
DA:93,17
DA:95,17
DA:97,17
DA:99,17
DA:101,17
DA:103,17
DA:105,17
DA:107,17
DA:109,17
DA:111,17
DA:114,17
DA:120,3
DA:121,2
DA:129,3
DA:132,2
DA:135,2
DA:136,1
DA:143,17
DA:145,17
DA:146,4
DA:149,13
DA:151,10
DA:163,14
DA:166,14
DA:169,14
DA:171,4
DA:173,4
DA:174,0
DA:178,4
DA:179,4
DA:181,4
DA:183,3
DA:187,3
DA:189,3
DA:198,2
DA:199,2
DA:200,1
DA:205,1
DA:207,1
DA:217,4
DA:219,4
DA:220,4
DA:221,1
DA:222,1
DA:225,3
DA:226,3
DA:227,1
DA:230,2
DA:234,2
DA:235,2
DA:238,2
DA:241,1
DA:247,2
DA:249,2
DA:250,2
DA:251,2
DA:254,2
DA:255,0
DA:258,2
DA:260,2
DA:261,2
DA:266,2
DA:271,2
DA:277,2
DA:281,2
DA:286,2
DA:291,2
DA:293,2
DA:295,2
DA:300,2
DA:329,2
DA:331,2
DA:336,2
DA:343,2
DA:347,2
DA:353,2
DA:359,2
DA:364,2
DA:368,2
DA:372,2
DA:376,2
DA:396,0
DA:397,0
DA:398,0
DA:400,0
DA:406,0
DA:408,0
DA:413,0
DA:418,0
DA:419,0
DA:422,0
DA:425,0
DA:431,0
DA:432,0
DA:451,2
DA:452,2
DA:453,1
DA:458,1
DA:465,2
DA:466,2
DA:467,2
DA:470,0
DA:471,2
DA:472,2
DA:473,2
DA:477,0
DA:478,2
DA:479,2
DA:482,2
DA:483,1
DA:484,1
DA:486,1
DA:490,1
DA:491,1
DA:493,1
DA:494,1
DA:496,0
DA:500,0
DA:501,0
DA:504,0
DA:507,0
DA:509,0
DA:532,1
DA:545,0
DA:546,0
DA:547,0
DA:548,0
DA:551,0
DA:552,0
DA:555,0
DA:556,0
DA:559,0
DA:571,25
DA:572,13
DA:573,12
DA:574,25
DA:575,11
DA:576,12
DA:579,11
DA:590,41
DA:592,33
DA:593,33
DA:609,4
DA:610,4
DA:613,4
DA:614,2
DA:617,2
DA:618,0
DA:621,2
DA:625,2
DA:645,2
DA:646,1
DA:649,2
DA:653,2
DA:654,2
DA:655,2
DA:656,2
DA:657,2
DA:659,2
DA:661,1
DA:663,1
DA:667,1
DA:671,1
DA:676,1
DA:677,0
DA:679,1
DA:680,1
DA:682,1
DA:683,1
DA:686,1
DA:690,1
DA:694,1
DA:699,1
DA:703,1
DA:708,1
DA:733,1
DA:734,1
DA:735,1
DA:745,1
DA:746,0
DA:748,1
DA:749,1
DA:751,1
DA:752,1
DA:755,1
DA:759,2
DA:760,2
DA:761,2
DA:762,2
DA:764,2
DA:765,1
DA:766,0
DA:768,1
DA:769,1
DA:771,1
DA:772,1
DA:775,1
DA:776,0
DA:778,1
DA:779,1
DA:781,1
DA:782,1
DA:785,1
DA:789,1
DA:793,1
DA:798,1
DA:802,1
DA:807,1
DA:833,2
DA:861,2
DA:865,1
DA:867,1
DA:869,2
DA:870,2
DA:871,2
DA:872,0
DA:874,2
DA:875,2
DA:876,2
DA:878,2
DA:891,3
DA:894,6
DA:898,2
DA:899,3
DA:913,16
DA:914,16
DA:916,0
DA:929,2
DA:930,1
DA:932,2
DA:933,1
DA:935,2
DA:936,1
DA:939,2
DA:943,2
DA:947,2
DA:952,2
DA:956,2
DA:960,2
DA:985,24
DA:986,14
DA:988,10
DA:997,48
DA:998,12
DA:1015,4
DA:1016,4
DA:1017,4
DA:1019,4
DA:1023,4
DA:1027,4
DA:1032,4
DA:1036,4
DA:1041,4
DA:1067,4
DA:1070,0
DA:1074,0
DA:1077,0
DA:1080,2
DA:1106,4
DA:1107,2
DA:1108,2
DA:1109,4
DA:1110,2
DA:1111,2
DA:1114,4
DA:1116,4
DA:1118,4
DA:1120,4
DA:1122,4
DA:1126,2
DA:1132,2
DA:1138,0
DA:1144,0
DA:1149,4
DA:1151,4
DA:1179,4
DA:1207,4
DA:1235,4
DA:1263,4
DA:1271,17
DA:1272,6
DA:1273,12
DA:1275,6
DA:1276,4
DA:1285,4
DA:1286,4
DA:1287,8
DA:1289,4
LF:311
LH:267
BRDA:129,0,0,1
BRDA:129,0,1,2
BRDA:132,1,0,2
BRDA:132,1,1,2
BRDA:135,2,0,1
BRDA:135,2,1,1
BRDA:145,3,0,4
BRDA:145,3,1,13
BRDA:163,4,0,0
BRDA:163,4,1,14
BRDA:166,5,0,14
BRDA:166,5,1,14
BRDA:169,6,0,10
BRDA:169,6,1,4
BRDA:173,7,0,0
BRDA:173,7,1,4
BRDA:181,8,0,1
BRDA:181,8,1,3
BRDA:181,9,0,4
BRDA:181,9,1,4
BRDA:187,10,0,0
BRDA:187,10,1,3
BRDA:199,11,0,1
BRDA:199,11,1,1
BRDA:220,12,0,1
BRDA:220,12,1,3
BRDA:226,13,0,1
BRDA:226,13,1,2
BRDA:254,14,0,0
BRDA:254,14,1,2
BRDA:268,15,0,2
BRDA:268,15,1,1
BRDA:273,16,0,2
BRDA:273,16,1,1
BRDA:396,17,0,0
BRDA:396,17,1,0
BRDA:408,18,0,0
BRDA:408,18,1,0
BRDA:409,19,0,0
BRDA:409,19,1,0
BRDA:419,20,0,0
BRDA:419,20,1,0
BRDA:431,21,0,0
BRDA:431,21,1,0
BRDA:453,22,0,1
BRDA:453,22,1,0
BRDA:454,23,0,1
BRDA:454,23,1,1
BRDA:454,23,2,1
BRDA:467,24,0,0
BRDA:467,24,1,2
BRDA:472,25,0,0
BRDA:472,25,1,2
BRDA:473,26,0,0
BRDA:473,26,1,2
BRDA:474,27,0,2
BRDA:474,27,1,2
BRDA:478,28,0,2
BRDA:478,28,1,1
BRDA:484,29,0,0
BRDA:484,29,1,1
BRDA:484,30,0,1
BRDA:484,30,1,1
BRDA:487,31,0,1
BRDA:487,31,1,0
BRDA:488,32,0,1
BRDA:488,32,1,0
BRDA:491,33,0,0
BRDA:491,33,1,1
BRDA:494,34,0,1
BRDA:494,34,1,0
BRDA:500,35,0,0
BRDA:500,35,1,0
BRDA:507,36,0,0
BRDA:507,36,1,0
BRDA:511,37,0,0
BRDA:511,37,1,0
BRDA:552,38,0,0
BRDA:552,38,1,0
BRDA:555,39,0,0
BRDA:555,39,1,0
BRDA:555,40,0,0
BRDA:555,40,1,0
BRDA:572,41,0,13
BRDA:572,41,1,12
BRDA:573,42,0,12
BRDA:573,42,1,0
BRDA:574,43,0,14
BRDA:574,43,1,11
BRDA:590,44,0,8
BRDA:590,44,1,33
BRDA:590,45,0,41
BRDA:590,45,1,33
BRDA:592,46,0,33
BRDA:592,46,1,0
BRDA:613,47,0,2
BRDA:613,47,1,2
BRDA:617,48,0,0
BRDA:617,48,1,2
BRDA:661,49,0,1
BRDA:661,49,1,0
BRDA:676,50,0,0
BRDA:676,50,1,1
BRDA:679,51,0,1
BRDA:679,51,1,0
BRDA:682,52,0,1
BRDA:682,52,1,0
BRDA:717,53,0,1
BRDA:717,53,1,1
BRDA:718,54,0,1
BRDA:718,54,1,0
BRDA:719,55,0,1
BRDA:719,55,1,0
BRDA:721,56,0,1
BRDA:721,56,1,1
BRDA:723,57,0,1
BRDA:723,57,1,0
BRDA:725,58,0,1
BRDA:725,58,1,0
BRDA:727,59,0,1
BRDA:727,59,1,1
BRDA:729,60,0,1
BRDA:729,60,1,1
BRDA:734,61,0,1
BRDA:734,61,1,0
BRDA:734,62,0,1
BRDA:734,62,1,1
BRDA:735,63,0,1
BRDA:735,63,1,1
BRDA:739,64,0,1
BRDA:739,64,1,0
BRDA:745,65,0,0
BRDA:745,65,1,1
BRDA:748,66,0,1
BRDA:748,66,1,0
BRDA:751,67,0,1
BRDA:751,67,1,0
BRDA:775,68,0,0
BRDA:775,68,1,1
BRDA:778,69,0,1
BRDA:778,69,1,0
BRDA:781,70,0,1
BRDA:781,70,1,0
BRDA:816,71,0,1
BRDA:816,71,1,1
BRDA:817,72,0,1
BRDA:817,72,1,0
BRDA:818,73,0,1
BRDA:818,73,1,0
BRDA:820,74,0,1
BRDA:820,74,1,1
BRDA:822,75,0,1
BRDA:822,75,1,0
BRDA:824,76,0,1
BRDA:824,76,1,0
BRDA:826,77,0,1
BRDA:826,77,1,1
BRDA:828,78,0,1
BRDA:828,78,1,1
BRDA:871,79,0,0
BRDA:871,79,1,2
BRDA:874,80,0,2
BRDA:874,80,1,1
BRDA:894,81,0,6
BRDA:894,81,1,2
BRDA:894,81,2,2
BRDA:913,82,0,16
BRDA:913,82,1,0
BRDA:913,83,0,16
BRDA:913,83,1,10
BRDA:985,84,0,14
BRDA:985,84,1,10
BRDA:985,85,0,24
BRDA:985,85,1,10
BRDA:997,86,0,36
BRDA:997,86,1,12
BRDA:1070,87,0,0
BRDA:1070,87,1,0
BRDA:1071,88,0,0
BRDA:1071,88,1,0
BRDA:1072,89,0,0
BRDA:1072,89,1,0
BRDA:1074,90,0,0
BRDA:1074,90,1,0
BRDA:1075,91,0,0
BRDA:1075,91,1,0
BRDA:1076,92,0,0
BRDA:1076,92,1,0
BRDA:1082,93,0,1
BRDA:1082,93,1,1
BRDA:1087,94,0,2
BRDA:1087,94,1,0
BRDA:1087,95,0,1
BRDA:1087,95,1,1
BRDA:1108,96,0,2
BRDA:1108,96,1,2
BRDA:1111,97,0,2
BRDA:1111,97,1,2
BRDA:1114,98,0,2
BRDA:1114,98,1,2
BRDA:1116,99,0,2
BRDA:1116,99,1,2
BRDA:1118,100,0,0
BRDA:1118,100,1,4
BRDA:1120,101,0,0
BRDA:1120,101,1,4
BRDA:1124,102,0,2
BRDA:1124,102,1,2
BRDA:1126,103,0,2
BRDA:1126,103,1,0
BRDA:1130,104,0,2
BRDA:1130,104,1,2
BRDA:1132,105,0,2
BRDA:1132,105,1,0
BRDA:1136,106,0,0
BRDA:1136,106,1,4
BRDA:1138,107,0,0
BRDA:1138,107,1,0
BRDA:1142,108,0,0
BRDA:1142,108,1,4
BRDA:1144,109,0,0
BRDA:1144,109,1,0
BRDA:1157,110,0,2
BRDA:1157,110,1,2
BRDA:1158,111,0,2
BRDA:1158,111,1,1
BRDA:1161,112,0,2
BRDA:1161,112,1,2
BRDA:1162,113,0,2
BRDA:1162,113,1,1
BRDA:1165,114,0,2
BRDA:1165,114,1,2
BRDA:1166,115,0,2
BRDA:1166,115,1,1
BRDA:1169,116,0,2
BRDA:1169,116,1,2
BRDA:1170,117,0,2
BRDA:1170,117,1,1
BRDA:1185,118,0,2
BRDA:1185,118,1,2
BRDA:1186,119,0,2
BRDA:1186,119,1,1
BRDA:1189,120,0,2
BRDA:1189,120,1,2
BRDA:1190,121,0,2
BRDA:1190,121,1,1
BRDA:1193,122,0,2
BRDA:1193,122,1,2
BRDA:1194,123,0,2
BRDA:1194,123,1,1
BRDA:1197,124,0,2
BRDA:1197,124,1,2
BRDA:1198,125,0,2
BRDA:1198,125,1,1
BRDA:1213,126,0,2
BRDA:1213,126,1,2
BRDA:1214,127,0,2
BRDA:1214,127,1,2
BRDA:1217,128,0,2
BRDA:1217,128,1,2
BRDA:1218,129,0,2
BRDA:1218,129,1,2
BRDA:1221,130,0,2
BRDA:1221,130,1,2
BRDA:1222,131,0,2
BRDA:1222,131,1,2
BRDA:1225,132,0,2
BRDA:1225,132,1,2
BRDA:1226,133,0,2
BRDA:1226,133,1,2
BRDA:1241,134,0,2
BRDA:1241,134,1,2
BRDA:1242,135,0,2
BRDA:1242,135,1,2
BRDA:1245,136,0,2
BRDA:1245,136,1,2
BRDA:1246,137,0,2
BRDA:1246,137,1,2
BRDA:1249,138,0,2
BRDA:1249,138,1,2
BRDA:1250,139,0,2
BRDA:1250,139,1,2
BRDA:1253,140,0,2
BRDA:1253,140,1,2
BRDA:1254,141,0,2
BRDA:1254,141,1,2
BRDA:1273,142,0,12
BRDA:1273,142,1,8
BRDA:1275,143,0,2
BRDA:1275,143,1,4
BRDA:89,144,0,0
BRDA:89,144,1,17
BRDA:89,145,0,17
BRDA:89,145,1,0
BRDA:89,146,0,0
BRDA:89,146,1,17
BRDA:89,147,0,17
BRDA:89,147,1,0
BRDA:91,148,0,0
BRDA:91,148,1,17
BRDA:91,149,0,17
BRDA:91,149,1,0
BRDA:93,150,0,0
BRDA:93,150,1,17
BRDA:93,151,0,17
BRDA:93,151,1,0
BRDA:95,152,0,0
BRDA:95,152,1,17
BRDA:95,153,0,17
BRDA:95,153,1,0
BRDA:97,154,0,0
BRDA:97,154,1,17
BRDA:97,155,0,17
BRDA:97,155,1,0
BRDA:99,156,0,0
BRDA:99,156,1,17
BRDA:99,157,0,17
BRDA:99,157,1,0
BRDA:101,158,0,0
BRDA:101,158,1,17
BRDA:101,159,0,17
BRDA:101,159,1,0
BRDA:103,160,0,0
BRDA:103,160,1,17
BRDA:103,161,0,17
BRDA:103,161,1,0
BRDA:105,162,0,0
BRDA:105,162,1,17
BRDA:105,163,0,17
BRDA:105,163,1,0
BRDA:107,164,0,0
BRDA:107,164,1,17
BRDA:107,165,0,17
BRDA:107,165,1,0
BRDA:109,166,0,0
BRDA:109,166,1,17
BRDA:109,167,0,17
BRDA:109,167,1,0
BRF:338
BRH:231
end_of_record
TN:
SF:src/contexts/reporting/application/services/startegic-report-insight.service.ts
FN:12,(anonymous_4)
FN:18,(anonymous_5)
FN:36,(anonymous_6)
FNF:3
FNH:3
FNDA:17,(anonymous_4)
FNDA:4,(anonymous_5)
FNDA:2,(anonymous_6)
DA:1,17
DA:4,17
DA:8,17
DA:11,17
DA:14,17
DA:15,17
DA:22,4
DA:25,2
DA:27,2
DA:28,0
DA:33,2
DA:40,2
DA:42,2
DA:43,1
DA:48,1
DA:50,1
LF:16
LH:15
BRDA:27,0,0,0
BRDA:27,0,1,2
BRDA:42,1,0,1
BRDA:42,1,1,1
BRDA:14,2,0,0
BRDA:14,2,1,17
BRDA:14,3,0,17
BRDA:14,3,1,0
BRDA:14,4,0,17
BRDA:14,4,1,0
BRDA:14,5,0,17
BRDA:14,5,1,17
BRF:12
BRH:8
end_of_record
TN:
SF:src/contexts/reporting/application/services/strategic-report-analytics.service.ts
FN:12,(anonymous_4)
FN:18,(anonymous_5)
FN:38,(anonymous_6)
FNF:3
FNH:3
FNDA:17,(anonymous_4)
FNDA:4,(anonymous_5)
FNDA:2,(anonymous_6)
DA:1,17
DA:4,17
DA:8,17
DA:11,17
DA:14,17
DA:15,17
DA:22,4
DA:25,2
DA:29,2
DA:30,0
DA:35,2
DA:42,2
DA:44,2
DA:45,1
DA:50,1
DA:55,1
LF:16
LH:15
BRDA:29,0,0,0
BRDA:29,0,1,2
BRDA:44,1,0,1
BRDA:44,1,1,1
BRDA:14,2,0,0
BRDA:14,2,1,17
BRDA:14,3,0,17
BRDA:14,3,1,0
BRDA:14,4,0,17
BRDA:14,4,1,0
BRDA:14,5,0,17
BRDA:14,5,1,17
BRF:12
BRH:8
end_of_record
TN:
SF:src/contexts/reporting/application/services/strategic-reports.service.ts
FN:98,(anonymous_5)
FN:131,(anonymous_6)
FN:143,(anonymous_7)
FN:157,(anonymous_8)
FN:179,(anonymous_9)
FN:199,(anonymous_10)
FN:209,(anonymous_11)
FN:230,(anonymous_12)
FN:319,(anonymous_13)
FN:349,(anonymous_14)
FN:362,(anonymous_15)
FN:375,(anonymous_16)
FN:382,(anonymous_17)
FN:414,(anonymous_18)
FN:418,(anonymous_19)
FN:441,(anonymous_20)
FN:442,(anonymous_21)
FN:444,(anonymous_22)
FN:445,(anonymous_23)
FN:447,(anonymous_24)
FN:451,(anonymous_25)
FN:452,(anonymous_26)
FN:453,(anonymous_27)
FN:455,(anonymous_28)
FN:458,(anonymous_29)
FN:461,(anonymous_30)
FN:465,(anonymous_31)
FN:468,(anonymous_32)
FN:471,(anonymous_33)
FN:553,(anonymous_34)
FN:557,(anonymous_35)
FN:558,(anonymous_36)
FN:561,(anonymous_37)
FN:572,(anonymous_38)
FN:588,(anonymous_39)
FN:609,(anonymous_40)
FN:621,(anonymous_41)
FN:622,(anonymous_42)
FN:630,(anonymous_43)
FN:633,(anonymous_44)
FN:636,(anonymous_45)
FN:693,(anonymous_46)
FN:698,(anonymous_47)
FN:701,(anonymous_48)
FN:704,(anonymous_49)
FN:749,(anonymous_50)
FN:766,(anonymous_51)
FN:782,(anonymous_52)
FN:794,(anonymous_53)
FN:799,(anonymous_54)
FN:804,(anonymous_55)
FN:828,(anonymous_56)
FN:829,(anonymous_57)
FN:831,(anonymous_58)
FN:832,(anonymous_59)
FN:846,(anonymous_60)
FN:852,(anonymous_61)
FN:858,(anonymous_62)
FN:864,(anonymous_63)
FN:936,(anonymous_64)
FN:938,(anonymous_65)
FN:949,(anonymous_66)
FNF:62
FNH:49
FNDA:17,(anonymous_5)
FNDA:2,(anonymous_6)
FNDA:2,(anonymous_7)
FNDA:12,(anonymous_8)
FNDA:10,(anonymous_9)
FNDA:2,(anonymous_10)
FNDA:2,(anonymous_11)
FNDA:5,(anonymous_12)
FNDA:0,(anonymous_13)
FNDA:2,(anonymous_14)
FNDA:2,(anonymous_15)
FNDA:2,(anonymous_16)
FNDA:2,(anonymous_17)
FNDA:0,(anonymous_18)
FNDA:2,(anonymous_19)
FNDA:2,(anonymous_20)
FNDA:0,(anonymous_21)
FNDA:0,(anonymous_22)
FNDA:0,(anonymous_23)
FNDA:6,(anonymous_24)
FNDA:0,(anonymous_25)
FNDA:0,(anonymous_26)
FNDA:0,(anonymous_27)
FNDA:0,(anonymous_28)
FNDA:0,(anonymous_29)
FNDA:0,(anonymous_30)
FNDA:2,(anonymous_31)
FNDA:2,(anonymous_32)
FNDA:2,(anonymous_33)
FNDA:12,(anonymous_34)
FNDA:12,(anonymous_35)
FNDA:12,(anonymous_36)
FNDA:12,(anonymous_37)
FNDA:52,(anonymous_38)
FNDA:0,(anonymous_39)
FNDA:2,(anonymous_40)
FNDA:2,(anonymous_41)
FNDA:2,(anonymous_42)
FNDA:2,(anonymous_43)
FNDA:2,(anonymous_44)
FNDA:2,(anonymous_45)
FNDA:2,(anonymous_46)
FNDA:2,(anonymous_47)
FNDA:2,(anonymous_48)
FNDA:2,(anonymous_49)
FNDA:12,(anonymous_50)
FNDA:8,(anonymous_51)
FNDA:16,(anonymous_52)
FNDA:2,(anonymous_53)
FNDA:0,(anonymous_54)
FNDA:2,(anonymous_55)
FNDA:2,(anonymous_56)
FNDA:2,(anonymous_57)
FNDA:2,(anonymous_58)
FNDA:2,(anonymous_59)
FNDA:2,(anonymous_60)
FNDA:2,(anonymous_61)
FNDA:2,(anonymous_62)
FNDA:2,(anonymous_63)
FNDA:6,(anonymous_64)
FNDA:12,(anonymous_65)
FNDA:6,(anonymous_66)
DA:1,17
DA:12,17
DA:19,17
DA:20,17
DA:24,17
DA:28,17
DA:34,17
DA:39,17
DA:44,17
DA:48,17
DA:54,17
DA:58,17
DA:62,17
DA:70,17
DA:71,17
DA:72,17
DA:73,17
DA:77,17
DA:81,17
DA:85,17
DA:89,17
DA:95,17
DA:96,17
DA:100,17
DA:102,17
DA:104,17
DA:106,17
DA:108,17
DA:110,17
DA:112,17
DA:114,17
DA:116,17
DA:118,17
DA:120,17
DA:122,17
DA:124,17
DA:126,17
DA:128,17
DA:135,2
DA:136,1
DA:144,2
DA:147,2
DA:150,2
DA:151,1
DA:161,12
DA:163,12
DA:164,3
DA:169,9
DA:171,7
DA:183,10
DA:186,10
DA:189,10
DA:191,2
DA:193,2
DA:194,0
DA:198,2
DA:199,2
DA:202,2
DA:204,2
DA:213,2
DA:214,2
DA:215,1
DA:220,1
DA:222,1
DA:233,5
DA:235,5
DA:236,5
DA:237,1
DA:240,4
DA:241,4
DA:242,1
DA:243,1
DA:246,3
DA:247,3
DA:248,1
DA:253,2
DA:254,2
DA:261,2
DA:263,2
DA:264,2
DA:265,2
DA:266,2
DA:267,2
DA:270,2
DA:282,2
DA:283,2
DA:284,2
DA:285,2
DA:290,2
DA:291,2
DA:292,2
DA:293,2
DA:294,2
DA:296,2
DA:297,2
DA:298,2
DA:299,2
DA:300,2
DA:302,2
DA:303,2
DA:304,2
DA:306,2
DA:307,0
DA:310,2
DA:311,0
DA:315,2
DA:319,2
DA:320,0
DA:322,0
DA:323,0
DA:327,2
DA:328,0
DA:329,0
DA:330,0
DA:331,0
DA:336,2
DA:337,0
DA:338,0
DA:339,0
DA:340,0
DA:345,2
DA:349,2
DA:350,2
DA:352,2
DA:353,2
DA:358,2
DA:362,2
DA:363,2
DA:367,2
DA:374,2
DA:376,2
DA:380,2
DA:381,2
DA:382,2
DA:384,2
DA:385,0
DA:390,2
DA:391,2
DA:392,2
DA:393,2
DA:394,2
DA:397,2
DA:398,2
DA:399,2
DA:403,2
DA:404,2
DA:406,2
DA:407,2
DA:408,2
DA:413,2
DA:414,2
DA:417,2
DA:419,2
DA:429,2
DA:430,2
DA:435,2
DA:440,2
DA:441,2
DA:442,0
DA:443,2
DA:444,0
DA:445,0
DA:446,2
DA:447,2
DA:448,6
DA:450,2
DA:451,0
DA:452,0
DA:453,2
DA:454,2
DA:455,0
DA:457,2
DA:458,0
DA:460,2
DA:461,0
DA:464,2
DA:465,2
DA:467,2
DA:468,2
DA:470,2
DA:471,2
DA:474,2
DA:508,2
DA:510,2
DA:514,2
DA:518,2
DA:523,2
DA:527,2
DA:531,2
DA:534,2
DA:535,0
DA:540,2
DA:544,2
DA:556,12
DA:557,12
DA:558,12
DA:559,12
DA:560,12
DA:561,12
DA:564,12
DA:575,52
DA:577,52
DA:578,52
DA:592,0
DA:593,0
DA:596,0
DA:598,0
DA:617,2
DA:619,2
DA:620,2
DA:621,2
DA:622,2
DA:623,2
DA:624,2
DA:629,2
DA:630,2
DA:632,2
DA:633,2
DA:635,2
DA:636,2
DA:639,2
DA:643,2
DA:647,2
DA:652,2
DA:656,2
DA:661,2
DA:684,2
DA:697,2
DA:698,2
DA:700,2
DA:701,2
DA:703,2
DA:704,2
DA:707,2
DA:711,2
DA:715,2
DA:720,2
DA:724,2
DA:728,2
DA:753,12
DA:754,0
DA:756,12
DA:770,8
DA:771,0
DA:774,8
DA:783,16
DA:784,16
DA:798,2
DA:800,0
DA:801,0
DA:802,0
DA:805,2
DA:827,2
DA:828,2
DA:829,2
DA:830,2
DA:831,2
DA:832,2
DA:835,2
DA:837,2
DA:839,2
DA:841,2
DA:843,2
DA:847,2
DA:853,2
DA:859,2
DA:865,2
DA:870,2
DA:872,2
DA:886,2
DA:900,2
DA:914,2
DA:928,2
DA:936,17
DA:937,6
DA:938,12
DA:940,6
DA:941,6
DA:950,6
DA:951,6
DA:952,12
DA:954,6
LF:282
LH:249
BRDA:144,0,0,0
BRDA:144,0,1,2
BRDA:147,1,0,2
BRDA:147,1,1,2
BRDA:150,2,0,1
BRDA:150,2,1,1
BRDA:163,3,0,3
BRDA:163,3,1,9
BRDA:183,4,0,0
BRDA:183,4,1,10
BRDA:186,5,0,10
BRDA:186,5,1,10
BRDA:189,6,0,8
BRDA:189,6,1,2
BRDA:193,7,0,0
BRDA:193,7,1,2
BRDA:193,8,0,2
BRDA:193,8,1,2
BRDA:202,9,0,0
BRDA:202,9,1,2
BRDA:214,10,0,1
BRDA:214,10,1,1
BRDA:236,11,0,1
BRDA:236,11,1,4
BRDA:241,12,0,1
BRDA:241,12,1,3
BRDA:247,13,0,1
BRDA:247,13,1,2
BRDA:247,14,0,3
BRDA:247,14,1,3
BRDA:265,15,0,2
BRDA:265,15,1,0
BRDA:273,16,0,2
BRDA:273,16,1,0
BRDA:276,17,0,2
BRDA:276,17,1,0
BRDA:303,18,0,2
BRDA:303,18,1,0
BRDA:306,19,0,0
BRDA:306,19,1,2
BRDA:310,20,0,0
BRDA:310,20,1,2
BRDA:322,21,0,0
BRDA:322,21,1,0
BRDA:328,22,0,0
BRDA:328,22,1,0
BRDA:330,23,0,0
BRDA:330,23,1,0
BRDA:337,24,0,0
BRDA:337,24,1,0
BRDA:339,25,0,0
BRDA:339,25,1,0
BRDA:352,26,0,2
BRDA:352,26,1,0
BRDA:363,27,0,2
BRDA:363,27,1,0
BRDA:380,28,0,2
BRDA:380,28,1,0
BRDA:384,29,0,0
BRDA:384,29,1,2
BRDA:385,30,0,0
BRDA:385,30,1,0
BRDA:391,31,0,2
BRDA:391,31,1,0
BRDA:393,32,0,2
BRDA:393,32,1,0
BRDA:398,33,0,2
BRDA:398,33,1,0
BRDA:398,34,0,2
BRDA:398,34,1,2
BRDA:404,35,0,2
BRDA:404,35,1,0
BRDA:407,36,0,2
BRDA:407,36,1,0
BRDA:534,37,0,0
BRDA:534,37,1,2
BRDA:557,38,0,12
BRDA:557,38,1,12
BRDA:558,39,0,12
BRDA:558,39,1,0
BRDA:559,40,0,0
BRDA:559,40,1,12
BRDA:575,41,0,0
BRDA:575,41,1,52
BRDA:575,42,0,52
BRDA:575,42,1,52
BRDA:577,43,0,52
BRDA:577,43,1,0
BRDA:592,44,0,0
BRDA:592,44,1,0
BRDA:598,45,0,0
BRDA:598,45,1,0
BRDA:623,46,0,2
BRDA:623,46,1,0
BRDA:667,47,0,2
BRDA:667,47,1,0
BRDA:668,48,0,2
BRDA:668,48,1,0
BRDA:669,49,0,2
BRDA:669,49,1,0
BRDA:671,50,0,2
BRDA:671,50,1,0
BRDA:673,51,0,2
BRDA:673,51,1,0
BRDA:675,52,0,2
BRDA:675,52,1,0
BRDA:677,53,0,2
BRDA:677,53,1,0
BRDA:679,54,0,2
BRDA:679,54,1,0
BRDA:753,55,0,0
BRDA:753,55,1,12
BRDA:753,56,0,12
BRDA:753,56,1,12
BRDA:770,57,0,0
BRDA:770,57,1,8
BRDA:770,58,0,8
BRDA:770,58,1,8
BRDA:783,59,0,0
BRDA:783,59,1,16
BRDA:800,60,0,0
BRDA:800,60,1,0
BRDA:801,61,0,0
BRDA:801,61,1,0
BRDA:829,62,0,2
BRDA:829,62,1,2
BRDA:832,63,0,2
BRDA:832,63,1,2
BRDA:835,64,0,2
BRDA:835,64,1,0
BRDA:837,65,0,2
BRDA:837,65,1,0
BRDA:839,66,0,2
BRDA:839,66,1,0
BRDA:841,67,0,2
BRDA:841,67,1,0
BRDA:845,68,0,2
BRDA:845,68,1,0
BRDA:847,69,0,2
BRDA:847,69,1,0
BRDA:851,70,0,2
BRDA:851,70,1,0
BRDA:853,71,0,2
BRDA:853,71,1,0
BRDA:857,72,0,2
BRDA:857,72,1,0
BRDA:859,73,0,2
BRDA:859,73,1,0
BRDA:863,74,0,2
BRDA:863,74,1,0
BRDA:865,75,0,2
BRDA:865,75,1,0
BRDA:876,76,0,2
BRDA:876,76,1,0
BRDA:878,77,0,2
BRDA:878,77,1,0
BRDA:890,78,0,2
BRDA:890,78,1,0
BRDA:892,79,0,2
BRDA:892,79,1,0
BRDA:904,80,0,2
BRDA:904,80,1,0
BRDA:906,81,0,2
BRDA:906,81,1,0
BRDA:918,82,0,2
BRDA:918,82,1,0
BRDA:920,83,0,2
BRDA:920,83,1,0
BRDA:938,84,0,12
BRDA:938,84,1,12
BRDA:940,85,0,0
BRDA:940,85,1,6
BRDA:100,86,0,0
BRDA:100,86,1,17
BRDA:100,87,0,17
BRDA:100,87,1,0
BRDA:100,88,0,0
BRDA:100,88,1,17
BRDA:100,89,0,17
BRDA:100,89,1,0
BRDA:102,90,0,0
BRDA:102,90,1,17
BRDA:102,91,0,17
BRDA:102,91,1,0
BRDA:104,92,0,0
BRDA:104,92,1,17
BRDA:104,93,0,17
BRDA:104,93,1,0
BRDA:106,94,0,0
BRDA:106,94,1,17
BRDA:106,95,0,17
BRDA:106,95,1,0
BRDA:108,96,0,0
BRDA:108,96,1,17
BRDA:108,97,0,17
BRDA:108,97,1,0
BRDA:110,98,0,0
BRDA:110,98,1,17
BRDA:110,99,0,17
BRDA:110,99,1,0
BRDA:112,100,0,0
BRDA:112,100,1,17
BRDA:112,101,0,17
BRDA:112,101,1,0
BRDA:114,102,0,0
BRDA:114,102,1,17
BRDA:114,103,0,17
BRDA:114,103,1,0
BRDA:116,104,0,0
BRDA:116,104,1,17
BRDA:116,105,0,17
BRDA:116,105,1,0
BRDA:118,106,0,0
BRDA:118,106,1,17
BRDA:118,107,0,17
BRDA:118,107,1,0
BRDA:120,108,0,0
BRDA:120,108,1,17
BRDA:120,109,0,17
BRDA:120,109,1,0
BRDA:122,110,0,0
BRDA:122,110,1,17
BRDA:122,111,0,17
BRDA:122,111,1,0
BRDA:124,112,0,0
BRDA:124,112,1,17
BRDA:124,113,0,17
BRDA:124,113,1,0
BRDA:126,114,0,0
BRDA:126,114,1,17
BRDA:126,115,0,17
BRDA:126,115,1,0
BRF:232
BRH:125
end_of_record
TN:
SF:src/contexts/reporting/application/services/text-answer.service.ts
FN:20,(anonymous_4)
FN:27,(anonymous_5)
FN:42,(anonymous_6)
FN:48,(anonymous_7)
FN:50,(anonymous_8)
FN:66,(anonymous_9)
FNF:6
FNH:6
FNDA:17,(anonymous_4)
FNDA:6,(anonymous_5)
FNDA:5,(anonymous_6)
FNDA:7,(anonymous_7)
FNDA:5,(anonymous_8)
FNDA:6,(anonymous_9)
DA:1,17
DA:6,17
DA:8,17
DA:12,17
DA:19,17
DA:22,17
DA:24,17
DA:31,6
DA:33,5
DA:41,5
DA:42,5
DA:43,5
DA:46,5
DA:48,7
DA:51,5
DA:52,5
DA:67,6
DA:70,5
DA:73,5
DA:75,1
LF:20
LH:20
BRDA:48,0,0,7
BRDA:48,0,1,6
BRDA:54,1,0,5
BRDA:54,1,1,1
BRDA:67,2,0,1
BRDA:67,2,1,5
BRDA:70,3,0,5
BRDA:70,3,1,4
BRDA:73,4,0,4
BRDA:73,4,1,1
BRDA:22,5,0,0
BRDA:22,5,1,17
BRDA:22,6,0,17
BRDA:22,6,1,0
BRDA:22,7,0,0
BRDA:22,7,1,17
BRDA:22,8,0,17
BRDA:22,8,1,0
BRF:18
BRH:14
end_of_record
TN:
SF:src/contexts/reporting/infrastructure/prisma-repositories/report-analytics.repository.ts
FN:14,(anonymous_2)
FN:16,(anonymous_3)
FN:24,(anonymous_4)
FN:31,(anonymous_5)
FN:40,(anonymous_6)
FNF:5
FNH:5
FNDA:17,(anonymous_2)
FNDA:10,(anonymous_3)
FNDA:11,(anonymous_4)
FNDA:6,(anonymous_5)
FNDA:4,(anonymous_6)
DA:1,17
DA:2,17
DA:3,17
DA:8,17
DA:11,17
DA:12,17
DA:14,17
DA:20,10
DA:21,2
DA:24,8
DA:25,11
DA:28,8
DA:32,6
DA:37,6
DA:41,4
DA:45,4
LF:16
LH:16
BRDA:20,0,0,2
BRDA:20,0,1,8
BRDA:45,1,0,2
BRDA:45,1,1,2
BRDA:14,2,0,17
BRDA:14,2,1,0
BRDA:14,3,0,17
BRDA:14,3,1,17
BRF:8
BRH:7
end_of_record
TN:
SF:src/contexts/reporting/infrastructure/prisma-repositories/report-comment.repository.ts
FN:14,(anonymous_2)
FN:16,(anonymous_3)
FN:23,(anonymous_4)
FN:32,(anonymous_5)
FNF:4
FNH:4
FNDA:17,(anonymous_2)
FNDA:9,(anonymous_3)
FNDA:4,(anonymous_4)
FNDA:4,(anonymous_5)
DA:1,17
DA:2,17
DA:3,17
DA:8,17
DA:11,17
DA:12,17
DA:14,17
DA:17,9
DA:20,9
DA:24,4
DA:29,4
DA:33,4
DA:37,4
LF:13
LH:13
BRDA:37,0,0,2
BRDA:37,0,1,2
BRDA:14,1,0,17
BRDA:14,1,1,0
BRDA:14,2,0,17
BRDA:14,2,1,17
BRF:6
BRH:5
end_of_record
TN:
SF:src/contexts/reporting/infrastructure/prisma-repositories/report-insight.repository.ts
FN:14,(anonymous_2)
FN:16,(anonymous_3)
FN:24,(anonymous_4)
FN:31,(anonymous_5)
FN:40,(anonymous_6)
FNF:5
FNH:5
FNDA:17,(anonymous_2)
FNDA:8,(anonymous_3)
FNDA:23,(anonymous_4)
FNDA:4,(anonymous_5)
FNDA:4,(anonymous_6)
DA:1,17
DA:2,17
DA:3,17
DA:8,17
DA:11,17
DA:12,17
DA:14,17
DA:20,8
DA:21,1
DA:24,7
DA:25,23
DA:28,7
DA:32,4
DA:37,4
DA:41,4
DA:45,4
LF:16
LH:16
BRDA:20,0,0,1
BRDA:20,0,1,7
BRDA:45,1,0,2
BRDA:45,1,1,2
BRDA:14,2,0,17
BRDA:14,2,1,0
BRDA:14,3,0,17
BRDA:14,3,1,17
BRF:8
BRH:7
end_of_record
TN:
SF:src/contexts/reporting/infrastructure/prisma-repositories/report.repository.ts
FN:20,(anonymous_2)
FN:22,(anonymous_3)
FN:29,(anonymous_4)
FN:42,(anonymous_5)
FN:55,(anonymous_6)
FN:68,(anonymous_7)
FN:102,(anonymous_8)
FN:137,(anonymous_9)
FNF:8
FNH:7
FNDA:17,(anonymous_2)
FNDA:9,(anonymous_3)
FNDA:59,(anonymous_4)
FNDA:20,(anonymous_5)
FNDA:10,(anonymous_6)
FNDA:9,(anonymous_7)
FNDA:0,(anonymous_8)
FNDA:9,(anonymous_9)
DA:2,17
DA:7,17
DA:8,17
DA:9,17
DA:14,17
DA:17,17
DA:18,17
DA:20,17
DA:23,9
DA:24,9
DA:25,9
DA:26,9
DA:30,59
DA:39,59
DA:43,20
DA:52,20
DA:56,10
DA:65,10
DA:94,9
DA:95,9
DA:103,0
DA:140,9
DA:141,9
DA:142,9
LF:24
LH:23
BRDA:52,0,0,15
BRDA:52,0,1,5
BRDA:65,1,0,4
BRDA:65,1,1,6
BRDA:96,2,0,0
BRDA:96,2,1,9
BRDA:97,3,0,4
BRDA:97,3,1,5
BRDA:98,4,0,1
BRDA:98,4,1,8
BRDA:99,5,0,0
BRDA:99,5,1,9
BRDA:108,6,0,0
BRDA:108,6,1,9
BRDA:109,7,0,0
BRDA:109,7,1,9
BRDA:110,8,0,0
BRDA:110,8,1,9
BRDA:111,9,0,0
BRDA:111,9,1,9
BRDA:112,10,0,0
BRDA:112,10,1,9
BRDA:113,11,0,0
BRDA:113,11,1,9
BRDA:114,12,0,0
BRDA:114,12,1,9
BRDA:115,13,0,0
BRDA:115,13,1,9
BRDA:116,14,0,0
BRDA:116,14,1,9
BRDA:117,15,0,0
BRDA:117,15,1,9
BRDA:118,16,0,0
BRDA:118,16,1,9
BRDA:121,17,0,0
BRDA:121,17,1,9
BRDA:122,18,0,0
BRDA:122,18,1,9
BRDA:123,19,0,0
BRDA:123,19,1,9
BRDA:124,20,0,0
BRDA:124,20,1,9
BRDA:125,21,0,0
BRDA:125,21,1,9
BRDA:126,22,0,0
BRDA:126,22,1,9
BRDA:127,23,0,0
BRDA:127,23,1,9
BRDA:130,24,0,0
BRDA:130,24,1,9
BRDA:133,25,0,0
BRDA:133,25,1,9
BRDA:140,26,0,9
BRDA:140,26,1,8
BRDA:141,27,0,9
BRDA:141,27,1,8
BRDA:20,28,0,17
BRDA:20,28,1,0
BRDA:20,29,0,17
BRDA:20,29,1,17
BRF:60
BRH:37
end_of_record
TN:
SF:src/contexts/reporting/infrastructure/prisma-repositories/startegic-report-insight.repository.ts
FN:15,(anonymous_2)
FN:17,(anonymous_3)
FN:25,(anonymous_4)
FN:32,(anonymous_5)
FN:43,(anonymous_6)
FNF:5
FNH:5
FNDA:17,(anonymous_2)
FNDA:8,(anonymous_3)
FNDA:15,(anonymous_4)
FNDA:4,(anonymous_5)
FNDA:4,(anonymous_6)
DA:1,17
DA:2,17
DA:3,17
DA:8,17
DA:11,17
DA:13,17
DA:15,17
DA:21,8
DA:22,1
DA:25,7
DA:26,15
DA:29,7
DA:35,4
DA:40,4
DA:44,4
DA:48,4
LF:16
LH:16
BRDA:21,0,0,1
BRDA:21,0,1,7
BRDA:48,1,0,2
BRDA:48,1,1,2
BRDA:15,2,0,17
BRDA:15,2,1,0
BRDA:15,3,0,17
BRDA:15,3,1,17
BRF:8
BRH:7
end_of_record
TN:
SF:src/contexts/reporting/infrastructure/prisma-repositories/strategic-report-analytics.repository.ts
FN:15,(anonymous_2)
FN:17,(anonymous_3)
FN:25,(anonymous_4)
FN:32,(anonymous_5)
FN:43,(anonymous_6)
FNF:5
FNH:5
FNDA:17,(anonymous_2)
FNDA:8,(anonymous_3)
FNDA:9,(anonymous_4)
FNDA:4,(anonymous_5)
FNDA:4,(anonymous_6)
DA:1,17
DA:2,17
DA:3,17
DA:8,17
DA:11,17
DA:13,17
DA:15,17
DA:21,8
DA:22,1
DA:25,7
DA:26,9
DA:29,7
DA:35,4
DA:40,4
DA:44,4
DA:50,4
LF:16
LH:16
BRDA:21,0,0,1
BRDA:21,0,1,7
BRDA:50,1,0,2
BRDA:50,1,1,2
BRDA:15,2,0,17
BRDA:15,2,1,0
BRDA:15,3,0,17
BRDA:15,3,1,17
BRF:8
BRH:7
end_of_record
TN:
SF:src/contexts/reporting/infrastructure/prisma-repositories/strategic-report.repository.ts
FN:20,(anonymous_2)
FN:22,(anonymous_3)
FN:34,(anonymous_4)
FN:48,(anonymous_5)
FN:62,(anonymous_6)
FN:79,(anonymous_7)
FN:154,(anonymous_8)
FNF:7
FNH:7
FNDA:17,(anonymous_2)
FNDA:5,(anonymous_3)
FNDA:42,(anonymous_4)
FNDA:16,(anonymous_5)
FNDA:11,(anonymous_6)
FNDA:5,(anonymous_7)
FNDA:5,(anonymous_8)
DA:2,17
DA:7,17
DA:8,17
DA:9,17
DA:14,17
DA:17,17
DA:18,17
DA:20,17
DA:25,5
DA:26,5
DA:27,5
DA:31,5
DA:37,42
DA:45,42
DA:49,16
DA:57,16
DA:65,11
DA:74,11
DA:112,5
DA:113,5
DA:157,5
DA:158,5
DA:159,5
LF:23
LH:23
BRDA:57,0,0,12
BRDA:57,0,1,4
BRDA:74,1,0,5
BRDA:74,1,1,6
BRDA:114,2,0,1
BRDA:114,2,1,4
BRDA:115,3,0,0
BRDA:115,3,1,5
BRDA:116,4,0,1
BRDA:116,4,1,4
BRDA:117,5,0,0
BRDA:117,5,1,5
BRDA:118,6,0,0
BRDA:118,6,1,5
BRDA:121,7,0,0
BRDA:121,7,1,5
BRDA:122,8,0,0
BRDA:122,8,1,5
BRDA:123,9,0,0
BRDA:123,9,1,5
BRDA:124,10,0,0
BRDA:124,10,1,5
BRDA:125,11,0,0
BRDA:125,11,1,5
BRDA:126,12,0,0
BRDA:126,12,1,5
BRDA:127,13,0,0
BRDA:127,13,1,5
BRDA:128,14,0,0
BRDA:128,14,1,5
BRDA:129,15,0,0
BRDA:129,15,1,5
BRDA:132,16,0,0
BRDA:132,16,1,5
BRDA:133,17,0,0
BRDA:133,17,1,5
BRDA:134,18,0,0
BRDA:134,18,1,5
BRDA:135,19,0,0
BRDA:135,19,1,5
BRDA:136,20,0,0
BRDA:136,20,1,5
BRDA:137,21,0,0
BRDA:137,21,1,5
BRDA:138,22,0,0
BRDA:138,22,1,5
BRDA:139,23,0,0
BRDA:139,23,1,5
BRDA:140,24,0,0
BRDA:140,24,1,5
BRDA:141,25,0,0
BRDA:141,25,1,5
BRDA:142,26,0,0
BRDA:142,26,1,5
BRDA:143,27,0,0
BRDA:143,27,1,5
BRDA:144,28,0,0
BRDA:144,28,1,5
BRDA:145,29,0,0
BRDA:145,29,1,5
BRDA:148,30,0,0
BRDA:148,30,1,5
BRDA:157,31,0,5
BRDA:157,31,1,4
BRDA:158,32,0,5
BRDA:158,32,1,4
BRDA:20,33,0,17
BRDA:20,33,1,0
BRDA:20,34,0,17
BRDA:20,34,1,17
BRF:70
BRH:42
end_of_record
