{"/Users/inessarepeshko/university/semestr7/diploma/intra/intra/apps/api/src/contexts/feedback360/application/constants/cycle-stage-transitions.ts": {"path":"/Users/inessarepeshko/university/semestr7/diploma/intra/intra/apps/api/src/contexts/feedback360/application/constants/cycle-stage-transitions.ts","statementMap":{"0":{"start":{"line":1,"column":0},"end":{"line":1,"column":50}},"1":{"start":{"line":7,"column":13},"end":{"line":21,"column":2}},"2":{"start":{"line":26,"column":13},"end":{"line":32,"column":11}}},"fnMap":{},"branchMap":{},"s":{"0":19,"1":19,"2":19},"f":{},"b":{}}
,"/Users/inessarepeshko/university/semestr7/diploma/intra/intra/apps/api/src/contexts/feedback360/application/constants/response-status-transitions.ts": {"path":"/Users/inessarepeshko/university/semestr7/diploma/intra/intra/apps/api/src/contexts/feedback360/application/constants/response-status-transitions.ts","statementMap":{"0":{"start":{"line":1,"column":0},"end":{"line":1,"column":54}},"1":{"start":{"line":7,"column":13},"end":{"line":24,"column":2}},"2":{"start":{"line":29,"column":13},"end":{"line":34,"column":11}}},"fnMap":{},"branchMap":{},"s":{"0":8,"1":8,"2":8},"f":{},"b":{}}
,"/Users/inessarepeshko/university/semestr7/diploma/intra/intra/apps/api/src/contexts/feedback360/application/constants/review-stage-transitions.ts": {"path":"/Users/inessarepeshko/university/semestr7/diploma/intra/intra/apps/api/src/contexts/feedback360/application/constants/review-stage-transitions.ts","statementMap":{"0":{"start":{"line":1,"column":0},"end":{"line":1,"column":51}},"1":{"start":{"line":7,"column":13},"end":{"line":46,"column":2}},"2":{"start":{"line":51,"column":13},"end":{"line":57,"column":11}}},"fnMap":{},"branchMap":{},"s":{"0":8,"1":8,"2":8},"f":{},"b":{}}
,"/Users/inessarepeshko/university/semestr7/diploma/intra/intra/apps/api/src/contexts/feedback360/application/events/cycle-stage-changed.event.ts": {"path":"/Users/inessarepeshko/university/semestr7/diploma/intra/intra/apps/api/src/contexts/feedback360/application/events/cycle-stage-changed.event.ts","statementMap":{"0":{"start":{"line":5,"column":24},"end":{"line":5,"column":39}},"1":{"start":{"line":6,"column":24},"end":{"line":6,"column":45}},"2":{"start":{"line":7,"column":24},"end":{"line":7,"column":43}},"3":{"start":{"line":8,"column":24},"end":{"line":8,"column":51}},"4":{"start":{"line":9,"column":24},"end":{"line":9,"column":53}},"5":{"start":{"line":10,"column":24},"end":{"line":10,"column":46}},"6":{"start":{"line":3,"column":0},"end":{"line":3,"column":13}}},"fnMap":{"0":{"name":"(anonymous_0)","decl":{"start":{"line":4,"column":4},"end":{"line":4,"column":null}},"loc":{"start":{"line":10,"column":46},"end":{"line":11,"column":8}}}},"branchMap":{},"s":{"0":15,"1":15,"2":15,"3":15,"4":15,"5":15,"6":19},"f":{"0":15},"b":{}}
,"/Users/inessarepeshko/university/semestr7/diploma/intra/intra/apps/api/src/contexts/feedback360/application/events/cycle-stage-processed.event.ts": {"path":"/Users/inessarepeshko/university/semestr7/diploma/intra/intra/apps/api/src/contexts/feedback360/application/events/cycle-stage-processed.event.ts","statementMap":{"0":{"start":{"line":6,"column":24},"end":{"line":6,"column":39}},"1":{"start":{"line":7,"column":24},"end":{"line":7,"column":48}},"2":{"start":{"line":8,"column":24},"end":{"line":8,"column":51}},"3":{"start":{"line":9,"column":24},"end":{"line":9,"column":53}},"4":{"start":{"line":10,"column":24},"end":{"line":10,"column":46}},"5":{"start":{"line":16,"column":8},"end":{"line":22,"column":10}},"6":{"start":{"line":4,"column":0},"end":{"line":4,"column":13}}},"fnMap":{"0":{"name":"(anonymous_0)","decl":{"start":{"line":5,"column":4},"end":{"line":5,"column":null}},"loc":{"start":{"line":10,"column":46},"end":{"line":11,"column":8}}},"1":{"name":"(anonymous_1)","decl":{"start":{"line":13,"column":4},"end":{"line":13,"column":10}},"loc":{"start":{"line":14,"column":37},"end":{"line":23,"column":5}}}},"branchMap":{},"s":{"0":9,"1":9,"2":9,"3":9,"4":9,"5":6,"6":3},"f":{"0":9,"1":6},"b":{}}
,"/Users/inessarepeshko/university/semestr7/diploma/intra/intra/apps/api/src/contexts/feedback360/application/events/respondent-status-changed.event.ts": {"path":"/Users/inessarepeshko/university/semestr7/diploma/intra/intra/apps/api/src/contexts/feedback360/application/events/respondent-status-changed.event.ts","statementMap":{"0":{"start":{"line":5,"column":24},"end":{"line":5,"column":40}},"1":{"start":{"line":6,"column":24},"end":{"line":6,"column":52}},"2":{"start":{"line":7,"column":24},"end":{"line":7,"column":50}},"3":{"start":{"line":8,"column":24},"end":{"line":8,"column":48}},"4":{"start":{"line":9,"column":24},"end":{"line":9,"column":51}},"5":{"start":{"line":10,"column":24},"end":{"line":10,"column":53}},"6":{"start":{"line":11,"column":24},"end":{"line":11,"column":46}},"7":{"start":{"line":3,"column":0},"end":{"line":3,"column":13}}},"fnMap":{"0":{"name":"(anonymous_0)","decl":{"start":{"line":4,"column":4},"end":{"line":4,"column":null}},"loc":{"start":{"line":11,"column":46},"end":{"line":12,"column":8}}}},"branchMap":{},"s":{"0":12,"1":12,"2":12,"3":12,"4":12,"5":12,"6":12,"7":7},"f":{"0":12},"b":{}}
,"/Users/inessarepeshko/university/semestr7/diploma/intra/intra/apps/api/src/contexts/feedback360/application/events/review-stage-changed.event.ts": {"path":"/Users/inessarepeshko/university/semestr7/diploma/intra/intra/apps/api/src/contexts/feedback360/application/events/review-stage-changed.event.ts","statementMap":{"0":{"start":{"line":5,"column":24},"end":{"line":5,"column":40}},"1":{"start":{"line":6,"column":24},"end":{"line":6,"column":46}},"2":{"start":{"line":7,"column":24},"end":{"line":7,"column":44}},"3":{"start":{"line":8,"column":24},"end":{"line":8,"column":51}},"4":{"start":{"line":9,"column":24},"end":{"line":9,"column":53}},"5":{"start":{"line":10,"column":24},"end":{"line":10,"column":46}},"6":{"start":{"line":3,"column":0},"end":{"line":3,"column":13}}},"fnMap":{"0":{"name":"(anonymous_0)","decl":{"start":{"line":4,"column":4},"end":{"line":4,"column":null}},"loc":{"start":{"line":10,"column":46},"end":{"line":11,"column":8}}}},"branchMap":{},"s":{"0":18,"1":18,"2":18,"3":18,"4":18,"5":18,"6":10},"f":{"0":18},"b":{}}
,"/Users/inessarepeshko/university/semestr7/diploma/intra/intra/apps/api/src/contexts/feedback360/application/events/review-stage-processed.event.ts": {"path":"/Users/inessarepeshko/university/semestr7/diploma/intra/intra/apps/api/src/contexts/feedback360/application/events/review-stage-processed.event.ts","statementMap":{"0":{"start":{"line":6,"column":24},"end":{"line":6,"column":40}},"1":{"start":{"line":7,"column":24},"end":{"line":7,"column":49}},"2":{"start":{"line":8,"column":24},"end":{"line":8,"column":51}},"3":{"start":{"line":9,"column":24},"end":{"line":9,"column":53}},"4":{"start":{"line":10,"column":24},"end":{"line":10,"column":46}},"5":{"start":{"line":16,"column":8},"end":{"line":22,"column":10}},"6":{"start":{"line":4,"column":0},"end":{"line":4,"column":13}}},"fnMap":{"0":{"name":"(anonymous_0)","decl":{"start":{"line":5,"column":4},"end":{"line":5,"column":null}},"loc":{"start":{"line":10,"column":46},"end":{"line":11,"column":8}}},"1":{"name":"(anonymous_1)","decl":{"start":{"line":13,"column":4},"end":{"line":13,"column":10}},"loc":{"start":{"line":14,"column":38},"end":{"line":23,"column":5}}}},"branchMap":{},"s":{"0":11,"1":11,"2":11,"3":11,"4":11,"5":8,"6":3},"f":{"0":11,"1":8},"b":{}}
,"/Users/inessarepeshko/university/semestr7/diploma/intra/intra/apps/api/src/contexts/feedback360/application/listeners/cycle-stage.listener.ts": {"path":"/Users/inessarepeshko/university/semestr7/diploma/intra/intra/apps/api/src/contexts/feedback360/application/listeners/cycle-stage.listener.ts","statementMap":{"0":{"start":{"line":1,"column":0},"end":{"line":1,"column":50}},"1":{"start":{"line":2,"column":0},"end":{"line":2,"column":60}},"2":{"start":{"line":3,"column":0},"end":{"line":3,"column":63}},"3":{"start":{"line":4,"column":0},"end":{"line":4,"column":107}},"4":{"start":{"line":5,"column":0},"end":{"line":5,"column":121}},"5":{"start":{"line":6,"column":0},"end":{"line":6,"column":81}},"6":{"start":{"line":7,"column":0},"end":{"line":7,"column":null}},"7":{"start":{"line":18,"column":31},"end":{"line":85,"column":null}},"8":{"start":{"line":19,"column":30},"end":{"line":19,"column":65}},"9":{"start":{"line":22,"column":25},"end":{"line":22,"column":36}},"10":{"start":{"line":23,"column":25},"end":{"line":23,"column":39}},"11":{"start":{"line":25,"column":25},"end":{"line":25,"column":34}},"12":{"start":{"line":37,"column":8},"end":{"line":39,"column":10}},"13":{"start":{"line":41,"column":8},"end":{"line":48,"column":9}},"14":{"start":{"line":43,"column":12},"end":{"line":46,"column":14}},"15":{"start":{"line":47,"column":12},"end":{"line":47,"column":19}},"16":{"start":{"line":50,"column":24},"end":{"line":50,"column":71}},"17":{"start":{"line":52,"column":8},"end":{"line":61,"column":9}},"18":{"start":{"line":53,"column":12},"end":{"line":55,"column":14}},"19":{"start":{"line":56,"column":12},"end":{"line":59,"column":14}},"20":{"start":{"line":60,"column":12},"end":{"line":60,"column":19}},"21":{"start":{"line":63,"column":8},"end":{"line":65,"column":10}},"22":{"start":{"line":67,"column":8},"end":{"line":83,"column":9}},"23":{"start":{"line":68,"column":12},"end":{"line":68,"column":74}},"24":{"start":{"line":70,"column":12},"end":{"line":72,"column":14}},"25":{"start":{"line":74,"column":12},"end":{"line":76,"column":14}},"26":{"start":{"line":79,"column":12},"end":{"line":82,"column":14}},"27":{"start":{"line":18,"column":13},"end":{"line":18,"column":31}},"28":{"start":{"line":34,"column":10},"end":{"line":84,"column":null}},"29":{"start":{"line":18,"column":13},"end":{"line":85,"column":null}}},"fnMap":{"0":{"name":"(anonymous_4)","decl":{"start":{"line":21,"column":4},"end":{"line":21,"column":null}},"loc":{"start":{"line":25,"column":54},"end":{"line":26,"column":8}}},"1":{"name":"(anonymous_5)","decl":{"start":{"line":34,"column":10},"end":{"line":34,"column":33}},"loc":{"start":{"line":35,"column":37},"end":{"line":84,"column":5}}}},"branchMap":{"0":{"loc":{"start":{"line":41,"column":8},"end":{"line":48,"column":9}},"type":"if","locations":[{"start":{"line":41,"column":8},"end":{"line":48,"column":9}},{"start":{},"end":{}}]},"1":{"loc":{"start":{"line":52,"column":8},"end":{"line":61,"column":9}},"type":"if","locations":[{"start":{"line":52,"column":8},"end":{"line":61,"column":9}},{"start":{},"end":{}}]},"2":{"loc":{"start":{"line":35,"column":15},"end":{"line":35,"column":null}},"type":"cond-expr","locations":[{"start":{"line":35,"column":37},"end":{"line":35,"column":null}},{"start":{"line":35,"column":37},"end":{"line":35,"column":null}}]},"3":{"loc":{"start":{"line":35,"column":15},"end":{"line":35,"column":37}},"type":"binary-expr","locations":[{"start":{"line":35,"column":15},"end":{"line":35,"column":null}},{"start":{"line":35,"column":15},"end":{"line":35,"column":37}}]},"4":{"loc":{"start":{"line":36,"column":7},"end":{"line":36,"column":null}},"type":"cond-expr","locations":[{"start":{"line":36,"column":14},"end":{"line":36,"column":null}},{"start":{"line":36,"column":14},"end":{"line":36,"column":null}}]},"5":{"loc":{"start":{"line":36,"column":7},"end":{"line":36,"column":14}},"type":"binary-expr","locations":[{"start":{"line":36,"column":7},"end":{"line":36,"column":null}},{"start":{"line":36,"column":7},"end":{"line":36,"column":14}}]},"6":{"loc":{"start":{"line":22,"column":36},"end":{"line":22,"column":null}},"type":"cond-expr","locations":[{"start":{"line":22,"column":64},"end":{"line":22,"column":null}},{"start":{"line":22,"column":64},"end":{"line":22,"column":null}}]},"7":{"loc":{"start":{"line":22,"column":36},"end":{"line":22,"column":64}},"type":"binary-expr","locations":[{"start":{"line":22,"column":36},"end":{"line":22,"column":null}},{"start":{"line":22,"column":36},"end":{"line":22,"column":64}}]},"8":{"loc":{"start":{"line":22,"column":64},"end":{"line":23,"column":null}},"type":"cond-expr","locations":[{"start":{"line":23,"column":52},"end":{"line":23,"column":null}},{"start":{"line":23,"column":52},"end":{"line":23,"column":null}}]},"9":{"loc":{"start":{"line":22,"column":64},"end":{"line":23,"column":52}},"type":"binary-expr","locations":[{"start":{"line":22,"column":64},"end":{"line":23,"column":null}},{"start":{"line":23,"column":39},"end":{"line":23,"column":52}}]},"10":{"loc":{"start":{"line":23,"column":52},"end":{"line":25,"column":null}},"type":"cond-expr","locations":[{"start":{"line":25,"column":54},"end":{"line":25,"column":null}},{"start":{"line":25,"column":54},"end":{"line":25,"column":null}}]},"11":{"loc":{"start":{"line":23,"column":52},"end":{"line":25,"column":54}},"type":"binary-expr","locations":[{"start":{"line":23,"column":52},"end":{"line":25,"column":null}},{"start":{"line":25,"column":34},"end":{"line":25,"column":54}}]}},"s":{"0":1,"1":1,"2":1,"3":1,"4":1,"5":1,"6":1,"7":1,"8":4,"9":4,"10":4,"11":4,"12":4,"13":4,"14":1,"15":1,"16":3,"17":3,"18":1,"19":1,"20":1,"21":2,"22":2,"23":2,"24":1,"25":1,"26":2,"27":1,"28":1,"29":1},"f":{"0":4,"1":4},"b":{"0":[1,3],"1":[1,2],"2":[1,0],"3":[1,1],"4":[1,0],"5":[1,1],"6":[1,0],"7":[1,1],"8":[1,0],"9":[1,1],"10":[0,1],"11":[1,0]}}
,"/Users/inessarepeshko/university/semestr7/diploma/intra/intra/apps/api/src/contexts/feedback360/application/listeners/respondent-status.listener.ts": {"path":"/Users/inessarepeshko/university/semestr7/diploma/intra/intra/apps/api/src/contexts/feedback360/application/listeners/respondent-status.listener.ts","statementMap":{"0":{"start":{"line":1,"column":0},"end":{"line":1,"column":null}},"1":{"start":{"line":6,"column":0},"end":{"line":6,"column":60}},"2":{"start":{"line":7,"column":0},"end":{"line":7,"column":63}},"3":{"start":{"line":8,"column":0},"end":{"line":8,"column":75}},"4":{"start":{"line":9,"column":0},"end":{"line":9,"column":89}},"5":{"start":{"line":10,"column":0},"end":{"line":10,"column":null}},"6":{"start":{"line":14,"column":0},"end":{"line":14,"column":null}},"7":{"start":{"line":18,"column":0},"end":{"line":18,"column":59}},"8":{"start":{"line":25,"column":37},"end":{"line":95,"column":null}},"9":{"start":{"line":26,"column":30},"end":{"line":26,"column":71}},"10":{"start":{"line":30,"column":25},"end":{"line":30,"column":38}},"11":{"start":{"line":31,"column":25},"end":{"line":31,"column":34}},"12":{"start":{"line":32,"column":25},"end":{"line":32,"column":39}},"13":{"start":{"line":44,"column":8},"end":{"line":46,"column":10}},"14":{"start":{"line":48,"column":8},"end":{"line":53,"column":9}},"15":{"start":{"line":52,"column":12},"end":{"line":52,"column":19}},"16":{"start":{"line":55,"column":8},"end":{"line":57,"column":10}},"17":{"start":{"line":59,"column":8},"end":{"line":93,"column":9}},"18":{"start":{"line":60,"column":32},"end":{"line":62,"column":null}},"19":{"start":{"line":64,"column":33},"end":{"line":67,"column":null}},"20":{"start":{"line":66,"column":20},"end":{"line":67,"column":73}},"21":{"start":{"line":70,"column":12},"end":{"line":87,"column":13}},"22":{"start":{"line":71,"column":16},"end":{"line":71,"column":66}},"23":{"start":{"line":72,"column":16},"end":{"line":74,"column":18}},"24":{"start":{"line":76,"column":16},"end":{"line":86,"column":18}},"25":{"start":{"line":80,"column":32},"end":{"line":83,"column":62}},"26":{"start":{"line":89,"column":12},"end":{"line":92,"column":14}},"27":{"start":{"line":25,"column":13},"end":{"line":25,"column":37}},"28":{"start":{"line":41,"column":10},"end":{"line":94,"column":null}},"29":{"start":{"line":25,"column":13},"end":{"line":95,"column":null}},"30":{"start":{"line":106,"column":44},"end":{"line":166,"column":null}},"31":{"start":{"line":107,"column":30},"end":{"line":107,"column":78}},"32":{"start":{"line":111,"column":25},"end":{"line":111,"column":38}},"33":{"start":{"line":113,"column":25},"end":{"line":113,"column":34}},"34":{"start":{"line":114,"column":25},"end":{"line":114,"column":40}},"35":{"start":{"line":121,"column":8},"end":{"line":123,"column":9}},"36":{"start":{"line":122,"column":12},"end":{"line":122,"column":19}},"37":{"start":{"line":125,"column":8},"end":{"line":164,"column":9}},"38":{"start":{"line":126,"column":31},"end":{"line":127,"column":null}},"39":{"start":{"line":130,"column":12},"end":{"line":132,"column":13}},"40":{"start":{"line":131,"column":16},"end":{"line":131,"column":23}},"41":{"start":{"line":134,"column":27},"end":{"line":134,"column":70}},"42":{"start":{"line":135,"column":12},"end":{"line":140,"column":13}},"43":{"start":{"line":136,"column":16},"end":{"line":138,"column":18}},"44":{"start":{"line":139,"column":16},"end":{"line":139,"column":23}},"45":{"start":{"line":142,"column":12},"end":{"line":144,"column":13}},"46":{"start":{"line":143,"column":16},"end":{"line":143,"column":23}},"47":{"start":{"line":146,"column":12},"end":{"line":148,"column":14}},"48":{"start":{"line":150,"column":12},"end":{"line":156,"column":14}},"49":{"start":{"line":158,"column":12},"end":{"line":163,"column":14}},"50":{"start":{"line":106,"column":13},"end":{"line":106,"column":44}},"51":{"start":{"line":118,"column":10},"end":{"line":165,"column":null}},"52":{"start":{"line":106,"column":13},"end":{"line":166,"column":null}}},"fnMap":{"0":{"name":"(anonymous_4)","decl":{"start":{"line":28,"column":4},"end":{"line":28,"column":null}},"loc":{"start":{"line":32,"column":52},"end":{"line":33,"column":8}}},"1":{"name":"(anonymous_5)","decl":{"start":{"line":41,"column":10},"end":{"line":41,"column":39}},"loc":{"start":{"line":42,"column":43},"end":{"line":94,"column":5}}},"2":{"name":"(anonymous_6)","decl":{"start":{"line":65,"column":16},"end":{"line":65,"column":17}},"loc":{"start":{"line":66,"column":20},"end":{"line":67,"column":73}}},"3":{"name":"(anonymous_7)","decl":{"start":{"line":79,"column":28},"end":{"line":79,"column":29}},"loc":{"start":{"line":80,"column":32},"end":{"line":83,"column":62}}},"4":{"name":"(anonymous_8)","decl":{"start":{"line":109,"column":4},"end":{"line":109,"column":null}},"loc":{"start":{"line":114,"column":53},"end":{"line":115,"column":8}}},"5":{"name":"(anonymous_9)","decl":{"start":{"line":118,"column":10},"end":{"line":118,"column":35}},"loc":{"start":{"line":119,"column":43},"end":{"line":165,"column":5}}}},"branchMap":{"0":{"loc":{"start":{"line":48,"column":8},"end":{"line":53,"column":9}},"type":"if","locations":[{"start":{"line":48,"column":8},"end":{"line":53,"column":9}},{"start":{},"end":{}}]},"1":{"loc":{"start":{"line":49,"column":12},"end":{"line":50,"column":54}},"type":"binary-expr","locations":[{"start":{"line":49,"column":12},"end":{"line":49,"column":55}},{"start":{"line":50,"column":12},"end":{"line":50,"column":54}}]},"2":{"loc":{"start":{"line":66,"column":20},"end":{"line":67,"column":73}},"type":"binary-expr","locations":[{"start":{"line":66,"column":20},"end":{"line":66,"column":74}},{"start":{"line":67,"column":20},"end":{"line":67,"column":73}}]},"3":{"loc":{"start":{"line":70,"column":12},"end":{"line":87,"column":13}},"type":"if","locations":[{"start":{"line":70,"column":12},"end":{"line":87,"column":13}},{"start":{"line":75,"column":19},"end":{"line":87,"column":13}}]},"4":{"loc":{"start":{"line":80,"column":32},"end":{"line":83,"column":62}},"type":"binary-expr","locations":[{"start":{"line":80,"column":32},"end":{"line":81,"column":58}},{"start":{"line":82,"column":32},"end":{"line":83,"column":62}}]},"5":{"loc":{"start":{"line":42,"column":15},"end":{"line":42,"column":null}},"type":"cond-expr","locations":[{"start":{"line":42,"column":43},"end":{"line":42,"column":null}},{"start":{"line":42,"column":43},"end":{"line":42,"column":null}}]},"6":{"loc":{"start":{"line":42,"column":15},"end":{"line":42,"column":43}},"type":"binary-expr","locations":[{"start":{"line":42,"column":15},"end":{"line":42,"column":null}},{"start":{"line":42,"column":15},"end":{"line":42,"column":43}}]},"7":{"loc":{"start":{"line":43,"column":7},"end":{"line":43,"column":null}},"type":"cond-expr","locations":[{"start":{"line":43,"column":14},"end":{"line":43,"column":null}},{"start":{"line":43,"column":14},"end":{"line":43,"column":null}}]},"8":{"loc":{"start":{"line":43,"column":7},"end":{"line":43,"column":14}},"type":"binary-expr","locations":[{"start":{"line":43,"column":7},"end":{"line":43,"column":null}},{"start":{"line":43,"column":7},"end":{"line":43,"column":14}}]},"9":{"loc":{"start":{"line":30,"column":38},"end":{"line":30,"column":null}},"type":"cond-expr","locations":[{"start":{"line":30,"column":62},"end":{"line":30,"column":null}},{"start":{"line":30,"column":62},"end":{"line":30,"column":null}}]},"10":{"loc":{"start":{"line":30,"column":38},"end":{"line":30,"column":62}},"type":"binary-expr","locations":[{"start":{"line":30,"column":38},"end":{"line":30,"column":null}},{"start":{"line":30,"column":38},"end":{"line":30,"column":62}}]},"11":{"loc":{"start":{"line":30,"column":62},"end":{"line":31,"column":null}},"type":"cond-expr","locations":[{"start":{"line":31,"column":47},"end":{"line":31,"column":null}},{"start":{"line":31,"column":47},"end":{"line":31,"column":null}}]},"12":{"loc":{"start":{"line":30,"column":62},"end":{"line":31,"column":47}},"type":"binary-expr","locations":[{"start":{"line":30,"column":62},"end":{"line":31,"column":null}},{"start":{"line":31,"column":34},"end":{"line":31,"column":47}}]},"13":{"loc":{"start":{"line":31,"column":47},"end":{"line":32,"column":null}},"type":"cond-expr","locations":[{"start":{"line":32,"column":52},"end":{"line":32,"column":null}},{"start":{"line":32,"column":52},"end":{"line":32,"column":null}}]},"14":{"loc":{"start":{"line":31,"column":47},"end":{"line":32,"column":52}},"type":"binary-expr","locations":[{"start":{"line":31,"column":47},"end":{"line":32,"column":null}},{"start":{"line":32,"column":39},"end":{"line":32,"column":52}}]},"15":{"loc":{"start":{"line":121,"column":8},"end":{"line":123,"column":9}},"type":"if","locations":[{"start":{"line":121,"column":8},"end":{"line":123,"column":9}},{"start":{},"end":{}}]},"16":{"loc":{"start":{"line":130,"column":12},"end":{"line":132,"column":13}},"type":"if","locations":[{"start":{"line":130,"column":12},"end":{"line":132,"column":13}},{"start":{},"end":{}}]},"17":{"loc":{"start":{"line":135,"column":12},"end":{"line":140,"column":13}},"type":"if","locations":[{"start":{"line":135,"column":12},"end":{"line":140,"column":13}},{"start":{},"end":{}}]},"18":{"loc":{"start":{"line":142,"column":12},"end":{"line":144,"column":13}},"type":"if","locations":[{"start":{"line":142,"column":12},"end":{"line":144,"column":13}},{"start":{},"end":{}}]},"19":{"loc":{"start":{"line":153,"column":16},"end":{"line":153,"column":46}},"type":"binary-expr","locations":[{"start":{"line":153,"column":16},"end":{"line":153,"column":33}},{"start":{"line":153,"column":37},"end":{"line":153,"column":46}}]},"20":{"loc":{"start":{"line":154,"column":16},"end":{"line":154,"column":48}},"type":"binary-expr","locations":[{"start":{"line":154,"column":16},"end":{"line":154,"column":35}},{"start":{"line":154,"column":39},"end":{"line":154,"column":48}}]},"21":{"loc":{"start":{"line":119,"column":15},"end":{"line":119,"column":null}},"type":"cond-expr","locations":[{"start":{"line":119,"column":43},"end":{"line":119,"column":null}},{"start":{"line":119,"column":43},"end":{"line":119,"column":null}}]},"22":{"loc":{"start":{"line":119,"column":15},"end":{"line":119,"column":43}},"type":"binary-expr","locations":[{"start":{"line":119,"column":15},"end":{"line":119,"column":null}},{"start":{"line":119,"column":15},"end":{"line":119,"column":43}}]},"23":{"loc":{"start":{"line":120,"column":7},"end":{"line":120,"column":null}},"type":"cond-expr","locations":[{"start":{"line":120,"column":14},"end":{"line":120,"column":null}},{"start":{"line":120,"column":14},"end":{"line":120,"column":null}}]},"24":{"loc":{"start":{"line":120,"column":7},"end":{"line":120,"column":14}},"type":"binary-expr","locations":[{"start":{"line":120,"column":7},"end":{"line":120,"column":null}},{"start":{"line":120,"column":7},"end":{"line":120,"column":14}}]},"25":{"loc":{"start":{"line":111,"column":38},"end":{"line":111,"column":null}},"type":"cond-expr","locations":[{"start":{"line":111,"column":62},"end":{"line":111,"column":null}},{"start":{"line":111,"column":62},"end":{"line":111,"column":null}}]},"26":{"loc":{"start":{"line":111,"column":38},"end":{"line":111,"column":62}},"type":"binary-expr","locations":[{"start":{"line":111,"column":38},"end":{"line":111,"column":null}},{"start":{"line":111,"column":38},"end":{"line":111,"column":62}}]},"27":{"loc":{"start":{"line":111,"column":62},"end":{"line":113,"column":null}},"type":"cond-expr","locations":[{"start":{"line":113,"column":54},"end":{"line":113,"column":null}},{"start":{"line":113,"column":54},"end":{"line":113,"column":null}}]},"28":{"loc":{"start":{"line":111,"column":62},"end":{"line":113,"column":54}},"type":"binary-expr","locations":[{"start":{"line":111,"column":62},"end":{"line":113,"column":null}},{"start":{"line":113,"column":34},"end":{"line":113,"column":54}}]},"29":{"loc":{"start":{"line":113,"column":54},"end":{"line":114,"column":null}},"type":"cond-expr","locations":[{"start":{"line":114,"column":53},"end":{"line":114,"column":null}},{"start":{"line":114,"column":53},"end":{"line":114,"column":null}}]},"30":{"loc":{"start":{"line":113,"column":54},"end":{"line":114,"column":53}},"type":"binary-expr","locations":[{"start":{"line":113,"column":54},"end":{"line":114,"column":null}},{"start":{"line":114,"column":40},"end":{"line":114,"column":53}}]}},"s":{"0":1,"1":1,"2":1,"3":1,"4":1,"5":1,"6":1,"7":1,"8":1,"9":4,"10":4,"11":4,"12":4,"13":4,"14":4,"15":1,"16":3,"17":3,"18":3,"19":2,"20":4,"21":2,"22":1,"23":1,"24":1,"25":2,"26":1,"27":1,"28":1,"29":1,"30":1,"31":6,"32":6,"33":6,"34":6,"35":6,"36":1,"37":5,"38":5,"39":5,"40":1,"41":4,"42":4,"43":1,"44":1,"45":3,"46":1,"47":2,"48":2,"49":1,"50":1,"51":1,"52":1},"f":{"0":4,"1":4,"2":4,"3":2,"4":6,"5":6},"b":{"0":[1,3],"1":[4,1],"2":[4,2],"3":[1,1],"4":[2,1],"5":[1,0],"6":[1,1],"7":[1,0],"8":[1,1],"9":[0,1],"10":[1,0],"11":[1,0],"12":[1,1],"13":[1,0],"14":[1,1],"15":[1,5],"16":[1,4],"17":[1,3],"18":[1,2],"19":[2,1],"20":[2,1],"21":[1,0],"22":[1,1],"23":[1,0],"24":[1,1],"25":[0,1],"26":[1,0],"27":[0,1],"28":[1,0],"29":[1,0],"30":[1,1]}}
,"/Users/inessarepeshko/university/semestr7/diploma/intra/intra/apps/api/src/contexts/feedback360/application/listeners/review-stage.listener.ts": {"path":"/Users/inessarepeshko/university/semestr7/diploma/intra/intra/apps/api/src/contexts/feedback360/application/listeners/review-stage.listener.ts","statementMap":{"0":{"start":{"line":1,"column":0},"end":{"line":1,"column":51}},"1":{"start":{"line":2,"column":0},"end":{"line":2,"column":60}},"2":{"start":{"line":3,"column":0},"end":{"line":3,"column":63}},"3":{"start":{"line":4,"column":0},"end":{"line":4,"column":109}},"4":{"start":{"line":5,"column":0},"end":{"line":5,"column":87}},"5":{"start":{"line":6,"column":0},"end":{"line":6,"column":83}},"6":{"start":{"line":7,"column":0},"end":{"line":7,"column":null}},"7":{"start":{"line":20,"column":53},"end":{"line":25,"column":2}},"8":{"start":{"line":32,"column":32},"end":{"line":125,"column":null}},"9":{"start":{"line":33,"column":30},"end":{"line":33,"column":66}},"10":{"start":{"line":36,"column":25},"end":{"line":36,"column":33}},"11":{"start":{"line":38,"column":25},"end":{"line":38,"column":34}},"12":{"start":{"line":39,"column":25},"end":{"line":39,"column":39}},"13":{"start":{"line":51,"column":8},"end":{"line":53,"column":10}},"14":{"start":{"line":55,"column":8},"end":{"line":123,"column":9}},"15":{"start":{"line":56,"column":12},"end":{"line":58,"column":13}},"16":{"start":{"line":57,"column":16},"end":{"line":57,"column":23}},"17":{"start":{"line":60,"column":27},"end":{"line":60,"column":70}},"18":{"start":{"line":62,"column":12},"end":{"line":65,"column":13}},"19":{"start":{"line":63,"column":16},"end":{"line":63,"column":71}},"20":{"start":{"line":64,"column":16},"end":{"line":64,"column":23}},"21":{"start":{"line":67,"column":12},"end":{"line":72,"column":13}},"22":{"start":{"line":68,"column":16},"end":{"line":70,"column":18}},"23":{"start":{"line":71,"column":16},"end":{"line":71,"column":23}},"24":{"start":{"line":74,"column":12},"end":{"line":76,"column":14}},"25":{"start":{"line":78,"column":12},"end":{"line":112,"column":13}},"26":{"start":{"line":79,"column":37},"end":{"line":80,"column":null}},"27":{"start":{"line":92,"column":40},"end":{"line":93,"column":null}},"28":{"start":{"line":93,"column":20},"end":{"line":93,"column":68}},"29":{"start":{"line":95,"column":37},"end":{"line":95,"column":65}},"30":{"start":{"line":97,"column":16},"end":{"line":106,"column":17}},"31":{"start":{"line":98,"column":20},"end":{"line":98,"column":68}},"32":{"start":{"line":99,"column":20},"end":{"line":101,"column":22}},"33":{"start":{"line":103,"column":20},"end":{"line":105,"column":22}},"34":{"start":{"line":108,"column":16},"end":{"line":111,"column":18}},"35":{"start":{"line":119,"column":12},"end":{"line":122,"column":14}},"36":{"start":{"line":32,"column":13},"end":{"line":32,"column":32}},"37":{"start":{"line":48,"column":10},"end":{"line":124,"column":null}},"38":{"start":{"line":32,"column":13},"end":{"line":125,"column":null}}},"fnMap":{"0":{"name":"(anonymous_4)","decl":{"start":{"line":35,"column":4},"end":{"line":35,"column":null}},"loc":{"start":{"line":39,"column":52},"end":{"line":40,"column":8}}},"1":{"name":"(anonymous_5)","decl":{"start":{"line":48,"column":10},"end":{"line":48,"column":34}},"loc":{"start":{"line":49,"column":38},"end":{"line":124,"column":5}}},"2":{"name":"(anonymous_6)","decl":{"start":{"line":92,"column":60},"end":{"line":92,"column":61}},"loc":{"start":{"line":93,"column":20},"end":{"line":93,"column":68}}}},"branchMap":{"0":{"loc":{"start":{"line":56,"column":12},"end":{"line":58,"column":13}},"type":"if","locations":[{"start":{"line":56,"column":12},"end":{"line":58,"column":13}},{"start":{},"end":{}}]},"1":{"loc":{"start":{"line":62,"column":12},"end":{"line":65,"column":13}},"type":"if","locations":[{"start":{"line":62,"column":12},"end":{"line":65,"column":13}},{"start":{},"end":{}}]},"2":{"loc":{"start":{"line":67,"column":12},"end":{"line":72,"column":13}},"type":"if","locations":[{"start":{"line":67,"column":12},"end":{"line":72,"column":13}},{"start":{},"end":{}}]},"3":{"loc":{"start":{"line":97,"column":16},"end":{"line":106,"column":17}},"type":"if","locations":[{"start":{"line":97,"column":16},"end":{"line":106,"column":17}},{"start":{"line":102,"column":23},"end":{"line":106,"column":17}}]},"4":{"loc":{"start":{"line":49,"column":15},"end":{"line":49,"column":null}},"type":"cond-expr","locations":[{"start":{"line":49,"column":38},"end":{"line":49,"column":null}},{"start":{"line":49,"column":38},"end":{"line":49,"column":null}}]},"5":{"loc":{"start":{"line":49,"column":15},"end":{"line":49,"column":38}},"type":"binary-expr","locations":[{"start":{"line":49,"column":15},"end":{"line":49,"column":null}},{"start":{"line":49,"column":15},"end":{"line":49,"column":38}}]},"6":{"loc":{"start":{"line":50,"column":7},"end":{"line":50,"column":null}},"type":"cond-expr","locations":[{"start":{"line":50,"column":14},"end":{"line":50,"column":null}},{"start":{"line":50,"column":14},"end":{"line":50,"column":null}}]},"7":{"loc":{"start":{"line":50,"column":7},"end":{"line":50,"column":14}},"type":"binary-expr","locations":[{"start":{"line":50,"column":7},"end":{"line":50,"column":null}},{"start":{"line":50,"column":7},"end":{"line":50,"column":14}}]},"8":{"loc":{"start":{"line":36,"column":33},"end":{"line":36,"column":null}},"type":"cond-expr","locations":[{"start":{"line":36,"column":45},"end":{"line":36,"column":null}},{"start":{"line":36,"column":45},"end":{"line":36,"column":null}}]},"9":{"loc":{"start":{"line":36,"column":33},"end":{"line":36,"column":45}},"type":"binary-expr","locations":[{"start":{"line":36,"column":33},"end":{"line":36,"column":null}},{"start":{"line":36,"column":33},"end":{"line":36,"column":45}}]},"10":{"loc":{"start":{"line":36,"column":45},"end":{"line":38,"column":null}},"type":"cond-expr","locations":[{"start":{"line":38,"column":54},"end":{"line":38,"column":null}},{"start":{"line":38,"column":54},"end":{"line":38,"column":null}}]},"11":{"loc":{"start":{"line":36,"column":45},"end":{"line":38,"column":54}},"type":"binary-expr","locations":[{"start":{"line":36,"column":45},"end":{"line":38,"column":null}},{"start":{"line":38,"column":34},"end":{"line":38,"column":54}}]},"12":{"loc":{"start":{"line":38,"column":54},"end":{"line":39,"column":null}},"type":"cond-expr","locations":[{"start":{"line":39,"column":52},"end":{"line":39,"column":null}},{"start":{"line":39,"column":52},"end":{"line":39,"column":null}}]},"13":{"loc":{"start":{"line":38,"column":54},"end":{"line":39,"column":52}},"type":"binary-expr","locations":[{"start":{"line":38,"column":54},"end":{"line":39,"column":null}},{"start":{"line":39,"column":39},"end":{"line":39,"column":52}}]}},"s":{"0":1,"1":1,"2":1,"3":1,"4":1,"5":1,"6":1,"7":1,"8":1,"9":6,"10":6,"11":6,"12":6,"13":6,"14":6,"15":6,"16":1,"17":5,"18":5,"19":1,"20":1,"21":4,"22":1,"23":1,"24":3,"25":3,"26":3,"27":3,"28":6,"29":3,"30":3,"31":2,"32":1,"33":1,"34":1,"35":6,"36":1,"37":1,"38":1},"f":{"0":6,"1":6,"2":6},"b":{"0":[1,5],"1":[1,4],"2":[1,3],"3":[2,1],"4":[1,0],"5":[1,1],"6":[1,0],"7":[1,1],"8":[1,0],"9":[1,1],"10":[0,1],"11":[1,0],"12":[1,0],"13":[1,1]}}
,"/Users/inessarepeshko/university/semestr7/diploma/intra/intra/apps/api/src/contexts/feedback360/application/ports/answer.repository.port.ts": {"path":"/Users/inessarepeshko/university/semestr7/diploma/intra/intra/apps/api/src/contexts/feedback360/application/ports/answer.repository.port.ts","statementMap":{"0":{"start":{"line":4,"column":13},"end":{"line":4,"column":73}}},"fnMap":{},"branchMap":{},"s":{"0":18},"f":{},"b":{}}
,"/Users/inessarepeshko/university/semestr7/diploma/intra/intra/apps/api/src/contexts/feedback360/application/ports/cluster-score-analytics.repository.port.ts": {"path":"/Users/inessarepeshko/university/semestr7/diploma/intra/intra/apps/api/src/contexts/feedback360/application/ports/cluster-score-analytics.repository.port.ts","statementMap":{"0":{"start":{"line":7,"column":13},"end":{"line":9,"column":2}}},"fnMap":{},"branchMap":{},"s":{"0":3},"f":{},"b":{}}
,"/Users/inessarepeshko/university/semestr7/diploma/intra/intra/apps/api/src/contexts/feedback360/application/ports/cluster-score.repository.port.ts": {"path":"/Users/inessarepeshko/university/semestr7/diploma/intra/intra/apps/api/src/contexts/feedback360/application/ports/cluster-score.repository.port.ts","statementMap":{"0":{"start":{"line":5,"column":13},"end":{"line":7,"column":2}}},"fnMap":{},"branchMap":{},"s":{"0":15},"f":{},"b":{}}
,"/Users/inessarepeshko/university/semestr7/diploma/intra/intra/apps/api/src/contexts/feedback360/application/ports/cycle-stage-history.repository.port.ts": {"path":"/Users/inessarepeshko/university/semestr7/diploma/intra/intra/apps/api/src/contexts/feedback360/application/ports/cycle-stage-history.repository.port.ts","statementMap":{"0":{"start":{"line":3,"column":13},"end":{"line":5,"column":2}}},"fnMap":{},"branchMap":{},"s":{"0":18},"f":{},"b":{}}
,"/Users/inessarepeshko/university/semestr7/diploma/intra/intra/apps/api/src/contexts/feedback360/application/ports/cycle.repository.port.ts": {"path":"/Users/inessarepeshko/university/semestr7/diploma/intra/intra/apps/api/src/contexts/feedback360/application/ports/cycle.repository.port.ts","statementMap":{"0":{"start":{"line":4,"column":13},"end":{"line":4,"column":71}}},"fnMap":{},"branchMap":{},"s":{"0":27},"f":{},"b":{}}
,"/Users/inessarepeshko/university/semestr7/diploma/intra/intra/apps/api/src/contexts/feedback360/application/ports/question.repository.port.ts": {"path":"/Users/inessarepeshko/university/semestr7/diploma/intra/intra/apps/api/src/contexts/feedback360/application/ports/question.repository.port.ts","statementMap":{"0":{"start":{"line":4,"column":13},"end":{"line":4,"column":77}}},"fnMap":{},"branchMap":{},"s":{"0":14},"f":{},"b":{}}
,"/Users/inessarepeshko/university/semestr7/diploma/intra/intra/apps/api/src/contexts/feedback360/application/ports/respondent.repository.port.ts": {"path":"/Users/inessarepeshko/university/semestr7/diploma/intra/intra/apps/api/src/contexts/feedback360/application/ports/respondent.repository.port.ts","statementMap":{"0":{"start":{"line":7,"column":13},"end":{"line":9,"column":2}}},"fnMap":{},"branchMap":{},"s":{"0":21},"f":{},"b":{}}
,"/Users/inessarepeshko/university/semestr7/diploma/intra/intra/apps/api/src/contexts/feedback360/application/ports/review-question-relation.repository.port.ts": {"path":"/Users/inessarepeshko/university/semestr7/diploma/intra/intra/apps/api/src/contexts/feedback360/application/ports/review-question-relation.repository.port.ts","statementMap":{"0":{"start":{"line":4,"column":13},"end":{"line":6,"column":2}}},"fnMap":{},"branchMap":{},"s":{"0":13},"f":{},"b":{}}
,"/Users/inessarepeshko/university/semestr7/diploma/intra/intra/apps/api/src/contexts/feedback360/application/ports/review-stage-history.repository.port.ts": {"path":"/Users/inessarepeshko/university/semestr7/diploma/intra/intra/apps/api/src/contexts/feedback360/application/ports/review-stage-history.repository.port.ts","statementMap":{"0":{"start":{"line":3,"column":13},"end":{"line":5,"column":2}}},"fnMap":{},"branchMap":{},"s":{"0":7},"f":{},"b":{}}
,"/Users/inessarepeshko/university/semestr7/diploma/intra/intra/apps/api/src/contexts/feedback360/application/ports/review.repository.port.ts": {"path":"/Users/inessarepeshko/university/semestr7/diploma/intra/intra/apps/api/src/contexts/feedback360/application/ports/review.repository.port.ts","statementMap":{"0":{"start":{"line":4,"column":13},"end":{"line":4,"column":73}}},"fnMap":{},"branchMap":{},"s":{"0":27},"f":{},"b":{}}
,"/Users/inessarepeshko/university/semestr7/diploma/intra/intra/apps/api/src/contexts/feedback360/application/ports/reviewer.repository.port.ts": {"path":"/Users/inessarepeshko/university/semestr7/diploma/intra/intra/apps/api/src/contexts/feedback360/application/ports/reviewer.repository.port.ts","statementMap":{"0":{"start":{"line":4,"column":13},"end":{"line":4,"column":77}}},"fnMap":{},"branchMap":{},"s":{"0":21},"f":{},"b":{}}
,"/Users/inessarepeshko/university/semestr7/diploma/intra/intra/apps/api/src/contexts/feedback360/application/services/cluster-score-analytics.service.ts": {"path":"/Users/inessarepeshko/university/semestr7/diploma/intra/intra/apps/api/src/contexts/feedback360/application/services/cluster-score-analytics.service.ts","statementMap":{"0":{"start":{"line":1,"column":0},"end":{"line":1,"column":null}},"1":{"start":{"line":7,"column":0},"end":{"line":7,"column":null}},"2":{"start":{"line":13,"column":0},"end":{"line":13,"column":33}},"3":{"start":{"line":14,"column":0},"end":{"line":14,"column":87}},"4":{"start":{"line":15,"column":0},"end":{"line":15,"column":90}},"5":{"start":{"line":16,"column":0},"end":{"line":16,"column":null}},"6":{"start":{"line":20,"column":0},"end":{"line":20,"column":null}},"7":{"start":{"line":24,"column":0},"end":{"line":24,"column":47}},"8":{"start":{"line":27,"column":7},"end":{"line":251,"column":null}},"9":{"start":{"line":30,"column":25},"end":{"line":30,"column":36}},"10":{"start":{"line":32,"column":25},"end":{"line":32,"column":40}},"11":{"start":{"line":33,"column":25},"end":{"line":33,"column":33}},"12":{"start":{"line":34,"column":25},"end":{"line":34,"column":35}},"13":{"start":{"line":40,"column":8},"end":{"line":40,"column":51}},"14":{"start":{"line":41,"column":25},"end":{"line":41,"column":54}},"15":{"start":{"line":42,"column":25},"end":{"line":42,"column":54}},"16":{"start":{"line":43,"column":29},"end":{"line":43,"column":62}},"17":{"start":{"line":44,"column":27},"end":{"line":44,"column":58}},"18":{"start":{"line":45,"column":27},"end":{"line":45,"column":58}},"19":{"start":{"line":47,"column":8},"end":{"line":47,"column":58}},"20":{"start":{"line":48,"column":8},"end":{"line":48,"column":68}},"21":{"start":{"line":50,"column":23},"end":{"line":60,"column":10}},"22":{"start":{"line":62,"column":8},"end":{"line":62,"column":45}},"23":{"start":{"line":68,"column":8},"end":{"line":68,"column":44}},"24":{"start":{"line":72,"column":21},"end":{"line":72,"column":54}},"25":{"start":{"line":73,"column":8},"end":{"line":76,"column":14}},"26":{"start":{"line":74,"column":12},"end":{"line":76,"column":14}},"27":{"start":{"line":77,"column":8},"end":{"line":77,"column":20}},"28":{"start":{"line":84,"column":24},"end":{"line":84,"column":46}},"29":{"start":{"line":87,"column":12},"end":{"line":89,"column":34}},"30":{"start":{"line":91,"column":12},"end":{"line":93,"column":34}},"31":{"start":{"line":95,"column":12},"end":{"line":97,"column":38}},"32":{"start":{"line":99,"column":8},"end":{"line":99,"column":68}},"33":{"start":{"line":101,"column":60},"end":{"line":117,"column":10}},"34":{"start":{"line":119,"column":8},"end":{"line":119,"column":54}},"35":{"start":{"line":123,"column":8},"end":{"line":123,"column":31}},"36":{"start":{"line":124,"column":8},"end":{"line":124,"column":44}},"37":{"start":{"line":130,"column":8},"end":{"line":130,"column":52}},"38":{"start":{"line":138,"column":8},"end":{"line":138,"column":43}},"39":{"start":{"line":140,"column":25},"end":{"line":140,"column":55}},"40":{"start":{"line":141,"column":30},"end":{"line":143,"column":10}},"41":{"start":{"line":145,"column":8},"end":{"line":200,"column":9}},"42":{"start":{"line":146,"column":12},"end":{"line":148,"column":13}},"43":{"start":{"line":147,"column":16},"end":{"line":147,"column":25}},"44":{"start":{"line":150,"column":41},"end":{"line":151,"column":null}},"45":{"start":{"line":151,"column":24},"end":{"line":151,"column":51}},"46":{"start":{"line":154,"column":12},"end":{"line":156,"column":13}},"47":{"start":{"line":155,"column":16},"end":{"line":155,"column":25}},"48":{"start":{"line":158,"column":27},"end":{"line":159,"column":null}},"49":{"start":{"line":159,"column":24},"end":{"line":159,"column":45}},"50":{"start":{"line":161,"column":29},"end":{"line":161,"column":70}},"51":{"start":{"line":162,"column":29},"end":{"line":162,"column":70}},"52":{"start":{"line":163,"column":33},"end":{"line":166,"column":35}},"53":{"start":{"line":164,"column":34},"end":{"line":164,"column":43}},"54":{"start":{"line":167,"column":35},"end":{"line":167,"column":62}},"55":{"start":{"line":169,"column":41},"end":{"line":171,"column":33}},"56":{"start":{"line":170,"column":31},"end":{"line":170,"column":70}},"57":{"start":{"line":171,"column":28},"end":{"line":171,"column":32}},"58":{"start":{"line":172,"column":39},"end":{"line":175,"column":null}},"59":{"start":{"line":174,"column":36},"end":{"line":174,"column":79}},"60":{"start":{"line":175,"column":33},"end":{"line":175,"column":43}},"61":{"start":{"line":177,"column":36},"end":{"line":179,"column":35}},"62":{"start":{"line":181,"column":31},"end":{"line":181,"column":62}},"63":{"start":{"line":182,"column":31},"end":{"line":182,"column":62}},"64":{"start":{"line":184,"column":12},"end":{"line":184,"column":62}},"65":{"start":{"line":185,"column":12},"end":{"line":185,"column":72}},"66":{"start":{"line":187,"column":27},"end":{"line":197,"column":14}},"67":{"start":{"line":199,"column":12},"end":{"line":199,"column":48}},"68":{"start":{"line":214,"column":8},"end":{"line":218,"column":9}},"69":{"start":{"line":215,"column":12},"end":{"line":217,"column":14}},"70":{"start":{"line":219,"column":8},"end":{"line":223,"column":9}},"71":{"start":{"line":220,"column":12},"end":{"line":222,"column":14}},"72":{"start":{"line":235,"column":8},"end":{"line":239,"column":9}},"73":{"start":{"line":236,"column":12},"end":{"line":238,"column":14}},"74":{"start":{"line":240,"column":8},"end":{"line":244,"column":9}},"75":{"start":{"line":241,"column":12},"end":{"line":243,"column":14}},"76":{"start":{"line":245,"column":8},"end":{"line":249,"column":9}},"77":{"start":{"line":246,"column":12},"end":{"line":248,"column":14}},"78":{"start":{"line":27,"column":13},"end":{"line":27,"column":41}},"79":{"start":{"line":27,"column":13},"end":{"line":251,"column":null}}},"fnMap":{"0":{"name":"(anonymous_5)","decl":{"start":{"line":28,"column":4},"end":{"line":28,"column":null}},"loc":{"start":{"line":34,"column":49},"end":{"line":35,"column":8}}},"1":{"name":"(anonymous_6)","decl":{"start":{"line":37,"column":4},"end":{"line":37,"column":9}},"loc":{"start":{"line":38,"column":51},"end":{"line":63,"column":5}}},"2":{"name":"(anonymous_7)","decl":{"start":{"line":65,"column":4},"end":{"line":65,"column":9}},"loc":{"start":{"line":66,"column":47},"end":{"line":69,"column":5}}},"3":{"name":"(anonymous_8)","decl":{"start":{"line":71,"column":4},"end":{"line":71,"column":9}},"loc":{"start":{"line":71,"column":28},"end":{"line":78,"column":5}}},"4":{"name":"(anonymous_9)","decl":{"start":{"line":80,"column":4},"end":{"line":80,"column":9}},"loc":{"start":{"line":82,"column":49},"end":{"line":120,"column":5}}},"5":{"name":"(anonymous_10)","decl":{"start":{"line":122,"column":4},"end":{"line":122,"column":9}},"loc":{"start":{"line":122,"column":27},"end":{"line":125,"column":5}}},"6":{"name":"(anonymous_11)","decl":{"start":{"line":127,"column":4},"end":{"line":127,"column":9}},"loc":{"start":{"line":128,"column":23},"end":{"line":131,"column":5}}},"7":{"name":"(anonymous_12)","decl":{"start":{"line":137,"column":4},"end":{"line":137,"column":9}},"loc":{"start":{"line":137,"column":51},"end":{"line":201,"column":5}}},"8":{"name":"(anonymous_13)","decl":{"start":{"line":151,"column":16},"end":{"line":151,"column":17}},"loc":{"start":{"line":151,"column":24},"end":{"line":151,"column":51}}},"9":{"name":"(anonymous_14)","decl":{"start":{"line":159,"column":16},"end":{"line":159,"column":17}},"loc":{"start":{"line":159,"column":24},"end":{"line":159,"column":45}}},"10":{"name":"(anonymous_15)","decl":{"start":{"line":164,"column":24},"end":{"line":164,"column":25}},"loc":{"start":{"line":164,"column":34},"end":{"line":164,"column":43}}},"11":{"name":"(anonymous_16)","decl":{"start":{"line":170,"column":24},"end":{"line":170,"column":25}},"loc":{"start":{"line":170,"column":31},"end":{"line":170,"column":70}}},"12":{"name":"(anonymous_17)","decl":{"start":{"line":171,"column":21},"end":{"line":171,"column":22}},"loc":{"start":{"line":171,"column":28},"end":{"line":171,"column":32}}},"13":{"name":"(anonymous_18)","decl":{"start":{"line":174,"column":28},"end":{"line":174,"column":29}},"loc":{"start":{"line":174,"column":36},"end":{"line":174,"column":79}}},"14":{"name":"(anonymous_19)","decl":{"start":{"line":175,"column":25},"end":{"line":175,"column":26}},"loc":{"start":{"line":175,"column":33},"end":{"line":175,"column":43}}},"15":{"name":"(anonymous_20)","decl":{"start":{"line":209,"column":12},"end":{"line":209,"column":17}},"loc":{"start":{"line":212,"column":20},"end":{"line":224,"column":5}}},"16":{"name":"(anonymous_21)","decl":{"start":{"line":231,"column":12},"end":{"line":231,"column":17}},"loc":{"start":{"line":233,"column":22},"end":{"line":250,"column":5}}}},"branchMap":{"0":{"loc":{"start":{"line":73,"column":8},"end":{"line":76,"column":14}},"type":"if","locations":[{"start":{"line":73,"column":8},"end":{"line":76,"column":14}},{"start":{},"end":{}}]},"1":{"loc":{"start":{"line":87,"column":12},"end":{"line":89,"column":34}},"type":"cond-expr","locations":[{"start":{"line":88,"column":18},"end":{"line":88,"column":45}},{"start":{"line":89,"column":18},"end":{"line":89,"column":34}}]},"2":{"loc":{"start":{"line":91,"column":12},"end":{"line":93,"column":34}},"type":"cond-expr","locations":[{"start":{"line":92,"column":18},"end":{"line":92,"column":45}},{"start":{"line":93,"column":18},"end":{"line":93,"column":34}}]},"3":{"loc":{"start":{"line":95,"column":12},"end":{"line":97,"column":38}},"type":"cond-expr","locations":[{"start":{"line":96,"column":18},"end":{"line":96,"column":49}},{"start":{"line":97,"column":18},"end":{"line":97,"column":38}}]},"4":{"loc":{"start":{"line":102,"column":16},"end":{"line":104,"column":20}},"type":"cond-expr","locations":[{"start":{"line":103,"column":18},"end":{"line":103,"column":58}},{"start":{"line":104,"column":18},"end":{"line":104,"column":20}}]},"5":{"loc":{"start":{"line":105,"column":16},"end":{"line":107,"column":20}},"type":"cond-expr","locations":[{"start":{"line":106,"column":18},"end":{"line":106,"column":60}},{"start":{"line":107,"column":18},"end":{"line":107,"column":20}}]},"6":{"loc":{"start":{"line":108,"column":16},"end":{"line":110,"column":20}},"type":"cond-expr","locations":[{"start":{"line":109,"column":18},"end":{"line":109,"column":46}},{"start":{"line":110,"column":18},"end":{"line":110,"column":20}}]},"7":{"loc":{"start":{"line":111,"column":16},"end":{"line":113,"column":20}},"type":"cond-expr","locations":[{"start":{"line":112,"column":18},"end":{"line":112,"column":46}},{"start":{"line":113,"column":18},"end":{"line":113,"column":20}}]},"8":{"loc":{"start":{"line":114,"column":16},"end":{"line":116,"column":20}},"type":"cond-expr","locations":[{"start":{"line":115,"column":18},"end":{"line":115,"column":54}},{"start":{"line":116,"column":18},"end":{"line":116,"column":20}}]},"9":{"loc":{"start":{"line":146,"column":12},"end":{"line":148,"column":13}},"type":"if","locations":[{"start":{"line":146,"column":12},"end":{"line":148,"column":13}},{"start":{},"end":{}}]},"10":{"loc":{"start":{"line":154,"column":12},"end":{"line":156,"column":13}},"type":"if","locations":[{"start":{"line":154,"column":12},"end":{"line":156,"column":13}},{"start":{},"end":{}}]},"11":{"loc":{"start":{"line":214,"column":8},"end":{"line":218,"column":9}},"type":"if","locations":[{"start":{"line":214,"column":8},"end":{"line":218,"column":9}},{"start":{},"end":{}}]},"12":{"loc":{"start":{"line":219,"column":8},"end":{"line":223,"column":9}},"type":"if","locations":[{"start":{"line":219,"column":8},"end":{"line":223,"column":9}},{"start":{},"end":{}}]},"13":{"loc":{"start":{"line":219,"column":12},"end":{"line":219,"column":38}},"type":"binary-expr","locations":[{"start":{"line":219,"column":12},"end":{"line":219,"column":23}},{"start":{"line":219,"column":27},"end":{"line":219,"column":38}}]},"14":{"loc":{"start":{"line":235,"column":8},"end":{"line":239,"column":9}},"type":"if","locations":[{"start":{"line":235,"column":8},"end":{"line":239,"column":9}},{"start":{},"end":{}}]},"15":{"loc":{"start":{"line":240,"column":8},"end":{"line":244,"column":9}},"type":"if","locations":[{"start":{"line":240,"column":8},"end":{"line":244,"column":9}},{"start":{},"end":{}}]},"16":{"loc":{"start":{"line":245,"column":8},"end":{"line":249,"column":9}},"type":"if","locations":[{"start":{"line":245,"column":8},"end":{"line":249,"column":9}},{"start":{},"end":{}}]},"17":{"loc":{"start":{"line":30,"column":36},"end":{"line":30,"column":null}},"type":"cond-expr","locations":[{"start":{"line":30,"column":71},"end":{"line":30,"column":null}},{"start":{"line":30,"column":71},"end":{"line":30,"column":null}}]},"18":{"loc":{"start":{"line":30,"column":36},"end":{"line":30,"column":71}},"type":"binary-expr","locations":[{"start":{"line":30,"column":36},"end":{"line":30,"column":null}},{"start":{"line":30,"column":36},"end":{"line":30,"column":71}}]},"19":{"loc":{"start":{"line":30,"column":71},"end":{"line":32,"column":null}},"type":"cond-expr","locations":[{"start":{"line":32,"column":66},"end":{"line":32,"column":null}},{"start":{"line":32,"column":66},"end":{"line":32,"column":null}}]},"20":{"loc":{"start":{"line":30,"column":71},"end":{"line":32,"column":66}},"type":"binary-expr","locations":[{"start":{"line":30,"column":71},"end":{"line":32,"column":null}},{"start":{"line":32,"column":40},"end":{"line":32,"column":66}}]},"21":{"loc":{"start":{"line":32,"column":66},"end":{"line":33,"column":null}},"type":"cond-expr","locations":[{"start":{"line":33,"column":45},"end":{"line":33,"column":null}},{"start":{"line":33,"column":45},"end":{"line":33,"column":null}}]},"22":{"loc":{"start":{"line":32,"column":66},"end":{"line":33,"column":45}},"type":"binary-expr","locations":[{"start":{"line":32,"column":66},"end":{"line":33,"column":null}},{"start":{"line":33,"column":33},"end":{"line":33,"column":45}}]},"23":{"loc":{"start":{"line":33,"column":45},"end":{"line":34,"column":null}},"type":"cond-expr","locations":[{"start":{"line":34,"column":49},"end":{"line":34,"column":null}},{"start":{"line":34,"column":49},"end":{"line":34,"column":null}}]},"24":{"loc":{"start":{"line":33,"column":45},"end":{"line":34,"column":49}},"type":"binary-expr","locations":[{"start":{"line":33,"column":45},"end":{"line":34,"column":null}},{"start":{"line":34,"column":35},"end":{"line":34,"column":49}}]}},"s":{"0":3,"1":3,"2":3,"3":3,"4":3,"5":3,"6":3,"7":3,"8":3,"9":18,"10":18,"11":18,"12":18,"13":6,"14":6,"15":6,"16":6,"17":6,"18":6,"19":6,"20":3,"21":1,"22":1,"23":1,"24":6,"25":6,"26":2,"27":4,"28":2,"29":2,"30":2,"31":2,"32":2,"33":1,"34":1,"35":2,"36":1,"37":1,"38":4,"39":4,"40":4,"41":4,"42":5,"43":0,"44":5,"45":10,"46":5,"47":1,"48":4,"49":7,"50":4,"51":4,"52":4,"53":7,"54":4,"55":4,"56":6,"57":6,"58":4,"59":10,"60":10,"61":4,"62":4,"63":4,"64":4,"65":3,"66":3,"67":3,"68":8,"69":2,"70":6,"71":1,"72":10,"73":2,"74":8,"75":1,"76":7,"77":1,"78":3,"79":3},"f":{"0":18,"1":6,"2":1,"3":6,"4":2,"5":2,"6":1,"7":4,"8":10,"9":7,"10":7,"11":6,"12":6,"13":10,"14":10,"15":8,"16":10},"b":{"0":[2,4],"1":[1,1],"2":[0,2],"3":[0,2],"4":[1,0],"5":[0,1],"6":[0,1],"7":[0,1],"8":[0,1],"9":[0,5],"10":[1,4],"11":[2,6],"12":[1,5],"13":[6,6],"14":[2,8],"15":[1,7],"16":[1,6],"17":[0,3],"18":[3,0],"19":[0,3],"20":[3,0],"21":[3,0],"22":[3,3],"23":[3,0],"24":[3,3]}}
,"/Users/inessarepeshko/university/semestr7/diploma/intra/intra/apps/api/src/contexts/feedback360/application/services/cycle.service.ts": {"path":"/Users/inessarepeshko/university/semestr7/diploma/intra/intra/apps/api/src/contexts/feedback360/application/services/cycle.service.ts","statementMap":{"0":{"start":{"line":1,"column":0},"end":{"line":1,"column":null}},"1":{"start":{"line":10,"column":0},"end":{"line":10,"column":null}},"2":{"start":{"line":16,"column":0},"end":{"line":16,"column":54}},"3":{"start":{"line":17,"column":0},"end":{"line":17,"column":null}},"4":{"start":{"line":21,"column":0},"end":{"line":21,"column":60}},"5":{"start":{"line":22,"column":0},"end":{"line":22,"column":82}},"6":{"start":{"line":23,"column":0},"end":{"line":23,"column":56}},"7":{"start":{"line":24,"column":0},"end":{"line":24,"column":null}},"8":{"start":{"line":28,"column":0},"end":{"line":28,"column":77}},"9":{"start":{"line":29,"column":0},"end":{"line":29,"column":null}},"10":{"start":{"line":33,"column":0},"end":{"line":33,"column":null}},"11":{"start":{"line":37,"column":0},"end":{"line":37,"column":null}},"12":{"start":{"line":43,"column":7},"end":{"line":313,"column":null}},"13":{"start":{"line":46,"column":25},"end":{"line":46,"column":33}},"14":{"start":{"line":48,"column":25},"end":{"line":48,"column":39}},"15":{"start":{"line":50,"column":25},"end":{"line":50,"column":34}},"16":{"start":{"line":51,"column":25},"end":{"line":51,"column":39}},"17":{"start":{"line":52,"column":25},"end":{"line":52,"column":33}},"18":{"start":{"line":54,"column":25},"end":{"line":54,"column":43}},"19":{"start":{"line":58,"column":22},"end":{"line":72,"column":10}},"20":{"start":{"line":74,"column":24},"end":{"line":74,"column":55}},"21":{"start":{"line":75,"column":8},"end":{"line":75,"column":41}},"22":{"start":{"line":79,"column":8},"end":{"line":79,"column":41}},"23":{"start":{"line":83,"column":22},"end":{"line":83,"column":52}},"24":{"start":{"line":84,"column":8},"end":{"line":85,"column":78}},"25":{"start":{"line":85,"column":12},"end":{"line":85,"column":78}},"26":{"start":{"line":86,"column":8},"end":{"line":86,"column":21}},"27":{"start":{"line":90,"column":22},"end":{"line":90,"column":44}},"28":{"start":{"line":92,"column":44},"end":{"line":114,"column":10}},"29":{"start":{"line":117,"column":32},"end":{"line":117,"column":77}},"30":{"start":{"line":119,"column":8},"end":{"line":126,"column":9}},"31":{"start":{"line":120,"column":12},"end":{"line":125,"column":14}},"32":{"start":{"line":128,"column":24},"end":{"line":128,"column":65}},"33":{"start":{"line":130,"column":8},"end":{"line":177,"column":9}},"34":{"start":{"line":132,"column":28},"end":{"line":132,"column":64}},"35":{"start":{"line":133,"column":38},"end":{"line":138,"column":null}},"36":{"start":{"line":134,"column":16},"end":{"line":138,"column":35}},"37":{"start":{"line":140,"column":41},"end":{"line":140,"column":69}},"38":{"start":{"line":142,"column":12},"end":{"line":161,"column":13}},"39":{"start":{"line":153,"column":16},"end":{"line":160,"column":18}},"40":{"start":{"line":164,"column":12},"end":{"line":166,"column":13}},"41":{"start":{"line":165,"column":16},"end":{"line":165,"column":45}},"42":{"start":{"line":168,"column":12},"end":{"line":176,"column":13}},"43":{"start":{"line":169,"column":16},"end":{"line":175,"column":18}},"44":{"start":{"line":179,"column":8},"end":{"line":179,"column":23}},"45":{"start":{"line":183,"column":22},"end":{"line":183,"column":44}},"46":{"start":{"line":185,"column":8},"end":{"line":185,"column":41}},"47":{"start":{"line":203,"column":22},"end":{"line":203,"column":49}},"48":{"start":{"line":204,"column":29},"end":{"line":204,"column":40}},"49":{"start":{"line":207,"column":35},"end":{"line":207,"column":72}},"50":{"start":{"line":209,"column":8},"end":{"line":213,"column":9}},"51":{"start":{"line":210,"column":12},"end":{"line":212,"column":14}},"52":{"start":{"line":216,"column":8},"end":{"line":234,"column":11}},"53":{"start":{"line":218,"column":12},"end":{"line":221,"column":15}},"54":{"start":{"line":224,"column":28},"end":{"line":231,"column":14}},"55":{"start":{"line":233,"column":12},"end":{"line":233,"column":52}},"56":{"start":{"line":237,"column":8},"end":{"line":247,"column":10}},"57":{"start":{"line":254,"column":8},"end":{"line":254,"column":56}},"58":{"start":{"line":263,"column":22},"end":{"line":263,"column":49}},"59":{"start":{"line":266,"column":24},"end":{"line":266,"column":65}},"60":{"start":{"line":269,"column":34},"end":{"line":272,"column":null}},"61":{"start":{"line":271,"column":16},"end":{"line":272,"column":51}},"62":{"start":{"line":274,"column":37},"end":{"line":274,"column":65}},"63":{"start":{"line":277,"column":8},"end":{"line":292,"column":9}},"64":{"start":{"line":278,"column":12},"end":{"line":284,"column":14}},"65":{"start":{"line":285,"column":15},"end":{"line":292,"column":9}},"66":{"start":{"line":286,"column":12},"end":{"line":291,"column":14}},"67":{"start":{"line":304,"column":8},"end":{"line":304,"column":36}},"68":{"start":{"line":305,"column":8},"end":{"line":311,"column":10}},"69":{"start":{"line":43,"column":13},"end":{"line":43,"column":25}},"70":{"start":{"line":43,"column":13},"end":{"line":313,"column":null}}},"fnMap":{"0":{"name":"(anonymous_4)","decl":{"start":{"line":44,"column":4},"end":{"line":44,"column":null}},"loc":{"start":{"line":54,"column":72},"end":{"line":55,"column":8}}},"1":{"name":"(anonymous_5)","decl":{"start":{"line":57,"column":4},"end":{"line":57,"column":9}},"loc":{"start":{"line":57,"column":44},"end":{"line":76,"column":5}}},"2":{"name":"(anonymous_6)","decl":{"start":{"line":78,"column":4},"end":{"line":78,"column":9}},"loc":{"start":{"line":78,"column":40},"end":{"line":80,"column":5}}},"3":{"name":"(anonymous_7)","decl":{"start":{"line":82,"column":4},"end":{"line":82,"column":9}},"loc":{"start":{"line":82,"column":28},"end":{"line":87,"column":5}}},"4":{"name":"(anonymous_8)","decl":{"start":{"line":89,"column":4},"end":{"line":89,"column":9}},"loc":{"start":{"line":89,"column":54},"end":{"line":180,"column":5}}},"5":{"name":"(anonymous_9)","decl":{"start":{"line":133,"column":53},"end":{"line":133,"column":54}},"loc":{"start":{"line":134,"column":16},"end":{"line":138,"column":35}}},"6":{"name":"(anonymous_10)","decl":{"start":{"line":182,"column":4},"end":{"line":182,"column":9}},"loc":{"start":{"line":182,"column":27},"end":{"line":186,"column":5}}},"7":{"name":"(anonymous_11)","decl":{"start":{"line":196,"column":4},"end":{"line":196,"column":9}},"loc":{"start":{"line":201,"column":23},"end":{"line":248,"column":5}}},"8":{"name":"(anonymous_12)","decl":{"start":{"line":216,"column":39},"end":{"line":216,"column":44}},"loc":{"start":{"line":216,"column":52},"end":{"line":234,"column":9}}},"9":{"name":"(anonymous_13)","decl":{"start":{"line":253,"column":4},"end":{"line":253,"column":9}},"loc":{"start":{"line":253,"column":41},"end":{"line":255,"column":5}}},"10":{"name":"(anonymous_14)","decl":{"start":{"line":262,"column":4},"end":{"line":262,"column":9}},"loc":{"start":{"line":262,"column":39},"end":{"line":293,"column":5}}},"11":{"name":"(anonymous_15)","decl":{"start":{"line":270,"column":12},"end":{"line":270,"column":13}},"loc":{"start":{"line":271,"column":16},"end":{"line":272,"column":51}}},"12":{"name":"(anonymous_16)","decl":{"start":{"line":299,"column":4},"end":{"line":299,"column":9}},"loc":{"start":{"line":302,"column":52},"end":{"line":312,"column":5}}}},"branchMap":{"0":{"loc":{"start":{"line":62,"column":19},"end":{"line":62,"column":50}},"type":"binary-expr","locations":[{"start":{"line":62,"column":19},"end":{"line":62,"column":32}},{"start":{"line":62,"column":36},"end":{"line":62,"column":50}}]},"1":{"loc":{"start":{"line":64,"column":16},"end":{"line":65,"column":57}},"type":"binary-expr","locations":[{"start":{"line":64,"column":16},"end":{"line":64,"column":47}},{"start":{"line":65,"column":16},"end":{"line":65,"column":57}}]},"2":{"loc":{"start":{"line":66,"column":22},"end":{"line":66,"column":46}},"type":"binary-expr","locations":[{"start":{"line":66,"column":22},"end":{"line":66,"column":38}},{"start":{"line":66,"column":42},"end":{"line":66,"column":46}}]},"3":{"loc":{"start":{"line":84,"column":8},"end":{"line":85,"column":78}},"type":"if","locations":[{"start":{"line":84,"column":8},"end":{"line":85,"column":78}},{"start":{},"end":{}}]},"4":{"loc":{"start":{"line":93,"column":16},"end":{"line":93,"column":71}},"type":"cond-expr","locations":[{"start":{"line":93,"column":44},"end":{"line":93,"column":66}},{"start":{"line":93,"column":69},"end":{"line":93,"column":71}}]},"5":{"loc":{"start":{"line":94,"column":16},"end":{"line":96,"column":20}},"type":"cond-expr","locations":[{"start":{"line":95,"column":18},"end":{"line":95,"column":52}},{"start":{"line":96,"column":18},"end":{"line":96,"column":20}}]},"6":{"loc":{"start":{"line":97,"column":16},"end":{"line":97,"column":68}},"type":"cond-expr","locations":[{"start":{"line":97,"column":43},"end":{"line":97,"column":63}},{"start":{"line":97,"column":66},"end":{"line":97,"column":68}}]},"7":{"loc":{"start":{"line":98,"column":16},"end":{"line":100,"column":20}},"type":"cond-expr","locations":[{"start":{"line":99,"column":18},"end":{"line":99,"column":46}},{"start":{"line":100,"column":18},"end":{"line":100,"column":20}}]},"8":{"loc":{"start":{"line":101,"column":16},"end":{"line":103,"column":20}},"type":"cond-expr","locations":[{"start":{"line":102,"column":18},"end":{"line":102,"column":48}},{"start":{"line":103,"column":18},"end":{"line":103,"column":20}}]},"9":{"loc":{"start":{"line":104,"column":16},"end":{"line":106,"column":20}},"type":"cond-expr","locations":[{"start":{"line":105,"column":18},"end":{"line":105,"column":58}},{"start":{"line":106,"column":18},"end":{"line":106,"column":20}}]},"10":{"loc":{"start":{"line":107,"column":16},"end":{"line":109,"column":20}},"type":"cond-expr","locations":[{"start":{"line":108,"column":18},"end":{"line":108,"column":62}},{"start":{"line":109,"column":18},"end":{"line":109,"column":20}}]},"11":{"loc":{"start":{"line":110,"column":16},"end":{"line":112,"column":20}},"type":"cond-expr","locations":[{"start":{"line":111,"column":18},"end":{"line":111,"column":62}},{"start":{"line":112,"column":18},"end":{"line":112,"column":20}}]},"12":{"loc":{"start":{"line":113,"column":16},"end":{"line":113,"column":77}},"type":"cond-expr","locations":[{"start":{"line":113,"column":46},"end":{"line":113,"column":72}},{"start":{"line":113,"column":75},"end":{"line":113,"column":77}}]},"13":{"loc":{"start":{"line":119,"column":8},"end":{"line":126,"column":9}},"type":"if","locations":[{"start":{"line":119,"column":8},"end":{"line":126,"column":9}},{"start":{},"end":{}}]},"14":{"loc":{"start":{"line":119,"column":12},"end":{"line":119,"column":53}},"type":"binary-expr","locations":[{"start":{"line":119,"column":12},"end":{"line":119,"column":36}},{"start":{"line":119,"column":40},"end":{"line":119,"column":53}}]},"15":{"loc":{"start":{"line":130,"column":8},"end":{"line":177,"column":9}},"type":"if","locations":[{"start":{"line":130,"column":8},"end":{"line":177,"column":9}},{"start":{},"end":{}}]},"16":{"loc":{"start":{"line":130,"column":12},"end":{"line":130,"column":70}},"type":"binary-expr","locations":[{"start":{"line":130,"column":12},"end":{"line":130,"column":23}},{"start":{"line":130,"column":28},"end":{"line":130,"column":70}}]},"17":{"loc":{"start":{"line":142,"column":12},"end":{"line":161,"column":13}},"type":"if","locations":[{"start":{"line":142,"column":12},"end":{"line":161,"column":13}},{"start":{},"end":{}}]},"18":{"loc":{"start":{"line":143,"column":16},"end":{"line":151,"column":39}},"type":"binary-expr","locations":[{"start":{"line":143,"column":16},"end":{"line":143,"column":36}},{"start":{"line":144,"column":16},"end":{"line":144,"column":27}},{"start":{"line":145,"column":16},"end":{"line":151,"column":39}}]},"19":{"loc":{"start":{"line":164,"column":12},"end":{"line":166,"column":13}},"type":"if","locations":[{"start":{"line":164,"column":12},"end":{"line":166,"column":13}},{"start":{},"end":{}}]},"20":{"loc":{"start":{"line":164,"column":16},"end":{"line":164,"column":66}},"type":"binary-expr","locations":[{"start":{"line":164,"column":16},"end":{"line":164,"column":27}},{"start":{"line":164,"column":31},"end":{"line":164,"column":66}}]},"21":{"loc":{"start":{"line":168,"column":12},"end":{"line":176,"column":13}},"type":"if","locations":[{"start":{"line":168,"column":12},"end":{"line":176,"column":13}},{"start":{},"end":{}}]},"22":{"loc":{"start":{"line":168,"column":16},"end":{"line":168,"column":67}},"type":"binary-expr","locations":[{"start":{"line":168,"column":16},"end":{"line":168,"column":27}},{"start":{"line":168,"column":31},"end":{"line":168,"column":67}}]},"23":{"loc":{"start":{"line":199,"column":8},"end":{"line":199,"column":41}},"type":"default-arg","locations":[{"start":{"line":199,"column":26},"end":{"line":199,"column":41}}]},"24":{"loc":{"start":{"line":200,"column":8},"end":{"line":200,"column":52}},"type":"default-arg","locations":[{"start":{"line":200,"column":35},"end":{"line":200,"column":52}}]},"25":{"loc":{"start":{"line":209,"column":8},"end":{"line":213,"column":9}},"type":"if","locations":[{"start":{"line":209,"column":8},"end":{"line":213,"column":9}},{"start":{},"end":{}}]},"26":{"loc":{"start":{"line":228,"column":29},"end":{"line":228,"column":44}},"type":"binary-expr","locations":[{"start":{"line":228,"column":29},"end":{"line":228,"column":36}},{"start":{"line":228,"column":40},"end":{"line":228,"column":44}}]},"27":{"loc":{"start":{"line":271,"column":16},"end":{"line":272,"column":51}},"type":"binary-expr","locations":[{"start":{"line":271,"column":16},"end":{"line":271,"column":55}},{"start":{"line":272,"column":16},"end":{"line":272,"column":51}}]},"28":{"loc":{"start":{"line":277,"column":8},"end":{"line":292,"column":9}},"type":"if","locations":[{"start":{"line":277,"column":8},"end":{"line":292,"column":9}},{"start":{"line":285,"column":15},"end":{"line":292,"column":9}}]},"29":{"loc":{"start":{"line":277,"column":12},"end":{"line":277,"column":55}},"type":"binary-expr","locations":[{"start":{"line":277,"column":12},"end":{"line":277,"column":33}},{"start":{"line":277,"column":37},"end":{"line":277,"column":55}}]},"30":{"loc":{"start":{"line":285,"column":15},"end":{"line":292,"column":9}},"type":"if","locations":[{"start":{"line":285,"column":15},"end":{"line":292,"column":9}},{"start":{},"end":{}}]},"31":{"loc":{"start":{"line":285,"column":19},"end":{"line":285,"column":61}},"type":"binary-expr","locations":[{"start":{"line":285,"column":19},"end":{"line":285,"column":39}},{"start":{"line":285,"column":43},"end":{"line":285,"column":61}}]},"32":{"loc":{"start":{"line":301,"column":8},"end":{"line":301,"column":41}},"type":"default-arg","locations":[{"start":{"line":301,"column":26},"end":{"line":301,"column":41}}]},"33":{"loc":{"start":{"line":302,"column":8},"end":{"line":302,"column":52}},"type":"default-arg","locations":[{"start":{"line":302,"column":35},"end":{"line":302,"column":52}}]},"34":{"loc":{"start":{"line":46,"column":33},"end":{"line":46,"column":null}},"type":"cond-expr","locations":[{"start":{"line":46,"column":52},"end":{"line":46,"column":null}},{"start":{"line":46,"column":52},"end":{"line":46,"column":null}}]},"35":{"loc":{"start":{"line":46,"column":33},"end":{"line":46,"column":52}},"type":"binary-expr","locations":[{"start":{"line":46,"column":33},"end":{"line":46,"column":null}},{"start":{"line":46,"column":33},"end":{"line":46,"column":52}}]},"36":{"loc":{"start":{"line":46,"column":52},"end":{"line":48,"column":null}},"type":"cond-expr","locations":[{"start":{"line":48,"column":70},"end":{"line":48,"column":null}},{"start":{"line":48,"column":70},"end":{"line":48,"column":null}}]},"37":{"loc":{"start":{"line":46,"column":52},"end":{"line":48,"column":70}},"type":"binary-expr","locations":[{"start":{"line":46,"column":52},"end":{"line":48,"column":null}},{"start":{"line":48,"column":39},"end":{"line":48,"column":70}}]},"38":{"loc":{"start":{"line":48,"column":70},"end":{"line":50,"column":null}},"type":"cond-expr","locations":[{"start":{"line":50,"column":54},"end":{"line":50,"column":null}},{"start":{"line":50,"column":54},"end":{"line":50,"column":null}}]},"39":{"loc":{"start":{"line":48,"column":70},"end":{"line":50,"column":54}},"type":"binary-expr","locations":[{"start":{"line":48,"column":70},"end":{"line":50,"column":null}},{"start":{"line":50,"column":34},"end":{"line":50,"column":54}}]},"40":{"loc":{"start":{"line":50,"column":54},"end":{"line":51,"column":null}},"type":"cond-expr","locations":[{"start":{"line":51,"column":52},"end":{"line":51,"column":null}},{"start":{"line":51,"column":52},"end":{"line":51,"column":null}}]},"41":{"loc":{"start":{"line":50,"column":54},"end":{"line":51,"column":52}},"type":"binary-expr","locations":[{"start":{"line":50,"column":54},"end":{"line":51,"column":null}},{"start":{"line":51,"column":39},"end":{"line":51,"column":52}}]},"42":{"loc":{"start":{"line":51,"column":52},"end":{"line":52,"column":null}},"type":"cond-expr","locations":[{"start":{"line":52,"column":46},"end":{"line":52,"column":null}},{"start":{"line":52,"column":46},"end":{"line":52,"column":null}}]},"43":{"loc":{"start":{"line":51,"column":52},"end":{"line":52,"column":46}},"type":"binary-expr","locations":[{"start":{"line":51,"column":52},"end":{"line":52,"column":null}},{"start":{"line":52,"column":33},"end":{"line":52,"column":46}}]},"44":{"loc":{"start":{"line":52,"column":46},"end":{"line":54,"column":null}},"type":"cond-expr","locations":[{"start":{"line":54,"column":72},"end":{"line":54,"column":null}},{"start":{"line":54,"column":72},"end":{"line":54,"column":null}}]},"45":{"loc":{"start":{"line":52,"column":46},"end":{"line":54,"column":72}},"type":"binary-expr","locations":[{"start":{"line":52,"column":46},"end":{"line":54,"column":null}},{"start":{"line":54,"column":43},"end":{"line":54,"column":72}}]}},"s":{"0":18,"1":18,"2":18,"3":18,"4":18,"5":18,"6":18,"7":18,"8":18,"9":18,"10":18,"11":18,"12":18,"13":21,"14":21,"15":21,"16":21,"17":21,"18":21,"19":2,"20":2,"21":2,"22":1,"23":24,"24":24,"25":2,"26":22,"27":6,"28":6,"29":6,"30":6,"31":1,"32":5,"33":5,"34":3,"35":3,"36":2,"37":3,"38":3,"39":1,"40":2,"41":1,"42":2,"43":1,"44":4,"45":2,"46":1,"47":7,"48":7,"49":7,"50":7,"51":1,"52":6,"53":6,"54":6,"55":6,"56":6,"57":1,"58":4,"59":4,"60":4,"61":4,"62":4,"63":4,"64":2,"65":2,"66":1,"67":1,"68":1,"69":18,"70":18},"f":{"0":21,"1":2,"2":1,"3":24,"4":6,"5":2,"6":2,"7":7,"8":6,"9":1,"10":4,"11":4,"12":1},"b":{"0":[2,1],"1":[2,1],"2":[2,1],"3":[2,22],"4":[1,5],"5":[1,5],"6":[0,6],"7":[0,6],"8":[0,6],"9":[0,6],"10":[0,6],"11":[0,6],"12":[0,6],"13":[1,5],"14":[6,1],"15":[3,2],"16":[5,4],"17":[1,2],"18":[3,1,1],"19":[1,1],"20":[2,2],"21":[1,1],"22":[2,2],"23":[2],"24":[2],"25":[1,6],"26":[6,4],"27":[4,4],"28":[2,2],"29":[4,3],"30":[1,1],"31":[2,1],"32":[0],"33":[0],"34":[0,18],"35":[18,0],"36":[0,18],"37":[18,0],"38":[0,18],"39":[18,0],"40":[18,0],"41":[18,18],"42":[18,0],"43":[18,18],"44":[0,18],"45":[18,0]}}
,"/Users/inessarepeshko/university/semestr7/diploma/intra/intra/apps/api/src/contexts/feedback360/application/services/review-scheduler.service.ts": {"path":"/Users/inessarepeshko/university/semestr7/diploma/intra/intra/apps/api/src/contexts/feedback360/application/services/review-scheduler.service.ts","statementMap":{"0":{"start":{"line":1,"column":0},"end":{"line":1,"column":77}},"1":{"start":{"line":2,"column":0},"end":{"line":2,"column":52}},"2":{"start":{"line":3,"column":0},"end":{"line":3,"column":56}},"3":{"start":{"line":4,"column":0},"end":{"line":4,"column":75}},"4":{"start":{"line":5,"column":0},"end":{"line":5,"column":47}},"5":{"start":{"line":6,"column":0},"end":{"line":6,"column":49}},"6":{"start":{"line":13,"column":35},"end":{"line":125,"column":null}},"7":{"start":{"line":14,"column":30},"end":{"line":14,"column":69}},"8":{"start":{"line":17,"column":25},"end":{"line":17,"column":40}},"9":{"start":{"line":18,"column":25},"end":{"line":18,"column":39}},"10":{"start":{"line":27,"column":8},"end":{"line":27,"column":65}},"11":{"start":{"line":29,"column":8},"end":{"line":78,"column":9}},"12":{"start":{"line":31,"column":27},"end":{"line":31,"column":77}},"13":{"start":{"line":33,"column":12},"end":{"line":73,"column":13}},"14":{"start":{"line":34,"column":16},"end":{"line":36,"column":17}},"15":{"start":{"line":35,"column":20},"end":{"line":35,"column":29}},"16":{"start":{"line":38,"column":28},"end":{"line":38,"column":38}},"17":{"start":{"line":39,"column":33},"end":{"line":39,"column":65}},"18":{"start":{"line":42,"column":16},"end":{"line":72,"column":17}},"19":{"start":{"line":44,"column":36},"end":{"line":47,"column":22}},"20":{"start":{"line":49,"column":20},"end":{"line":51,"column":22}},"21":{"start":{"line":54,"column":20},"end":{"line":71,"column":21}},"22":{"start":{"line":55,"column":24},"end":{"line":70,"column":25}},"23":{"start":{"line":56,"column":28},"end":{"line":62,"column":30}},"24":{"start":{"line":63,"column":28},"end":{"line":65,"column":30}},"25":{"start":{"line":67,"column":28},"end":{"line":69,"column":30}},"26":{"start":{"line":75,"column":12},"end":{"line":77,"column":14}},"27":{"start":{"line":87,"column":8},"end":{"line":87,"column":64}},"28":{"start":{"line":89,"column":8},"end":{"line":123,"column":9}},"29":{"start":{"line":90,"column":27},"end":{"line":93,"column":14}},"30":{"start":{"line":95,"column":24},"end":{"line":95,"column":34}},"31":{"start":{"line":97,"column":12},"end":{"line":118,"column":13}},"32":{"start":{"line":99,"column":20},"end":{"line":99,"column":66}},"33":{"start":{"line":101,"column":20},"end":{"line":102,"column":58}},"34":{"start":{"line":104,"column":16},"end":{"line":106,"column":17}},"35":{"start":{"line":105,"column":20},"end":{"line":105,"column":29}},"36":{"start":{"line":108,"column":16},"end":{"line":117,"column":17}},"37":{"start":{"line":109,"column":20},"end":{"line":109,"column":67}},"38":{"start":{"line":110,"column":20},"end":{"line":112,"column":22}},"39":{"start":{"line":114,"column":20},"end":{"line":116,"column":22}},"40":{"start":{"line":120,"column":12},"end":{"line":122,"column":14}},"41":{"start":{"line":13,"column":13},"end":{"line":13,"column":35}},"42":{"start":{"line":26,"column":10},"end":{"line":79,"column":null}},"43":{"start":{"line":86,"column":10},"end":{"line":124,"column":null}},"44":{"start":{"line":13,"column":13},"end":{"line":125,"column":null}}},"fnMap":{"0":{"name":"(anonymous_2)","decl":{"start":{"line":16,"column":4},"end":{"line":16,"column":null}},"loc":{"start":{"line":18,"column":51},"end":{"line":19,"column":8}}},"1":{"name":"(anonymous_3)","decl":{"start":{"line":26,"column":10},"end":{"line":26,"column":30}},"loc":{"start":{"line":26,"column":30},"end":{"line":79,"column":5}}},"2":{"name":"(anonymous_4)","decl":{"start":{"line":86,"column":10},"end":{"line":86,"column":29}},"loc":{"start":{"line":86,"column":29},"end":{"line":124,"column":5}}}},"branchMap":{"0":{"loc":{"start":{"line":34,"column":16},"end":{"line":36,"column":17}},"type":"if","locations":[{"start":{"line":34,"column":16},"end":{"line":36,"column":17}},{"start":{},"end":{}}]},"1":{"loc":{"start":{"line":42,"column":16},"end":{"line":72,"column":17}},"type":"if","locations":[{"start":{"line":42,"column":16},"end":{"line":72,"column":17}},{"start":{},"end":{}}]},"2":{"loc":{"start":{"line":99,"column":20},"end":{"line":99,"column":66}},"type":"binary-expr","locations":[{"start":{"line":99,"column":20},"end":{"line":99,"column":33}},{"start":{"line":99,"column":37},"end":{"line":99,"column":66}}]},"3":{"loc":{"start":{"line":101,"column":20},"end":{"line":102,"column":58}},"type":"binary-expr","locations":[{"start":{"line":101,"column":20},"end":{"line":101,"column":42}},{"start":{"line":102,"column":20},"end":{"line":102,"column":58}}]},"4":{"loc":{"start":{"line":104,"column":16},"end":{"line":106,"column":17}},"type":"if","locations":[{"start":{"line":104,"column":16},"end":{"line":106,"column":17}},{"start":{},"end":{}}]},"5":{"loc":{"start":{"line":104,"column":20},"end":{"line":104,"column":61}},"type":"binary-expr","locations":[{"start":{"line":104,"column":20},"end":{"line":104,"column":34}},{"start":{"line":104,"column":38},"end":{"line":104,"column":61}}]},"6":{"loc":{"start":{"line":26,"column":34},"end":{"line":26,"column":null}},"type":"cond-expr","locations":[{"start":{"line":26,"column":41},"end":{"line":26,"column":null}},{"start":{"line":26,"column":41},"end":{"line":26,"column":null}}]},"7":{"loc":{"start":{"line":26,"column":34},"end":{"line":26,"column":41}},"type":"binary-expr","locations":[{"start":{"line":26,"column":34},"end":{"line":26,"column":null}},{"start":{"line":26,"column":34},"end":{"line":26,"column":41}}]},"8":{"loc":{"start":{"line":86,"column":33},"end":{"line":86,"column":null}},"type":"cond-expr","locations":[{"start":{"line":86,"column":40},"end":{"line":86,"column":null}},{"start":{"line":86,"column":40},"end":{"line":86,"column":null}}]},"9":{"loc":{"start":{"line":86,"column":33},"end":{"line":86,"column":40}},"type":"binary-expr","locations":[{"start":{"line":86,"column":33},"end":{"line":86,"column":null}},{"start":{"line":86,"column":33},"end":{"line":86,"column":40}}]},"10":{"loc":{"start":{"line":17,"column":40},"end":{"line":17,"column":null}},"type":"cond-expr","locations":[{"start":{"line":17,"column":53},"end":{"line":17,"column":null}},{"start":{"line":17,"column":53},"end":{"line":17,"column":null}}]},"11":{"loc":{"start":{"line":17,"column":40},"end":{"line":17,"column":53}},"type":"binary-expr","locations":[{"start":{"line":17,"column":40},"end":{"line":17,"column":null}},{"start":{"line":17,"column":40},"end":{"line":17,"column":53}}]},"12":{"loc":{"start":{"line":17,"column":53},"end":{"line":18,"column":null}},"type":"cond-expr","locations":[{"start":{"line":18,"column":51},"
[...]
861,"column":31}}]},"73":{"loc":{"start":{"line":859,"column":38},"end":{"line":859,"column":57}},"type":"binary-expr","locations":[{"start":{"line":859,"column":38},"end":{"line":859,"column":52}},{"start":{"line":859,"column":56},"end":{"line":859,"column":57}}]},"74":{"loc":{"start":{"line":863,"column":16},"end":{"line":867,"column":31}},"type":"cond-expr","locations":[{"start":{"line":864,"column":22},"end":{"line":865,"column":null}},{"start":{"line":867,"column":22},"end":{"line":867,"column":31}}]},"75":{"loc":{"start":{"line":865,"column":38},"end":{"line":865,"column":57}},"type":"binary-expr","locations":[{"start":{"line":865,"column":38},"end":{"line":865,"column":52}},{"start":{"line":865,"column":56},"end":{"line":865,"column":57}}]},"76":{"loc":{"start":{"line":876,"column":30},"end":{"line":876,"column":76}},"type":"binary-expr","locations":[{"start":{"line":876,"column":30},"end":{"line":876,"column":70}},{"start":{"line":876,"column":74},"end":{"line":876,"column":76}}]},"77":{"loc":{"start":{"line":878,"column":20},"end":{"line":878,"column":69}},"type":"binary-expr","locations":[{"start":{"line":878,"column":20},"end":{"line":878,"column":63}},{"start":{"line":878,"column":67},"end":{"line":878,"column":69}}]},"78":{"loc":{"start":{"line":890,"column":30},"end":{"line":890,"column":75}},"type":"binary-expr","locations":[{"start":{"line":890,"column":30},"end":{"line":890,"column":69}},{"start":{"line":890,"column":73},"end":{"line":890,"column":75}}]},"79":{"loc":{"start":{"line":892,"column":20},"end":{"line":892,"column":68}},"type":"binary-expr","locations":[{"start":{"line":892,"column":20},"end":{"line":892,"column":62}},{"start":{"line":892,"column":66},"end":{"line":892,"column":68}}]},"80":{"loc":{"start":{"line":904,"column":30},"end":{"line":904,"column":75}},"type":"binary-expr","locations":[{"start":{"line":904,"column":30},"end":{"line":904,"column":69}},{"start":{"line":904,"column":73},"end":{"line":904,"column":75}}]},"81":{"loc":{"start":{"line":906,"column":20},"end":{"line":906,"column":68}},"type":"binary-expr","locations":[{"start":{"line":906,"column":20},"end":{"line":906,"column":62}},{"start":{"line":906,"column":66},"end":{"line":906,"column":68}}]},"82":{"loc":{"start":{"line":918,"column":30},"end":{"line":918,"column":74}},"type":"binary-expr","locations":[{"start":{"line":918,"column":30},"end":{"line":918,"column":68}},{"start":{"line":918,"column":72},"end":{"line":918,"column":74}}]},"83":{"loc":{"start":{"line":920,"column":20},"end":{"line":920,"column":67}},"type":"binary-expr","locations":[{"start":{"line":920,"column":20},"end":{"line":920,"column":61}},{"start":{"line":920,"column":65},"end":{"line":920,"column":67}}]},"84":{"loc":{"start":{"line":938,"column":37},"end":{"line":938,"column":70}},"type":"binary-expr","locations":[{"start":{"line":938,"column":37},"end":{"line":938,"column":49}},{"start":{"line":938,"column":53},"end":{"line":938,"column":70}}]},"85":{"loc":{"start":{"line":940,"column":8},"end":{"line":940,"column":50}},"type":"if","locations":[{"start":{"line":940,"column":8},"end":{"line":940,"column":50}},{"start":{},"end":{}}]},"86":{"loc":{"start":{"line":100,"column":43},"end":{"line":100,"column":null}},"type":"cond-expr","locations":[{"start":{"line":100,"column":72},"end":{"line":100,"column":null}},{"start":{"line":100,"column":72},"end":{"line":100,"column":null}}]},"87":{"loc":{"start":{"line":100,"column":43},"end":{"line":100,"column":72}},"type":"binary-expr","locations":[{"start":{"line":100,"column":43},"end":{"line":100,"column":null}},{"start":{"line":100,"column":43},"end":{"line":100,"column":72}}]},"88":{"loc":{"start":{"line":100,"column":72},"end":{"line":102,"column":null}},"type":"cond-expr","locations":[{"start":{"line":102,"column":87},"end":{"line":102,"column":null}},{"start":{"line":102,"column":87},"end":{"line":102,"column":null}}]},"89":{"loc":{"start":{"line":100,"column":72},"end":{"line":102,"column":87}},"type":"binary-expr","locations":[{"start":{"line":100,"column":72},"end":{"line":102,"column":null}},{"start":{"line":102,"column":49},"end":{"line":102,"column":87}}]},"90":{"loc":{"start":{"line":102,"column":87},"end":{"line":104,"column":null}},"type":"cond-expr","locations":[{"start":{"line":104,"column":62},"end":{"line":104,"column":null}},{"start":{"line":104,"column":62},"end":{"line":104,"column":null}}]},"91":{"loc":{"start":{"line":102,"column":87},"end":{"line":104,"column":62}},"type":"binary-expr","locations":[{"start":{"line":102,"column":87},"end":{"line":104,"column":null}},{"start":{"line":104,"column":38},"end":{"line":104,"column":62}}]},"92":{"loc":{"start":{"line":104,"column":62},"end":{"line":106,"column":null}},"type":"cond-expr","locations":[{"start":{"line":106,"column":58},"end":{"line":106,"column":null}},{"start":{"line":106,"column":58},"end":{"line":106,"column":null}}]},"93":{"loc":{"start":{"line":104,"column":62},"end":{"line":106,"column":58}},"type":"binary-expr","locations":[{"start":{"line":104,"column":62},"end":{"line":106,"column":null}},{"start":{"line":106,"column":36},"end":{"line":106,"column":58}}]},"94":{"loc":{"start":{"line":106,"column":58},"end":{"line":108,"column":null}},"type":"cond-expr","locations":[{"start":{"line":108,"column":54},"end":{"line":108,"column":null}},{"start":{"line":108,"column":54},"end":{"line":108,"column":null}}]},"95":{"loc":{"start":{"line":106,"column":58},"end":{"line":108,"column":54}},"type":"binary-expr","locations":[{"start":{"line":106,"column":58},"end":{"line":108,"column":null}},{"start":{"line":108,"column":34},"end":{"line":108,"column":54}}]},"96":{"loc":{"start":{"line":108,"column":54},"end":{"line":110,"column":null}},"type":"cond-expr","locations":[{"start":{"line":110,"column":54},"end":{"line":110,"column":null}},{"start":{"line":110,"column":54},"end":{"line":110,"column":null}}]},"97":{"loc":{"start":{"line":108,"column":54},"end":{"line":110,"column":54}},"type":"binary-expr","locations":[{"start":{"line":108,"column":54},"end":{"line":110,"column":null}},{"start":{"line":110,"column":34},"end":{"line":110,"column":54}}]},"98":{"loc":{"start":{"line":110,"column":54},"end":{"line":112,"column":null}},"type":"cond-expr","locations":[{"start":{"line":112,"column":56},"end":{"line":112,"column":null}},{"start":{"line":112,"column":56},"end":{"line":112,"column":null}}]},"99":{"loc":{"start":{"line":110,"column":54},"end":{"line":112,"column":56}},"type":"binary-expr","locations":[{"start":{"line":110,"column":54},"end":{"line":112,"column":null}},{"start":{"line":112,"column":37},"end":{"line":112,"column":56}}]},"100":{"loc":{"start":{"line":112,"column":56},"end":{"line":114,"column":null}},"type":"cond-expr","locations":[{"start":{"line":114,"column":54},"end":{"line":114,"column":null}},{"start":{"line":114,"column":54},"end":{"line":114,"column":null}}]},"101":{"loc":{"start":{"line":112,"column":56},"end":{"line":114,"column":54}},"type":"binary-expr","locations":[{"start":{"line":112,"column":56},"end":{"line":114,"column":null}},{"start":{"line":114,"column":34},"end":{"line":114,"column":54}}]},"102":{"loc":{"start":{"line":114,"column":54},"end":{"line":116,"column":null}},"type":"cond-expr","locations":[{"start":{"line":116,"column":50},"end":{"line":116,"column":null}},{"start":{"line":116,"column":50},"end":{"line":116,"column":null}}]},"103":{"loc":{"start":{"line":114,"column":54},"end":{"line":116,"column":50}},"type":"binary-expr","locations":[{"start":{"line":114,"column":54},"end":{"line":116,"column":null}},{"start":{"line":116,"column":32},"end":{"line":116,"column":50}}]},"104":{"loc":{"start":{"line":116,"column":50},"end":{"line":118,"column":null}},"type":"cond-expr","locations":[{"start":{"line":118,"column":50},"end":{"line":118,"column":null}},{"start":{"line":118,"column":50},"end":{"line":118,"column":null}}]},"105":{"loc":{"start":{"line":116,"column":50},"end":{"line":118,"column":50}},"type":"binary-expr","locations":[{"start":{"line":116,"column":50},"end":{"line":118,"column":null}},{"start":{"line":118,"column":32},"end":{"line":118,"column":50}}]},"106":{"loc":{"start":{"line":118,"column":50},"end":{"line":120,"column":null}},"type":"cond-expr","locations":[{"start":{"line":120,"column":58},"end":{"line":120,"column":null}},{"start":{"line":120,"column":58},"end":{"line":120,"column":null}}]},"107":{"loc":{"start":{"line":118,"column":50},"end":{"line":120,"column":58}},"type":"binary-expr","locations":[{"start":{"line":118,"column":50},"end":{"line":120,"column":null}},{"start":{"line":120,"column":36},"end":{"line":120,"column":58}}]},"108":{"loc":{"start":{"line":120,"column":58},"end":{"line":122,"column":null}},"type":"cond-expr","locations":[{"start":{"line":122,"column":62},"end":{"line":122,"column":null}},{"start":{"line":122,"column":62},"end":{"line":122,"column":null}}]},"109":{"loc":{"start":{"line":120,"column":58},"end":{"line":122,"column":62}},"type":"binary-expr","locations":[{"start":{"line":120,"column":58},"end":{"line":122,"column":null}},{"start":{"line":122,"column":38},"end":{"line":122,"column":62}}]},"110":{"loc":{"start":{"line":122,"column":62},"end":{"line":124,"column":null}},"type":"cond-expr","locations":[{"start":{"line":124,"column":58},"end":{"line":124,"column":null}},{"start":{"line":124,"column":58},"end":{"line":124,"column":null}}]},"111":{"loc":{"start":{"line":122,"column":62},"end":{"line":124,"column":58}},"type":"binary-expr","locations":[{"start":{"line":122,"column":62},"end":{"line":124,"column":null}},{"start":{"line":124,"column":36},"end":{"line":124,"column":58}}]},"112":{"loc":{"start":{"line":124,"column":58},"end":{"line":126,"column":null}},"type":"cond-expr","locations":[{"start":{"line":126,"column":75},"end":{"line":126,"column":null}},{"start":{"line":126,"column":75},"end":{"line":126,"column":null}}]},"113":{"loc":{"start":{"line":124,"column":58},"end":{"line":126,"column":75}},"type":"binary-expr","locations":[{"start":{"line":124,"column":58},"end":{"line":126,"column":null}},{"start":{"line":126,"column":46},"end":{"line":126,"column":75}}]},"114":{"loc":{"start":{"line":126,"column":75},"end":{"line":128,"column":null}},"type":"cond-expr","locations":[{"start":{"line":128,"column":75},"end":{"line":128,"column":null}},{"start":{"line":128,"column":75},"end":{"line":128,"column":null}}]},"115":{"loc":{"start":{"line":126,"column":75},"end":{"line":128,"column":75}},"type":"binary-expr","locations":[{"start":{"line":126,"column":75},"end":{"line":128,"column":null}},{"start":{"line":128,"column":39},"end":{"line":128,"column":75}}]}},"s":{"0":5,"1":5,"2":5,"3":5,"4":5,"5":5,"6":5,"7":5,"8":5,"9":5,"10":5,"11":5,"12":5,"13":5,"14":5,"15":5,"16":5,"17":5,"18":5,"19":5,"20":5,"21":5,"22":16,"23":16,"24":16,"25":16,"26":16,"27":16,"28":16,"29":16,"30":16,"31":16,"32":16,"33":16,"34":16,"35":16,"36":16,"37":16,"38":3,"39":2,"40":3,"41":1,"42":2,"43":2,"44":1,"45":5,"46":5,"47":1,"48":4,"49":2,"50":5,"51":1,"52":4,"53":4,"54":1,"55":3,"56":3,"57":1,"58":2,"59":2,"60":2,"61":1,"62":1,"63":2,"64":2,"65":1,"66":1,"67":1,"68":6,"69":6,"70":6,"71":1,"72":5,"73":5,"74":1,"75":1,"76":4,"77":4,"78":1,"79":3,"80":3,"81":3,"82":3,"83":3,"84":3,"85":2,"86":2,"87":3,"88":3,"89":3,"90":3,"91":3,"92":3,"93":3,"94":3,"95":3,"96":3,"97":3,"98":2,"99":2,"100":2,"101":2,"102":2,"103":2,"104":2,"105":2,"106":1,"107":2,"108":1,"109":2,"110":2,"111":2,"112":2,"113":2,"114":2,"115":2,"116":2,"117":2,"118":2,"119":2,"120":1,"121":1,"122":1,"123":1,"124":2,"125":2,"126":2,"127":2,"128":2,"129":2,"130":2,"131":3,"132":3,"133":2,"134":1,"135":2,"136":2,"137":2,"138":2,"139":2,"140":2,"141":1,"142":1,"143":1,"144":1,"145":1,"146":1,"147":1,"148":2,"149":1,"150":1,"151":1,"152":1,"153":2,"154":2,"155":1,"156":3,"157":3,"158":3,"159":3,"160":3,"161":3,"162":2,"163":0,"164":3,"165":2,"166":1,"167":3,"168":3,"169":9,"170":3,"171":1,"172":0,"173":3,"174":1,"175":3,"176":0,"177":3,"178":0,"179":3,"180":0,"181":3,"182":3,"183":3,"184":3,"185":3,"186":3,"187":3,"188":3,"189":3,"190":3,"191":3,"192":3,"193":3,"194":3,"195":3,"196":1,"197":2,"198":2,"199":12,"200":6,"201":6,"202":12,"203":6,"204":6,"205":6,"206":6,"207":26,"208":0,"209":26,"210":26,"211":0,"212":0,"213":0,"214":0,"215":3,"216":3,"217":1,"218":1,"219":1,"220":1,"221":1,"222":1,"223":1,"224":1,"225":1,"226":1,"227":1,"228":1,"229":1,"230":1,"231":1,"232":1,"233":1,"234":3,"235":3,"236":1,"237":3,"238":1,"239":3,"240":1,"241":3,"242":3,"243":3,"244":3,"245":3,"246":3,"247":12,"248":6,"249":6,"250":8,"251":4,"252":4,"253":24,"254":16,"255":8,"256":3,"257":0,"258":0,"259":0,"260":1,"261":3,"262":1,"263":1,"264":3,"265":1,"266":1,"267":3,"268":3,"269":3,"270":3,"271":3,"272":1,"273":1,"274":1,"275":1,"276":3,"277":3,"278":3,"279":3,"280":3,"281":3,"282":16,"283":3,"284":6,"285":3,"286":0,"287":3,"288":3,"289":3,"290":6,"291":3,"292":5,"293":5},"f":{"0":16,"1":3,"2":3,"3":5,"4":5,"5":2,"6":2,"7":6,"8":2,"9":2,"10":3,"11":1,"12":2,"13":1,"14":3,"15":2,"16":0,"17":2,"18":1,"19":9,"20":1,"21":0,"22":1,"23":0,"24":0,"25":0,"26":3,"27":3,"28":3,"29":12,"30":6,"31":6,"32":6,"33":26,"34":0,"35":3,"36":1,"37":1,"38":1,"39":1,"40":1,"41":3,"42":1,"43":1,"44":1,"45":12,"46":8,"47":24,"48":3,"49":0,"50":1,"51":1,"52":1,"53":1,"54":1,"55":1,"56":1,"57":1,"58":1,"59":3,"60":6,"61":3},"b":{"0":[1,2],"1":[2,2],"2":[1,1],"3":[1,4],"4":[1,4],"5":[4,4],"6":[1,3],"7":[1,2],"8":[3,3],"9":[1,1],"10":[1,1],"11":[1,5],"12":[1,4],"13":[1,3],"14":[4,4],"15":[2,1],"16":[1,2],"17":[1,2],"18":[2,0],"19":[1,1],"20":[1,1],"21":[2,0],"22":[2,0],"23":[2,0],"24":[1,0],"25":[1,0],"26":[2,0],"27":[3,0],"28":[2,1],"29":[2,0],"30":[1,1],"31":[1,0],"32":[1,0],"33":[1,0],"34":[1,1],"35":[1,0],"36":[1,0],"37":[1,2],"38":[6,6],"39":[6,0],"40":[6,6],"41":[0,26],"42":[26,26],"43":[26,0],"44":[0,0],"45":[0,0],"46":[1,0],"47":[1,0],"48":[1,0],"49":[1,0],"50":[1,0],"51":[1,0],"52":[1,0],"53":[1,0],"54":[1,0],"55":[6,6],"56":[12,6],"57":[4,4],"58":[8,4],"59":[16,8],"60":[0,0],"61":[0,0],"62":[1,1],"63":[1,1],"64":[1,2],"65":[1,2],"66":[1,2],"67":[1,2],"68":[1,2],"69":[1,0],"70":[1,2],"71":[1,0],"72":[1,2],"73":[1,0],"74":[1,2],"75":[1,0],"76":[3,2],"77":[3,2],"78":[3,2],"79":[3,2],"80":[3,2],"81":[3,2],"82":[3,2],"83":[3,2],"84":[6,6],"85":[0,3],"86":[0,5],"87":[5,0],"88":[0,5],"89":[5,0],"90":[0,5],"91":[5,0],"92":[0,5],"93":[5,0],"94":[0,5],"95":[5,0],"96":[0,5],"97":[5,0],"98":[0,5],"99":[5,0],"100":[0,5],"101":[5,0],"102":[0,5],"103":[5,0],"104":[0,5],"105":[5,0],"106":[0,5],"107":[5,0],"108":[0,5],"109":[5,0],"110":[0,5],"111":[5,0],"112":[0,5],"113":[5,0],"114":[0,5],"115":[5,0]}}
,"/Users/inessarepeshko/university/semestr7/diploma/intra/intra/apps/api/src/contexts/reporting/application/services/text-answer.service.ts": {"path":"/Users/inessarepeshko/university/semestr7/diploma/intra/intra/apps/api/src/contexts/reporting/application/services/text-answer.service.ts","statementMap":{"0":{"start":{"line":1,"column":0},"end":{"line":1,"column":null}},"1":{"start":{"line":6,"column":0},"end":{"line":6,"column":72}},"2":{"start":{"line":8,"column":0},"end":{"line":8,"column":null}},"3":{"start":{"line":12,"column":0},"end":{"line":12,"column":null}},"4":{"start":{"line":19,"column":7},"end":{"line":79,"column":null}},"5":{"start":{"line":22,"column":25},"end":{"line":22,"column":34}},"6":{"start":{"line":24,"column":25},"end":{"line":24,"column":36}},"7":{"start":{"line":31,"column":8},"end":{"line":31,"column":51}},"8":{"start":{"line":33,"column":37},"end":{"line":39,"column":10}},"9":{"start":{"line":41,"column":28},"end":{"line":41,"column":75}},"10":{"start":{"line":42,"column":8},"end":{"line":44,"column":11}},"11":{"start":{"line":43,"column":12},"end":{"line":43,"column":59}},"12":{"start":{"line":46,"column":8},"end":{"line":58,"column":15}},"13":{"start":{"line":48,"column":28},"end":{"line":48,"column":78}},"14":{"start":{"line":51,"column":33},"end":{"line":51,"column":67}},"15":{"start":{"line":52,"column":16},"end":{"line":57,"column":18}},"16":{"start":{"line":67,"column":8},"end":{"line":67,"column":27}},"17":{"start":{"line":67,"column":20},"end":{"line":67,"column":27}},"18":{"start":{"line":70,"column":12},"end":{"line":71,"column":51}},"19":{"start":{"line":73,"column":8},"end":{"line":73,"column":32}},"20":{"start":{"line":73,"column":25},"end":{"line":73,"column":32}},"21":{"start":{"line":75,"column":8},"end":{"line":77,"column":10}},"22":{"start":{"line":19,"column":13},"end":{"line":19,"column":30}},"23":{"start":{"line":19,"column":13},"end":{"line":79,"column":null}}},"fnMap":{"0":{"name":"(anonymous_4)","decl":{"start":{"line":20,"column":4},"end":{"line":20,"column":null}},"loc":{"start":{"line":24,"column":72},"end":{"line":25,"column":8}}},"1":{"name":"(anonymous_5)","decl":{"start":{"line":27,"column":4},"end":{"line":27,"column":9}},"loc":{"start":{"line":29,"column":26},"end":{"line":59,"column":5}}},"2":{"name":"(anonymous_6)","decl":{"start":{"line":42,"column":26},"end":{"line":42,"column":27}},"loc":{"start":{"line":42,"column":39},"end":{"line":44,"column":9}}},"3":{"name":"(anonymous_7)","decl":{"start":{"line":48,"column":16},"end":{"line":48,"column":17}},"loc":{"start":{"line":48,"column":28},"end":{"line":48,"column":78}}},"4":{"name":"(anonymous_8)","decl":{"start":{"line":50,"column":17},"end":{"line":50,"column":18}},"loc":{"start":{"line":50,"column":28},"end":{"line":58,"column":13}}},"5":{"name":"(anonymous_9)","decl":{"start":{"line":66,"column":12},"end":{"line":66,"column":17}},"loc":{"start":{"line":66,"column":61},"end":{"line":78,"column":5}}}},"branchMap":{"0":{"loc":{"start":{"line":48,"column":28},"end":{"line":48,"column":78}},"type":"binary-expr","locations":[{"start":{"line":48,"column":28},"end":{"line":48,"column":44}},{"start":{"line":48,"column":48},"end":{"line":48,"column":78}}]},"1":{"loc":{"start":{"line":54,"column":35},"end":{"line":54,"column":66}},"type":"binary-expr","locations":[{"start":{"line":54,"column":35},"end":{"line":54,"column":58}},{"start":{"line":54,"column":62},"end":{"line":54,"column":66}}]},"2":{"loc":{"start":{"line":67,"column":8},"end":{"line":67,"column":27}},"type":"if","locations":[{"start":{"line":67,"column":8},"end":{"line":67,"column":27}},{"start":{},"end":{}}]},"3":{"loc":{"start":{"line":70,"column":12},"end":{"line":71,"column":51}},"type":"binary-expr","locations":[{"start":{"line":70,"column":12},"end":{"line":70,"column":54}},{"start":{"line":71,"column":12},"end":{"line":71,"column":51}}]},"4":{"loc":{"start":{"line":73,"column":8},"end":{"line":73,"column":32}},"type":"if","locations":[{"start":{"line":73,"column":8},"end":{"line":73,"column":32}},{"start":{},"end":{}}]},"5":{"loc":{"start":{"line":22,"column":34},"end":{"line":22,"column":null}},"type":"cond-expr","locations":[{"start":{"line":22,"column":54},"end":{"line":22,"column":null}},{"start":{"line":22,"column":54},"end":{"line":22,"column":null}}]},"6":{"loc":{"start":{"line":22,"column":34},"end":{"line":22,"column":54}},"type":"binary-expr","locations":[{"start":{"line":22,"column":34},"end":{"line":22,"column":null}},{"start":{"line":22,"column":34},"end":{"line":22,"column":54}}]},"7":{"loc":{"start":{"line":22,"column":54},"end":{"line":24,"column":null}},"type":"cond-expr","locations":[{"start":{"line":24,"column":72},"end":{"line":24,"column":null}},{"start":{"line":24,"column":72},"end":{"line":24,"column":null}}]},"8":{"loc":{"start":{"line":22,"column":54},"end":{"line":24,"column":72}},"type":"binary-expr","locations":[{"start":{"line":22,"column":54},"end":{"line":24,"column":null}},{"start":{"line":24,"column":36},"end":{"line":24,"column":72}}]}},"s":{"0":2,"1":2,"2":2,"3":2,"4":2,"5":4,"6":4,"7":4,"8":3,"9":3,"10":3,"11":1,"12":3,"13":4,"14":2,"15":2,"16":4,"17":1,"18":3,"19":3,"20":2,"21":1,"22":2,"23":2},"f":{"0":4,"1":4,"2":1,"3":4,"4":2,"5":4},"b":{"0":[4,3],"1":[2,1],"2":[1,3],"3":[3,2],"4":[2,1],"5":[0,2],"6":[2,0],"7":[0,2],"8":[2,0]}}
}
