TN:
SF:apps/api/src/contexts/feedback360/application/constants/cycle-stage-transitions.ts
FNF:0
FNH:0
DA:1,19
DA:7,19
DA:26,19
LF:3
LH:3
BRF:0
BRH:0
end_of_record
TN:
SF:apps/api/src/contexts/feedback360/application/constants/response-status-transitions.ts
FNF:0
FNH:0
DA:1,8
DA:7,8
DA:29,8
LF:3
LH:3
BRF:0
BRH:0
end_of_record
TN:
SF:apps/api/src/contexts/feedback360/application/constants/review-stage-transitions.ts
FNF:0
FNH:0
DA:1,8
DA:7,8
DA:51,8
LF:3
LH:3
BRF:0
BRH:0
end_of_record
TN:
SF:apps/api/src/contexts/feedback360/application/events/cycle-stage-changed.event.ts
FN:4,(anonymous_0)
FNF:1
FNH:1
FNDA:15,(anonymous_0)
DA:3,19
DA:5,15
DA:6,15
DA:7,15
DA:8,15
DA:9,15
DA:10,15
LF:7
LH:7
BRF:0
BRH:0
end_of_record
TN:
SF:apps/api/src/contexts/feedback360/application/events/cycle-stage-processed.event.ts
FN:5,(anonymous_0)
FN:13,(anonymous_1)
FNF:2
FNH:2
FNDA:9,(anonymous_0)
FNDA:6,(anonymous_1)
DA:4,3
DA:6,9
DA:7,9
DA:8,9
DA:9,9
DA:10,9
DA:16,6
LF:7
LH:7
BRF:0
BRH:0
end_of_record
TN:
SF:apps/api/src/contexts/feedback360/application/events/respondent-status-changed.event.ts
FN:4,(anonymous_0)
FNF:1
FNH:1
FNDA:12,(anonymous_0)
DA:3,7
DA:5,12
DA:6,12
DA:7,12
DA:8,12
DA:9,12
DA:10,12
DA:11,12
LF:8
LH:8
BRF:0
BRH:0
end_of_record
TN:
SF:apps/api/src/contexts/feedback360/application/events/review-stage-changed.event.ts
FN:4,(anonymous_0)
FNF:1
FNH:1
FNDA:18,(anonymous_0)
DA:3,10
DA:5,18
DA:6,18
DA:7,18
DA:8,18
DA:9,18
DA:10,18
LF:7
LH:7
BRF:0
BRH:0
end_of_record
TN:
SF:apps/api/src/contexts/feedback360/application/events/review-stage-processed.event.ts
FN:5,(anonymous_0)
FN:13,(anonymous_1)
FNF:2
FNH:2
FNDA:11,(anonymous_0)
FNDA:8,(anonymous_1)
DA:4,3
DA:6,11
DA:7,11
DA:8,11
DA:9,11
DA:10,11
DA:16,8
LF:7
LH:7
BRF:0
BRH:0
end_of_record
TN:
SF:apps/api/src/contexts/feedback360/application/listeners/cycle-stage.listener.ts
FN:21,(anonymous_4)
FN:34,(anonymous_5)
FNF:2
FNH:2
FNDA:4,(anonymous_4)
FNDA:4,(anonymous_5)
DA:1,1
DA:2,1
DA:3,1
DA:4,1
DA:5,1
DA:6,1
DA:7,1
DA:18,1
DA:19,4
DA:22,4
DA:23,4
DA:25,4
DA:34,1
DA:37,4
DA:41,4
DA:43,1
DA:47,1
DA:50,3
DA:52,3
DA:53,1
DA:56,1
DA:60,1
DA:63,2
DA:67,2
DA:68,2
DA:70,1
DA:74,1
DA:79,2
LF:28
LH:28
BRDA:41,0,0,1
BRDA:41,0,1,3
BRDA:52,1,0,1
BRDA:52,1,1,2
BRDA:35,2,0,1
BRDA:35,2,1,0
BRDA:35,3,0,1
BRDA:35,3,1,1
BRDA:36,4,0,1
BRDA:36,4,1,0
BRDA:36,5,0,1
BRDA:36,5,1,1
BRDA:22,6,0,1
BRDA:22,6,1,0
BRDA:22,7,0,1
BRDA:22,7,1,1
BRDA:22,8,0,1
BRDA:22,8,1,0
BRDA:22,9,0,1
BRDA:22,9,1,1
BRDA:23,10,0,0
BRDA:23,10,1,1
BRDA:23,11,0,1
BRDA:23,11,1,0
BRF:24
BRH:18
end_of_record
TN:
SF:apps/api/src/contexts/feedback360/application/listeners/respondent-status.listener.ts
FN:28,(anonymous_4)
FN:41,(anonymous_5)
FN:65,(anonymous_6)
FN:79,(anonymous_7)
FN:109,(anonymous_8)
FN:118,(anonymous_9)
FNF:6
FNH:6
FNDA:4,(anonymous_4)
FNDA:4,(anonymous_5)
FNDA:4,(anonymous_6)
FNDA:2,(anonymous_7)
FNDA:6,(anonymous_8)
FNDA:6,(anonymous_9)
DA:1,1
DA:6,1
DA:7,1
DA:8,1
DA:9,1
DA:10,1
DA:14,1
DA:18,1
DA:25,1
DA:26,4
DA:30,4
DA:31,4
DA:32,4
DA:41,1
DA:44,4
DA:48,4
DA:52,1
DA:55,3
DA:59,3
DA:60,3
DA:64,2
DA:66,4
DA:70,2
DA:71,1
DA:72,1
DA:76,1
DA:80,2
DA:89,1
DA:106,1
DA:107,6
DA:111,6
DA:113,6
DA:114,6
DA:118,1
DA:121,6
DA:122,1
DA:125,5
DA:126,5
DA:130,5
DA:131,1
DA:134,4
DA:135,4
DA:136,1
DA:139,1
DA:142,3
DA:143,1
DA:146,2
DA:150,2
DA:158,1
LF:49
LH:49
BRDA:48,0,0,1
BRDA:48,0,1,3
BRDA:49,1,0,4
BRDA:49,1,1,1
BRDA:66,2,0,4
BRDA:66,2,1,2
BRDA:70,3,0,1
BRDA:70,3,1,1
BRDA:80,4,0,2
BRDA:80,4,1,1
BRDA:42,5,0,1
BRDA:42,5,1,0
BRDA:42,6,0,1
BRDA:42,6,1,1
BRDA:43,7,0,1
BRDA:43,7,1,0
BRDA:43,8,0,1
BRDA:43,8,1,1
BRDA:30,9,0,0
BRDA:30,9,1,1
BRDA:30,10,0,1
BRDA:30,10,1,0
BRDA:30,11,0,1
BRDA:30,11,1,0
BRDA:30,12,0,1
BRDA:30,12,1,1
BRDA:31,13,0,1
BRDA:31,13,1,0
BRDA:31,14,0,1
BRDA:31,14,1,1
BRDA:121,15,0,1
BRDA:121,15,1,5
BRDA:130,16,0,1
BRDA:130,16,1,4
BRDA:135,17,0,1
BRDA:135,17,1,3
BRDA:142,18,0,1
BRDA:142,18,1,2
BRDA:153,19,0,2
BRDA:153,19,1,1
BRDA:154,20,0,2
BRDA:154,20,1,1
BRDA:119,21,0,1
BRDA:119,21,1,0
BRDA:119,22,0,1
BRDA:119,22,1,1
BRDA:120,23,0,1
BRDA:120,23,1,0
BRDA:120,24,0,1
BRDA:120,24,1,1
BRDA:111,25,0,0
BRDA:111,25,1,1
BRDA:111,26,0,1
BRDA:111,26,1,0
BRDA:111,27,0,0
BRDA:111,27,1,1
BRDA:111,28,0,1
BRDA:111,28,1,0
BRDA:113,29,0,1
BRDA:113,29,1,0
BRDA:113,30,0,1
BRDA:113,30,1,1
BRF:62
BRH:49
end_of_record
TN:
SF:apps/api/src/contexts/feedback360/application/listeners/review-stage.listener.ts
FN:35,(anonymous_4)
FN:48,(anonymous_5)
FN:92,(anonymous_6)
FNF:3
FNH:3
FNDA:6,(anonymous_4)
FNDA:6,(anonymous_5)
FNDA:6,(anonymous_6)
DA:1,1
DA:2,1
DA:3,1
DA:4,1
DA:5,1
DA:6,1
DA:7,1
DA:20,1
DA:32,1
DA:33,6
DA:36,6
DA:38,6
DA:39,6
DA:48,1
DA:51,6
DA:55,6
DA:56,6
DA:57,1
DA:60,5
DA:62,5
DA:63,1
DA:64,1
DA:67,4
DA:68,1
DA:71,1
DA:74,3
DA:78,3
DA:79,3
DA:92,3
DA:93,6
DA:95,3
DA:97,3
DA:98,2
DA:99,1
DA:103,1
DA:108,1
DA:119,6
LF:37
LH:37
BRDA:56,0,0,1
BRDA:56,0,1,5
BRDA:62,1,0,1
BRDA:62,1,1,4
BRDA:67,2,0,1
BRDA:67,2,1,3
BRDA:97,3,0,2
BRDA:97,3,1,1
BRDA:49,4,0,1
BRDA:49,4,1,0
BRDA:49,5,0,1
BRDA:49,5,1,1
BRDA:50,6,0,1
BRDA:50,6,1,0
BRDA:50,7,0,1
BRDA:50,7,1,1
BRDA:36,8,0,1
BRDA:36,8,1,0
BRDA:36,9,0,1
BRDA:36,9,1,1
BRDA:36,10,0,0
BRDA:36,10,1,1
BRDA:36,11,0,1
BRDA:36,11,1,0
BRDA:38,12,0,1
BRDA:38,12,1,0
BRDA:38,13,0,1
BRDA:38,13,1,1
BRF:28
BRH:22
end_of_record
TN:
SF:apps/api/src/contexts/feedback360/application/ports/answer.repository.port.ts
FNF:0
FNH:0
DA:4,18
LF:1
LH:1
BRF:0
BRH:0
end_of_record
TN:
SF:apps/api/src/contexts/feedback360/application/ports/cluster-score-analytics.repository.port.ts
FNF:0
FNH:0
DA:7,3
LF:1
LH:1
BRF:0
BRH:0
end_of_record
TN:
SF:apps/api/src/contexts/feedback360/application/ports/cluster-score.repository.port.ts
FNF:0
FNH:0
DA:5,15
LF:1
LH:1
BRF:0
BRH:0
end_of_record
TN:
SF:apps/api/src/contexts/feedback360/application/ports/cycle-stage-history.repository.port.ts
FNF:0
FNH:0
DA:3,18
LF:1
LH:1
BRF:0
BRH:0
end_of_record
TN:
SF:apps/api/src/contexts/feedback360/application/ports/cycle.repository.port.ts
FNF:0
FNH:0
DA:4,27
LF:1
LH:1
BRF:0
BRH:0
end_of_record
TN:
SF:apps/api/src/contexts/feedback360/application/ports/question.repository.port.ts
FNF:0
FNH:0
DA:4,14
LF:1
LH:1
BRF:0
BRH:0
end_of_record
TN:
SF:apps/api/src/contexts/feedback360/application/ports/respondent.repository.port.ts
FNF:0
FNH:0
DA:7,21
LF:1
LH:1
BRF:0
BRH:0
end_of_record
TN:
SF:apps/api/src/contexts/feedback360/application/ports/review-question-relation.repository.port.ts
FNF:0
FNH:0
DA:4,13
LF:1
LH:1
BRF:0
BRH:0
end_of_record
TN:
SF:apps/api/src/contexts/feedback360/application/ports/review-stage-history.repository.port.ts
FNF:0
FNH:0
DA:3,7
LF:1
LH:1
BRF:0
BRH:0
end_of_record
TN:
SF:apps/api/src/contexts/feedback360/application/ports/review.repository.port.ts
FNF:0
FNH:0
DA:4,27
LF:1
LH:1
BRF:0
BRH:0
end_of_record
TN:
SF:apps/api/src/contexts/feedback360/application/ports/reviewer.repository.port.ts
FNF:0
FNH:0
DA:4,21
LF:1
LH:1
BRF:0
BRH:0
end_of_record
TN:
SF:apps/api/src/contexts/feedback360/application/services/cluster-score-analytics.service.ts
FN:28,(anonymous_5)
FN:37,(anonymous_6)
FN:65,(anonymous_7)
FN:71,(anonymous_8)
FN:80,(anonymous_9)
FN:122,(anonymous_10)
FN:127,(anonymous_11)
FN:137,(anonymous_12)
FN:151,(anonymous_13)
FN:159,(anonymous_14)
FN:164,(anonymous_15)
FN:170,(anonymous_16)
FN:171,(anonymous_17)
FN:174,(anonymous_18)
FN:175,(anonymous_19)
FN:209,(anonymous_20)
FN:231,(anonymous_21)
FNF:17
FNH:17
FNDA:18,(anonymous_5)
FNDA:6,(anonymous_6)
FNDA:1,(anonymous_7)
FNDA:6,(anonymous_8)
FNDA:2,(anonymous_9)
FNDA:2,(anonymous_10)
FNDA:1,(anonymous_11)
FNDA:4,(anonymous_12)
FNDA:10,(anonymous_13)
FNDA:7,(anonymous_14)
FNDA:7,(anonymous_15)
FNDA:6,(anonymous_16)
FNDA:6,(anonymous_17)
FNDA:10,(anonymous_18)
FNDA:10,(anonymous_19)
FNDA:8,(anonymous_20)
FNDA:10,(anonymous_21)
DA:1,3
DA:7,3
DA:13,3
DA:14,3
DA:15,3
DA:16,3
DA:20,3
DA:24,3
DA:27,3
DA:30,18
DA:32,18
DA:33,18
DA:34,18
DA:40,6
DA:41,6
DA:42,6
DA:43,6
DA:44,6
DA:45,6
DA:47,6
DA:48,3
DA:50,1
DA:62,1
DA:68,1
DA:72,6
DA:73,6
DA:74,2
DA:77,4
DA:84,2
DA:87,2
DA:91,2
DA:95,2
DA:99,2
DA:101,1
DA:119,1
DA:123,2
DA:124,1
DA:130,1
DA:138,4
DA:140,4
DA:141,4
DA:145,4
DA:146,5
DA:147,0
DA:150,5
DA:151,10
DA:154,5
DA:155,1
DA:158,4
DA:159,7
DA:161,4
DA:162,4
DA:163,4
DA:164,7
DA:167,4
DA:169,4
DA:170,6
DA:171,6
DA:172,4
DA:174,10
DA:175,10
DA:177,4
DA:181,4
DA:182,4
DA:184,4
DA:185,3
DA:187,3
DA:199,3
DA:214,8
DA:215,2
DA:219,6
DA:220,1
DA:235,10
DA:236,2
DA:240,8
DA:241,1
DA:245,7
DA:246,1
LF:78
LH:77
BRDA:73,0,0,2
BRDA:73,0,1,4
BRDA:87,1,0,1
BRDA:87,1,1,1
BRDA:91,2,0,0
BRDA:91,2,1,2
BRDA:95,3,0,0
BRDA:95,3,1,2
BRDA:102,4,0,1
BRDA:102,4,1,0
BRDA:105,5,0,0
BRDA:105,5,1,1
BRDA:108,6,0,0
BRDA:108,6,1,1
BRDA:111,7,0,0
BRDA:111,7,1,1
BRDA:114,8,0,0
BRDA:114,8,1,1
BRDA:146,9,0,0
BRDA:146,9,1,5
BRDA:154,10,0,1
BRDA:154,10,1,4
BRDA:214,11,0,2
BRDA:214,11,1,6
BRDA:219,12,0,1
BRDA:219,12,1,5
BRDA:219,13,0,6
BRDA:219,13,1,6
BRDA:235,14,0,2
BRDA:235,14,1,8
BRDA:240,15,0,1
BRDA:240,15,1,7
BRDA:245,16,0,1
BRDA:245,16,1,6
BRDA:30,17,0,0
BRDA:30,17,1,3
BRDA:30,18,0,3
BRDA:30,18,1,0
BRDA:30,19,0,0
BRDA:30,19,1,3
BRDA:30,20,0,3
BRDA:30,20,1,0
BRDA:32,21,0,3
BRDA:32,21,1,0
BRDA:32,22,0,3
BRDA:32,22,1,3
BRDA:33,23,0,3
BRDA:33,23,1,0
BRDA:33,24,0,3
BRDA:33,24,1,3
BRF:50
BRH:36
end_of_record
TN:
SF:apps/api/src/contexts/feedback360/application/services/cycle.service.ts
FN:44,(anonymous_4)
FN:57,(anonymous_5)
FN:78,(anonymous_6)
FN:82,(anonymous_7)
FN:89,(anonymous_8)
FN:133,(anonymous_9)
FN:182,(anonymous_10)
FN:196,(anonymous_11)
FN:216,(anonymous_12)
FN:253,(anonymous_13)
FN:262,(anonymous_14)
FN:270,(anonymous_15)
FN:299,(anonymous_16)
FNF:13
FNH:13
FNDA:21,(anonymous_4)
FNDA:2,(anonymous_5)
FNDA:1,(anonymous_6)
FNDA:24,(anonymous_7)
FNDA:6,(anonymous_8)
FNDA:2,(anonymous_9)
FNDA:2,(anonymous_10)
FNDA:7,(anonymous_11)
FNDA:6,(anonymous_12)
FNDA:1,(anonymous_13)
FNDA:4,(anonymous_14)
FNDA:4,(anonymous_15)
FNDA:1,(anonymous_16)
DA:1,18
DA:10,18
DA:16,18
DA:17,18
DA:21,18
DA:22,18
DA:23,18
DA:24,18
DA:28,18
DA:29,18
DA:33,18
DA:37,18
DA:43,18
DA:46,21
DA:48,21
DA:50,21
DA:51,21
DA:52,21
DA:54,21
DA:58,2
DA:74,2
DA:75,2
DA:79,1
DA:83,24
DA:84,24
DA:85,2
DA:86,22
DA:90,6
DA:92,6
DA:117,6
DA:119,6
DA:120,1
DA:128,5
DA:130,5
DA:132,3
DA:133,3
DA:134,2
DA:140,3
DA:142,3
DA:153,1
DA:164,2
DA:165,1
DA:168,2
DA:169,1
DA:179,4
DA:183,2
DA:185,1
DA:203,7
DA:204,7
DA:207,7
DA:209,7
DA:210,1
DA:216,6
DA:218,6
DA:224,6
DA:233,6
DA:237,6
DA:254,1
DA:263,4
DA:266,4
DA:269,4
DA:271,4
DA:274,4
DA:277,4
DA:278,2
DA:285,2
DA:286,1
DA:304,1
DA:305,1
LF:69
LH:69
BRDA:62,0,0,2
BRDA:62,0,1,1
BRDA:64,1,0,2
BRDA:64,1,1,1
BRDA:66,2,0,2
BRDA:66,2,1,1
BRDA:84,3,0,2
BRDA:84,3,1,22
BRDA:93,4,0,1
BRDA:93,4,1,5
BRDA:94,5,0,1
BRDA:94,5,1,5
BRDA:97,6,0,0
BRDA:97,6,1,6
BRDA:98,7,0,0
BRDA:98,7,1,6
BRDA:101,8,0,0
BRDA:101,8,1,6
BRDA:104,9,0,0
BRDA:104,9,1,6
BRDA:107,10,0,0
BRDA:107,10,1,6
BRDA:110,11,0,0
BRDA:110,11,1,6
BRDA:113,12,0,0
BRDA:113,12,1,6
BRDA:119,13,0,1
BRDA:119,13,1,5
BRDA:119,14,0,6
BRDA:119,14,1,1
BRDA:130,15,0,3
BRDA:130,15,1,2
BRDA:130,16,0,5
BRDA:130,16,1,4
BRDA:142,17,0,1
BRDA:142,17,1,2
BRDA:143,18,0,3
BRDA:143,18,1,1
BRDA:143,18,2,1
BRDA:164,19,0,1
BRDA:164,19,1,1
BRDA:164,20,0,2
BRDA:164,20,1,2
BRDA:168,21,0,1
BRDA:168,21,1,1
BRDA:168,22,0,2
BRDA:168,22,1,2
BRDA:199,23,0,2
BRDA:200,24,0,2
BRDA:209,25,0,1
BRDA:209,25,1,6
BRDA:228,26,0,6
BRDA:228,26,1,4
BRDA:271,27,0,4
BRDA:271,27,1,4
BRDA:277,28,0,2
BRDA:277,28,1,2
BRDA:277,29,0,4
BRDA:277,29,1,3
BRDA:285,30,0,1
BRDA:285,30,1,1
BRDA:285,31,0,2
BRDA:285,31,1,1
BRDA:301,32,0,0
BRDA:302,33,0,0
BRDA:46,34,0,0
BRDA:46,34,1,18
BRDA:46,35,0,18
BRDA:46,35,1,0
BRDA:46,36,0,0
BRDA:46,36,1,18
BRDA:46,37,0,18
BRDA:46,37,1,0
BRDA:48,38,0,0
BRDA:48,38,1,18
BRDA:48,39,0,18
BRDA:48,39,1,0
BRDA:50,40,0,18
BRDA:50,40,1,0
BRDA:50,41,0,18
BRDA:50,41,1,18
BRDA:51,42,0,18
BRDA:51,42,1,0
BRDA:51,43,0,18
BRDA:51,43,1,18
BRDA:52,44,0,0
BRDA:52,44,1,18
BRDA:52,45,0,18
BRDA:52,45,1,0
BRF:89
BRH:70
end_of_record
TN:
SF:apps/api/src/contexts/feedback360/application/services/review-scheduler.service.ts
FN:16,(anonymous_2)
FN:26,(anonymous_3)
FN:86,(anonymous_4)
FNF:3
FNH:3
FNDA:10,(anonymous_2)
FNDA:5,(anonymous_3)
FNDA:5,(anonymous_4)
DA:1,1
DA:2,1
DA:3,1
DA:4,1
DA:5,1
DA:6,1
DA:13,1
DA:14,10
DA:17,10
DA:18,10
DA:26,1
DA:27,5
DA:29,5
DA:31,5
DA:33,4
DA:34,4
DA:35,1
DA:38,3
DA:39,3
DA:42,3
DA:44,2
DA:49,2
DA:54,2
DA:55,4
DA:56,4
DA:63,3
DA:67,1
DA:75,1
DA:86,1
DA:87,5
DA:89,5
DA:90,5
DA:95,4
DA:97,4
DA:99,5
DA:101,5
DA:104,5
DA:105,1
DA:108,4
DA:109,4
DA:110,3
DA:114,1
DA:120,1
LF:43
LH:43
BRDA:34,0,0,1
BRDA:34,0,1,3
BRDA:42,1,0,2
BRDA:42,1,1,1
BRDA:99,2,0,5
BRDA:99,2,1,5
BRDA:101,3,0,5
BRDA:101,3,1,2
BRDA:104,4,0,1
BRDA:104,4,1,4
BRDA:104,5,0,5
BRDA:104,5,1,2
BRDA:26,6,0,1
BRDA:26,6,1,0
BRDA:26,7,0,1
BRDA:26,7,1,1
BRDA:86,8,0,1
BRDA:86,8,1,0
BRDA:86,9,0,1
BRDA:86,9,1,1
BRDA:17,10,0,1
BRDA:17,10,1,0
BRDA:17,11,0,1
BRDA:17,11,1,1
BRDA:17,12,0,1
BRDA:17,12,1,0
BRDA:17,13,0,1
BRDA:17,13,1,1
BRF:28
BRH:24
end_of_record
TN:
SF:apps/api/src/contexts/feedback360/application/services/review.service.ts
FN:91,(anonymous_4)
FN:115,(anonymous_5)
FN:143,(anonymous_6)
FN:151,(anonymous_7)
FN:159,(anonymous_8)
FN:164,(anonymous_9)
FN:180,(anonymous_10)
FN:208,(anonymous_11)
FN:246,(anonymous_12)
FN:280,(anonymous_13)
FN:380,(anonymous_14)
FN:395,(anonymous_15)
FN:442,(anonymous_16)
FN:446,(anonymous_17)
FN:473,(anonymous_18)
FN:529,(anonymous_19)
FN:538,(anonymous_20)
FN:553,(anonymous_21)
FN:583,(anonymous_22)
FN:594,(anonymous_23)
FN:604,(anonymous_24)
FN:607,(anonymous_25)
FN:648,(anonymous_26)
FN:697,(anonymous_27)
FN:746,(anonymous_28)
FN:767,(anonymous_29)
FN:783,(anonymous_30)
FN:787,(anonymous_31)
FN:801,(anonymous_32)
FN:816,(anonymous_33)
FN:854,(anonymous_34)
FN:858,(anonymous_35)
FN:877,(anonymous_36)
FN:883,(anonymous_37)
FN:889,(anonymous_38)
FN:895,(anonymous_39)
FN:907,(anonymous_40)
FN:927,(anonymous_41)
FN:964,(anonymous_42)
FN:975,(anonymous_43)
FN:983,(anonymous_44)
FN:1012,(anonymous_45)
FNF:42
FNH:42
FNDA:65,(anonymous_4)
FNDA:2,(anonymous_5)
FNDA:2,(anonymous_6)
FNDA:4,(anonymous_7)
FNDA:4,(anonymous_8)
FNDA:48,(anonymous_9)
FNDA:6,(anonymous_10)
FNDA:5,(anonymous_11)
FNDA:47,(anonymous_12)
FNDA:4,(anonymous_13)
FNDA:2,(anonymous_14)
FNDA:3,(anonymous_15)
FNDA:1,(anonymous_16)
FNDA:3,(anonymous_17)
FNDA:3,(anonymous_18)
FNDA:1,(anonymous_19)
FNDA:2,(anonymous_20)
FNDA:2,(anonymous_21)
FNDA:4,(anonymous_22)
FNDA:2,(anonymous_23)
FNDA:2,(anonymous_24)
FNDA:2,(anonymous_25)
FNDA:3,(anonymous_26)
FNDA:4,(anonymous_27)
FNDA:3,(anonymous_28)
FNDA:1,(anonymous_29)
FNDA:1,(anonymous_30)
FNDA:1,(anonymous_31)
FNDA:2,(anonymous_32)
FNDA:2,(anonymous_33)
FNDA:1,(anonymous_34)
FNDA:2,(anonymous_35)
FNDA:1,(anonymous_36)
FNDA:1,(anonymous_37)
FNDA:1,(anonymous_38)
FNDA:1,(anonymous_39)
FNDA:5,(anonymous_40)
FNDA:4,(anonymous_41)
FNDA:1,(anonymous_42)
FNDA:2,(anonymous_43)
FNDA:3,(anonymous_44)
FNDA:1,(anonymous_45)
DA:1,7
DA:24,7
DA:31,7
DA:33,7
DA:34,7
DA:35,7
DA:36,7
DA:38,7
DA:39,7
DA:40,7
DA:41,7
DA:42,7
DA:43,7
DA:44,7
DA:45,7
DA:49,7
DA:53,7
DA:54,7
DA:55,7
DA:59,7
DA:63,7
DA:67,7
DA:71,7
DA:75,7
DA:79,7
DA:83,7
DA:87,7
DA:90,7
DA:93,65
DA:95,65
DA:97,65
DA:99,65
DA:101,65
DA:103,65
DA:105,65
DA:107,65
DA:108,65
DA:109,65
DA:110,65
DA:111,65
DA:112,65
DA:116,2
DA:117,1
DA:120,2
DA:139,2
DA:140,2
DA:147,2
DA:149,2
DA:152,4
DA:156,4
DA:159,4
DA:161,2
DA:165,48
DA:166,48
DA:167,1
DA:169,47
DA:171,46
DA:184,6
DA:187,6
DA:190,6
DA:192,4
DA:193,4
DA:195,4
DA:197,2
DA:201,2
DA:203,1
DA:212,5
DA:215,5
DA:218,5
DA:220,2
DA:221,2
DA:223,2
DA:225,1
DA:229,1
DA:231,1
DA:235,1
DA:237,1
DA:250,47
DA:253,9
DA:256,9
DA:258,5
DA:259,5
DA:261,5
DA:263,3
DA:267,3
DA:269,2
DA:273,2
DA:275,1
DA:285,4
DA:287,4
DA:291,1
DA:299,3
DA:300,1
DA:301,1
DA:305,1
DA:314,2
DA:352,2
DA:355,2
DA:360,0
DA:363,2
DA:368,1
DA:377,2
DA:381,2
DA:383,2
DA:384,2
DA:385,1
DA:392,1
DA:398,3
DA:399,2
DA:400,2
DA:404,1
DA:413,2
DA:417,2
DA:418,2
DA:420,2
DA:421,1
DA:426,1
DA:439,1
DA:443,1
DA:447,3
DA:449,3
DA:450,1
DA:455,2
DA:456,1
DA:457,1
DA:461,1
DA:470,1
DA:476,3
DA:478,3
DA:479,1
DA:487,2
DA:490,2
DA:497,2
DA:502,2
DA:514,2
DA:526,2
DA:534,1
DA:535,1
DA:539,2
DA:541,2
DA:542,1
DA:550,1
DA:557,2
DA:559,2
DA:563,1
DA:571,1
DA:580,1
DA:588,4
DA:589,4
DA:591,3
DA:598,2
DA:599,2
DA:602,2
DA:604,2
DA:610,2
DA:612,2
DA:618,1
DA:628,1
DA:645,1
DA:653,3
DA:655,2
DA:656,2
DA:658,2
DA:662,1
DA:670,1
DA:671,1
DA:673,1
DA:675,1
DA:676,1
DA:686,1
DA:705,4
DA:706,4
DA:707,4
DA:708,1
DA:712,3
DA:715,3
DA:716,3
DA:717,1
DA:722,2
DA:726,2
DA:750,3
DA:752,3
DA:754,3
DA:756,3
DA:758,3
DA:760,1
DA:772,1
DA:774,1
DA:775,0
DA:780,1
DA:784,1
DA:788,1
DA:789,1
DA:798,1
DA:806,2
DA:807,1
DA:820,2
DA:823,2
DA:826,2
DA:828,1
DA:830,1
DA:831,1
DA:833,1
DA:835,1
DA:839,1
DA:841,1
DA:845,1
DA:847,1
DA:855,1
DA:861,2
DA:862,1
DA:865,2
DA:874,2
DA:880,1
DA:886,1
DA:892,1
DA:896,1
DA:914,5
DA:915,5
DA:918,5
DA:920,5
DA:921,1
DA:927,4
DA:929,4
DA:935,4
DA:944,4
DA:948,4
DA:967,1
DA:976,2
DA:979,2
DA:982,2
DA:984,3
DA:987,2
DA:990,2
DA:991,1
DA:999,1
DA:1017,1
LF:237
LH:235
BRDA:116,0,0,1
BRDA:116,0,1,1
BRDA:128,1,0,2
BRDA:128,1,1,2
BRDA:129,2,0,2
BRDA:129,2,1,2
BRDA:130,3,0,2
BRDA:130,3,1,2
BRDA:131,4,0,2
BRDA:131,4,1,2
BRDA:132,5,0,2
BRDA:132,5,1,2
BRDA:133,6,0,2
BRDA:133,6,1,2
BRDA:134,7,0,2
BRDA:134,7,1,1
BRDA:135,8,0,2
BRDA:135,8,1,2
BRDA:136,9,0,2
BRDA:136,9,1,2
BRDA:156,10,0,3
BRDA:156,10,1,1
BRDA:166,11,0,1
BRDA:166,11,1,47
BRDA:184,12,0,0
BRDA:184,12,1,6
BRDA:187,13,0,6
BRDA:187,13,1,6
BRDA:190,14,0,2
BRDA:190,14,1,4
BRDA:195,15,0,2
BRDA:195,15,1,2
BRDA:195,16,0,4
BRDA:195,16,1,3
BRDA:201,17,0,1
BRDA:201,17,1,1
BRDA:212,18,0,0
BRDA:212,18,1,5
BRDA:215,19,0,5
BRDA:215,19,1,5
BRDA:218,20,0,3
BRDA:218,20,1,2
BRDA:223,21,0,1
BRDA:223,21,1,1
BRDA:223,22,0,2
BRDA:223,22,1,2
BRDA:229,23,0,0
BRDA:229,23,1,1
BRDA:235,24,0,0
BRDA:235,24,1,1
BRDA:250,25,0,38
BRDA:250,25,1,9
BRDA:253,26,0,9
BRDA:253,26,1,8
BRDA:256,27,0,4
BRDA:256,27,1,5
BRDA:261,28,0,2
BRDA:261,28,1,3
BRDA:261,29,0,5
BRDA:261,29,1,4
BRDA:267,30,0,1
BRDA:267,30,1,2
BRDA:273,31,0,1
BRDA:273,31,1,1
BRDA:287,32,0,1
BRDA:287,32,1,3
BRDA:288,33,0,4
BRDA:288,33,1,1
BRDA:299,34,0,1
BRDA:299,34,1,2
BRDA:301,35,0,1
BRDA:301,35,1,0
BRDA:302,36,0,1
BRDA:302,36,1,1
BRDA:315,37,0,0
BRDA:315,37,1,2
BRDA:316,38,0,0
BRDA:316,38,1,2
BRDA:319,39,0,0
BRDA:319,39,1,2
BRDA:322,40,0,0
BRDA:322,40,1,2
BRDA:325,41,0,0
BRDA:325,41,1,2
BRDA:326,42,0,0
BRDA:326,42,1,2
BRDA:329,43,0,1
BRDA:329,43,1,1
BRDA:330,44,0,0
BRDA:330,44,1,2
BRDA:331,45,0,0
BRDA:331,45,1,2
BRDA:334,46,0,0
BRDA:334,46,1,2
BRDA:337,47,0,0
BRDA:337,47,1,2
BRDA:340,48,0,0
BRDA:340,48,1,2
BRDA:343,49,0,0
BRDA:343,49,1,2
BRDA:346,50,0,0
BRDA:346,50,1,2
BRDA:347,51,0,0
BRDA:347,51,1,2
BRDA:355,52,0,0
BRDA:355,52,1,2
BRDA:356,53,0,2
BRDA:356,53,1,1
BRDA:356,53,2,1
BRDA:363,54,0,1
BRDA:363,54,1,1
BRDA:364,55,0,2
BRDA:364,55,1,1
BRDA:364,55,2,1
BRDA:384,56,0,1
BRDA:384,56,1,1
BRDA:398,57,0,2
BRDA:398,57,1,1
BRDA:400,58,0,1
BRDA:400,58,1,1
BRDA:401,59,0,2
BRDA:401,59,1,2
BRDA:413,60,0,1
BRDA:413,60,1,1
BRDA:417,61,0,2
BRDA:417,61,1,2
BRDA:418,62,0,2
BRDA:418,62,1,2
BRDA:420,63,0,1
BRDA:420,63,1,1
BRDA:420,64,0,2
BRDA:420,64,1,1
BRDA:427,65,0,1
BRDA:427,65,1,0
BRDA:428,66,0,1
BRDA:428,66,1,0
BRDA:432,67,0,1
BRDA:432,67,1,1
BRDA:432,67,2,0
BRDA:434,68,0,1
BRDA:434,68,1,1
BRDA:434,68,2,0
BRDA:449,69,0,1
BRDA:449,69,1,2
BRDA:455,70,0,1
BRDA:455,70,1,1
BRDA:457,71,0,1
BRDA:457,71,1,0
BRDA:458,72,0,1
BRDA:458,72,1,1
BRDA:478,73,0,1
BRDA:478,73,1,2
BRDA:498,74,0,2
BRDA:498,74,1,0
BRDA:502,75,0,2
BRDA:502,75,1,1
BRDA:505,76,0,1
BRDA:505,76,1,0
BRDA:541,77,0,1
BRDA:541,77,1,1
BRDA:559,78,0,1
BRDA:559,78,1,1
BRDA:560,79,0,2
BRDA:560,79,1,1
BRDA:576,80,0,1
BRDA:576,80,1,0
BRDA:577,81,0,1
BRDA:577,81,1,1
BRDA:612,82,0,1
BRDA:612,82,1,1
BRDA:613,83,0,2
BRDA:613,83,1,2
BRDA:613,83,2,1
BRDA:613,83,3,1
BRDA:658,84,0,1
BRDA:658,84,1,1
BRDA:659,85,0,2
BRDA:659,85,1,1
BRDA:675,86,0,1
BRDA:675,86,1,0
BRDA:701,87,0,2
BRDA:702,88,0,2
BRDA:703,89,0,2
BRDA:707,90,0,1
BRDA:707,90,1,3
BRDA:716,91,0,1
BRDA:716,91,1,2
BRDA:750,92,0,0
BRDA:750,92,1,3
BRDA:754,93,0,0
BRDA:754,93,1,3
BRDA:758,94,0,2
BRDA:758,94,1,1
BRDA:774,95,0,0
BRDA:774,95,1,1
BRDA:820,96,0,0
BRDA:820,96,1,2
BRDA:823,97,0,2
BRDA:823,97,1,2
BRDA:826,98,0,1
BRDA:826,98,1,1
BRDA:833,99,0,0
BRDA:833,99,1,1
BRDA:833,100,0,1
BRDA:833,100,1,1
BRDA:839,101,0,0
BRDA:839,101,1,1
BRDA:845,102,0,0
BRDA:845,102,1,1
BRDA:861,103,0,1
BRDA:861,103,1,1
BRDA:866,104,0,2
BRDA:866,104,1,1
BRDA:871,105,0,2
BRDA:871,105,1,2
BRDA:910,106,0,1
BRDA:911,107,0,1
BRDA:920,108,0,1
BRDA:920,108,1,4
BRDA:939,109,0,4
BRDA:939,109,1,1
BRDA:984,110,0,3
BRDA:984,110,1,2
BRDA:990,111,0,1
BRDA:990,111,1,1
BRDA:990,112,0,2
BRDA:990,112,1,1
BRDA:93,113,0,0
BRDA:93,113,1,7
BRDA:93,114,0,7
BRDA:93,114,1,0
BRDA:93,115,0,0
BRDA:93,115,1,7
BRDA:93,116,0,7
BRDA:93,116,1,0
BRDA:95,117,0,0
BRDA:95,117,1,7
BRDA:95,118,0,7
BRDA:95,118,1,0
BRDA:97,119,0,0
BRDA:97,119,1,7
BRDA:97,120,0,7
BRDA:97,120,1,0
BRDA:99,121,0,0
BRDA:99,121,1,7
BRDA:99,122,0,7
BRDA:99,122,1,0
BRDA:101,123,0,0
BRDA:101,123,1,7
BRDA:101,124,0,7
BRDA:101,124,1,0
BRDA:103,125,0,0
BRDA:103,125,1,7
BRDA:103,126,0,7
BRDA:103,126,1,0
BRDA:105,127,0,0
BRDA:105,127,1,7
BRDA:105,128,0,7
BRDA:105,128,1,0
BRDA:107,129,0,7
BRDA:107,129,1,0
BRDA:107,130,0,7
BRDA:107,130,1,7
BRDA:108,131,0,7
BRDA:108,131,1,0
BRDA:108,132,0,7
BRDA:108,132,1,7
BRDA:109,133,0,7
BRDA:109,133,1,0
BRDA:109,134,0,7
BRDA:109,134,1,7
BRDA:110,135,0,7
BRDA:110,135,1,0
BRDA:110,136,0,7
BRDA:110,136,1,7
BRDA:111,137,0,7
BRDA:111,137,1,0
BRDA:111,138,0,7
BRDA:111,138,1,7
BRF:279
BRH:222
end_of_record
TN:
SF:apps/api/src/contexts/identity/application/events/user-created.event.ts
FN:7,(anonymous_0)
FNF:1
FNH:1
FNDA:7,(anonymous_0)
DA:6,18
DA:8,7
DA:9,7
LF:3
LH:3
BRF:0
BRH:0
end_of_record
TN:
SF:apps/api/src/contexts/identity/application/ports/role.repository.port.ts
FNF:0
FNH:0
DA:4,17
LF:1
LH:1
BRF:0
BRH:0
end_of_record
TN:
SF:apps/api/src/contexts/identity/application/ports/user.repository.port.ts
FNF:0
FNH:0
DA:8,24
LF:1
LH:1
BRF:0
BRH:0
end_of_record
TN:
SF:apps/api/src/contexts/identity/application/services/identity-role.service.ts
FN:9,(anonymous_4)
FN:14,(anonymous_5)
FN:18,(anonymous_6)
FNF:3
FNH:3
FNDA:2,(anonymous_4)
FNDA:1,(anonymous_5)
FNDA:1,(anonymous_6)
DA:2,2
DA:5,2
DA:8,2
DA:11,2
DA:15,1
DA:19,1
LF:6
LH:6
BRF:0
BRH:0
end_of_record
TN:
SF:apps/api/src/contexts/identity/application/services/identity-user.service.ts
FN:26,(anonymous_4)
FN:34,(anonymous_5)
FN:77,(anonymous_6)
FN:81,(anonymous_7)
FN:90,(anonymous_8)
FN:97,(anonymous_9)
FN:120,(anonymous_10)
FN:125,(anonymous_11)
FN:134,(anonymous_12)
FN:135,(anonymous_13)
FN:144,(anonymous_14)
FN:189,(anonymous_15)
FNF:12
FNH:12
FNDA:19,(anonymous_4)
FNDA:5,(anonymous_5)
FNDA:1,(anonymous_6)
FNDA:10,(anonymous_7)
FNDA:1,(anonymous_8)
FNDA:3,(anonymous_9)
FNDA:2,(anonymous_10)
FNDA:2,(anonymous_11)
FNDA:1,(anonymous_12)
FNDA:2,(anonymous_13)
FNDA:2,(anonymous_14)
FNDA:6,(anonymous_15)
DA:1,16
DA:8,16
DA:14,16
DA:15,16
DA:16,16
DA:18,16
DA:20,16
DA:25,16
DA:28,19
DA:30,19
DA:31,19
DA:35,5
DA:55,5
DA:59,5
DA:60,1
DA:65,4
DA:67,4
DA:68,3
DA:74,4
DA:78,1
DA:85,10
DA:86,10
DA:87,7
DA:94,1
DA:98,3
DA:100,2
DA:104,2
DA:112,2
DA:117,2
DA:121,2
DA:122,1
DA:129,2
DA:131,2
DA:132,2
DA:133,2
DA:134,1
DA:135,2
DA:136,1
DA:141,1
DA:151,2
DA:155,2
DA:156,1
DA:159,1
DA:177,1
DA:179,1
DA:180,1
DA:186,1
DA:194,6
DA:197,6
LF:49
LH:49
BRDA:40,0,0,5
BRDA:40,0,1,4
BRDA:48,1,0,5
BRDA:48,1,1,5
BRDA:49,2,0,5
BRDA:49,2,1,5
BRDA:50,3,0,5
BRDA:50,3,1,5
BRDA:51,4,0,5
BRDA:51,4,1,5
BRDA:52,5,0,5
BRDA:52,5,1,5
BRDA:59,6,0,1
BRDA:59,6,1,4
BRDA:67,7,0,3
BRDA:67,7,1,1
BRDA:86,8,0,3
BRDA:86,8,1,7
BRDA:100,9,0,2
BRDA:100,9,1,1
BRDA:100,9,2,1
BRDA:104,10,0,1
BRDA:104,10,1,1
BRDA:106,11,0,1
BRDA:106,11,1,1
BRDA:107,12,0,1
BRDA:107,12,1,0
BRDA:108,13,0,1
BRDA:108,13,1,1
BRDA:114,14,0,1
BRDA:114,14,1,1
BRDA:133,15,0,1
BRDA:133,15,1,1
BRDA:155,16,0,1
BRDA:155,16,1,1
BRDA:179,17,0,1
BRDA:179,17,1,0
BRDA:194,18,0,6
BRDA:194,18,1,5
BRDA:31,19,0,16
BRDA:31,19,1,0
BRDA:31,20,0,16
BRDA:31,20,1,16
BRF:43
BRH:40
end_of_record
TN:
SF:apps/api/src/contexts/library/application/ports/cluster.repository.port.ts
FNF:0
FNH:0
DA:4,11
LF:1
LH:1
BRF:0
BRH:0
end_of_record
TN:
SF:apps/api/src/contexts/library/application/ports/competence-question-template-relation.repository.port.ts
FNF:0
FNH:0
DA:3,16
LF:1
LH:1
BRF:0
BRH:0
end_of_record
TN:
SF:apps/api/src/contexts/library/application/ports/competence.repository.port.ts
FNF:0
FNH:0
DA:7,21
LF:1
LH:1
BRF:0
BRH:0
end_of_record
TN:
SF:apps/api/src/contexts/library/application/ports/position-competence-relation.repository.port.ts
FNF:0
FNH:0
DA:3,19
LF:1
LH:1
BRF:0
BRH:0
end_of_record
TN:
SF:apps/api/src/contexts/library/application/ports/position-question-template-relation.repository.port.ts
FNF:0
FNH:0
DA:3,9
LF:1
LH:1
BRF:0
BRH:0
end_of_record
TN:
SF:apps/api/src/contexts/library/application/ports/question-template.repository.port.ts
FNF:0
FNH:0
DA:7,16
LF:1
LH:1
BRF:0
BRH:0
end_of_record
TN:
SF:apps/api/src/contexts/library/application/services/cluster.service.ts
FN:21,(anonymous_4)
FN:27,(anonymous_5)
FN:42,(anonymous_6)
FN:46,(anonymous_7)
FN:52,(anonymous_8)
FN:87,(anonymous_9)
FN:92,(anonymous_10)
FNF:7
FNH:7
FNDA:12,(anonymous_4)
FNDA:2,(anonymous_5)
FNDA:1,(anonymous_6)
FNDA:9,(anonymous_7)
FNDA:5,(anonymous_8)
FNDA:2,(anonymous_9)
FNDA:3,(anonymous_10)
DA:6,5
DA:12,5
DA:13,5
DA:17,5
DA:20,5
DA:23,12
DA:24,12
DA:28,2
DA:29,1
DA:31,1
DA:39,1
DA:43,1
DA:47,9
DA:48,9
DA:49,6
DA:56,5
DA:58,4
DA:59,1
DA:62,4
DA:63,1
DA:64,1
DA:65,1
DA:68,3
DA:84,3
DA:88,2
DA:89,1
DA:93,3
DA:94,2
LF:28
LH:28
BRDA:48,0,0,3
BRDA:48,0,1,6
BRDA:58,1,0,1
BRDA:58,1,1,3
BRDA:58,2,0,4
BRDA:58,2,1,2
BRDA:62,3,0,1
BRDA:62,3,1,3
BRDA:62,4,0,4
BRDA:62,4,1,3
BRDA:63,5,0,1
BRDA:63,5,1,0
BRDA:64,6,0,1
BRDA:64,6,1,1
BRDA:69,7,0,2
BRDA:69,7,1,1
BRDA:72,8,0,0
BRDA:72,8,1,3
BRDA:75,9,0,0
BRDA:75,9,1,3
BRDA:78,10,0,1
BRDA:78,10,1,2
BRDA:79,11,0,0
BRDA:79,11,1,3
BRDA:93,12,0,2
BRDA:93,12,1,1
BRDA:23,13,0,0
BRDA:23,13,1,5
BRDA:23,14,0,5
BRDA:23,14,1,0
BRDA:23,15,0,5
BRDA:23,15,1,0
BRDA:23,16,0,5
BRDA:23,16,1,5
BRF:34
BRH:27
end_of_record
TN:
SF:apps/api/src/contexts/library/application/services/competence.service.ts
FN:33,(anonymous_4)
FN:45,(anonymous_5)
FN:54,(anonymous_6)
FN:58,(anonymous_7)
FN:64,(anonymous_8)
FN:79,(anonymous_9)
FN:104,(anonymous_10)
FN:115,(anonymous_11)
FN:123,(anonymous_12)
FN:129,(anonymous_13)
FN:132,(anonymous_14)
FN:146,(anonymous_15)
FN:157,(anonymous_16)
FN:163,(anonymous_17)
FN:166,(anonymous_18)
FNF:15
FNH:15
FNDA:17,(anonymous_4)
FNDA:2,(anonymous_5)
FNDA:1,(anonymous_6)
FNDA:22,(anonymous_7)
FNDA:2,(anonymous_8)
FNDA:3,(anonymous_9)
FNDA:1,(anonymous_10)
FNDA:1,(anonymous_11)
FNDA:5,(anonymous_12)
FNDA:4,(anonymous_13)
FNDA:2,(anonymous_14)
FNDA:1,(anonymous_15)
FNDA:5,(anonymous_16)
FNDA:4,(anonymous_17)
FNDA:2,(anonymous_18)
DA:6,16
DA:12,16
DA:13,16
DA:14,16
DA:18,16
DA:22,16
DA:26,16
DA:32,16
DA:35,17
DA:37,17
DA:39,17
DA:41,17
DA:42,17
DA:46,2
DA:51,2
DA:55,1
DA:59,22
DA:60,22
DA:61,20
DA:68,2
DA:69,1
DA:76,1
DA:80,3
DA:81,3
DA:82,3
DA:83,3
DA:87,2
DA:97,1
DA:98,1
DA:101,1
DA:108,1
DA:109,1
DA:111,1
DA:112,1
DA:119,1
DA:120,1
DA:124,5
DA:126,5
DA:129,5
DA:136,2
DA:137,2
DA:139,1
DA:143,1
DA:150,1
DA:151,1
DA:158,5
DA:160,5
DA:163,5
DA:169,2
DA:170,2
LF:50
LH:50
BRDA:47,0,0,2
BRDA:47,0,1,1
BRDA:49,1,0,2
BRDA:49,1,1,1
BRDA:60,2,0,2
BRDA:60,2,1,20
BRDA:70,3,0,0
BRDA:70,3,1,1
BRDA:71,4,0,1
BRDA:71,4,1,0
BRDA:72,5,0,0
BRDA:72,5,1,1
BRDA:83,6,0,2
BRDA:83,6,1,1
BRDA:84,7,0,3
BRDA:84,7,1,2
BRDA:170,8,0,1
BRDA:170,8,1,1
BRDA:35,9,0,0
BRDA:35,9,1,16
BRDA:35,10,0,16
BRDA:35,10,1,0
BRDA:35,11,0,0
BRDA:35,11,1,16
BRDA:35,12,0,16
BRDA:35,12,1,0
BRDA:37,13,0,0
BRDA:37,13,1,16
BRDA:37,14,0,16
BRDA:37,14,1,0
BRDA:39,15,0,0
BRDA:39,15,1,16
BRDA:39,16,0,16
BRDA:39,16,1,0
BRDA:41,17,0,16
BRDA:41,17,1,0
BRDA:41,18,0,16
BRDA:41,18,1,16
BRF:38
BRH:26
end_of_record
TN:
SF:apps/api/src/contexts/library/application/services/question-template.service.ts
FN:35,(anonymous_4)
FN:48,(anonymous_5)
FN:78,(anonymous_6)
FN:84,(anonymous_7)
FN:91,(anonymous_8)
FN:132,(anonymous_9)
FN:155,(anonymous_10)
FN:169,(anonymous_11)
FN:180,(anonymous_12)
FN:186,(anonymous_13)
FN:189,(anonymous_14)
FN:203,(anonymous_15)
FN:214,(anonymous_16)
FN:220,(anonymous_17)
FN:223,(anonymous_18)
FN:224,(anonymous_19)
FNF:16
FNH:16
FNDA:16,(anonymous_4)
FNDA:2,(anonymous_5)
FNDA:1,(anonymous_6)
FNDA:20,(anonymous_7)
FNDA:3,(anonymous_8)
FNDA:2,(anonymous_9)
FNDA:1,(anonymous_10)
FNDA:1,(anonymous_11)
FNDA:2,(anonymous_12)
FNDA:3,(anonymous_13)
FNDA:1,(anonymous_14)
FNDA:1,(anonymous_15)
FNDA:2,(anonymous_16)
FNDA:3,(anonymous_17)
FNDA:2,(anonymous_18)
FNDA:4,(anonymous_19)
DA:1,9
DA:7,9
DA:13,9
DA:17,9
DA:18,9
DA:19,9
DA:23,9
DA:27,9
DA:31,9
DA:34,9
DA:37,16
DA:39,16
DA:41,16
DA:42,16
DA:43,16
DA:45,16
DA:51,2
DA:53,2
DA:62,2
DA:64,2
DA:67,2
DA:68,1
DA:69,1
DA:75,2
DA:81,1
DA:85,20
DA:86,20
DA:87,1
DA:88,19
DA:95,3
DA:97,3
DA:98,1
DA:101,3
DA:118,3
DA:120,3
DA:121,1
DA:122,1
DA:123,1
DA:129,3
DA:133,2
DA:134,2
DA:137,2
DA:138,1
DA:146,1
DA:149,1
DA:152,1
DA:159,1
DA:160,1
DA:162,1
DA:166,1
DA:173,1
DA:174,1
DA:181,2
DA:183,2
DA:186,3
DA:193,1
DA:194,1
DA:196,1
DA:200,1
DA:207,1
DA:208,1
DA:215,2
DA:217,2
DA:220,3
DA:224,4
LF:65
LH:65
BRDA:57,0,0,2
BRDA:57,0,1,2
BRDA:58,1,0,2
BRDA:58,1,1,2
BRDA:59,2,0,2
BRDA:59,2,1,1
BRDA:64,3,0,1
BRDA:64,3,1,1
BRDA:67,4,0,1
BRDA:67,4,1,1
BRDA:86,5,0,1
BRDA:86,5,1,19
BRDA:97,6,0,1
BRDA:97,6,1,2
BRDA:97,7,0,3
BRDA:97,7,1,1
BRDA:102,8,0,1
BRDA:102,8,1,2
BRDA:105,9,0,1
BRDA:105,9,1,2
BRDA:106,10,0,0
BRDA:106,10,1,3
BRDA:109,11,0,0
BRDA:109,11,1,3
BRDA:112,12,0,0
BRDA:112,12,1,3
BRDA:113,13,0,1
BRDA:113,13,1,2
BRDA:120,14,0,1
BRDA:120,14,1,2
BRDA:137,15,0,1
BRDA:137,15,1,1
BRDA:37,16,0,0
BRDA:37,16,1,9
BRDA:37,17,0,9
BRDA:37,17,1,0
BRDA:37,18,0,0
BRDA:37,18,1,9
BRDA:37,19,0,9
BRDA:37,19,1,0
BRDA:39,20,0,0
BRDA:39,20,1,9
BRDA:39,21,0,9
BRDA:39,21,1,0
BRDA:41,22,0,9
BRDA:41,22,1,0
BRDA:41,23,0,9
BRDA:41,23,1,9
BRDA:42,24,0,9
BRDA:42,24,1,0
BRDA:42,25,0,9
BRDA:42,25,1,9
BRDA:43,26,0,0
BRDA:43,26,1,9
BRDA:43,27,0,9
BRDA:43,27,1,0
BRF:56
BRH:43
end_of_record
TN:
SF:apps/api/src/contexts/notifications/application/listeners/cycle-stage-notification.listener.ts
FN:11,(anonymous_2)
FN:16,(anonymous_3)
FNF:2
FNH:2
FNDA:3,(anonymous_2)
FNDA:3,(anonymous_3)
DA:1,1
DA:2,1
DA:3,1
DA:4,1
DA:5,1
DA:8,1
DA:9,3
DA:12,3
DA:16,1
DA:17,3
DA:19,3
DA:20,3
DA:23,2
DA:26,1
DA:29,1
DA:32,1
DA:36,1
DA:37,1
LF:18
LH:18
BRDA:20,0,0,2
BRDA:20,0,1,1
BRDA:36,1,0,1
BRDA:36,1,1,0
BRDA:39,2,0,1
BRDA:39,2,1,0
BRDA:16,3,0,1
BRDA:16,3,1,0
BRDA:16,4,0,1
BRDA:16,4,1,1
BRDA:16,5,0,1
BRDA:16,5,1,0
BRDA:16,6,0,1
BRDA:16,6,1,1
BRDA:12,7,0,1
BRDA:12,7,1,0
BRDA:12,8,0,1
BRDA:12,8,1,1
BRF:18
BRH:13
end_of_record
TN:
SF:apps/api/src/contexts/notifications/application/listeners/review-stage-notification.listener.ts
FN:11,(anonymous_2)
FN:16,(anonymous_3)
FNF:2
FNH:2
FNDA:6,(anonymous_2)
FNDA:6,(anonymous_3)
DA:1,1
DA:2,1
DA:3,1
DA:4,1
DA:5,1
DA:8,1
DA:9,6
DA:12,6
DA:16,1
DA:17,6
DA:19,6
DA:20,6
DA:23,1
DA:26,1
DA:29,1
DA:33,2
DA:34,1
DA:37,1
DA:41,1
DA:42,1
DA:45,1
DA:49,1
DA:50,1
DA:53,1
DA:56,1
DA:60,1
DA:61,1
LF:27
LH:27
BRDA:20,0,0,1
BRDA:20,0,1,2
BRDA:20,0,2,1
BRDA:20,0,3,1
BRDA:20,0,4,1
BRDA:60,1,0,1
BRDA:60,1,1,0
BRDA:63,2,0,1
BRDA:63,2,1,0
BRDA:16,3,0,1
BRDA:16,3,1,0
BRDA:16,4,0,1
BRDA:16,4,1,1
BRDA:16,5,0,1
BRDA:16,5,1,0
BRDA:16,6,0,1
BRDA:16,6,1,1
BRDA:12,7,0,1
BRDA:12,7,1,0
BRDA:12,8,0,1
BRDA:12,8,1,1
BRF:21
BRH:16
end_of_record
TN:
SF:apps/api/src/contexts/notifications/application/listeners/user-created-notification.listener.ts
FN:10,(anonymous_2)
FN:15,(anonymous_3)
FNF:2
FNH:2
FNDA:2,(anonymous_2)
FNDA:2,(anonymous_3)
DA:1,1
DA:2,1
DA:3,1
DA:4,1
DA:7,1
DA:8,2
DA:11,2
DA:15,1
DA:16,2
DA:18,2
DA:19,2
DA:20,1
DA:25,1
DA:26,1
LF:14
LH:14
BRDA:25,0,0,1
BRDA:25,0,1,0
BRDA:28,1,0,1
BRDA:28,1,1,0
BRDA:15,2,0,1
BRDA:15,2,1,0
BRDA:15,3,0,1
BRDA:15,3,1,1
BRDA:15,4,0,1
BRDA:15,4,1,0
BRDA:15,5,0,1
BRDA:15,5,1,1
BRDA:11,6,0,1
BRDA:11,6,1,0
BRDA:11,7,0,1
BRDA:11,7,1,1
BRF:16
BRH:11
end_of_record
TN:
SF:apps/api/src/contexts/notifications/application/ports/mailer.port.ts
FNF:0
FNH:0
DA:1,5
LF:1
LH:1
BRF:0
BRH:0
end_of_record
TN:
SF:apps/api/src/contexts/notifications/application/ports/notification-log.repository.port.ts
FNF:0
FNH:0
DA:4,4
LF:1
LH:1
BRF:0
BRH:0
end_of_record
TN:
SF:apps/api/src/contexts/notifications/application/services/review-email-notification.service.ts
FN:43,(anonymous_4)
FN:69,(anonymous_5)
FN:96,(anonymous_6)
FN:125,(anonymous_7)
FN:155,(anonymous_8)
FN:200,(anonymous_9)
FN:233,(anonymous_10)
FN:276,(anonymous_11)
FN:387,(anonymous_12)
FNF:9
FNH:9
FNDA:19,(anonymous_4)
FNDA:8,(anonymous_5)
FNDA:2,(anonymous_6)
FNDA:3,(anonymous_7)
FNDA:2,(anonymous_8)
FNDA:3,(anonymous_9)
FNDA:2,(anonymous_10)
FNDA:12,(anonymous_11)
FNDA:12,(anonymous_12)
DA:1,4
DA:2,4
DA:3,4
DA:7,4
DA:11,4
DA:15,4
DA:16,4
DA:21,4
DA:25,4
DA:26,4
DA:27,4
DA:33,4
DA:34,4
DA:40,4
DA:41,19
DA:44,19
DA:46,19
DA:48,19
DA:50,19
DA:52,19
DA:54,19
DA:56,19
DA:57,19
DA:58,19
DA:70,8
DA:71,8
DA:72,1
DA:73,1
DA:76,7
DA:88,7
DA:97,2
DA:99,2
DA:101,2
DA:102,2
DA:103,1
DA:104,1
DA:107,1
DA:122,1
DA:126,3
DA:127,3
DA:128,1
DA:129,1
DA:132,2
DA:133,2
DA:134,1
DA:137,1
DA:140,1
DA:152,1
DA:156,2
DA:157,2
DA:158,1
DA:159,1
DA:162,1
DA:167,1
DA:169,1
DA:170,2
DA:171,2
DA:172,1
DA:175,1
DA:178,1
DA:192,1
DA:193,1
DA:197,1
DA:201,3
DA:202,3
DA:203,1
DA:204,1
DA:207,2
DA:208,2
DA:209,1
DA:212,1
DA:215,1
DA:230,1
DA:234,2
DA:235,2
DA:236,1
DA:237,1
DA:240,1
DA:242,1
DA:244,1
DA:245,1
DA:246,1
DA:247,0
DA:250,0
DA:253,1
DA:268,1
DA:269,1
DA:273,1
DA:288,12
DA:290,12
DA:291,0
DA:292,0
DA:294,12
DA:295,0
DA:296,0
DA:298,12
DA:299,1
DA:302,1
DA:305,11
DA:308,11
DA:309,4
DA:314,7
DA:315,1
DA:321,6
DA:327,11
DA:328,1
DA:331,1
DA:335,10
DA:346,10
DA:355,10
DA:356,10
DA:370,9
DA:371,9
DA:374,9
DA:377,1
DA:378,1
DA:382,1
DA:383,1
DA:388,12
DA:389,12
DA:390,12
DA:391,12
LF:122
LH:116
BRDA:71,0,0,1
BRDA:71,0,1,7
BRDA:88,1,0,4
BRDA:88,1,1,3
BRDA:102,2,0,1
BRDA:102,2,1,1
BRDA:122,3,0,1
BRDA:122,3,1,0
BRDA:127,4,0,1
BRDA:127,4,1,2
BRDA:133,5,0,1
BRDA:133,5,1,1
BRDA:152,6,0,1
BRDA:152,6,1,0
BRDA:157,7,0,1
BRDA:157,7,1,1
BRDA:171,8,0,1
BRDA:171,8,1,1
BRDA:192,9,0,1
BRDA:192,9,1,0
BRDA:202,10,0,1
BRDA:202,10,1,2
BRDA:208,11,0,1
BRDA:208,11,1,1
BRDA:230,12,0,1
BRDA:230,12,1,0
BRDA:235,13,0,1
BRDA:235,13,1,1
BRDA:246,14,0,0
BRDA:246,14,1,1
BRDA:268,15,0,1
BRDA:268,15,1,0
BRDA:290,16,0,0
BRDA:290,16,1,12
BRDA:294,17,0,0
BRDA:294,17,1,12
BRDA:298,18,0,1
BRDA:298,18,1,11
BRDA:308,19,0,4
BRDA:308,19,1,7
BRDA:314,20,0,1
BRDA:314,20,1,6
BRDA:327,21,0,1
BRDA:327,21,1,10
BRDA:335,22,0,10
BRDA:335,22,1,9
BRDA:338,23,0,4
BRDA:338,23,1,5
BRDA:339,24,0,1
BRDA:339,24,1,8
BRDA:377,25,0,1
BRDA:377,25,1,0
BRDA:380,26,0,1
BRDA:380,26,1,0
BRDA:388,27,0,12
BRDA:388,27,1,1
BRDA:389,28,0,12
BRDA:389,28,1,0
BRDA:390,29,0,0
BRDA:390,29,1,12
BRDA:44,30,0,0
BRDA:44,30,1,4
BRDA:44,31,0,4
BRDA:44,31,1,0
BRDA:44,32,0,0
BRDA:44,32,1,4
BRDA:44,33,0,4
BRDA:44,33,1,0
BRDA:46,34,0,0
BRDA:46,34,1,4
BRDA:46,35,0,4
BRDA:46,35,1,0
BRDA:48,36,0,0
BRDA:48,36,1,4
BRDA:48,37,0,4
BRDA:48,37,1,0
BRDA:50,38,0,0
BRDA:50,38,1,4
BRDA:50,39,0,4
BRDA:50,39,1,0
BRDA:52,40,0,0
BRDA:52,40,1,4
BRDA:52,41,0,4
BRDA:52,41,1,0
BRDA:54,42,0,0
BRDA:54,42,1,4
BRDA:54,43,0,4
BRDA:54,43,1,0
BRDA:56,44,0,4
BRDA:56,44,1,0
BRDA:56,45,0,4
BRDA:56,45,1,4
BRDA:57,46,0,4
BRDA:57,46,1,0
BRDA:57,47,0,4
BRDA:57,47,1,4
BRF:96
BRH:68
end_of_record
TN:
SF:apps/api/src/contexts/organisation/application/ports/position-hierarchy.repository.port.ts
FNF:0
FNH:0
DA:3,2
LF:1
LH:1
BRF:0
BRH:0
end_of_record
TN:
SF:apps/api/src/contexts/organisation/application/ports/position.repository.port.ts
FNF:0
FNH:0
DA:7,24
LF:1
LH:1
BRF:0
BRH:0
end_of_record
TN:
SF:apps/api/src/contexts/organisation/application/ports/team.repository.port.ts
FNF:0
FNH:0
DA:5,7
LF:1
LH:1
BRF:0
BRH:0
end_of_record
TN:
SF:apps/api/src/contexts/organisation/application/services/position-hierarchy.service.ts
FN:10,(anonymous_4)
FN:16,(anonymous_5)
FN:32,(anonymous_6)
FN:41,(anonymous_7)
FN:48,(anonymous_8)
FN:54,(anonymous_9)
FN:62,(anonymous_10)
FNF:7
FNH:7
FNDA:5,(anonymous_4)
FNDA:2,(anonymous_5)
FNDA:1,(anonymous_6)
FNDA:1,(anonymous_7)
FNDA:2,(anonymous_8)
FNDA:1,(anonymous_9)
FNDA:2,(anonymous_10)
DA:1,2
DA:5,2
DA:6,2
DA:9,2
DA:12,5
DA:13,5
DA:20,2
DA:21,1
DA:26,1
DA:27,1
DA:29,1
DA:36,1
DA:37,1
DA:38,1
DA:44,1
DA:46,1
DA:47,1
DA:49,2
DA:57,1
DA:58,1
DA:61,1
DA:63,2
LF:22
LH:22
BRDA:20,0,0,1
BRDA:20,0,1,1
BRDA:13,1,0,2
BRDA:13,1,1,0
BRDA:13,2,0,2
BRDA:13,2,1,2
BRF:6
BRH:5
end_of_record
TN:
SF:apps/api/src/contexts/organisation/application/services/position.service.ts
FN:22,(anonymous_4)
FN:29,(anonymous_5)
FN:37,(anonymous_6)
FN:41,(anonymous_7)
FN:47,(anonymous_8)
FN:61,(anonymous_9)
FN:78,(anonymous_10)
FN:82,(anonymous_11)
FNF:8
FNH:8
FNDA:11,(anonymous_4)
FNDA:2,(anonymous_5)
FNDA:1,(anonymous_6)
FNDA:10,(anonymous_7)
FNDA:2,(anonymous_8)
FNDA:3,(anonymous_9)
FNDA:3,(anonymous_10)
FNDA:3,(anonymous_11)
DA:6,19
DA:12,19
DA:16,19
DA:18,19
DA:21,19
DA:24,11
DA:26,11
DA:30,2
DA:34,2
DA:38,1
DA:42,10
DA:43,10
DA:44,7
DA:51,2
DA:52,1
DA:58,1
DA:62,3
DA:63,2
DA:64,2
DA:65,1
DA:75,1
DA:79,3
DA:81,3
DA:82,3
LF:24
LH:24
BRDA:32,0,0,2
BRDA:32,0,1,1
BRDA:43,1,0,3
BRDA:43,1,1,7
BRDA:54,2,0,1
BRDA:54,2,1,0
BRDA:64,3,0,1
BRDA:64,3,1,1
BRDA:26,4,0,0
BRDA:26,4,1,19
BRDA:26,5,0,19
BRDA:26,5,1,0
BRF:12
BRH:9
end_of_record
TN:
SF:apps/api/src/contexts/organisation/application/services/team.service.ts
FN:21,(anonymous_4)
FN:27,(anonymous_5)
FN:40,(anonymous_6)
FN:44,(anonymous_7)
FN:50,(anonymous_8)
FN:67,(anonymous_9)
FN:82,(anonymous_10)
FN:101,(anonymous_11)
FN:106,(anonymous_12)
FN:116,(anonymous_13)
FNF:10
FNH:10
FNDA:19,(anonymous_4)
FNDA:3,(anonymous_5)
FNDA:1,(anonymous_6)
FNDA:17,(anonymous_7)
FNDA:4,(anonymous_8)
FNDA:3,(anonymous_9)
FNDA:2,(anonymous_10)
FNDA:1,(anonymous_11)
FNDA:5,(anonymous_12)
FNDA:3,(anonymous_13)
DA:7,2
DA:13,2
DA:15,2
DA:17,2
DA:20,2
DA:23,19
DA:24,19
DA:28,3
DA:29,1
DA:32,3
DA:37,3
DA:41,1
DA:45,17
DA:46,17
DA:47,14
DA:51,4
DA:53,3
DA:54,1
DA:57,3
DA:64,3
DA:68,3
DA:69,2
DA:70,2
DA:71,1
DA:79,1
DA:87,2
DA:88,2
DA:90,2
DA:95,2
DA:96,1
DA:98,1
DA:102,1
DA:103,1
DA:110,5
DA:111,5
DA:113,5
DA:115,2
DA:117,3
DA:118,3
DA:121,2
DA:123,1
DA:128,2
LF:42
LH:42
BRDA:28,0,0,1
BRDA:28,0,1,2
BRDA:28,1,0,3
BRDA:28,1,1,2
BRDA:34,2,0,3
BRDA:34,2,1,3
BRDA:35,3,0,3
BRDA:35,3,1,2
BRDA:46,4,0,3
BRDA:46,4,1,14
BRDA:53,5,0,1
BRDA:53,5,1,2
BRDA:53,6,0,3
BRDA:53,6,1,2
BRDA:59,7,0,1
BRDA:59,7,1,2
BRDA:70,8,0,1
BRDA:70,8,1,1
BRDA:95,9,0,1
BRDA:95,9,1,1
BRDA:113,10,0,3
BRDA:113,10,1,2
BRDA:24,11,0,2
BRDA:24,11,1,0
BRDA:24,12,0,2
BRDA:24,12,1,2
BRF:26
BRH:25
end_of_record
TN:
SF:apps/api/src/contexts/reporting/application/listeners/cycle-stage.listener.ts
FN:21,(anonymous_4)
FN:36,(anonymous_5)
FN:47,(anonymous_6)
FNF:3
FNH:2
FNDA:3,(anonymous_4)
FNDA:3,(anonymous_5)
FNDA:0,(anonymous_6)
DA:1,1
DA:2,1
DA:3,1
DA:4,1
DA:5,1
DA:6,1
DA:10,1
DA:18,1
DA:19,3
DA:22,3
DA:23,3
DA:25,3
DA:36,1
DA:39,3
DA:40,1
DA:43,2
DA:47,2
DA:48,0
DA:49,0
DA:50,0
DA:56,2
DA:60,2
DA:61,2
DA:67,2
DA:71,1
DA:75,1
DA:80,1
LF:27
LH:24
BRDA:39,0,0,1
BRDA:39,0,1,2
BRDA:49,1,0,0
BRDA:49,1,1,0
BRDA:37,2,0,1
BRDA:37,2,1,0
BRDA:37,3,0,1
BRDA:37,3,1,1
BRDA:38,4,0,1
BRDA:38,4,1,0
BRDA:38,5,0,1
BRDA:38,5,1,1
BRDA:22,6,0,1
BRDA:22,6,1,0
BRDA:22,7,0,1
BRDA:22,7,1,1
BRDA:22,8,0,1
BRDA:22,8,1,0
BRDA:22,9,0,1
BRDA:22,9,1,1
BRDA:23,10,0,0
BRDA:23,10,1,1
BRDA:23,11,0,1
BRDA:23,11,1,0
BRF:24
BRH:16
end_of_record
TN:
SF:apps/api/src/contexts/reporting/application/listeners/review-stage.listener.ts
FN:17,(anonymous_2)
FN:30,(anonymous_3)
FNF:2
FNH:2
FNDA:3,(anonymous_2)
FNDA:3,(anonymous_3)
DA:1,1
DA:2,1
DA:3,1
DA:4,1
DA:5,1
DA:6,1
DA:14,1
DA:15,3
DA:18,3
DA:19,3
DA:30,1
DA:33,3
DA:34,1
DA:37,2
DA:40,2
DA:44,2
DA:45,2
DA:50,2
DA:54,1
DA:58,1
DA:63,1
LF:21
LH:21
BRDA:33,0,0,1
BRDA:33,0,1,2
BRDA:31,1,0,1
BRDA:31,1,1,0
BRDA:31,2,0,1
BRDA:31,2,1,1
BRDA:32,3,0,1
BRDA:32,3,1,0
BRDA:32,4,0,1
BRDA:32,4,1,1
BRDA:18,5,0,1
BRDA:18,5,1,0
BRDA:18,6,0,1
BRDA:18,6,1,1
BRDA:18,7,0,1
BRDA:18,7,1,0
BRDA:18,8,0,1
BRDA:18,8,1,1
BRF:18
BRH:14
end_of_record
TN:
SF:apps/api/src/contexts/reporting/application/ports/report-analytics.repository.port.ts
FNF:0
FNH:0
DA:3,11
LF:1
LH:1
BRF:0
BRH:0
end_of_record
TN:
SF:apps/api/src/contexts/reporting/application/ports/report-comment.repository.port.ts
FNF:0
FNH:0
DA:3,6
LF:1
LH:1
BRF:0
BRH:0
end_of_record
TN:
SF:apps/api/src/contexts/reporting/application/ports/report-insight.repository.port.ts
FNF:0
FNH:0
DA:3,6
LF:1
LH:1
BRF:0
BRH:0
end_of_record
TN:
SF:apps/api/src/contexts/reporting/application/ports/report.repository.port.ts
FNF:0
FNH:0
DA:4,11
LF:1
LH:1
BRF:0
BRH:0
end_of_record
TN:
SF:apps/api/src/contexts/reporting/application/ports/strategic-report-analytics.repository.port.ts
FNF:0
FNH:0
DA:3,5
LF:1
LH:1
BRF:0
BRH:0
end_of_record
TN:
SF:apps/api/src/contexts/reporting/application/ports/strategic-report-insight.repository.port.ts
FNF:0
FNH:0
DA:3,5
LF:1
LH:1
BRF:0
BRH:0
end_of_record
TN:
SF:apps/api/src/contexts/reporting/application/ports/strategic-report.repository.port.ts
FNF:0
FNH:0
DA:4,22
LF:1
LH:1
BRF:0
BRH:0
end_of_record
TN:
SF:apps/api/src/contexts/reporting/application/services/report-analytics.service.ts
FN:12,(anonymous_4)
FN:18,(anonymous_5)
FN:35,(anonymous_6)
FNF:3
FNH:3
FNDA:4,(anonymous_4)
FNDA:2,(anonymous_5)
FNDA:2,(anonymous_6)
DA:1,2
DA:4,2
DA:8,2
DA:11,2
DA:14,4
DA:15,4
DA:22,2
DA:24,2
DA:26,2
DA:27,1
DA:32,1
DA:39,2
DA:41,2
DA:42,1
DA:47,1
DA:49,1
LF:16
LH:16
BRDA:26,0,0,1
BRDA:26,0,1,1
BRDA:41,1,0,1
BRDA:41,1,1,1
BRDA:14,2,0,0
BRDA:14,2,1,2
BRDA:14,3,0,2
BRDA:14,3,1,0
BRDA:14,4,0,2
BRDA:14,4,1,0
BRDA:14,5,0,2
BRDA:14,5,1,2
BRF:12
BRH:9
end_of_record
TN:
SF:apps/api/src/contexts/reporting/application/services/report-comment.service.ts
FN:12,(anonymous_4)
FN:18,(anonymous_5)
FN:35,(anonymous_6)
FN:47,(anonymous_7)
FNF:4
FNH:4
FNDA:6,(anonymous_4)
FNDA:3,(anonymous_5)
FNDA:2,(anonymous_6)
FNDA:1,(anonymous_7)
DA:1,2
DA:4,2
DA:8,2
DA:11,2
DA:14,6
DA:15,6
DA:22,3
DA:24,2
DA:26,2
DA:27,1
DA:32,1
DA:36,2
DA:38,2
DA:39,1
DA:44,1
DA:48,1
LF:16
LH:16
BRDA:26,0,0,1
BRDA:26,0,1,1
BRDA:26,1,0,2
BRDA:26,1,1,2
BRDA:38,2,0,1
BRDA:38,2,1,1
BRDA:14,3,0,0
BRDA:14,3,1,2
BRDA:14,4,0,2
BRDA:14,4,1,0
BRDA:14,5,0,2
BRDA:14,5,1,0
BRDA:14,6,0,2
BRDA:14,6,1,2
BRF:14
BRH:11
end_of_record
TN:
SF:apps/api/src/contexts/reporting/application/services/report-insight.service.ts
FN:12,(anonymous_4)
FN:18,(anonymous_5)
FN:35,(anonymous_6)
FNF:3
FNH:3
FNDA:4,(anonymous_4)
FNDA:2,(anonymous_5)
FNDA:2,(anonymous_6)
DA:1,2
DA:4,2
DA:8,2
DA:11,2
DA:14,4
DA:15,4
DA:22,2
DA:24,2
DA:26,2
DA:27,1
DA:32,1
DA:39,2
DA:41,2
DA:42,1
DA:47,1
DA:49,1
LF:16
LH:16
BRDA:26,0,0,1
BRDA:26,0,1,1
BRDA:41,1,0,1
BRDA:41,1,1,1
BRDA:14,2,0,0
BRDA:14,2,1,2
BRDA:14,3,0,2
BRDA:14,3,1,0
BRDA:14,4,0,2
BRDA:14,4,1,0
BRDA:14,5,0,2
BRDA:14,5,1,2
BRF:12
BRH:9
end_of_record
TN:
SF:apps/api/src/contexts/reporting/application/services/reports.service.ts
FN:87,(anonymous_5)
FN:116,(anonymous_6)
FN:128,(anonymous_7)
FN:142,(anonymous_8)
FN:159,(anonymous_9)
FN:194,(anonymous_10)
FN:216,(anonymous_11)
FN:238,(anonymous_12)
FN:240,(anonymous_13)
FN:250,(anonymous_14)
FN:259,(anonymous_15)
FN:387,(anonymous_16)
FN:418,(anonymous_17)
FN:431,(anonymous_18)
FN:445,(anonymous_19)
FN:528,(anonymous_20)
FN:541,(anonymous_21)
FN:568,(anonymous_22)
FN:572,(anonymous_23)
FN:573,(anonymous_24)
FN:576,(anonymous_25)
FN:587,(anonymous_26)
FN:604,(anonymous_27)
FN:610,(anonymous_28)
FN:635,(anonymous_29)
FN:646,(anonymous_30)
FN:766,(anonymous_31)
FN:769,(anonymous_32)
FN:772,(anonymous_33)
FN:857,(anonymous_34)
FN:864,(anonymous_35)
FN:867,(anonymous_36)
FN:887,(anonymous_37)
FN:893,(anonymous_38)
FN:898,(anonymous_39)
FN:909,(anonymous_40)
FN:925,(anonymous_41)
FN:930,(anonymous_42)
FN:933,(anonymous_43)
FN:936,(anonymous_44)
FN:981,(anonymous_45)
FN:996,(anonymous_46)
FN:1009,(anonymous_47)
FN:1062,(anonymous_48)
FN:1068,(anonymous_49)
FN:1079,(anonymous_50)
FN:1107,(anonymous_51)
FN:1108,(anonymous_52)
FN:1110,(anonymous_53)
FN:1111,(anonymous_54)
FN:1125,(anonymous_55)
FN:1131,(anonymous_56)
FN:1137,(anonymous_57)
FN:1143,(anonymous_58)
FN:1271,(anonymous_59)
FN:1273,(anonymous_60)
FN:1284,(anonymous_61)
FNF:57
FNH:52
FNDA:15,(anonymous_5)
FNDA:3,(anonymous_6)
FNDA:3,(anonymous_7)
FNDA:6,(anonymous_8)
FNDA:6,(anonymous_9)
FNDA:2,(anonymous_10)
FNDA:4,(anonymous_11)
FNDA:1,(anonymous_12)
FNDA:0,(anonymous_13)
FNDA:2,(anonymous_14)
FNDA:1,(anonymous_15)
FNDA:1,(anonymous_16)
FNDA:0,(anonymous_17)
FNDA:0,(anonymous_18)
FNDA:1,(anonymous_19)
FNDA:1,(anonymous_20)
FNDA:1,(anonymous_21)
FNDA:16,(anonymous_22)
FNDA:13,(anonymous_23)
FNDA:11,(anonymous_24)
FNDA:11,(anonymous_25)
FNDA:48,(anonymous_26)
FNDA:2,(anonymous_27)
FNDA:2,(anonymous_28)
FNDA:1,(anonymous_29)
FNDA:1,(anonymous_30)
FNDA:1,(anonymous_31)
FNDA:1,(anonymous_32)
FNDA:0,(anonymous_33)
FNDA:1,(anonymous_34)
FNDA:1,(anonymous_35)
FNDA:1,(anonymous_36)
FNDA:3,(anonymous_37)
FNDA:6,(anonymous_38)
FNDA:2,(anonymous_39)
FNDA:10,(anonymous_40)
FNDA:1,(anonymous_41)
FNDA:1,(anonymous_42)
FNDA:1,(anonymous_43)
FNDA:1,(anonymous_44)
FNDA:15,(anonymous_45)
FNDA:24,(anonymous_46)
FNDA:2,(anonymous_47)
FNDA:2,(anonymous_48)
FNDA:0,(anonymous_49)
FNDA:2,(anonymous_50)
FNDA:2,(anonymous_51)
FNDA:2,(anonymous_52)
FNDA:2,(anonymous_53)
FNDA:2,(anonymous_54)
FNDA:2,(anonymous_55)
FNDA:2,(anonymous_56)
FNDA:2,(anonymous_57)
FNDA:2,(anonymous_58)
FNDA:6,(anonymous_59)
FNDA:12,(anonymous_60)
FNDA:6,(anonymous_61)
DA:1,6
DA:16,6
DA:23,6
DA:24,6
DA:28,6
DA:33,6
DA:37,6
DA:41,6
DA:45,6
DA:49,6
DA:54,6
DA:58,6
DA:63,6
DA:64,6
DA:65,6
DA:66,6
DA:70,6
DA:74,6
DA:78,6
DA:84,6
DA:85,15
DA:89,15
DA:91,15
DA:93,15
DA:95,15
DA:97,15
DA:99,15
DA:101,15
DA:103,15
DA:105,15
DA:107,15
DA:109,15
DA:111,15
DA:114,15
DA:120,3
DA:121,2
DA:129,3
DA:132,2
DA:135,2
DA:136,1
DA:143,6
DA:145,6
DA:146,1
DA:149,5
DA:151,3
DA:163,6
DA:166,5
DA:169,5
DA:171,4
DA:173,4
DA:174,1
DA:178,3
DA:179,3
DA:181,3
DA:183,2
DA:187,2
DA:189,1
DA:198,2
DA:199,2
DA:200,1
DA:205,1
DA:207,1
DA:217,4
DA:219,4
DA:220,4
DA:221,1
DA:222,1
DA:225,3
DA:226,3
DA:227,1
DA:230,2
DA:234,2
DA:235,2
DA:238,1
DA:241,0
DA:247,2
DA:249,2
DA:250,2
DA:251,2
DA:254,2
DA:255,1
DA:258,1
DA:260,1
DA:261,1
DA:266,1
DA:271,1
DA:277,1
DA:281,1
DA:286,1
DA:291,1
DA:293,1
DA:295,1
DA:300,1
DA:329,1
DA:331,1
DA:336,1
DA:343,1
DA:347,1
DA:353,1
DA:359,1
DA:364,1
DA:368,1
DA:372,1
DA:376,1
DA:396,1
DA:397,1
DA:398,1
DA:400,0
DA:406,1
DA:408,1
DA:413,1
DA:418,0
DA:419,0
DA:422,0
DA:425,0
DA:431,0
DA:432,0
DA:451,1
DA:452,1
DA:453,1
DA:458,1
DA:465,1
DA:466,1
DA:467,2
DA:470,1
DA:471,1
DA:472,1
DA:473,1
DA:477,0
DA:478,1
DA:479,1
DA:482,1
DA:483,1
DA:484,1
DA:486,1
DA:490,1
DA:491,1
DA:493,1
DA:494,1
DA:496,1
DA:500,1
DA:501,0
DA:504,0
DA:507,1
DA:509,1
DA:532,1
DA:545,1
DA:546,1
DA:547,1
DA:548,1
DA:551,1
DA:552,1
DA:555,1
DA:556,1
DA:559,0
DA:571,16
DA:572,13
DA:573,11
DA:574,16
DA:575,11
DA:576,11
DA:579,11
DA:590,48
DA:592,42
DA:593,42
DA:609,2
DA:610,2
DA:613,2
DA:614,1
DA:617,1
DA:618,0
DA:621,1
DA:625,1
DA:645,1
DA:646,1
DA:649,1
DA:653,1
DA:654,1
DA:655,1
DA:656,1
DA:657,1
DA:659,1
DA:661,1
DA:663,1
DA:667,1
DA:671,1
DA:676,1
DA:677,1
DA:679,1
DA:680,1
DA:682,1
DA:683,0
DA:686,1
DA:690,1
DA:694,1
DA:699,1
DA:703,1
DA:708,1
DA:733,1
DA:734,1
DA:735,1
DA:745,1
DA:746,1
DA:748,1
DA:749,1
DA:751,1
DA:752,0
DA:755,1
DA:759,1
DA:760,1
DA:761,1
DA:762,1
DA:764,1
DA:765,1
DA:766,1
DA:768,1
DA:769,1
DA:771,1
DA:772,0
DA:775,1
DA:776,1
DA:778,1
DA:779,1
DA:781,1
DA:782,0
DA:785,1
DA:789,1
DA:793,1
DA:798,1
DA:802,1
DA:807,1
DA:833,1
DA:861,1
DA:865,1
DA:867,1
DA:869,1
DA:870,1
DA:871,2
DA:872,0
DA:874,2
DA:875,2
DA:876,2
DA:878,1
DA:891,3
DA:894,6
DA:898,2
DA:899,3
DA:913,10
DA:914,5
DA:916,5
DA:929,1
DA:930,1
DA:932,1
DA:933,1
DA:935,1
DA:936,1
DA:939,1
DA:943,1
DA:947,1
DA:952,1
DA:956,1
DA:960,1
DA:985,15
DA:986,5
DA:988,10
DA:997,24
DA:998,15
DA:1015,2
DA:1016,2
DA:1017,2
DA:1019,2
DA:1023,2
DA:1027,2
DA:1032,2
DA:1036,2
DA:1041,2
DA:1067,2
DA:1070,0
DA:1074,0
DA:1077,0
DA:1080,2
DA:1106,2
DA:1107,2
DA:1108,2
DA:1109,2
DA:1110,2
DA:1111,2
DA:1114,2
DA:1116,2
DA:1118,2
DA:1120,2
DA:1122,2
DA:1126,2
DA:1132,2
DA:1138,2
DA:1144,2
DA:1149,2
DA:1151,2
DA:1179,2
DA:1207,2
DA:1235,2
DA:1263,2
DA:1271,15
DA:1272,6
DA:1273,12
DA:1275,6
DA:1276,6
DA:1285,6
DA:1286,6
DA:1287,6
DA:1289,6
LF:311
LH:290
BRDA:129,0,0,1
BRDA:129,0,1,2
BRDA:132,1,0,2
BRDA:132,1,1,2
BRDA:135,2,0,1
BRDA:135,2,1,1
BRDA:145,3,0,1
BRDA:145,3,1,5
BRDA:163,4,0,1
BRDA:163,4,1,5
BRDA:166,5,0,5
BRDA:166,5,1,5
BRDA:169,6,0,1
BRDA:169,6,1,4
BRDA:173,7,0,1
BRDA:173,7,1,3
BRDA:181,8,0,1
BRDA:181,8,1,2
BRDA:181,9,0,3
BRDA:181,9,1,3
BRDA:187,10,0,1
BRDA:187,10,1,1
BRDA:199,11,0,1
BRDA:199,11,1,1
BRDA:220,12,0,1
BRDA:220,12,1,3
BRDA:226,13,0,1
BRDA:226,13,1,2
BRDA:254,14,0,1
BRDA:254,14,1,1
BRDA:268,15,0,1
BRDA:268,15,1,0
BRDA:273,16,0,1
BRDA:273,16,1,1
BRDA:396,17,0,1
BRDA:396,17,1,0
BRDA:408,18,0,1
BRDA:408,18,1,0
BRDA:409,19,0,1
BRDA:409,19,1,1
BRDA:419,20,0,0
BRDA:419,20,1,0
BRDA:431,21,0,0
BRDA:431,21,1,0
BRDA:453,22,0,1
BRDA:453,22,1,0
BRDA:454,23,0,1
BRDA:454,23,1,1
BRDA:454,23,2,1
BRDA:467,24,0,1
BRDA:467,24,1,1
BRDA:472,25,0,0
BRDA:472,25,1,1
BRDA:473,26,0,0
BRDA:473,26,1,1
BRDA:474,27,0,1
BRDA:474,27,1,1
BRDA:478,28,0,1
BRDA:478,28,1,1
BRDA:484,29,0,0
BRDA:484,29,1,1
BRDA:484,30,0,1
BRDA:484,30,1,1
BRDA:487,31,0,1
BRDA:487,31,1,0
BRDA:488,32,0,1
BRDA:488,32,1,1
BRDA:491,33,0,0
BRDA:491,33,1,1
BRDA:494,34,0,0
BRDA:494,34,1,1
BRDA:500,35,0,0
BRDA:500,35,1,1
BRDA:507,36,0,1
BRDA:507,36,1,0
BRDA:511,37,0,1
BRDA:511,37,1,0
BRDA:552,38,0,1
BRDA:552,38,1,0
BRDA:555,39,0,1
BRDA:555,39,1,0
BRDA:555,40,0,1
BRDA:555,40,1,1
BRDA:572,41,0,13
BRDA:572,41,1,11
BRDA:573,42,0,11
BRDA:573,42,1,0
BRDA:574,43,0,5
BRDA:574,43,1,11
BRDA:590,44,0,6
BRDA:590,44,1,42
BRDA:590,45,0,48
BRDA:590,45,1,42
BRDA:592,46,0,42
BRDA:592,46,1,0
BRDA:613,47,0,1
BRDA:613,47,1,1
BRDA:617,48,0,0
BRDA:617,48,1,1
BRDA:661,49,0,1
BRDA:661,49,1,0
BRDA:676,50,0,1
BRDA:676,50,1,0
BRDA:679,51,0,1
BRDA:679,51,1,0
BRDA:682,52,0,0
BRDA:682,52,1,1
BRDA:717,53,0,1
BRDA:717,53,1,0
BRDA:718,54,0,1
BRDA:718,54,1,0
BRDA:719,55,0,1
BRDA:719,55,1,1
BRDA:721,56,0,1
BRDA:721,56,1,0
BRDA:723,57,0,1
BRDA:723,57,1,0
BRDA:725,58,0,1
BRDA:725,58,1,1
BRDA:727,59,0,1
BRDA:727,59,1,0
BRDA:729,60,0,1
BRDA:729,60,1,1
BRDA:734,61,0,1
BRDA:734,61,1,0
BRDA:734,62,0,1
BRDA:734,62,1,1
BRDA:735,63,0,1
BRDA:735,63,1,1
BRDA:739,64,0,1
BRDA:739,64,1,0
BRDA:745,65,0,1
BRDA:745,65,1,0
BRDA:748,66,0,1
BRDA:748,66,1,0
BRDA:751,67,0,0
BRDA:751,67,1,1
BRDA:775,68,0,1
BRDA:775,68,1,0
BRDA:778,69,0,1
BRDA:778,69,1,0
BRDA:781,70,0,0
BRDA:781,70,1,1
BRDA:816,71,0,1
BRDA:816,71,1,0
BRDA:817,72,0,1
BRDA:817,72,1,0
BRDA:818,73,0,1
BRDA:818,73,1,1
BRDA:820,74,0,1
BRDA:820,74,1,0
BRDA:822,75,0,1
BRDA:822,75,1,0
BRDA:824,76,0,1
BRDA:824,76,1,1
BRDA:826,77,0,1
BRDA:826,77,1,0
BRDA:828,78,0,1
BRDA:828,78,1,1
BRDA:871,79,0,0
BRDA:871,79,1,2
BRDA:874,80,0,2
BRDA:874,80,1,1
BRDA:894,81,0,6
BRDA:894,81,1,2
BRDA:894,81,2,2
BRDA:913,82,0,5
BRDA:913,82,1,5
BRDA:913,83,0,10
BRDA:913,83,1,5
BRDA:985,84,0,5
BRDA:985,84,1,10
BRDA:985,85,0,15
BRDA:985,85,1,10
BRDA:997,86,0,9
BRDA:997,86,1,15
BRDA:1070,87,0,0
BRDA:1070,87,1,0
BRDA:1071,88,0,0
BRDA:1071,88,1,0
BRDA:1072,89,0,0
BRDA:1072,89,1,0
BRDA:1074,90,0,0
BRDA:1074,90,1,0
BRDA:1075,91,0,0
BRDA:1075,91,1,0
BRDA:1076,92,0,0
BRDA:1076,92,1,0
BRDA:1082,93,0,1
BRDA:1082,93,1,1
BRDA:1087,94,0,2
BRDA:1087,94,1,0
BRDA:1087,95,0,1
BRDA:1087,95,1,1
BRDA:1108,96,0,2
BRDA:1108,96,1,2
BRDA:1111,97,0,2
BRDA:1111,97,1,2
BRDA:1114,98,0,2
BRDA:1114,98,1,0
BRDA:1116,99,0,2
BRDA:1116,99,1,0
BRDA:1118,100,0,2
BRDA:1118,100,1,0
BRDA:1120,101,0,2
BRDA:1120,101,1,0
BRDA:1124,102,0,2
BRDA:1124,102,1,0
BRDA:1126,103,0,2
BRDA:1126,103,1,0
BRDA:1130,104,0,2
BRDA:1130,104,1,0
BRDA:1132,105,0,2
BRDA:1132,105,1,0
BRDA:1136,106,0,2
BRDA:1136,106,1,0
BRDA:1138,107,0,2
BRDA:1138,107,1,0
BRDA:1142,108,0,2
BRDA:1142,108,1,0
BRDA:1144,109,0,2
BRDA:1144,109,1,0
BRDA:1157,110,0,1
BRDA:1157,110,1,1
BRDA:1158,111,0,1
BRDA:1158,111,1,0
BRDA:1161,112,0,1
BRDA:1161,112,1,1
BRDA:1162,113,0,1
BRDA:1162,113,1,0
BRDA:1165,114,0,1
BRDA:1165,114,1,1
BRDA:1166,115,0,1
BRDA:1166,115,1,0
BRDA:1169,116,0,1
BRDA:1169,116,1,1
BRDA:1170,117,0,1
BRDA:1170,117,1,0
BRDA:1185,118,0,1
BRDA:1185,118,1,1
BRDA:1186,119,0,1
BRDA:1186,119,1,0
BRDA:1189,120,0,1
BRDA:1189,120,1,1
BRDA:1190,121,0,1
BRDA:1190,121,1,0
BRDA:1193,122,0,1
BRDA:1193,122,1,1
BRDA:1194,123,0,1
BRDA:1194,123,1,0
BRDA:1197,124,0,1
BRDA:1197,124,1,1
BRDA:1198,125,0,1
BRDA:1198,125,1,0
BRDA:1213,126,0,1
BRDA:1213,126,1,1
BRDA:1214,127,0,1
BRDA:1214,127,1,0
BRDA:1217,128,0,1
BRDA:1217,128,1,1
BRDA:1218,129,0,1
BRDA:1218,129,1,0
BRDA:1221,130,0,1
BRDA:1221,130,1,1
BRDA:1222,131,0,1
BRDA:1222,131,1,0
BRDA:1225,132,0,1
BRDA:1225,132,1,1
BRDA:1226,133,0,1
BRDA:1226,133,1,0
BRDA:1241,134,0,1
BRDA:1241,134,1,1
BRDA:1242,135,0,1
BRDA:1242,135,1,0
BRDA:1245,136,0,1
BRDA:1245,136,1,1
BRDA:1246,137,0,1
BRDA:1246,137,1,0
BRDA:1249,138,0,1
BRDA:1249,138,1,1
BRDA:1250,139,0,1
BRDA:1250,139,1,0
BRDA:1253,140,0,1
BRDA:1253,140,1,1
BRDA:1254,141,0,1
BRDA:1254,141,1,0
BRDA:1273,142,0,12
BRDA:1273,142,1,6
BRDA:1275,143,0,0
BRDA:1275,143,1,6
BRDA:89,144,0,0
BRDA:89,144,1,6
BRDA:89,145,0,6
BRDA:89,145,1,0
BRDA:89,146,0,0
BRDA:89,146,1,6
BRDA:89,147,0,6
BRDA:89,147,1,0
BRDA:91,148,0,0
BRDA:91,148,1,6
BRDA:91,149,0,6
BRDA:91,149,1,0
BRDA:93,150,0,0
BRDA:93,150,1,6
BRDA:93,151,0,6
BRDA:93,151,1,0
BRDA:95,152,0,0
BRDA:95,152,1,6
BRDA:95,153,0,6
BRDA:95,153,1,0
BRDA:97,154,0,0
BRDA:97,154,1,6
BRDA:97,155,0,6
BRDA:97,155,1,0
BRDA:99,156,0,0
BRDA:99,156,1,6
BRDA:99,157,0,6
BRDA:99,157,1,0
BRDA:101,158,0,0
BRDA:101,158,1,6
BRDA:101,159,0,6
BRDA:101,159,1,0
BRDA:103,160,0,0
BRDA:103,160,1,6
BRDA:103,161,0,6
BRDA:103,161,1,0
BRDA:105,162,0,0
BRDA:105,162,1,6
BRDA:105,163,0,6
BRDA:105,163,1,0
BRDA:107,164,0,0
BRDA:107,164,1,6
BRDA:107,165,0,6
BRDA:107,165,1,0
BRDA:109,166,0,0
BRDA:109,166,1,6
BRDA:109,167,0,6
BRDA:109,167,1,0
BRF:338
BRH:227
end_of_record
TN:
SF:apps/api/src/contexts/reporting/application/services/startegic-report-insight.service.ts
FN:12,(anonymous_4)
FN:18,(anonymous_5)
FN:36,(anonymous_6)
FNF:3
FNH:3
FNDA:4,(anonymous_4)
FNDA:2,(anonymous_5)
FNDA:2,(anonymous_6)
DA:1,2
DA:4,2
DA:8,2
DA:11,2
DA:14,4
DA:15,4
DA:22,2
DA:25,2
DA:27,2
DA:28,1
DA:33,1
DA:40,2
DA:42,2
DA:43,1
DA:48,1
DA:50,1
LF:16
LH:16
BRDA:27,0,0,1
BRDA:27,0,1,1
BRDA:42,1,0,1
BRDA:42,1,1,1
BRDA:14,2,0,0
BRDA:14,2,1,2
BRDA:14,3,0,2
BRDA:14,3,1,0
BRDA:14,4,0,2
BRDA:14,4,1,0
BRDA:14,5,0,2
BRDA:14,5,1,2
BRF:12
BRH:9
end_of_record
TN:
SF:apps/api/src/contexts/reporting/application/services/strategic-report-analytics.service.ts
FN:12,(anonymous_4)
FN:18,(anonymous_5)
FN:38,(anonymous_6)
FNF:3
FNH:3
FNDA:4,(anonymous_4)
FNDA:2,(anonymous_5)
FNDA:2,(anonymous_6)
DA:1,2
DA:4,2
DA:8,2
DA:11,2
DA:14,4
DA:15,4
DA:22,2
DA:25,2
DA:29,2
DA:30,1
DA:35,1
DA:42,2
DA:44,2
DA:45,1
DA:50,1
DA:55,1
LF:16
LH:16
BRDA:29,0,0,1
BRDA:29,0,1,1
BRDA:44,1,0,1
BRDA:44,1,1,1
BRDA:14,2,0,0
BRDA:14,2,1,2
BRDA:14,3,0,2
BRDA:14,3,1,0
BRDA:14,4,0,2
BRDA:14,4,1,0
BRDA:14,5,0,2
BRDA:14,5,1,2
BRF:12
BRH:9
end_of_record
TN:
SF:apps/api/src/contexts/reporting/application/services/strategic-reports.service.ts
FN:98,(anonymous_5)
FN:131,(anonymous_6)
FN:143,(anonymous_7)
FN:157,(anonymous_8)
FN:179,(anonymous_9)
FN:199,(anonymous_10)
FN:209,(anonymous_11)
FN:230,(anonymous_12)
FN:319,(anonymous_13)
FN:349,(anonymous_14)
FN:362,(anonymous_15)
FN:375,(anonymous_16)
FN:382,(anonymous_17)
FN:414,(anonymous_18)
FN:418,(anonymous_19)
FN:441,(anonymous_20)
FN:442,(anonymous_21)
FN:444,(anonymous_22)
FN:445,(anonymous_23)
FN:447,(anonymous_24)
FN:451,(anonymous_25)
FN:452,(anonymous_26)
FN:453,(anonymous_27)
FN:455,(anonymous_28)
FN:458,(anonymous_29)
FN:461,(anonymous_30)
FN:465,(anonymous_31)
FN:468,(anonymous_32)
FN:471,(anonymous_33)
FN:553,(anonymous_34)
FN:557,(anonymous_35)
FN:558,(anonymous_36)
FN:561,(anonymous_37)
FN:572,(anonymous_38)
FN:588,(anonymous_39)
FN:609,(anonymous_40)
FN:621,(anonymous_41)
FN:622,(anonymous_42)
FN:630,(anonymous_43)
FN:633,(anonymous_44)
FN:636,(anonymous_45)
FN:693,(anonymous_46)
FN:698,(anonymous_47)
FN:701,(anonymous_48)
FN:704,(anonymous_49)
FN:749,(anonymous_50)
FN:766,(anonymous_51)
FN:782,(anonymous_52)
FN:794,(anonymous_53)
FN:799,(anonymous_54)
FN:804,(anonymous_55)
FN:828,(anonymous_56)
FN:829,(anonymous_57)
FN:831,(anonymous_58)
FN:832,(anonymous_59)
FN:846,(anonymous_60)
FN:852,(anonymous_61)
FN:858,(anonymous_62)
FN:864,(anonymous_63)
FN:936,(anonymous_64)
FN:938,(anonymous_65)
FN:949,(anonymous_66)
FNF:62
FNH:55
FNDA:16,(anonymous_5)
FNDA:3,(anonymous_6)
FNDA:3,(anonymous_7)
FNDA:5,(anonymous_8)
FNDA:5,(anonymous_9)
FNDA:2,(anonymous_10)
FNDA:2,(anonymous_11)
FNDA:6,(anonymous_12)
FNDA:2,(anonymous_13)
FNDA:2,(anonymous_14)
FNDA:3,(anonymous_15)
FNDA:1,(anonymous_16)
FNDA:2,(anonymous_17)
FNDA:1,(anonymous_18)
FNDA:3,(anonymous_19)
FNDA:2,(anonymous_20)
FNDA:0,(anonymous_21)
FNDA:2,(anonymous_22)
FNDA:1,(anonymous_23)
FNDA:9,(anonymous_24)
FNDA:1,(anonymous_25)
FNDA:0,(anonymous_26)
FNDA:1,(anonymous_27)
FNDA:0,(anonymous_28)
FNDA:0,(anonymous_29)
FNDA:0,(anonymous_30)
FNDA:3,(anonymous_31)
FNDA:3,(anonymous_32)
FNDA:3,(anonymous_33)
FNDA:12,(anonymous_34)
FNDA:6,(anonymous_35)
FNDA:6,(anonymous_36)
FNDA:6,(anonymous_37)
FNDA:26,(anonymous_38)
FNDA:0,(anonymous_39)
FNDA:3,(anonymous_40)
FNDA:1,(anonymous_41)
FNDA:1,(anonymous_42)
FNDA:1,(anonymous_43)
FNDA:1,(anonymous_44)
FNDA:1,(anonymous_45)
FNDA:3,(anonymous_46)
FNDA:1,(anonymous_47)
FNDA:1,(anonymous_48)
FNDA:1,(anonymous_49)
FNDA:12,(anonymous_50)
FNDA:8,(anonymous_51)
FNDA:24,(anonymous_52)
FNDA:3,(anonymous_53)
FNDA:0,(anonymous_54)
FNDA:1,(anonymous_55)
FNDA:1,(anonymous_56)
FNDA:1,(anonymous_57)
FNDA:1,(anonymous_58)
FNDA:1,(anonymous_59)
FNDA:1,(anonymous_60)
FNDA:1,(anonymous_61)
FNDA:1,(anonymous_62)
FNDA:1,(anonymous_63)
FNDA:3,(anonymous_64)
FNDA:6,(anonymous_65)
FNDA:3,(anonymous_66)
DA:1,5
DA:12,5
DA:19,5
DA:20,5
DA:24,5
DA:28,5
DA:34,5
DA:39,5
DA:44,5
DA:48,5
DA:54,5
DA:58,5
DA:62,5
DA:70,5
DA:71,5
DA:72,5
DA:73,5
DA:77,5
DA:81,5
DA:85,5
DA:89,5
DA:95,5
DA:96,16
DA:100,16
DA:102,16
DA:104,16
DA:106,16
DA:108,16
DA:110,16
DA:112,16
DA:114,16
DA:116,16
DA:118,16
DA:120,16
DA:122,16
DA:124,16
DA:126,16
DA:128,16
DA:135,3
DA:136,2
DA:144,3
DA:147,2
DA:150,2
DA:151,1
DA:161,5
DA:163,5
DA:164,1
DA:169,4
DA:171,2
DA:183,5
DA:186,4
DA:189,4
DA:191,3
DA:193,3
DA:194,1
DA:198,2
DA:199,2
DA:202,2
DA:204,1
DA:213,2
DA:214,2
DA:215,1
DA:220,1
DA:222,1
DA:233,6
DA:235,6
DA:236,6
DA:237,1
DA:240,5
DA:241,5
DA:242,1
DA:243,1
DA:246,4
DA:247,4
DA:248,1
DA:253,3
DA:254,3
DA:261,3
DA:263,3
DA:264,3
DA:265,3
DA:266,2
DA:267,2
DA:270,3
DA:282,3
DA:283,3
DA:284,3
DA:285,3
DA:290,3
DA:291,3
DA:292,3
DA:293,3
DA:294,3
DA:296,3
DA:297,2
DA:298,2
DA:299,2
DA:300,2
DA:302,2
DA:303,2
DA:304,2
DA:306,2
DA:307,1
DA:310,2
DA:311,1
DA:315,2
DA:319,2
DA:320,2
DA:322,2
DA:323,2
DA:327,2
DA:328,2
DA:329,2
DA:330,2
DA:331,2
DA:336,2
DA:337,1
DA:338,1
DA:339,1
DA:340,1
DA:345,2
DA:349,2
DA:350,2
DA:352,2
DA:353,2
DA:358,2
DA:362,2
DA:363,3
DA:367,3
DA:374,2
DA:376,1
DA:380,2
DA:381,2
DA:382,2
DA:384,2
DA:385,2
DA:390,2
DA:391,1
DA:392,1
DA:393,1
DA:394,1
DA:397,1
DA:398,1
DA:399,1
DA:403,2
DA:404,1
DA:406,1
DA:407,1
DA:408,1
DA:413,2
DA:414,2
DA:417,3
DA:419,3
DA:429,3
DA:430,3
DA:435,3
DA:440,3
DA:441,2
DA:442,0
DA:443,3
DA:444,2
DA:445,1
DA:446,3
DA:447,3
DA:448,9
DA:450,3
DA:451,1
DA:452,0
DA:453,3
DA:454,3
DA:455,0
DA:457,3
DA:458,0
DA:460,3
DA:461,0
DA:464,3
DA:465,3
DA:467,3
DA:468,3
DA:470,3
DA:471,3
DA:474,3
DA:508,3
DA:510,3
DA:514,3
DA:518,3
DA:523,3
DA:527,3
DA:531,3
DA:534,3
DA:535,1
DA:540,2
DA:544,2
DA:556,12
DA:557,6
DA:558,6
DA:559,12
DA:560,6
DA:561,6
DA:564,6
DA:575,26
DA:577,26
DA:578,26
DA:592,0
DA:593,0
DA:596,0
DA:598,0
DA:617,3
DA:619,3
DA:620,1
DA:621,1
DA:622,1
DA:623,1
DA:624,1
DA:629,1
DA:630,1
DA:632,1
DA:633,1
DA:635,1
DA:636,1
DA:639,1
DA:643,1
DA:647,1
DA:652,1
DA:656,1
DA:661,1
DA:684,3
DA:697,3
DA:698,1
DA:700,3
DA:701,1
DA:703,3
DA:704,1
DA:707,3
DA:711,3
DA:715,3
DA:720,3
DA:724,3
DA:728,3
DA:753,12
DA:754,6
DA:756,6
DA:770,8
DA:771,4
DA:774,4
DA:783,24
DA:784,8
DA:798,3
DA:800,0
DA:801,0
DA:802,0
DA:805,1
DA:827,3
DA:828,1
DA:829,1
DA:830,3
DA:831,1
DA:832,1
DA:835,3
DA:837,3
DA:839,3
DA:841,3
DA:843,3
DA:847,1
DA:853,1
DA:859,1
DA:865,1
DA:870,3
DA:872,3
DA:886,3
DA:900,3
DA:914,3
DA:928,3
DA:936,16
DA:937,3
DA:938,6
DA:940,3
DA:941,3
DA:950,3
DA:951,3
DA:952,6
DA:954,3
LF:282
LH:270
BRDA:144,0,0,1
BRDA:144,0,1,2
BRDA:147,1,0,2
BRDA:147,1,1,2
BRDA:150,2,0,1
BRDA:150,2,1,1
BRDA:163,3,0,1
BRDA:163,3,1,4
BRDA:183,4,0,1
BRDA:183,4,1,4
BRDA:186,5,0,4
BRDA:186,5,1,4
BRDA:189,6,0,1
BRDA:189,6,1,3
BRDA:193,7,0,1
BRDA:193,7,1,2
BRDA:193,8,0,3
BRDA:193,8,1,3
BRDA:202,9,0,1
BRDA:202,9,1,1
BRDA:214,10,0,1
BRDA:214,10,1,1
BRDA:236,11,0,1
BRDA:236,11,1,5
BRDA:241,12,0,1
BRDA:241,12,1,4
BRDA:247,13,0,1
BRDA:247,13,1,3
BRDA:247,14,0,4
BRDA:247,14,1,4
BRDA:265,15,0,2
BRDA:265,15,1,1
BRDA:273,16,0,1
BRDA:273,16,1,2
BRDA:276,17,0,1
BRDA:276,17,1,2
BRDA:303,18,0,2
BRDA:303,18,1,0
BRDA:306,19,0,1
BRDA:306,19,1,1
BRDA:310,20,0,1
BRDA:310,20,1,1
BRDA:322,21,0,2
BRDA:322,21,1,0
BRDA:328,22,0,2
BRDA:328,22,1,0
BRDA:330,23,0,2
BRDA:330,23,1,0
BRDA:337,24,0,1
BRDA:337,24,1,0
BRDA:339,25,0,1
BRDA:339,25,1,0
BRDA:352,26,0,2
BRDA:352,26,1,0
BRDA:363,27,0,3
BRDA:363,27,1,0
BRDA:380,28,0,2
BRDA:380,28,1,1
BRDA:384,29,0,2
BRDA:384,29,1,0
BRDA:385,30,0,1
BRDA:385,30,1,1
BRDA:391,31,0,1
BRDA:391,31,1,0
BRDA:393,32,0,1
BRDA:393,32,1,0
BRDA:398,33,0,1
BRDA:398,33,1,0
BRDA:398,34,0,1
BRDA:398,34,1,1
BRDA:404,35,0,1
BRDA:404,35,1,0
BRDA:407,36,0,1
BRDA:407,36,1,0
BRDA:534,37,0,1
BRDA:534,37,1,2
BRDA:557,38,0,6
BRDA:557,38,1,6
BRDA:558,39,0,6
BRDA:558,39,1,0
BRDA:559,40,0,6
BRDA:559,40,1,6
BRDA:575,41,0,0
BRDA:575,41,1,26
BRDA:575,42,0,26
BRDA:575,42,1,26
BRDA:577,43,0,26
BRDA:577,43,1,0
BRDA:592,44,0,0
BRDA:592,44,1,0
BRDA:598,45,0,0
BRDA:598,45,1,0
BRDA:623,46,0,1
BRDA:623,46,1,0
BRDA:667,47,0,1
BRDA:667,47,1,0
BRDA:668,48,0,1
BRDA:668,48,1,0
BRDA:669,49,0,1
BRDA:669,49,1,0
BRDA:671,50,0,1
BRDA:671,50,1,0
BRDA:673,51,0,1
BRDA:673,51,1,0
BRDA:675,52,0,1
BRDA:675,52,1,0
BRDA:677,53,0,1
BRDA:677,53,1,0
BRDA:679,54,0,1
BRDA:679,54,1,0
BRDA:753,55,0,6
BRDA:753,55,1,6
BRDA:753,56,0,12
BRDA:753,56,1,6
BRDA:770,57,0,4
BRDA:770,57,1,4
BRDA:770,58,0,8
BRDA:770,58,1,4
BRDA:783,59,0,16
BRDA:783,59,1,8
BRDA:800,60,0,0
BRDA:800,60,1,0
BRDA:801,61,0,0
BRDA:801,61,1,0
BRDA:829,62,0,1
BRDA:829,62,1,1
BRDA:832,63,0,1
BRDA:832,63,1,1
BRDA:835,64,0,1
BRDA:835,64,1,2
BRDA:837,65,0,1
BRDA:837,65,1,2
BRDA:839,66,0,1
BRDA:839,66,1,2
BRDA:841,67,0,1
BRDA:841,67,1,2
BRDA:845,68,0,1
BRDA:845,68,1,2
BRDA:847,69,0,1
BRDA:847,69,1,0
BRDA:851,70,0,1
BRDA:851,70,1,2
BRDA:853,71,0,1
BRDA:853,71,1,0
BRDA:857,72,0,1
BRDA:857,72,1,2
BRDA:859,73,0,1
BRDA:859,73,1,0
BRDA:863,74,0,1
BRDA:863,74,1,2
BRDA:865,75,0,1
BRDA:865,75,1,0
BRDA:876,76,0,3
BRDA:876,76,1,2
BRDA:878,77,0,3
BRDA:878,77,1,2
BRDA:890,78,0,3
BRDA:890,78,1,2
BRDA:892,79,0,3
BRDA:892,79,1,2
BRDA:904,80,0,3
BRDA:904,80,1,2
BRDA:906,81,0,3
BRDA:906,81,1,2
BRDA:918,82,0,3
BRDA:918,82,1,2
BRDA:920,83,0,3
BRDA:920,83,1,2
BRDA:938,84,0,6
BRDA:938,84,1,6
BRDA:940,85,0,0
BRDA:940,85,1,3
BRDA:100,86,0,0
BRDA:100,86,1,5
BRDA:100,87,0,5
BRDA:100,87,1,0
BRDA:100,88,0,0
BRDA:100,88,1,5
BRDA:100,89,0,5
BRDA:100,89,1,0
BRDA:102,90,0,0
BRDA:102,90,1,5
BRDA:102,91,0,5
BRDA:102,91,1,0
BRDA:104,92,0,0
BRDA:104,92,1,5
BRDA:104,93,0,5
BRDA:104,93,1,0
BRDA:106,94,0,0
BRDA:106,94,1,5
BRDA:106,95,0,5
BRDA:106,95,1,0
BRDA:108,96,0,0
BRDA:108,96,1,5
BRDA:108,97,0,5
BRDA:108,97,1,0
BRDA:110,98,0,0
BRDA:110,98,1,5
BRDA:110,99,0,5
BRDA:110,99,1,0
BRDA:112,100,0,0
BRDA:112,100,1,5
BRDA:112,101,0,5
BRDA:112,101,1,0
BRDA:114,102,0,0
BRDA:114,102,1,5
BRDA:114,103,0,5
BRDA:114,103,1,0
BRDA:116,104,0,0
BRDA:116,104,1,5
BRDA:116,105,0,5
BRDA:116,105,1,0
BRDA:118,106,0,0
BRDA:118,106,1,5
BRDA:118,107,0,5
BRDA:118,107,1,0
BRDA:120,108,0,0
BRDA:120,108,1,5
BRDA:120,109,0,5
BRDA:120,109,1,0
BRDA:122,110,0,0
BRDA:122,110,1,5
BRDA:122,111,0,5
BRDA:122,111,1,0
BRDA:124,112,0,0
BRDA:124,112,1,5
BRDA:124,113,0,5
BRDA:124,113,1,0
BRDA:126,114,0,0
BRDA:126,114,1,5
BRDA:126,115,0,5
BRDA:126,115,1,0
BRF:232
BRH:163
end_of_record
TN:
SF:apps/api/src/contexts/reporting/application/services/text-answer.service.ts
FN:20,(anonymous_4)
FN:27,(anonymous_5)
FN:42,(anonymous_6)
FN:48,(anonymous_7)
FN:50,(anonymous_8)
FN:66,(anonymous_9)
FNF:6
FNH:6
FNDA:4,(anonymous_4)
FNDA:4,(anonymous_5)
FNDA:1,(anonymous_6)
FNDA:4,(anonymous_7)
FNDA:2,(anonymous_8)
FNDA:4,(anonymous_9)
DA:1,2
DA:6,2
DA:8,2
DA:12,2
DA:19,2
DA:22,4
DA:24,4
DA:31,4
DA:33,3
DA:41,3
DA:42,3
DA:43,1
DA:46,3
DA:48,4
DA:51,2
DA:52,2
DA:67,4
DA:70,3
DA:73,3
DA:75,1
LF:20
LH:20
BRDA:48,0,0,4
BRDA:48,0,1,3
BRDA:54,1,0,2
BRDA:54,1,1,1
BRDA:67,2,0,1
BRDA:67,2,1,3
BRDA:70,3,0,3
BRDA:70,3,1,2
BRDA:73,4,0,2
BRDA:73,4,1,1
BRDA:22,5,0,0
BRDA:22,5,1,2
BRDA:22,6,0,2
BRDA:22,6,1,0
BRDA:22,7,0,0
BRDA:22,7,1,2
BRDA:22,8,0,2
BRDA:22,8,1,0
BRF:18
BRH:14
end_of_record
